Timestamp,Some (avg10),Some (avg60),Some (avg300),Full (avg10),Full (avg60),Full (avg300),OOM Kills,OOM Failures
2025-03-05 03:50:29.978,0.00,0.00,0.00,0.00,0.00,0.00,0,0
2025-03-05 03:50:30.004,0.00,0.00,0.00,0.00,0.00,0.00,0,0
2025-03-05 03:50:30.023,0.00,0.00,0.00,0.00,0.00,0.00,0,0
2025-03-05 03:50:30.048,0.00,0.00,0.00,0.00,0.00,0.00,0,0
2025-03-05 03:50:30.066,0.00,0.00,0.00,0.00,0.00,0.00,0,0
2025-03-05 03:50:30.091,0.00,0.00,0.00,0.00,0.00,0.00,0,0
2025-03-05 03:50:30.107,0.00,0.00,0.00,0.00,0.00,0.00,0,0
2025-03-05 03:50:30.129,0.00,0.00,0.00,0.00,0.00,0.00,0,0
2025-03-05 03:50:30.150,0.00,0.00,0.00,0.00,0.00,0.00,0,0
2025-03-05 03:50:30.171,0.00,0.00,0.00,0.00,0.00,0.00,0,0
2025-03-05 03:50:30.194,0.00,0.00,0.00,0.00,0.00,0.00,0,0
2025-03-05 03:50:30.217,0.00,0.00,0.00,0.00,0.00,0.00,0,0
2025-03-05 03:50:30.235,0.00,0.00,0.00,0.00,0.00,0.00,0,0
2025-03-05 03:50:30.255,0.00,0.00,0.00,0.00,0.00,0.00,0,0
2025-03-05 03:50:30.278,0.00,0.00,0.00,0.00,0.00,0.00,0,0
2025-03-05 03:50:30.295,0.00,0.00,0.00,0.00,0.00,0.00,0,0
2025-03-05 03:50:30.318,0.00,0.00,0.00,0.00,0.00,0.00,0,0
2025-03-05 03:50:30.335,0.00,0.00,0.00,0.00,0.00,0.00,0,0
2025-03-05 03:50:30.357,0.00,0.00,0.00,0.00,0.00,0.00,0,0
2025-03-05 03:50:30.374,0.00,0.00,0.00,0.00,0.00,0.00,0,0
2025-03-05 03:50:30.400,0.00,0.00,0.00,0.00,0.00,0.00,0,0
2025-03-05 03:50:30.421,0.00,0.00,0.00,0.00,0.00,0.00,0,0
2025-03-05 03:50:30.445,0.00,0.00,0.00,0.00,0.00,0.00,0,0
2025-03-05 03:50:30.464,0.00,0.00,0.00,0.00,0.00,0.00,0,0
2025-03-05 03:50:30.487,0.00,0.00,0.00,0.00,0.00,0.00,0,0
2025-03-05 03:50:30.505,0.00,0.00,0.00,0.00,0.00,0.00,0,0
2025-03-05 03:50:30.523,0.00,0.00,0.00,0.00,0.00,0.00,0,0
2025-03-05 03:50:30.547,0.00,0.00,0.00,0.00,0.00,0.00,0,0
2025-03-05 03:50:30.567,0.00,0.00,0.00,0.00,0.00,0.00,0,0
2025-03-05 03:50:30.586,0.00,0.00,0.00,0.00,0.00,0.00,0,0
2025-03-05 03:50:30.604,0.00,0.00,0.00,0.00,0.00,0.00,0,0
2025-03-05 03:50:30.627,0.00,0.00,0.00,0.00,0.00,0.00,0,0
2025-03-05 03:50:30.649,0.00,0.00,0.00,0.00,0.00,0.00,0,0
2025-03-05 03:50:30.669,0.00,0.00,0.00,0.00,0.00,0.00,0,0
2025-03-05 03:50:30.687,0.00,0.00,0.00,0.00,0.00,0.00,0,0
2025-03-05 03:50:30.710,0.00,0.00,0.00,0.00,0.00,0.00,0,0
2025-03-05 03:50:30.729,0.00,0.00,0.00,0.00,0.00,0.00,0,0
2025-03-05 03:50:30.749,0.00,0.00,0.00,0.00,0.00,0.00,0,0
2025-03-05 03:50:30.773,0.00,0.00,0.00,0.00,0.00,0.00,0,0
2025-03-05 03:50:30.798,0.00,0.00,0.00,0.00,0.00,0.00,0,0
2025-03-05 03:50:30.817,0.00,0.00,0.00,0.00,0.00,0.00,0,0
2025-03-05 03:50:30.837,0.00,0.00,0.00,0.00,0.00,0.00,0,0
2025-03-05 03:50:30.857,0.00,0.00,0.00,0.00,0.00,0.00,0,0
2025-03-05 03:50:30.875,0.00,0.00,0.00,0.00,0.00,0.00,0,0
2025-03-05 03:50:30.893,0.00,0.00,0.00,0.00,0.00,0.00,0,0
2025-03-05 03:50:30.913,0.00,0.00,0.00,0.00,0.00,0.00,0,0
2025-03-05 03:50:30.936,0.00,0.00,0.00,0.00,0.00,0.00,0,0
2025-03-05 03:50:30.960,0.00,0.00,0.00,0.00,0.00,0.00,0,0
2025-03-05 03:50:30.977,0.00,0.00,0.00,0.00,0.00,0.00,0,0
2025-03-05 03:50:30.999,0.00,0.00,0.00,0.00,0.00,0.00,0,0
2025-03-05 03:50:31.017,0.00,0.00,0.00,0.00,0.00,0.00,0,0
2025-03-05 03:50:31.046,0.00,0.00,0.00,0.00,0.00,0.00,0,0
2025-03-05 03:50:31.070,0.00,0.00,0.00,0.00,0.00,0.00,0,0
2025-03-05 03:50:31.094,0.00,0.00,0.00,0.00,0.00,0.00,0,0
2025-03-05 03:50:31.113,0.00,0.00,0.00,0.00,0.00,0.00,0,0
2025-03-05 03:50:31.131,0.00,0.00,0.00,0.00,0.00,0.00,0,0
2025-03-05 03:50:31.154,0.00,0.00,0.00,0.00,0.00,0.00,0,0
2025-03-05 03:50:31.176,0.00,0.00,0.00,0.00,0.00,0.00,0,0
2025-03-05 03:50:31.195,0.00,0.00,0.00,0.00,0.00,0.00,0,0
2025-03-05 03:50:31.214,0.00,0.00,0.00,0.00,0.00,0.00,0,0
2025-03-05 03:50:31.234,0.00,0.00,0.00,0.00,0.00,0.00,0,0
2025-03-05 03:50:31.253,0.00,0.00,0.00,0.00,0.00,0.00,0,0
2025-03-05 03:50:31.273,0.00,0.00,0.00,0.00,0.00,0.00,0,0
2025-03-05 03:50:31.293,0.00,0.00,0.00,0.00,0.00,0.00,0,0
2025-03-05 03:50:31.311,0.00,0.00,0.00,0.00,0.00,0.00,0,0
2025-03-05 03:50:31.331,0.00,0.00,0.00,0.00,0.00,0.00,0,0
2025-03-05 03:50:31.349,0.00,0.00,0.00,0.00,0.00,0.00,0,0
2025-03-05 03:50:31.370,0.00,0.00,0.00,0.00,0.00,0.00,0,0
2025-03-05 03:50:31.390,0.00,0.00,0.00,0.00,0.00,0.00,0,0
2025-03-05 03:50:31.411,0.00,0.00,0.00,0.00,0.00,0.00,0,0
2025-03-05 03:50:31.430,0.00,0.00,0.00,0.00,0.00,0.00,0,0
2025-03-05 03:50:31.458,0.00,0.00,0.00,0.00,0.00,0.00,0,0
2025-03-05 03:50:31.482,0.00,0.00,0.00,0.00,0.00,0.00,0,0
2025-03-05 03:50:31.506,0.00,0.00,0.00,0.00,0.00,0.00,0,0
2025-03-05 03:50:31.529,0.00,0.00,0.00,0.00,0.00,0.00,0,0
2025-03-05 03:50:31.549,0.00,0.00,0.00,0.00,0.00,0.00,0,0
2025-03-05 03:50:31.568,0.00,0.00,0.00,0.00,0.00,0.00,0,0
2025-03-05 03:50:31.587,0.00,0.00,0.00,0.00,0.00,0.00,0,0
2025-03-05 03:50:31.606,0.00,0.00,0.00,0.00,0.00,0.00,0,0
2025-03-05 03:50:31.625,0.00,0.00,0.00,0.00,0.00,0.00,0,0
2025-03-05 03:50:31.645,0.00,0.00,0.00,0.00,0.00,0.00,0,0
2025-03-05 03:50:31.662,0.00,0.00,0.00,0.00,0.00,0.00,0,0
2025-03-05 03:50:31.682,0.00,0.00,0.00,0.00,0.00,0.00,0,0
2025-03-05 03:50:31.701,0.00,0.00,0.00,0.00,0.00,0.00,0,0
2025-03-05 03:50:31.720,0.00,0.00,0.00,0.00,0.00,0.00,0,0
2025-03-05 03:50:31.738,0.00,0.00,0.00,0.00,0.00,0.00,0,0
2025-03-05 03:50:31.758,0.00,0.00,0.00,0.00,0.00,0.00,0,0
2025-03-05 03:50:31.778,0.00,0.00,0.00,0.00,0.00,0.00,0,0
2025-03-05 03:50:31.801,0.00,0.00,0.00,0.00,0.00,0.00,0,0
2025-03-05 03:50:31.820,0.00,0.00,0.00,0.00,0.00,0.00,0,0
2025-03-05 03:50:31.841,0.00,0.00,0.00,0.00,0.00,0.00,0,0
2025-03-05 03:50:31.862,0.00,0.00,0.00,0.00,0.00,0.00,0,0
2025-03-05 03:50:31.880,0.00,0.00,0.00,0.00,0.00,0.00,0,0
2025-03-05 03:50:31.898,0.00,0.00,0.00,0.00,0.00,0.00,0,0
2025-03-05 03:50:31.920,0.00,0.00,0.00,0.00,0.00,0.00,0,0
2025-03-05 03:50:31.938,0.00,0.00,0.00,0.00,0.00,0.00,0,0
2025-03-05 03:50:31.959,0.00,0.00,0.00,0.00,0.00,0.00,0,0
2025-03-05 03:50:31.978,0.00,0.00,0.00,0.00,0.00,0.00,0,0
2025-03-05 03:50:32.000,0.00,0.00,0.00,0.00,0.00,0.00,0,0
2025-03-05 03:50:32.017,0.00,0.00,0.00,0.00,0.00,0.00,0,0
2025-03-05 03:50:32.035,0.00,0.00,0.00,0.00,0.00,0.00,0,0
2025-03-05 03:50:32.055,0.00,0.00,0.00,0.00,0.00,0.00,0,0
2025-03-05 03:50:32.087,0.00,0.00,0.00,0.00,0.00,0.00,0,0
2025-03-05 03:50:32.123,0.00,0.00,0.00,0.00,0.00,0.00,0,0
2025-03-05 03:50:32.145,0.00,0.00,0.00,0.00,0.00,0.00,0,0
2025-03-05 03:50:32.181,0.00,0.00,0.00,0.00,0.00,0.00,0,0
2025-03-05 03:50:32.213,0.00,0.00,0.00,0.00,0.00,0.00,0,0
2025-03-05 03:50:32.237,0.00,0.00,0.00,0.00,0.00,0.00,0,0
2025-03-05 03:50:32.269,0.00,0.00,0.00,0.00,0.00,0.00,0,0
2025-03-05 03:50:32.296,0.00,0.00,0.00,0.00,0.00,0.00,0,0
2025-03-05 03:50:32.313,0.00,0.00,0.00,0.00,0.00,0.00,0,0
2025-03-05 03:50:32.328,0.00,0.00,0.00,0.00,0.00,0.00,0,0
2025-03-05 03:50:32.348,0.00,0.00,0.00,0.00,0.00,0.00,0,0
2025-03-05 03:50:32.370,0.00,0.00,0.00,0.00,0.00,0.00,0,0
2025-03-05 03:50:32.389,0.00,0.00,0.00,0.00,0.00,0.00,0,0
2025-03-05 03:50:32.412,0.00,0.00,0.00,0.00,0.00,0.00,0,0
2025-03-05 03:50:32.428,0.00,0.00,0.00,0.00,0.00,0.00,0,0
2025-03-05 03:50:32.448,0.00,0.00,0.00,0.00,0.00,0.00,0,0
2025-03-05 03:50:32.466,0.00,0.00,0.00,0.00,0.00,0.00,0,0
2025-03-05 03:50:32.489,0.00,0.00,0.00,0.00,0.00,0.00,0,0
2025-03-05 03:50:32.507,0.00,0.00,0.00,0.00,0.00,0.00,0,0
2025-03-05 03:50:32.525,0.00,0.00,0.00,0.00,0.00,0.00,0,0
2025-03-05 03:50:32.548,0.00,0.00,0.00,0.00,0.00,0.00,0,0
2025-03-05 03:50:32.570,0.00,0.00,0.00,0.00,0.00,0.00,0,0
2025-03-05 03:50:32.589,0.00,0.00,0.00,0.00,0.00,0.00,0,0
2025-03-05 03:50:32.615,0.00,0.00,0.00,0.00,0.00,0.00,0,0
2025-03-05 03:50:32.633,0.00,0.00,0.00,0.00,0.00,0.00,0,0
2025-03-05 03:50:32.655,0.00,0.00,0.00,0.00,0.00,0.00,0,0
2025-03-05 03:50:32.673,0.00,0.00,0.00,0.00,0.00,0.00,0,0
2025-03-05 03:50:32.693,0.00,0.00,0.00,0.00,0.00,0.00,0,0
2025-03-05 03:50:32.711,0.00,0.00,0.00,0.00,0.00,0.00,0,0
2025-03-05 03:50:32.730,0.00,0.00,0.00,0.00,0.00,0.00,0,0
2025-03-05 03:50:32.753,0.00,0.00,0.00,0.00,0.00,0.00,0,0
2025-03-05 03:50:32.770,0.00,0.00,0.00,0.00,0.00,0.00,0,0
2025-03-05 03:50:32.794,0.00,0.00,0.00,0.00,0.00,0.00,0,0
2025-03-05 03:50:32.810,0.00,0.00,0.00,0.00,0.00,0.00,0,0
2025-03-05 03:50:32.830,0.00,0.00,0.00,0.00,0.00,0.00,0,0
2025-03-05 03:50:32.853,0.00,0.00,0.00,0.00,0.00,0.00,0,0
2025-03-05 03:50:32.870,3.44,0.62,0.12,1.99,0.35,0.07,0,0
2025-03-05 03:50:32.894,3.44,0.62,0.12,1.99,0.35,0.07,0,0
2025-03-05 03:50:32.914,3.44,0.62,0.12,1.99,0.35,0.07,0,0
2025-03-05 03:50:32.933,3.44,0.62,0.12,1.99,0.35,0.07,0,0
2025-03-05 03:50:32.952,3.44,0.62,0.12,1.99,0.35,0.07,0,0
2025-03-05 03:50:32.974,3.44,0.62,0.12,1.99,0.35,0.07,0,0
2025-03-05 03:50:32.994,3.44,0.62,0.12,1.99,0.35,0.07,0,0
2025-03-05 03:50:33.013,3.44,0.62,0.12,1.99,0.35,0.07,0,0
2025-03-05 03:50:33.034,3.44,0.62,0.12,1.99,0.35,0.07,0,0
2025-03-05 03:50:33.053,3.44,0.62,0.12,1.99,0.35,0.07,0,0
2025-03-05 03:50:33.072,3.44,0.62,0.12,1.99,0.35,0.07,0,0
2025-03-05 03:50:33.092,3.44,0.62,0.12,1.99,0.35,0.07,0,0
2025-03-05 03:50:33.112,3.44,0.62,0.12,1.99,0.35,0.07,0,0
2025-03-05 03:50:33.135,3.44,0.62,0.12,1.99,0.35,0.07,0,0
2025-03-05 03:50:33.155,3.44,0.62,0.12,1.99,0.35,0.07,0,0
2025-03-05 03:50:33.180,3.44,0.62,0.12,1.99,0.35,0.07,0,0
2025-03-05 03:50:33.200,3.44,0.62,0.12,1.99,0.35,0.07,0,0
2025-03-05 03:50:33.220,3.44,0.62,0.12,1.99,0.35,0.07,0,0
2025-03-05 03:50:33.241,3.44,0.62,0.12,1.99,0.35,0.07,0,0
2025-03-05 03:50:33.264,3.44,0.62,0.12,1.99,0.35,0.07,0,0
2025-03-05 03:50:33.280,3.44,0.62,0.12,1.99,0.35,0.07,0,0
2025-03-05 03:50:33.299,3.44,0.62,0.12,1.99,0.35,0.07,0,0
2025-03-05 03:50:33.322,3.44,0.62,0.12,1.99,0.35,0.07,0,0
2025-03-05 03:50:33.339,3.44,0.62,0.12,1.99,0.35,0.07,0,0
2025-03-05 03:50:33.363,3.44,0.62,0.12,1.99,0.35,0.07,0,0
2025-03-05 03:50:33.379,3.44,0.62,0.12,1.99,0.35,0.07,0,0
2025-03-05 03:50:33.402,3.44,0.62,0.12,1.99,0.35,0.07,0,0
2025-03-05 03:50:33.419,3.44,0.62,0.12,1.99,0.35,0.07,0,0
2025-03-05 03:50:33.439,3.44,0.62,0.12,1.99,0.35,0.07,0,0
2025-03-05 03:50:33.460,3.44,0.62,0.12,1.99,0.35,0.07,0,0
2025-03-05 03:50:33.484,3.44,0.62,0.12,1.99,0.35,0.07,0,0
2025-03-05 03:50:33.503,3.44,0.62,0.12,1.99,0.35,0.07,0,0
2025-03-05 03:50:33.527,3.44,0.62,0.12,1.99,0.35,0.07,0,0
2025-03-05 03:50:33.551,3.44,0.62,0.12,1.99,0.35,0.07,0,0
2025-03-05 03:50:33.573,3.44,0.62,0.12,1.99,0.35,0.07,0,0
2025-03-05 03:50:33.589,3.44,0.62,0.12,1.99,0.35,0.07,0,0
2025-03-05 03:50:33.610,3.44,0.62,0.12,1.99,0.35,0.07,0,0
2025-03-05 03:50:33.626,3.44,0.62,0.12,1.99,0.35,0.07,0,0
2025-03-05 03:50:33.651,3.44,0.62,0.12,1.99,0.35,0.07,0,0
2025-03-05 03:50:33.669,3.44,0.62,0.12,1.99,0.35,0.07,0,0
2025-03-05 03:50:33.689,3.44,0.62,0.12,1.99,0.35,0.07,0,0
2025-03-05 03:50:33.714,3.44,0.62,0.12,1.99,0.35,0.07,0,0
2025-03-05 03:50:33.732,3.44,0.62,0.12,1.99,0.35,0.07,0,0
2025-03-05 03:50:33.756,3.44,0.62,0.12,1.99,0.35,0.07,0,0
2025-03-05 03:50:33.775,3.44,0.62,0.12,1.99,0.35,0.07,0,0
2025-03-05 03:50:33.800,3.44,0.62,0.12,1.99,0.35,0.07,0,0
2025-03-05 03:50:33.817,3.44,0.62,0.12,1.99,0.35,0.07,0,0
2025-03-05 03:50:33.839,3.44,0.62,0.12,1.99,0.35,0.07,0,0
2025-03-05 03:50:33.858,3.44,0.62,0.12,1.99,0.35,0.07,0,0
2025-03-05 03:50:33.877,3.44,0.62,0.12,1.99,0.35,0.07,0,0
2025-03-05 03:50:33.895,3.44,0.62,0.12,1.99,0.35,0.07,0,0
2025-03-05 03:50:33.918,3.44,0.62,0.12,1.99,0.35,0.07,0,0
2025-03-05 03:50:33.936,3.44,0.62,0.12,1.99,0.35,0.07,0,0
2025-03-05 03:50:33.954,3.44,0.62,0.12,1.99,0.35,0.07,0,0
2025-03-05 03:50:33.973,3.44,0.62,0.12,1.99,0.35,0.07,0,0
2025-03-05 03:50:33.993,3.44,0.62,0.12,1.99,0.35,0.07,0,0
2025-03-05 03:50:34.016,3.44,0.62,0.12,1.99,0.35,0.07,0,0
2025-03-05 03:50:34.034,3.44,0.62,0.12,1.99,0.35,0.07,0,0
2025-03-05 03:50:34.056,3.44,0.62,0.12,1.99,0.35,0.07,0,0
2025-03-05 03:50:34.076,3.44,0.62,0.12,1.99,0.35,0.07,0,0
2025-03-05 03:50:34.095,3.44,0.62,0.12,1.99,0.35,0.07,0,0
2025-03-05 03:50:34.116,3.44,0.62,0.12,1.99,0.35,0.07,0,0
2025-03-05 03:50:34.135,3.44,0.62,0.12,1.99,0.35,0.07,0,0
2025-03-05 03:50:34.154,3.44,0.62,0.12,1.99,0.35,0.07,0,0
2025-03-05 03:50:34.181,3.44,0.62,0.12,1.99,0.35,0.07,0,0
2025-03-05 03:50:34.203,3.44,0.62,0.12,1.99,0.35,0.07,0,0
2025-03-05 03:50:34.224,3.44,0.62,0.12,1.99,0.35,0.07,0,0
2025-03-05 03:50:34.242,3.44,0.62,0.12,1.99,0.35,0.07,0,0
2025-03-05 03:50:34.262,3.44,0.62,0.12,1.99,0.35,0.07,0,0
2025-03-05 03:50:34.281,3.44,0.62,0.12,1.99,0.35,0.07,0,0
2025-03-05 03:50:34.301,3.44,0.62,0.12,1.99,0.35,0.07,0,0
2025-03-05 03:50:34.319,3.44,0.62,0.12,1.99,0.35,0.07,0,0
2025-03-05 03:50:34.342,3.44,0.62,0.12,1.99,0.35,0.07,0,0
2025-03-05 03:50:34.358,3.44,0.62,0.12,1.99,0.35,0.07,0,0
2025-03-05 03:50:34.376,3.44,0.62,0.12,1.99,0.35,0.07,0,0
2025-03-05 03:50:34.395,3.44,0.62,0.12,1.99,0.35,0.07,0,0
2025-03-05 03:50:34.418,3.44,0.62,0.12,1.99,0.35,0.07,0,0
2025-03-05 03:50:34.440,3.44,0.62,0.12,1.99,0.35,0.07,0,0
2025-03-05 03:50:34.458,3.44,0.62,0.12,1.99,0.35,0.07,0,0
2025-03-05 03:50:34.482,3.44,0.62,0.12,1.99,0.35,0.07,0,0
2025-03-05 03:50:34.499,3.44,0.62,0.12,1.99,0.35,0.07,0,0
2025-03-05 03:50:34.518,3.44,0.62,0.12,1.99,0.35,0.07,0,0
2025-03-05 03:50:34.536,3.44,0.62,0.12,1.99,0.35,0.07,0,0
2025-03-05 03:50:34.554,3.44,0.62,0.12,1.99,0.35,0.07,0,0
2025-03-05 03:50:34.577,3.44,0.62,0.12,1.99,0.35,0.07,0,0
2025-03-05 03:50:34.594,3.44,0.62,0.12,1.99,0.35,0.07,0,0
2025-03-05 03:50:34.617,3.44,0.62,0.12,1.99,0.35,0.07,0,0
2025-03-05 03:50:34.641,3.44,0.62,0.12,1.99,0.35,0.07,0,0
2025-03-05 03:50:34.660,3.44,0.62,0.12,1.99,0.35,0.07,0,0
2025-03-05 03:50:34.680,3.44,0.62,0.12,1.99,0.35,0.07,0,0
2025-03-05 03:50:34.701,3.44,0.62,0.12,1.99,0.35,0.07,0,0
2025-03-05 03:50:34.720,3.44,0.62,0.12,1.99,0.35,0.07,0,0
2025-03-05 03:50:34.738,3.44,0.62,0.12,1.99,0.35,0.07,0,0
2025-03-05 03:50:34.762,3.44,0.62,0.12,1.99,0.35,0.07,0,0
2025-03-05 03:50:34.788,3.44,0.62,0.12,1.99,0.35,0.07,0,0
2025-03-05 03:50:34.807,3.44,0.62,0.12,1.99,0.35,0.07,0,0
2025-03-05 03:50:34.828,3.44,0.62,0.12,1.99,0.35,0.07,0,0
2025-03-05 03:50:34.845,3.44,0.62,0.12,1.99,0.35,0.07,0,0
2025-03-05 03:50:34.868,8.79,1.68,0.35,5.07,0.96,0.20,0,0
2025-03-05 03:50:34.886,8.79,1.68,0.35,5.07,0.96,0.20,0,0
2025-03-05 03:50:34.909,8.79,1.68,0.35,5.07,0.96,0.20,0,0
2025-03-05 03:50:34.928,8.79,1.68,0.35,5.07,0.96,0.20,0,0
2025-03-05 03:50:34.951,8.79,1.68,0.35,5.07,0.96,0.20,0,0
2025-03-05 03:50:34.969,8.79,1.68,0.35,5.07,0.96,0.20,0,0
2025-03-05 03:50:34.992,8.79,1.68,0.35,5.07,0.96,0.20,0,0
2025-03-05 03:50:35.010,8.79,1.68,0.35,5.07,0.96,0.20,0,0
2025-03-05 03:50:35.033,8.79,1.68,0.35,5.07,0.96,0.20,0,0
2025-03-05 03:50:35.051,8.79,1.68,0.35,5.07,0.96,0.20,0,0
2025-03-05 03:50:35.074,8.79,1.68,0.35,5.07,0.96,0.20,0,0
2025-03-05 03:50:35.094,8.79,1.68,0.35,5.07,0.96,0.20,0,0
2025-03-05 03:50:35.113,8.79,1.68,0.35,5.07,0.96,0.20,0,0
2025-03-05 03:50:35.132,8.79,1.68,0.35,5.07,0.96,0.20,0,0
2025-03-05 03:50:35.157,8.79,1.68,0.35,5.07,0.96,0.20,0,0
2025-03-05 03:50:35.175,8.79,1.68,0.35,5.07,0.96,0.20,0,0
2025-03-05 03:50:35.197,8.79,1.68,0.35,5.07,0.96,0.20,0,0
2025-03-05 03:50:35.216,8.79,1.68,0.35,5.07,0.96,0.20,0,0
2025-03-05 03:50:35.241,8.79,1.68,0.35,5.07,0.96,0.20,0,0
2025-03-05 03:50:35.260,8.79,1.68,0.35,5.07,0.96,0.20,0,0
2025-03-05 03:50:35.279,8.79,1.68,0.35,5.07,0.96,0.20,0,0
2025-03-05 03:50:35.297,8.79,1.68,0.35,5.07,0.96,0.20,0,0
2025-03-05 03:50:35.319,8.79,1.68,0.35,5.07,0.96,0.20,0,0
2025-03-05 03:50:35.335,8.79,1.68,0.35,5.07,0.96,0.20,0,0
2025-03-05 03:50:35.356,8.79,1.68,0.35,5.07,0.96,0.20,0,0
2025-03-05 03:50:35.384,8.79,1.68,0.35,5.07,0.96,0.20,0,0
2025-03-05 03:50:35.411,8.79,1.68,0.35,5.07,0.96,0.20,0,0
2025-03-05 03:50:35.430,8.79,1.68,0.35,5.07,0.96,0.20,0,0
2025-03-05 03:50:35.876,8.79,1.68,0.35,5.07,0.96,0.20,0,0
2025-03-05 03:50:35.897,8.79,1.68,0.35,5.07,0.96,0.20,0,0
2025-03-05 03:50:35.914,8.79,1.68,0.35,5.07,0.96,0.20,0,0
2025-03-05 03:50:35.933,8.79,1.68,0.35,5.07,0.96,0.20,0,0
2025-03-05 03:50:35.957,8.79,1.68,0.35,5.07,0.96,0.20,0,0
2025-03-05 03:50:35.974,8.79,1.68,0.35,5.07,0.96,0.20,0,0
2025-03-05 03:50:35.993,8.79,1.68,0.35,5.07,0.96,0.20,0,0
2025-03-05 03:50:36.015,8.79,1.68,0.35,5.07,0.96,0.20,0,0
2025-03-05 03:50:36.037,8.79,1.68,0.35,5.07,0.96,0.20,0,0
2025-03-05 03:50:36.055,8.79,1.68,0.35,5.07,0.96,0.20,0,0
2025-03-05 03:50:36.075,8.79,1.68,0.35,5.07,0.96,0.20,0,0
2025-03-05 03:50:36.095,8.79,1.68,0.35,5.07,0.96,0.20,0,0
2025-03-05 03:50:36.117,8.79,1.68,0.35,5.07,0.96,0.20,0,0
2025-03-05 03:50:36.140,8.79,1.68,0.35,5.07,0.96,0.20,0,0
2025-03-05 03:50:36.158,8.79,1.68,0.35,5.07,0.96,0.20,0,0
2025-03-05 03:50:36.181,8.79,1.68,0.35,5.07,0.96,0.20,0,0
2025-03-05 03:50:36.205,8.79,1.68,0.35,5.07,0.96,0.20,0,0
2025-03-05 03:50:36.224,8.79,1.68,0.35,5.07,0.96,0.20,0,0
2025-03-05 03:50:36.244,8.79,1.68,0.35,5.07,0.96,0.20,0,0
2025-03-05 03:50:36.270,8.79,1.68,0.35,5.07,0.96,0.20,0,0
2025-03-05 03:50:36.295,8.79,1.68,0.35,5.07,0.96,0.20,0,0
2025-03-05 03:50:36.314,8.79,1.68,0.35,5.07,0.96,0.20,0,0
2025-03-05 03:50:36.340,8.79,1.68,0.35,5.07,0.96,0.20,0,0
2025-03-05 03:50:36.357,8.79,1.68,0.35,5.07,0.96,0.20,0,0
2025-03-05 03:50:36.378,8.79,1.68,0.35,5.07,0.96,0.20,0,0
2025-03-05 03:50:36.400,8.79,1.68,0.35,5.07,0.96,0.20,0,0
2025-03-05 03:50:36.419,8.79,1.68,0.35,5.07,0.96,0.20,0,0
2025-03-05 03:50:36.438,8.79,1.68,0.35,5.07,0.96,0.20,0,0
2025-03-05 03:50:36.457,8.79,1.68,0.35,5.07,0.96,0.20,0,0
2025-03-05 03:50:36.475,8.79,1.68,0.35,5.07,0.96,0.20,0,0
2025-03-05 03:50:36.497,8.79,1.68,0.35,5.07,0.96,0.20,0,0
2025-03-05 03:50:36.518,8.79,1.68,0.35,5.07,0.96,0.20,0,0
2025-03-05 03:50:36.537,8.79,1.68,0.35,5.07,0.96,0.20,0,0
2025-03-05 03:50:36.563,8.79,1.68,0.35,5.07,0.96,0.20,0,0
2025-03-05 03:50:36.580,8.79,1.68,0.35,5.07,0.96,0.20,0,0
2025-03-05 03:50:36.601,8.79,1.68,0.35,5.07,0.96,0.20,0,0
2025-03-05 03:50:36.623,8.79,1.68,0.35,5.07,0.96,0.20,0,0
2025-03-05 03:50:36.641,8.79,1.68,0.35,5.07,0.96,0.20,0,0
2025-03-05 03:50:36.658,8.79,1.68,0.35,5.07,0.96,0.20,0,0
2025-03-05 03:50:36.680,8.79,1.68,0.35,5.07,0.96,0.20,0,0
2025-03-05 03:50:36.700,8.79,1.68,0.35,5.07,0.96,0.20,0,0
2025-03-05 03:50:36.723,8.79,1.68,0.35,5.07,0.96,0.20,0,0
2025-03-05 03:50:36.739,8.79,1.68,0.35,5.07,0.96,0.20,0,0
2025-03-05 03:50:36.757,8.79,1.68,0.35,5.07,0.96,0.20,0,0
2025-03-05 03:50:36.782,8.79,1.68,0.35,5.07,0.96,0.20,0,0
2025-03-05 03:50:36.800,8.79,1.68,0.35,5.07,0.96,0.20,0,0
2025-03-05 03:50:36.825,8.79,1.68,0.35,5.07,0.96,0.20,0,0
2025-03-05 03:50:36.843,8.79,1.68,0.35,5.07,0.96,0.20,0,0
2025-03-05 03:50:36.861,16.08,3.22,0.68,9.95,1.98,0.42,0,0
2025-03-05 03:50:36.881,16.08,3.22,0.68,9.95,1.98,0.42,0,0
2025-03-05 03:50:36.903,16.08,3.22,0.68,9.95,1.98,0.42,0,0
2025-03-05 03:50:36.924,16.08,3.22,0.68,9.95,1.98,0.42,0,0
2025-03-05 03:50:36.950,16.08,3.22,0.68,9.95,1.98,0.42,0,0
2025-03-05 03:50:36.972,16.08,3.22,0.68,9.95,1.98,0.42,0,0
2025-03-05 03:50:36.991,16.08,3.22,0.68,9.95,1.98,0.42,0,0
2025-03-05 03:50:37.015,16.08,3.22,0.68,9.95,1.98,0.42,0,0
2025-03-05 03:50:37.033,16.08,3.22,0.68,9.95,1.98,0.42,0,0
2025-03-05 03:50:37.056,16.08,3.22,0.68,9.95,1.98,0.42,0,0
2025-03-05 03:50:37.081,16.08,3.22,0.68,9.95,1.98,0.42,0,0
2025-03-05 03:50:37.100,16.08,3.22,0.68,9.95,1.98,0.42,0,0
2025-03-05 03:50:37.120,16.08,3.22,0.68,9.95,1.98,0.42,0,0
2025-03-05 03:50:37.142,16.08,3.22,0.68,9.95,1.98,0.42,0,0
2025-03-05 03:50:37.161,16.08,3.22,0.68,9.95,1.98,0.42,0,0
2025-03-05 03:50:37.183,16.08,3.22,0.68,9.95,1.98,0.42,0,0
2025-03-05 03:50:37.203,16.08,3.22,0.68,9.95,1.98,0.42,0,0
2025-03-05 03:50:37.222,16.08,3.22,0.68,9.95,1.98,0.42,0,0
2025-03-05 03:50:37.245,16.08,3.22,0.68,9.95,1.98,0.42,0,0
2025-03-05 03:50:37.263,16.08,3.22,0.68,9.95,1.98,0.42,0,0
2025-03-05 03:50:37.281,16.08,3.22,0.68,9.95,1.98,0.42,0,0
2025-03-05 03:50:37.304,16.08,3.22,0.68,9.95,1.98,0.42,0,0
2025-03-05 03:50:37.325,16.08,3.22,0.68,9.95,1.98,0.42,0,0
2025-03-05 03:50:37.349,16.08,3.22,0.68,9.95,1.98,0.42,0,0
2025-03-05 03:50:37.371,16.08,3.22,0.68,9.95,1.98,0.42,0,0
2025-03-05 03:50:37.390,16.08,3.22,0.68,9.95,1.98,0.42,0,0
2025-03-05 03:50:37.408,16.08,3.22,0.68,9.95,1.98,0.42,0,0
2025-03-05 03:50:37.432,16.08,3.22,0.68,9.95,1.98,0.42,0,0
2025-03-05 03:50:37.450,16.08,3.22,0.68,9.95,1.98,0.42,0,0
2025-03-05 03:50:37.472,16.08,3.22,0.68,9.95,1.98,0.42,0,0
2025-03-05 03:50:37.496,16.08,3.22,0.68,9.95,1.98,0.42,0,0
2025-03-05 03:50:37.516,16.08,3.22,0.68,9.95,1.98,0.42,0,0
2025-03-05 03:50:37.534,16.08,3.22,0.68,9.95,1.98,0.42,0,0
2025-03-05 03:50:37.551,16.08,3.22,0.68,9.95,1.98,0.42,0,0
2025-03-05 03:50:37.569,16.08,3.22,0.68,9.95,1.98,0.42,0,0
2025-03-05 03:50:37.594,16.08,3.22,0.68,9.95,1.98,0.42,0,0
2025-03-05 03:50:37.614,16.08,3.22,0.68,9.95,1.98,0.42,0,0
2025-03-05 03:50:37.633,16.08,3.22,0.68,9.95,1.98,0.42,0,0
2025-03-05 03:50:37.655,16.08,3.22,0.68,9.95,1.98,0.42,0,0
2025-03-05 03:50:37.674,16.08,3.22,0.68,9.95,1.98,0.42,0,0
2025-03-05 03:50:37.697,16.08,3.22,0.68,9.95,1.98,0.42,0,0
2025-03-05 03:50:37.713,16.08,3.22,0.68,9.95,1.98,0.42,0,0
2025-03-05 03:50:37.737,16.08,3.22,0.68,9.95,1.98,0.42,0,0
2025-03-05 03:50:37.759,16.08,3.22,0.68,9.95,1.98,0.42,0,0
2025-03-05 03:50:37.779,16.08,3.22,0.68,9.95,1.98,0.42,0,0
2025-03-05 03:50:37.801,16.08,3.22,0.68,9.95,1.98,0.42,0,0
2025-03-05 03:50:37.825,16.08,3.22,0.68,9.95,1.98,0.42,0,0
2025-03-05 03:50:37.841,16.08,3.22,0.68,9.95,1.98,0.42,0,0
2025-03-05 03:50:37.859,16.08,3.22,0.68,9.95,1.98,0.42,0,0
2025-03-05 03:50:37.878,16.08,3.22,0.68,9.95,1.98,0.42,0,0
2025-03-05 03:50:37.896,16.08,3.22,0.68,9.95,1.98,0.42,0,0
2025-03-05 03:50:37.918,16.08,3.22,0.68,9.95,1.98,0.42,0,0
2025-03-05 03:50:37.940,16.08,3.22,0.68,9.95,1.98,0.42,0,0
2025-03-05 03:50:37.958,16.08,3.22,0.68,9.95,1.98,0.42,0,0
2025-03-05 03:50:37.979,16.08,3.22,0.68,9.95,1.98,0.42,0,0
2025-03-05 03:50:37.998,16.08,3.22,0.68,9.95,1.98,0.42,0,0
2025-03-05 03:50:38.017,16.08,3.22,0.68,9.95,1.98,0.42,0,0
2025-03-05 03:50:38.035,16.08,3.22,0.68,9.95,1.98,0.42,0,0
2025-03-05 03:50:38.055,16.08,3.22,0.68,9.95,1.98,0.42,0,0
2025-03-05 03:50:38.073,16.08,3.22,0.68,9.95,1.98,0.42,0,0
2025-03-05 03:50:38.093,16.08,3.22,0.68,9.95,1.98,0.42,0,0
2025-03-05 03:50:38.111,16.08,3.22,0.68,9.95,1.98,0.42,0,0
2025-03-05 03:50:38.130,16.08,3.22,0.68,9.95,1.98,0.42,0,0
2025-03-05 03:50:38.148,16.08,3.22,0.68,9.95,1.98,0.42,0,0
2025-03-05 03:50:38.165,16.08,3.22,0.68,9.95,1.98,0.42,0,0
2025-03-05 03:50:38.184,16.08,3.22,0.68,9.95,1.98,0.42,0,0
2025-03-05 03:50:38.202,16.08,3.22,0.68,9.95,1.98,0.42,0,0
2025-03-05 03:50:38.222,16.08,3.22,0.68,9.95,1.98,0.42,0,0
2025-03-05 03:50:38.239,16.08,3.22,0.68,9.95,1.98,0.42,0,0
2025-03-05 03:50:38.258,16.08,3.22,0.68,9.95,1.98,0.42,0,0
2025-03-05 03:50:38.277,16.08,3.22,0.68,9.95,1.98,0.42,0,0
2025-03-05 03:50:38.295,16.08,3.22,0.68,9.95,1.98,0.42,0,0
2025-03-05 03:50:38.314,16.08,3.22,0.68,9.95,1.98,0.42,0,0
2025-03-05 03:50:38.331,16.08,3.22,0.68,9.95,1.98,0.42,0,0
2025-03-05 03:50:38.351,16.08,3.22,0.68,9.95,1.98,0.42,0,0
2025-03-05 03:50:38.370,16.08,3.22,0.68,9.95,1.98,0.42,0,0
2025-03-05 03:50:38.391,16.08,3.22,0.68,9.95,1.98,0.42,0,0
2025-03-05 03:50:38.410,16.08,3.22,0.68,9.95,1.98,0.42,0,0
2025-03-05 03:50:38.428,16.08,3.22,0.68,9.95,1.98,0.42,0,0
2025-03-05 03:50:38.448,16.08,3.22,0.68,9.95,1.98,0.42,0,0
2025-03-05 03:50:38.466,16.08,3.22,0.68,9.95,1.98,0.42,0,0
2025-03-05 03:50:38.485,16.08,3.22,0.68,9.95,1.98,0.42,0,0
2025-03-05 03:50:38.502,16.08,3.22,0.68,9.95,1.98,0.42,0,0
2025-03-05 03:50:38.521,16.08,3.22,0.68,9.95,1.98,0.42,0,0
2025-03-05 03:50:38.538,16.08,3.22,0.68,9.95,1.98,0.42,0,0
2025-03-05 03:50:38.557,16.08,3.22,0.68,9.95,1.98,0.42,0,0
2025-03-05 03:50:38.575,16.08,3.22,0.68,9.95,1.98,0.42,0,0
2025-03-05 03:50:38.593,16.08,3.22,0.68,9.95,1.98,0.42,0,0
2025-03-05 03:50:38.613,16.08,3.22,0.68,9.95,1.98,0.42,0,0
2025-03-05 03:50:38.630,16.08,3.22,0.68,9.95,1.98,0.42,0,0
2025-03-05 03:50:38.649,16.08,3.22,0.68,9.95,1.98,0.42,0,0
2025-03-05 03:50:38.666,16.08,3.22,0.68,9.95,1.98,0.42,0,0
2025-03-05 03:50:38.686,16.08,3.22,0.68,9.95,1.98,0.42,0,0
2025-03-05 03:50:38.704,16.08,3.22,0.68,9.95,1.98,0.42,0,0
2025-03-05 03:50:38.722,16.08,3.22,0.68,9.95,1.98,0.42,0,0
2025-03-05 03:50:38.741,16.08,3.22,0.68,9.95,1.98,0.42,0,0
2025-03-05 03:50:38.759,16.08,3.22,0.68,9.95,1.98,0.42,0,0
2025-03-05 03:50:38.780,16.08,3.22,0.68,9.95,1.98,0.42,0,0
2025-03-05 03:50:38.798,16.08,3.22,0.68,9.95,1.98,0.42,0,0
2025-03-05 03:50:38.820,16.08,3.22,0.68,9.95,1.98,0.42,0,0
2025-03-05 03:50:38.838,16.08,3.22,0.68,9.95,1.98,0.42,0,0
2025-03-05 03:50:38.854,16.08,3.22,0.68,9.95,1.98,0.42,0,0
2025-03-05 03:50:38.873,26.02,5.44,1.16,14.30,3.03,0.65,0,0
2025-03-05 03:50:38.892,26.02,5.44,1.16,14.30,3.03,0.65,0,0
2025-03-05 03:50:38.912,26.02,5.44,1.16,14.30,3.03,0.65,0,0
2025-03-05 03:50:38.935,26.02,5.44,1.16,14.30,3.03,0.65,0,0
2025-03-05 03:50:38.955,26.02,5.44,1.16,14.30,3.03,0.65,0,0
2025-03-05 03:50:38.975,26.02,5.44,1.16,14.30,3.03,0.65,0,0
2025-03-05 03:50:38.997,26.02,5.44,1.16,14.30,3.03,0.65,0,0
2025-03-05 03:50:39.015,26.02,5.44,1.16,14.30,3.03,0.65,0,0
2025-03-05 03:50:39.038,26.02,5.44,1.16,14.30,3.03,0.65,0,0
