Timestamp,Some (avg10),Some (avg60),Some (avg300),Full (avg10),Full (avg60),Full (avg300),OOM Kills,OOM Failures
2025-03-05 03:47:24.201,0.00,0.00,0.00,0.00,0.00,0.00,0,0
2025-03-05 03:47:24.223,0.00,0.00,0.00,0.00,0.00,0.00,0,0
2025-03-05 03:47:24.242,0.00,0.00,0.00,0.00,0.00,0.00,0,0
2025-03-05 03:47:24.266,0.00,0.00,0.00,0.00,0.00,0.00,0,0
2025-03-05 03:47:24.285,0.00,0.00,0.00,0.00,0.00,0.00,0,0
2025-03-05 03:47:24.303,0.00,0.00,0.00,0.00,0.00,0.00,0,0
2025-03-05 03:47:24.327,0.00,0.00,0.00,0.00,0.00,0.00,0,0
2025-03-05 03:47:24.347,0.00,0.00,0.00,0.00,0.00,0.00,0,0
2025-03-05 03:47:24.368,0.00,0.00,0.00,0.00,0.00,0.00,0,0
2025-03-05 03:47:24.389,0.00,0.00,0.00,0.00,0.00,0.00,0,0
2025-03-05 03:47:24.408,0.00,0.00,0.00,0.00,0.00,0.00,0,0
2025-03-05 03:47:24.427,0.00,0.00,0.00,0.00,0.00,0.00,0,0
2025-03-05 03:47:24.450,0.00,0.00,0.00,0.00,0.00,0.00,0,0
2025-03-05 03:47:24.470,0.00,0.00,0.00,0.00,0.00,0.00,0,0
2025-03-05 03:47:24.488,0.00,0.00,0.00,0.00,0.00,0.00,0,0
2025-03-05 03:47:24.510,0.00,0.00,0.00,0.00,0.00,0.00,0,0
2025-03-05 03:47:24.526,0.00,0.00,0.00,0.00,0.00,0.00,0,0
2025-03-05 03:47:24.550,0.00,0.00,0.00,0.00,0.00,0.00,0,0
2025-03-05 03:47:24.570,0.00,0.00,0.00,0.00,0.00,0.00,0,0
2025-03-05 03:47:24.593,0.00,0.00,0.00,0.00,0.00,0.00,0,0
2025-03-05 03:47:24.612,0.00,0.00,0.00,0.00,0.00,0.00,0,0
2025-03-05 03:47:24.636,0.00,0.00,0.00,0.00,0.00,0.00,0,0
2025-03-05 03:47:24.655,0.00,0.00,0.00,0.00,0.00,0.00,0,0
2025-03-05 03:47:24.674,0.00,0.00,0.00,0.00,0.00,0.00,0,0
2025-03-05 03:47:24.696,0.00,0.00,0.00,0.00,0.00,0.00,0,0
2025-03-05 03:47:24.716,0.00,0.00,0.00,0.00,0.00,0.00,0,0
2025-03-05 03:47:24.737,0.00,0.00,0.00,0.00,0.00,0.00,0,0
2025-03-05 03:47:24.762,0.00,0.00,0.00,0.00,0.00,0.00,0,0
2025-03-05 03:47:24.785,0.00,0.00,0.00,0.00,0.00,0.00,0,0
2025-03-05 03:47:24.806,0.00,0.00,0.00,0.00,0.00,0.00,0,0
2025-03-05 03:47:24.827,0.00,0.00,0.00,0.00,0.00,0.00,0,0
2025-03-05 03:47:24.851,0.00,0.00,0.00,0.00,0.00,0.00,0,0
2025-03-05 03:47:24.873,0.00,0.00,0.00,0.00,0.00,0.00,0,0
2025-03-05 03:47:24.891,0.00,0.00,0.00,0.00,0.00,0.00,0,0
2025-03-05 03:47:24.912,0.00,0.00,0.00,0.00,0.00,0.00,0,0
2025-03-05 03:47:24.929,0.00,0.00,0.00,0.00,0.00,0.00,0,0
2025-03-05 03:47:24.953,0.00,0.00,0.00,0.00,0.00,0.00,0,0
2025-03-05 03:47:24.972,0.00,0.00,0.00,0.00,0.00,0.00,0,0
2025-03-05 03:47:24.989,0.00,0.00,0.00,0.00,0.00,0.00,0,0
2025-03-05 03:47:25.013,0.00,0.00,0.00,0.00,0.00,0.00,0,0
2025-03-05 03:47:25.031,0.00,0.00,0.00,0.00,0.00,0.00,0,0
2025-03-05 03:47:25.053,0.00,0.00,0.00,0.00,0.00,0.00,0,0
2025-03-05 03:47:25.074,0.00,0.00,0.00,0.00,0.00,0.00,0,0
2025-03-05 03:47:25.092,0.00,0.00,0.00,0.00,0.00,0.00,0,0
2025-03-05 03:47:25.111,0.00,0.00,0.00,0.00,0.00,0.00,0,0
2025-03-05 03:47:25.134,0.00,0.00,0.00,0.00,0.00,0.00,0,0
2025-03-05 03:47:25.151,0.00,0.00,0.00,0.00,0.00,0.00,0,0
2025-03-05 03:47:25.177,0.00,0.00,0.00,0.00,0.00,0.00,0,0
2025-03-05 03:47:25.203,0.00,0.00,0.00,0.00,0.00,0.00,0,0
2025-03-05 03:47:25.230,0.00,0.00,0.00,0.00,0.00,0.00,0,0
2025-03-05 03:47:25.250,0.00,0.00,0.00,0.00,0.00,0.00,0,0
2025-03-05 03:47:25.271,0.00,0.00,0.00,0.00,0.00,0.00,0,0
2025-03-05 03:47:25.292,0.00,0.00,0.00,0.00,0.00,0.00,0,0
2025-03-05 03:47:25.309,0.00,0.00,0.00,0.00,0.00,0.00,0,0
2025-03-05 03:47:25.332,0.00,0.00,0.00,0.00,0.00,0.00,0,0
2025-03-05 03:47:25.350,0.00,0.00,0.00,0.00,0.00,0.00,0,0
2025-03-05 03:47:25.371,0.00,0.00,0.00,0.00,0.00,0.00,0,0
2025-03-05 03:47:25.394,0.00,0.00,0.00,0.00,0.00,0.00,0,0
2025-03-05 03:47:25.414,0.00,0.00,0.00,0.00,0.00,0.00,0,0
2025-03-05 03:47:25.432,0.00,0.00,0.00,0.00,0.00,0.00,0,0
2025-03-05 03:47:25.455,0.00,0.00,0.00,0.00,0.00,0.00,0,0
2025-03-05 03:47:25.475,0.00,0.00,0.00,0.00,0.00,0.00,0,0
2025-03-05 03:47:25.494,0.00,0.00,0.00,0.00,0.00,0.00,0,0
2025-03-05 03:47:25.513,0.00,0.00,0.00,0.00,0.00,0.00,0,0
2025-03-05 03:47:25.531,0.00,0.00,0.00,0.00,0.00,0.00,0,0
2025-03-05 03:47:25.549,0.00,0.00,0.00,0.00,0.00,0.00,0,0
2025-03-05 03:47:25.571,0.00,0.00,0.00,0.00,0.00,0.00,0,0
2025-03-05 03:47:25.595,0.00,0.00,0.00,0.00,0.00,0.00,0,0
2025-03-05 03:47:25.615,0.00,0.00,0.00,0.00,0.00,0.00,0,0
2025-03-05 03:47:25.634,0.00,0.00,0.00,0.00,0.00,0.00,0,0
2025-03-05 03:47:25.654,0.00,0.00,0.00,0.00,0.00,0.00,0,0
2025-03-05 03:47:25.672,0.00,0.00,0.00,0.00,0.00,0.00,0,0
2025-03-05 03:47:25.692,0.00,0.00,0.00,0.00,0.00,0.00,0,0
2025-03-05 03:47:25.709,0.00,0.00,0.00,0.00,0.00,0.00,0,0
2025-03-05 03:47:25.729,0.00,0.00,0.00,0.00,0.00,0.00,0,0
2025-03-05 03:47:25.749,0.00,0.00,0.00,0.00,0.00,0.00,0,0
2025-03-05 03:47:25.768,0.00,0.00,0.00,0.00,0.00,0.00,0,0
2025-03-05 03:47:25.787,0.00,0.00,0.00,0.00,0.00,0.00,0,0
2025-03-05 03:47:25.807,0.00,0.00,0.00,0.00,0.00,0.00,0,0
2025-03-05 03:47:25.829,0.00,0.00,0.00,0.00,0.00,0.00,0,0
2025-03-05 03:47:25.852,0.00,0.00,0.00,0.00,0.00,0.00,0,0
2025-03-05 03:47:25.870,0.00,0.00,0.00,0.00,0.00,0.00,0,0
2025-03-05 03:47:25.890,0.00,0.00,0.00,0.00,0.00,0.00,0,0
2025-03-05 03:47:25.909,0.00,0.00,0.00,0.00,0.00,0.00,0,0
2025-03-05 03:47:25.928,0.00,0.00,0.00,0.00,0.00,0.00,0,0
2025-03-05 03:47:25.947,0.00,0.00,0.00,0.00,0.00,0.00,0,0
2025-03-05 03:47:25.966,0.00,0.00,0.00,0.00,0.00,0.00,0,0
2025-03-05 03:47:25.992,0.00,0.00,0.00,0.00,0.00,0.00,0,0
2025-03-05 03:47:26.009,0.00,0.00,0.00,0.00,0.00,0.00,0,0
2025-03-05 03:47:26.031,0.00,0.00,0.00,0.00,0.00,0.00,0,0
2025-03-05 03:47:26.047,0.00,0.00,0.00,0.00,0.00,0.00,0,0
2025-03-05 03:47:26.064,0.00,0.00,0.00,0.00,0.00,0.00,0,0
2025-03-05 03:47:26.087,0.00,0.00,0.00,0.00,0.00,0.00,0,0
2025-03-05 03:47:26.105,0.00,0.00,0.00,0.00,0.00,0.00,0,0
2025-03-05 03:47:26.127,0.00,0.00,0.00,0.00,0.00,0.00,0,0
2025-03-05 03:47:26.147,0.00,0.00,0.00,0.00,0.00,0.00,0,0
2025-03-05 03:47:26.165,0.00,0.00,0.00,0.00,0.00,0.00,0,0
2025-03-05 03:47:26.185,0.00,0.00,0.00,0.00,0.00,0.00,0,0
2025-03-05 03:47:26.204,0.00,0.00,0.00,0.00,0.00,0.00,0,0
2025-03-05 03:47:26.230,0.00,0.00,0.00,0.00,0.00,0.00,0,0
2025-03-05 03:47:26.247,0.00,0.00,0.00,0.00,0.00,0.00,0,0
2025-03-05 03:47:26.280,0.00,0.00,0.00,0.00,0.00,0.00,0,0
2025-03-05 03:47:26.305,0.00,0.00,0.00,0.00,0.00,0.00,0,0
2025-03-05 03:47:26.338,0.00,0.00,0.00,0.00,0.00,0.00,0,0
2025-03-05 03:47:26.373,0.00,0.00,0.00,0.00,0.00,0.00,0,0
2025-03-05 03:47:26.403,0.00,0.00,0.00,0.00,0.00,0.00,0,0
2025-03-05 03:47:26.418,0.00,0.00,0.00,0.00,0.00,0.00,0,0
2025-03-05 03:47:26.457,0.00,0.00,0.00,0.00,0.00,0.00,0,0
2025-03-05 03:47:26.474,0.00,0.00,0.00,0.00,0.00,0.00,0,0
2025-03-05 03:47:26.492,0.00,0.00,0.00,0.00,0.00,0.00,0,0
2025-03-05 03:47:26.510,0.00,0.00,0.00,0.00,0.00,0.00,0,0
2025-03-05 03:47:26.531,0.00,0.00,0.00,0.00,0.00,0.00,0,0
2025-03-05 03:47:26.549,0.00,0.00,0.00,0.00,0.00,0.00,0,0
2025-03-05 03:47:26.571,0.00,0.00,0.00,0.00,0.00,0.00,0,0
2025-03-05 03:47:26.588,0.00,0.00,0.00,0.00,0.00,0.00,0,0
2025-03-05 03:47:26.608,0.00,0.00,0.00,0.00,0.00,0.00,0,0
2025-03-05 03:47:26.630,0.00,0.00,0.00,0.00,0.00,0.00,0,0
2025-03-05 03:47:26.647,0.00,0.00,0.00,0.00,0.00,0.00,0,0
2025-03-05 03:47:26.666,0.00,0.00,0.00,0.00,0.00,0.00,0,0
2025-03-05 03:47:26.686,0.00,0.00,0.00,0.00,0.00,0.00,0,0
2025-03-05 03:47:26.704,0.00,0.00,0.00,0.00,0.00,0.00,0,0
2025-03-05 03:47:26.728,0.00,0.00,0.00,0.00,0.00,0.00,0,0
2025-03-05 03:47:26.752,0.00,0.00,0.00,0.00,0.00,0.00,0,0
2025-03-05 03:47:26.772,0.00,0.00,0.00,0.00,0.00,0.00,0,0
2025-03-05 03:47:26.789,0.00,0.00,0.00,0.00,0.00,0.00,0,0
2025-03-05 03:47:26.813,0.00,0.00,0.00,0.00,0.00,0.00,0,0
2025-03-05 03:47:26.830,0.00,0.00,0.00,0.00,0.00,0.00,0,0
2025-03-05 03:47:26.854,0.00,0.00,0.00,0.00,0.00,0.00,0,0
2025-03-05 03:47:26.877,0.00,0.00,0.00,0.00,0.00,0.00,0,0
2025-03-05 03:47:26.899,0.00,0.00,0.00,0.00,0.00,0.00,0,0
2025-03-05 03:47:26.915,0.00,0.00,0.00,0.00,0.00,0.00,0,0
2025-03-05 03:47:26.934,0.00,0.00,0.00,0.00,0.00,0.00,0,0
2025-03-05 03:47:26.949,0.00,0.00,0.00,0.00,0.00,0.00,0,0
2025-03-05 03:47:26.971,0.00,0.00,0.00,0.00,0.00,0.00,0,0
2025-03-05 03:47:26.992,0.00,0.00,0.00,0.00,0.00,0.00,0,0
2025-03-05 03:47:27.015,0.00,0.00,0.00,0.00,0.00,0.00,0,0
2025-03-05 03:47:27.032,0.00,0.00,0.00,0.00,0.00,0.00,0,0
2025-03-05 03:47:27.056,0.00,0.00,0.00,0.00,0.00,0.00,0,0
2025-03-05 03:47:27.079,0.00,0.00,0.00,0.00,0.00,0.00,0,0
2025-03-05 03:47:27.097,3.44,0.62,0.12,1.99,0.35,0.07,0,0
2025-03-05 03:47:27.119,3.44,0.62,0.12,1.99,0.35,0.07,0,0
2025-03-05 03:47:27.143,3.44,0.62,0.12,1.99,0.35,0.07,0,0
2025-03-05 03:47:27.159,3.44,0.62,0.12,1.99,0.35,0.07,0,0
2025-03-05 03:47:27.181,3.44,0.62,0.12,1.99,0.35,0.07,0,0
2025-03-05 03:47:27.197,3.44,0.62,0.12,1.99,0.35,0.07,0,0
2025-03-05 03:47:27.221,3.44,0.62,0.12,1.99,0.35,0.07,0,0
2025-03-05 03:47:27.239,3.44,0.62,0.12,1.99,0.35,0.07,0,0
2025-03-05 03:47:27.257,3.44,0.62,0.12,1.99,0.35,0.07,0,0
2025-03-05 03:47:27.280,3.44,0.62,0.12,1.99,0.35,0.07,0,0
2025-03-05 03:47:27.295,3.44,0.62,0.12,1.99,0.35,0.07,0,0
2025-03-05 03:47:27.315,3.44,0.62,0.12,1.99,0.35,0.07,0,0
2025-03-05 03:47:27.338,3.44,0.62,0.12,1.99,0.35,0.07,0,0
2025-03-05 03:47:27.354,3.44,0.62,0.12,1.99,0.35,0.07,0,0
2025-03-05 03:47:27.374,3.44,0.62,0.12,1.99,0.35,0.07,0,0
2025-03-05 03:47:27.395,3.44,0.62,0.12,1.99,0.35,0.07,0,0
2025-03-05 03:47:27.413,3.44,0.62,0.12,1.99,0.35,0.07,0,0
2025-03-05 03:47:27.430,3.44,0.62,0.12,1.99,0.35,0.07,0,0
2025-03-05 03:47:27.456,3.44,0.62,0.12,1.99,0.35,0.07,0,0
2025-03-05 03:47:27.477,3.44,0.62,0.12,1.99,0.35,0.07,0,0
2025-03-05 03:47:27.494,3.44,0.62,0.12,1.99,0.35,0.07,0,0
2025-03-05 03:47:27.519,3.44,0.62,0.12,1.99,0.35,0.07,0,0
2025-03-05 03:47:27.534,3.44,0.62,0.12,1.99,0.35,0.07,0,0
2025-03-05 03:47:27.556,3.44,0.62,0.12,1.99,0.35,0.07,0,0
2025-03-05 03:47:27.581,3.44,0.62,0.12,1.99,0.35,0.07,0,0
2025-03-05 03:47:27.598,3.44,0.62,0.12,1.99,0.35,0.07,0,0
2025-03-05 03:47:27.622,3.44,0.62,0.12,1.99,0.35,0.07,0,0
2025-03-05 03:47:27.638,3.44,0.62,0.12,1.99,0.35,0.07,0,0
2025-03-05 03:47:27.658,3.44,0.62,0.12,1.99,0.35,0.07,0,0
2025-03-05 03:47:27.678,3.44,0.62,0.12,1.99,0.35,0.07,0,0
2025-03-05 03:47:27.695,3.44,0.62,0.12,1.99,0.35,0.07,0,0
2025-03-05 03:47:27.717,3.44,0.62,0.12,1.99,0.35,0.07,0,0
2025-03-05 03:47:27.733,3.44,0.62,0.12,1.99,0.35,0.07,0,0
2025-03-05 03:47:27.758,3.44,0.62,0.12,1.99,0.35,0.07,0,0
2025-03-05 03:47:27.778,3.44,0.62,0.12,1.99,0.35,0.07,0,0
2025-03-05 03:47:27.800,3.44,0.62,0.12,1.99,0.35,0.07,0,0
2025-03-05 03:47:27.817,3.44,0.62,0.12,1.99,0.35,0.07,0,0
2025-03-05 03:47:27.840,3.44,0.62,0.12,1.99,0.35,0.07,0,0
2025-03-05 03:47:27.856,3.44,0.62,0.12,1.99,0.35,0.07,0,0
2025-03-05 03:47:27.880,3.44,0.62,0.12,1.99,0.35,0.07,0,0
2025-03-05 03:47:27.898,3.44,0.62,0.12,1.99,0.35,0.07,0,0
2025-03-05 03:47:27.922,3.44,0.62,0.12,1.99,0.35,0.07,0,0
2025-03-05 03:47:27.948,3.44,0.62,0.12,1.99,0.35,0.07,0,0
2025-03-05 03:47:27.969,3.44,0.62,0.12,1.99,0.35,0.07,0,0
2025-03-05 03:47:27.987,3.44,0.62,0.12,1.99,0.35,0.07,0,0
2025-03-05 03:47:28.006,3.44,0.62,0.12,1.99,0.35,0.07,0,0
2025-03-05 03:47:28.023,3.44,0.62,0.12,1.99,0.35,0.07,0,0
2025-03-05 03:47:28.046,3.44,0.62,0.12,1.99,0.35,0.07,0,0
2025-03-05 03:47:28.067,3.44,0.62,0.12,1.99,0.35,0.07,0,0
2025-03-05 03:47:28.084,3.44,0.62,0.12,1.99,0.35,0.07,0,0
2025-03-05 03:47:28.107,3.44,0.62,0.12,1.99,0.35,0.07,0,0
2025-03-05 03:47:28.123,3.44,0.62,0.12,1.99,0.35,0.07,0,0
2025-03-05 03:47:28.142,3.44,0.62,0.12,1.99,0.35,0.07,0,0
2025-03-05 03:47:28.164,3.44,0.62,0.12,1.99,0.35,0.07,0,0
2025-03-05 03:47:28.180,3.44,0.62,0.12,1.99,0.35,0.07,0,0
2025-03-05 03:47:28.199,3.44,0.62,0.12,1.99,0.35,0.07,0,0
2025-03-05 03:47:28.217,3.44,0.62,0.12,1.99,0.35,0.07,0,0
2025-03-05 03:47:28.242,3.44,0.62,0.12,1.99,0.35,0.07,0,0
2025-03-05 03:47:28.261,3.44,0.62,0.12,1.99,0.35,0.07,0,0
2025-03-05 03:47:28.281,3.44,0.62,0.12,1.99,0.35,0.07,0,0
2025-03-05 03:47:28.303,3.44,0.62,0.12,1.99,0.35,0.07,0,0
2025-03-05 03:47:28.328,3.44,0.62,0.12,1.99,0.35,0.07,0,0
2025-03-05 03:47:28.348,3.44,0.62,0.12,1.99,0.35,0.07,0,0
2025-03-05 03:47:28.366,3.44,0.62,0.12,1.99,0.35,0.07,0,0
2025-03-05 03:47:28.390,3.44,0.62,0.12,1.99,0.35,0.07,0,0
2025-03-05 03:47:28.409,3.44,0.62,0.12,1.99,0.35,0.07,0,0
2025-03-05 03:47:28.428,3.44,0.62,0.12,1.99,0.35,0.07,0,0
2025-03-05 03:47:28.450,3.44,0.62,0.12,1.99,0.35,0.07,0,0
2025-03-05 03:47:28.469,3.44,0.62,0.12,1.99,0.35,0.07,0,0
2025-03-05 03:47:28.487,3.44,0.62,0.12,1.99,0.35,0.07,0,0
2025-03-05 03:47:28.509,3.44,0.62,0.12,1.99,0.35,0.07,0,0
2025-03-05 03:47:28.525,3.44,0.62,0.12,1.99,0.35,0.07,0,0
2025-03-05 03:47:28.549,3.44,0.62,0.12,1.99,0.35,0.07,0,0
2025-03-05 03:47:28.570,3.44,0.62,0.12,1.99,0.35,0.07,0,0
2025-03-05 03:47:28.588,3.44,0.62,0.12,1.99,0.35,0.07,0,0
2025-03-05 03:47:28.611,3.44,0.62,0.12,1.99,0.35,0.07,0,0
2025-03-05 03:47:28.627,3.44,0.62,0.12,1.99,0.35,0.07,0,0
2025-03-05 03:47:28.649,3.44,0.62,0.12,1.99,0.35,0.07,0,0
2025-03-05 03:47:28.668,3.44,0.62,0.12,1.99,0.35,0.07,0,0
2025-03-05 03:47:28.691,3.44,0.62,0.12,1.99,0.35,0.07,0,0
2025-03-05 03:47:28.714,3.44,0.62,0.12,1.99,0.35,0.07,0,0
2025-03-05 03:47:28.730,3.44,0.62,0.12,1.99,0.35,0.07,0,0
2025-03-05 03:47:28.753,3.44,0.62,0.12,1.99,0.35,0.07,0,0
2025-03-05 03:47:28.772,3.44,0.62,0.12,1.99,0.35,0.07,0,0
2025-03-05 03:47:28.793,3.44,0.62,0.12,1.99,0.35,0.07,0,0
2025-03-05 03:47:28.814,3.44,0.62,0.12,1.99,0.35,0.07,0,0
2025-03-05 03:47:28.832,3.44,0.62,0.12,1.99,0.35,0.07,0,0
2025-03-05 03:47:28.855,3.44,0.62,0.12,1.99,0.35,0.07,0,0
2025-03-05 03:47:28.873,3.44,0.62,0.12,1.99,0.35,0.07,0,0
2025-03-05 03:47:28.892,3.44,0.62,0.12,1.99,0.35,0.07,0,0
2025-03-05 03:47:28.916,3.44,0.62,0.12,1.99,0.35,0.07,0,0
2025-03-05 03:47:28.932,3.44,0.62,0.12,1.99,0.35,0.07,0,0
2025-03-05 03:47:28.953,3.44,0.62,0.12,1.99,0.35,0.07,0,0
2025-03-05 03:47:28.978,3.44,0.62,0.12,1.99,0.35,0.07,0,0
2025-03-05 03:47:28.994,3.44,0.62,0.12,1.99,0.35,0.07,0,0
2025-03-05 03:47:29.018,3.44,0.62,0.12,1.99,0.35,0.07,0,0
2025-03-05 03:47:29.033,3.44,0.62,0.12,1.99,0.35,0.07,0,0
2025-03-05 03:47:29.058,3.44,0.62,0.12,1.99,0.35,0.07,0,0
2025-03-05 03:47:29.077,3.44,0.62,0.12,1.99,0.35,0.07,0,0
2025-03-05 03:47:29.100,7.89,1.51,0.32,4.89,0.93,0.19,0,0
2025-03-05 03:47:29.118,7.89,1.51,0.32,4.89,0.93,0.19,0,0
2025-03-05 03:47:29.140,7.89,1.51,0.32,4.89,0.93,0.19,0,0
2025-03-05 03:47:29.159,7.89,1.51,0.32,4.89,0.93,0.19,0,0
2025-03-05 03:47:29.183,7.89,1.51,0.32,4.89,0.93,0.19,0,0
2025-03-05 03:47:29.200,7.89,1.51,0.32,4.89,0.93,0.19,0,0
2025-03-05 03:47:29.220,7.89,1.51,0.32,4.89,0.93,0.19,0,0
2025-03-05 03:47:29.241,7.89,1.51,0.32,4.89,0.93,0.19,0,0
2025-03-05 03:47:29.264,7.89,1.51,0.32,4.89,0.93,0.19,0,0
2025-03-05 03:47:29.282,7.89,1.51,0.32,4.89,0.93,0.19,0,0
2025-03-05 03:47:29.304,7.89,1.51,0.32,4.89,0.93,0.19,0,0
2025-03-05 03:47:29.322,7.89,1.51,0.32,4.89,0.93,0.19,0,0
2025-03-05 03:47:29.342,7.89,1.51,0.32,4.89,0.93,0.19,0,0
2025-03-05 03:47:29.362,7.89,1.51,0.32,4.89,0.93,0.19,0,0
2025-03-05 03:47:29.381,7.89,1.51,0.32,4.89,0.93,0.19,0,0
2025-03-05 03:47:29.401,7.89,1.51,0.32,4.89,0.93,0.19,0,0
2025-03-05 03:47:29.420,7.89,1.51,0.32,4.89,0.93,0.19,0,0
2025-03-05 03:47:29.443,7.89,1.51,0.32,4.89,0.93,0.19,0,0
2025-03-05 03:47:29.464,7.89,1.51,0.32,4.89,0.93,0.19,0,0
2025-03-05 03:47:29.486,7.89,1.51,0.32,4.89,0.93,0.19,0,0
2025-03-05 03:47:29.504,7.89,1.51,0.32,4.89,0.93,0.19,0,0
2025-03-05 03:47:29.524,7.89,1.51,0.32,4.89,0.93,0.19,0,0
2025-03-05 03:47:29.547,7.89,1.51,0.32,4.89,0.93,0.19,0,0
2025-03-05 03:47:29.568,7.89,1.51,0.32,4.89,0.93,0.19,0,0
2025-03-05 03:47:29.591,7.89,1.51,0.32,4.89,0.93,0.19,0,0
2025-03-05 03:47:29.609,7.89,1.51,0.32,4.89,0.93,0.19,0,0
2025-03-05 03:47:29.630,7.89,1.51,0.32,4.89,0.93,0.19,0,0
2025-03-05 03:47:29.650,7.89,1.51,0.32,4.89,0.93,0.19,0,0
2025-03-05 03:47:29.844,7.89,1.51,0.32,4.89,0.93,0.19,0,0
2025-03-05 03:47:29.868,7.89,1.51,0.32,4.89,0.93,0.19,0,0
2025-03-05 03:47:29.891,7.89,1.51,0.32,4.89,0.93,0.19,0,0
2025-03-05 03:47:29.907,7.89,1.51,0.32,4.89,0.93,0.19,0,0
2025-03-05 03:47:29.928,7.89,1.51,0.32,4.89,0.93,0.19,0,0
2025-03-05 03:47:29.949,7.89,1.51,0.32,4.89,0.93,0.19,0,0
2025-03-05 03:47:29.972,7.89,1.51,0.32,4.89,0.93,0.19,0,0
2025-03-05 03:47:29.990,7.89,1.51,0.32,4.89,0.93,0.19,0,0
2025-03-05 03:47:30.016,7.89,1.51,0.32,4.89,0.93,0.19,0,0
2025-03-05 03:47:30.041,7.89,1.51,0.32,4.89,0.93,0.19,0,0
2025-03-05 03:47:30.060,7.89,1.51,0.32,4.89,0.93,0.19,0,0
2025-03-05 03:47:30.083,7.89,1.51,0.32,4.89,0.93,0.19,0,0
2025-03-05 03:47:30.100,7.89,1.51,0.32,4.89,0.93,0.19,0,0
2025-03-05 03:47:30.125,7.89,1.51,0.32,4.89,0.93,0.19,0,0
2025-03-05 03:47:30.143,7.89,1.51,0.32,4.89,0.93,0.19,0,0
2025-03-05 03:47:30.167,7.89,1.51,0.32,4.89,0.93,0.19,0,0
2025-03-05 03:47:30.189,7.89,1.51,0.32,4.89,0.93,0.19,0,0
2025-03-05 03:47:30.208,7.89,1.51,0.32,4.89,0.93,0.19,0,0
2025-03-05 03:47:30.227,7.89,1.51,0.32,4.89,0.93,0.19,0,0
2025-03-05 03:47:30.253,7.89,1.51,0.32,4.89,0.93,0.19,0,0
2025-03-05 03:47:30.274,7.89,1.51,0.32,4.89,0.93,0.19,0,0
2025-03-05 03:47:30.297,7.89,1.51,0.32,4.89,0.93,0.19,0,0
2025-03-05 03:47:30.316,7.89,1.51,0.32,4.89,0.93,0.19,0,0
2025-03-05 03:47:30.334,7.89,1.51,0.32,4.89,0.93,0.19,0,0
2025-03-05 03:47:30.357,7.89,1.51,0.32,4.89,0.93,0.19,0,0
2025-03-05 03:47:30.375,7.89,1.51,0.32,4.89,0.93,0.19,0,0
2025-03-05 03:47:30.397,7.89,1.51,0.32,4.89,0.93,0.19,0,0
2025-03-05 03:47:30.415,7.89,1.51,0.32,4.89,0.93,0.19,0,0
2025-03-05 03:47:30.438,7.89,1.51,0.32,4.89,0.93,0.19,0,0
2025-03-05 03:47:30.454,7.89,1.51,0.32,4.89,0.93,0.19,0,0
2025-03-05 03:47:30.473,7.89,1.51,0.32,4.89,0.93,0.19,0,0
2025-03-05 03:47:30.495,7.89,1.51,0.32,4.89,0.93,0.19,0,0
2025-03-05 03:47:30.512,7.89,1.51,0.32,4.89,0.93,0.19,0,0
2025-03-05 03:47:30.535,7.89,1.51,0.32,4.89,0.93,0.19,0,0
2025-03-05 03:47:30.555,7.89,1.51,0.32,4.89,0.93,0.19,0,0
2025-03-05 03:47:30.573,7.89,1.51,0.32,4.89,0.93,0.19,0,0
2025-03-05 03:47:30.591,7.89,1.51,0.32,4.89,0.93,0.19,0,0
2025-03-05 03:47:30.611,7.89,1.51,0.32,4.89,0.93,0.19,0,0
2025-03-05 03:47:30.634,7.89,1.51,0.32,4.89,0.93,0.19,0,0
2025-03-05 03:47:30.652,7.89,1.51,0.32,4.89,0.93,0.19,0,0
2025-03-05 03:47:30.675,7.89,1.51,0.32,4.89,0.93,0.19,0,0
2025-03-05 03:47:30.691,7.89,1.51,0.32,4.89,0.93,0.19,0,0
2025-03-05 03:47:30.710,7.89,1.51,0.32,4.89,0.93,0.19,0,0
2025-03-05 03:47:30.732,7.89,1.51,0.32,4.89,0.93,0.19,0,0
2025-03-05 03:47:30.757,7.89,1.51,0.32,4.89,0.93,0.19,0,0
2025-03-05 03:47:30.775,7.89,1.51,0.32,4.89,0.93,0.19,0,0
2025-03-05 03:47:30.792,7.89,1.51,0.32,4.89,0.93,0.19,0,0
2025-03-05 03:47:30.814,7.89,1.51,0.32,4.89,0.93,0.19,0,0
2025-03-05 03:47:30.833,7.89,1.51,0.32,4.89,0.93,0.19,0,0
2025-03-05 03:47:30.856,7.89,1.51,0.32,4.89,0.93,0.19,0,0
2025-03-05 03:47:30.872,7.89,1.51,0.32,4.89,0.93,0.19,0,0
2025-03-05 03:47:30.892,7.89,1.51,0.32,4.89,0.93,0.19,0,0
2025-03-05 03:47:30.915,7.89,1.51,0.32,4.89,0.93,0.19,0,0
2025-03-05 03:47:30.933,7.89,1.51,0.32,4.89,0.93,0.19,0,0
2025-03-05 03:47:30.952,7.89,1.51,0.32,4.89,0.93,0.19,0,0
2025-03-05 03:47:30.970,7.89,1.51,0.32,4.89,0.93,0.19,0,0
2025-03-05 03:47:30.994,7.89,1.51,0.32,4.89,0.93,0.19,0,0
2025-03-05 03:47:31.014,7.89,1.51,0.32,4.89,0.93,0.19,0,0
2025-03-05 03:47:31.030,7.89,1.51,0.32,4.89,0.93,0.19,0,0
2025-03-05 03:47:31.057,7.89,1.51,0.32,4.89,0.93,0.19,0,0
2025-03-05 03:47:31.082,7.89,1.51,0.32,4.89,0.93,0.19,0,0
2025-03-05 03:47:31.105,15.88,3.16,0.67,9.80,1.95,0.41,0,0
2025-03-05 03:47:31.130,15.88,3.16,0.67,9.80,1.95,0.41,0,0
2025-03-05 03:47:31.150,15.88,3.16,0.67,9.80,1.95,0.41,0,0
2025-03-05 03:47:31.173,15.88,3.16,0.67,9.80,1.95,0.41,0,0
2025-03-05 03:47:31.191,15.88,3.16,0.67,9.80,1.95,0.41,0,0
2025-03-05 03:47:31.211,15.88,3.16,0.67,9.80,1.95,0.41,0,0
2025-03-05 03:47:31.231,15.88,3.16,0.67,9.80,1.95,0.41,0,0
2025-03-05 03:47:31.255,15.88,3.16,0.67,9.80,1.95,0.41,0,0
2025-03-05 03:47:31.277,15.88,3.16,0.67,9.80,1.95,0.41,0,0
2025-03-05 03:47:31.293,15.88,3.16,0.67,9.80,1.95,0.41,0,0
2025-03-05 03:47:31.311,15.88,3.16,0.67,9.80,1.95,0.41,0,0
2025-03-05 03:47:31.329,15.88,3.16,0.67,9.80,1.95,0.41,0,0
2025-03-05 03:47:31.347,15.88,3.16,0.67,9.80,1.95,0.41,0,0
2025-03-05 03:47:31.371,15.88,3.16,0.67,9.80,1.95,0.41,0,0
2025-03-05 03:47:31.397,15.88,3.16,0.67,9.80,1.95,0.41,0,0
2025-03-05 03:47:31.419,15.88,3.16,0.67,9.80,1.95,0.41,0,0
2025-03-05 03:47:31.439,15.88,3.16,0.67,9.80,1.95,0.41,0,0
2025-03-05 03:47:31.466,15.88,3.16,0.67,9.80,1.95,0.41,0,0
2025-03-05 03:47:31.484,15.88,3.16,0.67,9.80,1.95,0.41,0,0
2025-03-05 03:47:31.508,15.88,3.16,0.67,9.80,1.95,0.41,0,0
2025-03-05 03:47:31.527,15.88,3.16,0.67,9.80,1.95,0.41,0,0
2025-03-05 03:47:31.544,15.88,3.16,0.67,9.80,1.95,0.41,0,0
2025-03-05 03:47:31.569,15.88,3.16,0.67,9.80,1.95,0.41,0,0
2025-03-05 03:47:31.592,15.88,3.16,0.67,9.80,1.95,0.41,0,0
2025-03-05 03:47:31.609,15.88,3.16,0.67,9.80,1.95,0.41,0,0
2025-03-05 03:47:31.628,15.88,3.16,0.67,9.80,1.95,0.41,0,0
2025-03-05 03:47:31.650,15.88,3.16,0.67,9.80,1.95,0.41,0,0
2025-03-05 03:47:31.668,15.88,3.16,0.67,9.80,1.95,0.41,0,0
2025-03-05 03:47:31.687,15.88,3.16,0.67,9.80,1.95,0.41,0,0
2025-03-05 03:47:31.708,15.88,3.16,0.67,9.80,1.95,0.41,0,0
2025-03-05 03:47:31.729,15.88,3.16,0.67,9.80,1.95,0.41,0,0
2025-03-05 03:47:31.754,15.88,3.16,0.67,9.80,1.95,0.41,0,0
2025-03-05 03:47:31.772,15.88,3.16,0.67,9.80,1.95,0.41,0,0
2025-03-05 03:47:31.793,15.88,3.16,0.67,9.80,1.95,0.41,0,0
2025-03-05 03:47:31.812,15.88,3.16,0.67,9.80,1.95,0.41,0,0
2025-03-05 03:47:31.830,15.88,3.16,0.67,9.80,1.95,0.41,0,0
2025-03-05 03:47:31.852,15.88,3.16,0.67,9.80,1.95,0.41,0,0
2025-03-05 03:47:31.869,15.88,3.16,0.67,9.80,1.95,0.41,0,0
2025-03-05 03:47:31.888,15.88,3.16,0.67,9.80,1.95,0.41,0,0
2025-03-05 03:47:31.906,15.88,3.16,0.67,9.80,1.95,0.41,0,0
2025-03-05 03:47:31.926,15.88,3.16,0.67,9.80,1.95,0.41,0,0
2025-03-05 03:47:31.946,15.88,3.16,0.67,9.80,1.95,0.41,0,0
2025-03-05 03:47:31.965,15.88,3.16,0.67,9.80,1.95,0.41,0,0
2025-03-05 03:47:31.984,15.88,3.16,0.67,9.80,1.95,0.41,0,0
2025-03-05 03:47:32.002,15.88,3.16,0.67,9.80,1.95,0.41,0,0
2025-03-05 03:47:32.021,15.88,3.16,0.67,9.80,1.95,0.41,0,0
2025-03-05 03:47:32.039,15.88,3.16,0.67,9.80,1.95,0.41,0,0
2025-03-05 03:47:32.058,15.88,3.16,0.67,9.80,1.95,0.41,0,0
2025-03-05 03:47:32.076,15.88,3.16,0.67,9.80,1.95,0.41,0,0
2025-03-05 03:47:32.097,15.88,3.16,0.67,9.80,1.95,0.41,0,0
2025-03-05 03:47:32.117,15.88,3.16,0.67,9.80,1.95,0.41,0,0
2025-03-05 03:47:32.135,15.88,3.16,0.67,9.80,1.95,0.41,0,0
2025-03-05 03:47:32.153,15.88,3.16,0.67,9.80,1.95,0.41,0,0
2025-03-05 03:47:32.172,15.88,3.16,0.67,9.80,1.95,0.41,0,0
2025-03-05 03:47:32.190,15.88,3.16,0.67,9.80,1.95,0.41,0,0
2025-03-05 03:47:32.209,15.88,3.16,0.67,9.80,1.95,0.41,0,0
2025-03-05 03:47:32.227,15.88,3.16,0.67,9.80,1.95,0.41,0,0
2025-03-05 03:47:32.245,15.88,3.16,0.67,9.80,1.95,0.41,0,0
2025-03-05 03:47:32.263,15.88,3.16,0.67,9.80,1.95,0.41,0,0
2025-03-05 03:47:32.282,15.88,3.16,0.67,9.80,1.95,0.41,0,0
2025-03-05 03:47:32.300,15.88,3.16,0.67,9.80,1.95,0.41,0,0
2025-03-05 03:47:32.318,15.88,3.16,0.67,9.80,1.95,0.41,0,0
2025-03-05 03:47:32.337,15.88,3.16,0.67,9.80,1.95,0.41,0,0
2025-03-05 03:47:32.355,15.88,3.16,0.67,9.80,1.95,0.41,0,0
2025-03-05 03:47:32.374,15.88,3.16,0.67,9.80,1.95,0.41,0,0
2025-03-05 03:47:32.393,15.88,3.16,0.67,9.80,1.95,0.41,0,0
2025-03-05 03:47:32.412,15.88,3.16,0.67,9.80,1.95,0.41,0,0
2025-03-05 03:47:32.430,15.88,3.16,0.67,9.80,1.95,0.41,0,0
2025-03-05 03:47:32.449,15.88,3.16,0.67,9.80,1.95,0.41,0,0
2025-03-05 03:47:32.467,15.88,3.16,0.67,9.80,1.95,0.41,0,0
2025-03-05 03:47:32.486,15.88,3.16,0.67,9.80,1.95,0.41,0,0
2025-03-05 03:47:32.505,15.88,3.16,0.67,9.80,1.95,0.41,0,0
2025-03-05 03:47:32.524,15.88,3.16,0.67,9.80,1.95,0.41,0,0
2025-03-05 03:47:32.543,15.88,3.16,0.67,9.80,1.95,0.41,0,0
2025-03-05 03:47:32.563,15.88,3.16,0.67,9.80,1.95,0.41,0,0
2025-03-05 03:47:32.581,15.88,3.16,0.67,9.80,1.95,0.41,0,0
2025-03-05 03:47:32.600,15.88,3.16,0.67,9.80,1.95,0.41,0,0
2025-03-05 03:47:32.619,15.88,3.16,0.67,9.80,1.95,0.41,0,0
2025-03-05 03:47:32.637,15.88,3.16,0.67,9.80,1.95,0.41,0,0
2025-03-05 03:47:32.660,15.88,3.16,0.67,9.80,1.95,0.41,0,0
2025-03-05 03:47:32.682,15.88,3.16,0.67,9.80,1.95,0.41,0,0
2025-03-05 03:47:32.701,15.88,3.16,0.67,9.80,1.95,0.41,0,0
2025-03-05 03:47:32.720,15.88,3.16,0.67,9.80,1.95,0.41,0,0
2025-03-05 03:47:32.740,15.88,3.16,0.67,9.80,1.95,0.41,0,0
2025-03-05 03:47:32.764,15.88,3.16,0.67,9.80,1.95,0.41,0,0
2025-03-05 03:47:32.782,15.88,3.16,0.67,9.80,1.95,0.41,0,0
2025-03-05 03:47:32.803,15.88,3.16,0.67,9.80,1.95,0.41,0,0
2025-03-05 03:47:32.823,15.88,3.16,0.67,9.80,1.95,0.41,0,0
2025-03-05 03:47:32.842,15.88,3.16,0.67,9.80,1.95,0.41,0,0
2025-03-05 03:47:32.862,15.88,3.16,0.67,9.80,1.95,0.41,0,0
2025-03-05 03:47:32.881,15.88,3.16,0.67,9.80,1.95,0.41,0,0
