Timestamp,Some (avg10),Some (avg60),Some (avg300),Full (avg10),Full (avg60),Full (avg300),OOM Kills,OOM Failures
2025-03-05 03:41:53.722,0.00,0.00,0.00,0.00,0.00,0.00,0,0
2025-03-05 03:41:53.739,0.00,0.00,0.00,0.00,0.00,0.00,0,0
2025-03-05 03:41:53.764,0.00,0.00,0.00,0.00,0.00,0.00,0,0
2025-03-05 03:41:53.783,0.00,0.00,0.00,0.00,0.00,0.00,0,0
2025-03-05 03:41:53.806,0.00,0.00,0.00,0.00,0.00,0.00,0,0
2025-03-05 03:41:53.827,0.00,0.00,0.00,0.00,0.00,0.00,0,0
2025-03-05 03:41:53.847,0.00,0.00,0.00,0.00,0.00,0.00,0,0
2025-03-05 03:41:53.867,0.00,0.00,0.00,0.00,0.00,0.00,0,0
2025-03-05 03:41:53.886,0.00,0.00,0.00,0.00,0.00,0.00,0,0
2025-03-05 03:41:53.907,0.00,0.00,0.00,0.00,0.00,0.00,0,0
2025-03-05 03:41:53.927,0.00,0.00,0.00,0.00,0.00,0.00,0,0
2025-03-05 03:41:53.949,0.00,0.00,0.00,0.00,0.00,0.00,0,0
2025-03-05 03:41:53.967,0.00,0.00,0.00,0.00,0.00,0.00,0,0
2025-03-05 03:41:53.991,0.00,0.00,0.00,0.00,0.00,0.00,0,0
2025-03-05 03:41:54.009,0.00,0.00,0.00,0.00,0.00,0.00,0,0
2025-03-05 03:41:54.030,0.00,0.00,0.00,0.00,0.00,0.00,0,0
2025-03-05 03:41:54.052,0.00,0.00,0.00,0.00,0.00,0.00,0,0
2025-03-05 03:41:54.071,0.00,0.00,0.00,0.00,0.00,0.00,0,0
2025-03-05 03:41:54.090,0.00,0.00,0.00,0.00,0.00,0.00,0,0
2025-03-05 03:41:54.112,0.00,0.00,0.00,0.00,0.00,0.00,0,0
2025-03-05 03:41:54.130,0.00,0.00,0.00,0.00,0.00,0.00,0,0
2025-03-05 03:41:54.147,0.00,0.00,0.00,0.00,0.00,0.00,0,0
2025-03-05 03:41:54.171,0.00,0.00,0.00,0.00,0.00,0.00,0,0
2025-03-05 03:41:54.187,0.00,0.00,0.00,0.00,0.00,0.00,0,0
2025-03-05 03:41:54.212,0.00,0.00,0.00,0.00,0.00,0.00,0,0
2025-03-05 03:41:54.234,0.00,0.00,0.00,0.00,0.00,0.00,0,0
2025-03-05 03:41:54.253,0.00,0.00,0.00,0.00,0.00,0.00,0,0
2025-03-05 03:41:54.275,0.00,0.00,0.00,0.00,0.00,0.00,0,0
2025-03-05 03:41:54.298,0.00,0.00,0.00,0.00,0.00,0.00,0,0
2025-03-05 03:41:54.314,0.00,0.00,0.00,0.00,0.00,0.00,0,0
2025-03-05 03:41:54.339,0.00,0.00,0.00,0.00,0.00,0.00,0,0
2025-03-05 03:41:54.359,0.00,0.00,0.00,0.00,0.00,0.00,0,0
2025-03-05 03:41:54.374,0.00,0.00,0.00,0.00,0.00,0.00,0,0
2025-03-05 03:41:54.398,0.00,0.00,0.00,0.00,0.00,0.00,0,0
2025-03-05 03:41:54.415,0.00,0.00,0.00,0.00,0.00,0.00,0,0
2025-03-05 03:41:54.440,0.00,0.00,0.00,0.00,0.00,0.00,0,0
2025-03-05 03:41:54.459,0.00,0.00,0.00,0.00,0.00,0.00,0,0
2025-03-05 03:41:54.477,0.00,0.00,0.00,0.00,0.00,0.00,0,0
2025-03-05 03:41:54.503,0.00,0.00,0.00,0.00,0.00,0.00,0,0
2025-03-05 03:41:54.519,0.00,0.00,0.00,0.00,0.00,0.00,0,0
2025-03-05 03:41:54.539,0.00,0.00,0.00,0.00,0.00,0.00,0,0
2025-03-05 03:41:54.561,0.00,0.00,0.00,0.00,0.00,0.00,0,0
2025-03-05 03:41:54.578,0.00,0.00,0.00,0.00,0.00,0.00,0,0
2025-03-05 03:41:54.595,0.00,0.00,0.00,0.00,0.00,0.00,0,0
2025-03-05 03:41:54.617,0.00,0.00,0.00,0.00,0.00,0.00,0,0
2025-03-05 03:41:54.632,0.00,0.00,0.00,0.00,0.00,0.00,0,0
2025-03-05 03:41:54.652,0.00,0.00,0.00,0.00,0.00,0.00,0,0
2025-03-05 03:41:54.674,0.00,0.00,0.00,0.00,0.00,0.00,0,0
2025-03-05 03:41:54.690,0.00,0.00,0.00,0.00,0.00,0.00,0,0
2025-03-05 03:41:54.718,0.00,0.00,0.00,0.00,0.00,0.00,0,0
2025-03-05 03:41:54.737,0.00,0.00,0.00,0.00,0.00,0.00,0,0
2025-03-05 03:41:54.757,0.00,0.00,0.00,0.00,0.00,0.00,0,0
2025-03-05 03:41:54.777,0.00,0.00,0.00,0.00,0.00,0.00,0,0
2025-03-05 03:41:54.797,0.00,0.00,0.00,0.00,0.00,0.00,0,0
2025-03-05 03:41:54.816,0.00,0.00,0.00,0.00,0.00,0.00,0,0
2025-03-05 03:41:54.837,0.00,0.00,0.00,0.00,0.00,0.00,0,0
2025-03-05 03:41:54.859,0.00,0.00,0.00,0.00,0.00,0.00,0,0
2025-03-05 03:41:54.880,0.00,0.00,0.00,0.00,0.00,0.00,0,0
2025-03-05 03:41:54.896,0.00,0.00,0.00,0.00,0.00,0.00,0,0
2025-03-05 03:41:54.916,0.00,0.00,0.00,0.00,0.00,0.00,0,0
2025-03-05 03:41:54.936,0.00,0.00,0.00,0.00,0.00,0.00,0,0
2025-03-05 03:41:54.953,0.00,0.00,0.00,0.00,0.00,0.00,0,0
2025-03-05 03:41:54.972,0.00,0.00,0.00,0.00,0.00,0.00,0,0
2025-03-05 03:41:54.996,0.00,0.00,0.00,0.00,0.00,0.00,0,0
2025-03-05 03:41:55.020,0.00,0.00,0.00,0.00,0.00,0.00,0,0
2025-03-05 03:41:55.039,0.00,0.00,0.00,0.00,0.00,0.00,0,0
2025-03-05 03:41:55.058,0.00,0.00,0.00,0.00,0.00,0.00,0,0
2025-03-05 03:41:55.076,0.00,0.00,0.00,0.00,0.00,0.00,0,0
2025-03-05 03:41:55.094,0.00,0.00,0.00,0.00,0.00,0.00,0,0
2025-03-05 03:41:55.113,0.00,0.00,0.00,0.00,0.00,0.00,0,0
2025-03-05 03:41:55.131,0.00,0.00,0.00,0.00,0.00,0.00,0,0
2025-03-05 03:41:55.150,0.00,0.00,0.00,0.00,0.00,0.00,0,0
2025-03-05 03:41:55.168,0.00,0.00,0.00,0.00,0.00,0.00,0,0
2025-03-05 03:41:55.187,0.00,0.00,0.00,0.00,0.00,0.00,0,0
2025-03-05 03:41:55.204,0.00,0.00,0.00,0.00,0.00,0.00,0,0
2025-03-05 03:41:55.224,0.00,0.00,0.00,0.00,0.00,0.00,0,0
2025-03-05 03:41:55.241,0.00,0.00,0.00,0.00,0.00,0.00,0,0
2025-03-05 03:41:55.261,0.00,0.00,0.00,0.00,0.00,0.00,0,0
2025-03-05 03:41:55.278,0.00,0.00,0.00,0.00,0.00,0.00,0,0
2025-03-05 03:41:55.296,0.00,0.00,0.00,0.00,0.00,0.00,0,0
2025-03-05 03:41:55.315,0.00,0.00,0.00,0.00,0.00,0.00,0,0
2025-03-05 03:41:55.334,0.00,0.00,0.00,0.00,0.00,0.00,0,0
2025-03-05 03:41:55.351,0.00,0.00,0.00,0.00,0.00,0.00,0,0
2025-03-05 03:41:55.371,0.00,0.00,0.00,0.00,0.00,0.00,0,0
2025-03-05 03:41:55.391,0.00,0.00,0.00,0.00,0.00,0.00,0,0
2025-03-05 03:41:55.409,0.00,0.00,0.00,0.00,0.00,0.00,0,0
2025-03-05 03:41:55.428,0.00,0.00,0.00,0.00,0.00,0.00,0,0
2025-03-05 03:41:55.451,0.00,0.00,0.00,0.00,0.00,0.00,0,0
2025-03-05 03:41:55.472,0.00,0.00,0.00,0.00,0.00,0.00,0,0
2025-03-05 03:41:55.494,0.00,0.00,0.00,0.00,0.00,0.00,0,0
2025-03-05 03:41:55.510,0.00,0.00,0.00,0.00,0.00,0.00,0,0
2025-03-05 03:41:55.535,0.00,0.00,0.00,0.00,0.00,0.00,0,0
2025-03-05 03:41:55.552,0.00,0.00,0.00,0.00,0.00,0.00,0,0
2025-03-05 03:41:55.576,0.00,0.00,0.00,0.00,0.00,0.00,0,0
2025-03-05 03:41:55.594,0.00,0.00,0.00,0.00,0.00,0.00,0,0
2025-03-05 03:41:55.611,0.00,0.00,0.00,0.00,0.00,0.00,0,0
2025-03-05 03:41:55.634,0.00,0.00,0.00,0.00,0.00,0.00,0,0
2025-03-05 03:41:55.654,0.00,0.00,0.00,0.00,0.00,0.00,0,0
2025-03-05 03:41:55.675,0.00,0.00,0.00,0.00,0.00,0.00,0,0
2025-03-05 03:41:55.698,0.00,0.00,0.00,0.00,0.00,0.00,0,0
2025-03-05 03:41:55.722,0.00,0.00,0.00,0.00,0.00,0.00,0,0
2025-03-05 03:41:55.740,0.00,0.00,0.00,0.00,0.00,0.00,0,0
2025-03-05 03:41:55.766,0.00,0.00,0.00,0.00,0.00,0.00,0,0
2025-03-05 03:41:55.802,0.00,0.00,0.00,0.00,0.00,0.00,0,0
2025-03-05 03:41:55.824,0.00,0.00,0.00,0.00,0.00,0.00,0,0
2025-03-05 03:41:55.858,0.00,0.00,0.00,0.00,0.00,0.00,0,0
2025-03-05 03:41:55.887,0.00,0.00,0.00,0.00,0.00,0.00,0,0
2025-03-05 03:41:55.908,0.00,0.00,0.00,0.00,0.00,0.00,0,0
2025-03-05 03:41:55.947,0.00,0.00,0.00,0.00,0.00,0.00,0,0
2025-03-05 03:41:55.970,0.00,0.00,0.00,0.00,0.00,0.00,0,0
2025-03-05 03:41:55.986,0.00,0.00,0.00,0.00,0.00,0.00,0,0
2025-03-05 03:41:56.008,0.00,0.00,0.00,0.00,0.00,0.00,0,0
2025-03-05 03:41:56.026,0.00,0.00,0.00,0.00,0.00,0.00,0,0
2025-03-05 03:41:56.049,0.00,0.00,0.00,0.00,0.00,0.00,0,0
2025-03-05 03:41:56.065,0.00,0.00,0.00,0.00,0.00,0.00,0,0
2025-03-05 03:41:56.089,0.00,0.00,0.00,0.00,0.00,0.00,0,0
2025-03-05 03:41:56.105,0.00,0.00,0.00,0.00,0.00,0.00,0,0
2025-03-05 03:41:56.130,0.00,0.00,0.00,0.00,0.00,0.00,0,0
2025-03-05 03:41:56.149,0.00,0.00,0.00,0.00,0.00,0.00,0,0
2025-03-05 03:41:56.164,0.00,0.00,0.00,0.00,0.00,0.00,0,0
2025-03-05 03:41:56.187,0.00,0.00,0.00,0.00,0.00,0.00,0,0
2025-03-05 03:41:56.206,0.00,0.00,0.00,0.00,0.00,0.00,0,0
2025-03-05 03:41:56.230,0.00,0.00,0.00,0.00,0.00,0.00,0,0
2025-03-05 03:41:56.246,0.00,0.00,0.00,0.00,0.00,0.00,0,0
2025-03-05 03:41:56.265,0.00,0.00,0.00,0.00,0.00,0.00,0,0
2025-03-05 03:41:56.288,0.00,0.00,0.00,0.00,0.00,0.00,0,0
2025-03-05 03:41:56.307,0.00,0.00,0.00,0.00,0.00,0.00,0,0
2025-03-05 03:41:56.327,0.00,0.00,0.00,0.00,0.00,0.00,0,0
2025-03-05 03:41:56.346,0.00,0.00,0.00,0.00,0.00,0.00,0,0
2025-03-05 03:41:56.365,0.00,0.00,0.00,0.00,0.00,0.00,0,0
2025-03-05 03:41:56.384,0.00,0.00,0.00,0.00,0.00,0.00,0,0
2025-03-05 03:41:56.404,0.00,0.00,0.00,0.00,0.00,0.00,0,0
2025-03-05 03:41:56.421,0.00,0.00,0.00,0.00,0.00,0.00,0,0
2025-03-05 03:41:56.440,0.00,0.00,0.00,0.00,0.00,0.00,0,0
2025-03-05 03:41:56.465,0.00,0.00,0.00,0.00,0.00,0.00,0,0
2025-03-05 03:41:56.486,0.00,0.00,0.00,0.00,0.00,0.00,0,0
2025-03-05 03:41:56.504,0.00,0.00,0.00,0.00,0.00,0.00,0,0
2025-03-05 03:41:56.523,0.00,0.00,0.00,0.00,0.00,0.00,0,0
2025-03-05 03:41:56.543,0.00,0.00,0.00,0.00,0.00,0.00,0,0
2025-03-05 03:41:56.566,0.00,0.00,0.00,0.00,0.00,0.00,0,0
2025-03-05 03:41:56.583,0.00,0.00,0.00,0.00,0.00,0.00,0,0
2025-03-05 03:41:56.604,2.53,0.45,0.09,1.44,0.26,0.05,0,0
2025-03-05 03:41:56.623,2.53,0.45,0.09,1.44,0.26,0.05,0,0
2025-03-05 03:41:56.642,2.53,0.45,0.09,1.44,0.26,0.05,0,0
2025-03-05 03:41:56.665,2.53,0.45,0.09,1.44,0.26,0.05,0,0
2025-03-05 03:41:56.683,2.53,0.45,0.09,1.44,0.26,0.05,0,0
2025-03-05 03:41:56.705,2.53,0.45,0.09,1.44,0.26,0.05,0,0
2025-03-05 03:41:56.724,2.53,0.45,0.09,1.44,0.26,0.05,0,0
2025-03-05 03:41:56.749,2.53,0.45,0.09,1.44,0.26,0.05,0,0
2025-03-05 03:41:56.768,2.53,0.45,0.09,1.44,0.26,0.05,0,0
2025-03-05 03:41:56.794,2.53,0.45,0.09,1.44,0.26,0.05,0,0
2025-03-05 03:41:56.813,2.53,0.45,0.09,1.44,0.26,0.05,0,0
2025-03-05 03:41:56.837,2.53,0.45,0.09,1.44,0.26,0.05,0,0
2025-03-05 03:41:56.858,2.53,0.45,0.09,1.44,0.26,0.05,0,0
2025-03-05 03:41:56.875,2.53,0.45,0.09,1.44,0.26,0.05,0,0
2025-03-05 03:41:56.899,2.53,0.45,0.09,1.44,0.26,0.05,0,0
2025-03-05 03:41:56.919,2.53,0.45,0.09,1.44,0.26,0.05,0,0
2025-03-05 03:41:56.941,2.53,0.45,0.09,1.44,0.26,0.05,0,0
2025-03-05 03:41:56.957,2.53,0.45,0.09,1.44,0.26,0.05,0,0
2025-03-05 03:41:56.981,2.53,0.45,0.09,1.44,0.26,0.05,0,0
2025-03-05 03:41:57.000,2.53,0.45,0.09,1.44,0.26,0.05,0,0
2025-03-05 03:41:57.019,2.53,0.45,0.09,1.44,0.26,0.05,0,0
2025-03-05 03:41:57.043,2.53,0.45,0.09,1.44,0.26,0.05,0,0
2025-03-05 03:41:57.065,2.53,0.45,0.09,1.44,0.26,0.05,0,0
2025-03-05 03:41:57.081,2.53,0.45,0.09,1.44,0.26,0.05,0,0
2025-03-05 03:41:57.098,2.53,0.45,0.09,1.44,0.26,0.05,0,0
2025-03-05 03:41:57.121,2.53,0.45,0.09,1.44,0.26,0.05,0,0
2025-03-05 03:41:57.139,2.53,0.45,0.09,1.44,0.26,0.05,0,0
2025-03-05 03:41:57.157,2.53,0.45,0.09,1.44,0.26,0.05,0,0
2025-03-05 03:41:57.181,2.53,0.45,0.09,1.44,0.26,0.05,0,0
2025-03-05 03:41:57.199,2.53,0.45,0.09,1.44,0.26,0.05,0,0
2025-03-05 03:41:57.219,2.53,0.45,0.09,1.44,0.26,0.05,0,0
2025-03-05 03:41:57.236,2.53,0.45,0.09,1.44,0.26,0.05,0,0
2025-03-05 03:41:57.258,2.53,0.45,0.09,1.44,0.26,0.05,0,0
2025-03-05 03:41:57.281,2.53,0.45,0.09,1.44,0.26,0.05,0,0
2025-03-05 03:41:57.305,2.53,0.45,0.09,1.44,0.26,0.05,0,0
2025-03-05 03:41:57.324,2.53,0.45,0.09,1.44,0.26,0.05,0,0
2025-03-05 03:41:57.347,2.53,0.45,0.09,1.44,0.26,0.05,0,0
2025-03-05 03:41:57.362,2.53,0.45,0.09,1.44,0.26,0.05,0,0
2025-03-05 03:41:57.384,2.53,0.45,0.09,1.44,0.26,0.05,0,0
2025-03-05 03:41:57.403,2.53,0.45,0.09,1.44,0.26,0.05,0,0
2025-03-05 03:41:57.425,2.53,0.45,0.09,1.44,0.26,0.05,0,0
2025-03-05 03:41:57.449,2.53,0.45,0.09,1.44,0.26,0.05,0,0
2025-03-05 03:41:57.476,2.53,0.45,0.09,1.44,0.26,0.05,0,0
2025-03-05 03:41:57.499,2.53,0.45,0.09,1.44,0.26,0.05,0,0
2025-03-05 03:41:57.524,2.53,0.45,0.09,1.44,0.26,0.05,0,0
2025-03-05 03:41:57.542,2.53,0.45,0.09,1.44,0.26,0.05,0,0
2025-03-05 03:41:57.561,2.53,0.45,0.09,1.44,0.26,0.05,0,0
2025-03-05 03:41:57.585,2.53,0.45,0.09,1.44,0.26,0.05,0,0
2025-03-05 03:41:57.603,2.53,0.45,0.09,1.44,0.26,0.05,0,0
2025-03-05 03:41:57.625,2.53,0.45,0.09,1.44,0.26,0.05,0,0
2025-03-05 03:41:57.642,2.53,0.45,0.09,1.44,0.26,0.05,0,0
2025-03-05 03:41:57.666,2.53,0.45,0.09,1.44,0.26,0.05,0,0
2025-03-05 03:41:57.684,2.53,0.45,0.09,1.44,0.26,0.05,0,0
2025-03-05 03:41:57.707,2.53,0.45,0.09,1.44,0.26,0.05,0,0
2025-03-05 03:41:57.726,2.53,0.45,0.09,1.44,0.26,0.05,0,0
2025-03-05 03:41:57.747,2.53,0.45,0.09,1.44,0.26,0.05,0,0
2025-03-05 03:41:57.768,2.53,0.45,0.09,1.44,0.26,0.05,0,0
2025-03-05 03:41:57.788,2.53,0.45,0.09,1.44,0.26,0.05,0,0
2025-03-05 03:41:57.806,2.53,0.45,0.09,1.44,0.26,0.05,0,0
2025-03-05 03:41:57.830,2.53,0.45,0.09,1.44,0.26,0.05,0,0
2025-03-05 03:41:57.851,2.53,0.45,0.09,1.44,0.26,0.05,0,0
2025-03-05 03:41:57.874,2.53,0.45,0.09,1.44,0.26,0.05,0,0
2025-03-05 03:41:57.894,2.53,0.45,0.09,1.44,0.26,0.05,0,0
2025-03-05 03:41:57.913,2.53,0.45,0.09,1.44,0.26,0.05,0,0
2025-03-05 03:41:57.932,2.53,0.45,0.09,1.44,0.26,0.05,0,0
2025-03-05 03:41:57.955,2.53,0.45,0.09,1.44,0.26,0.05,0,0
2025-03-05 03:41:57.975,2.53,0.45,0.09,1.44,0.26,0.05,0,0
2025-03-05 03:41:57.998,2.53,0.45,0.09,1.44,0.26,0.05,0,0
2025-03-05 03:41:58.020,2.53,0.45,0.09,1.44,0.26,0.05,0,0
2025-03-05 03:41:58.038,2.53,0.45,0.09,1.44,0.26,0.05,0,0
2025-03-05 03:41:58.063,2.53,0.45,0.09,1.44,0.26,0.05,0,0
2025-03-05 03:41:58.078,2.53,0.45,0.09,1.44,0.26,0.05,0,0
2025-03-05 03:41:58.096,2.53,0.45,0.09,1.44,0.26,0.05,0,0
2025-03-05 03:41:58.116,2.53,0.45,0.09,1.44,0.26,0.05,0,0
2025-03-05 03:41:58.135,2.53,0.45,0.09,1.44,0.26,0.05,0,0
2025-03-05 03:41:58.157,2.53,0.45,0.09,1.44,0.26,0.05,0,0
2025-03-05 03:41:58.175,2.53,0.45,0.09,1.44,0.26,0.05,0,0
2025-03-05 03:41:58.197,2.53,0.45,0.09,1.44,0.26,0.05,0,0
2025-03-05 03:41:58.219,2.53,0.45,0.09,1.44,0.26,0.05,0,0
2025-03-05 03:41:58.238,2.53,0.45,0.09,1.44,0.26,0.05,0,0
2025-03-05 03:41:58.256,2.53,0.45,0.09,1.44,0.26,0.05,0,0
2025-03-05 03:41:58.275,2.53,0.45,0.09,1.44,0.26,0.05,0,0
2025-03-05 03:41:58.295,2.53,0.45,0.09,1.44,0.26,0.05,0,0
2025-03-05 03:41:58.318,2.53,0.45,0.09,1.44,0.26,0.05,0,0
2025-03-05 03:41:58.333,2.53,0.45,0.09,1.44,0.26,0.05,0,0
2025-03-05 03:41:58.354,2.53,0.45,0.09,1.44,0.26,0.05,0,0
2025-03-05 03:41:58.372,2.53,0.45,0.09,1.44,0.26,0.05,0,0
2025-03-05 03:41:58.390,2.53,0.45,0.09,1.44,0.26,0.05,0,0
2025-03-05 03:41:58.411,2.53,0.45,0.09,1.44,0.26,0.05,0,0
2025-03-05 03:41:58.429,2.53,0.45,0.09,1.44,0.26,0.05,0,0
2025-03-05 03:41:58.453,2.53,0.45,0.09,1.44,0.26,0.05,0,0
2025-03-05 03:41:58.470,2.53,0.45,0.09,1.44,0.26,0.05,0,0
2025-03-05 03:41:58.494,2.53,0.45,0.09,1.44,0.26,0.05,0,0
2025-03-05 03:41:58.511,2.53,0.45,0.09,1.44,0.26,0.05,0,0
2025-03-05 03:41:58.530,2.53,0.45,0.09,1.44,0.26,0.05,0,0
2025-03-05 03:41:58.550,2.53,0.45,0.09,1.44,0.26,0.05,0,0
2025-03-05 03:41:58.569,2.53,0.45,0.09,1.44,0.26,0.05,0,0
2025-03-05 03:41:58.587,2.53,0.45,0.09,1.44,0.26,0.05,0,0
2025-03-05 03:41:58.610,5.33,1.03,0.21,3.36,0.64,0.13,0,0
2025-03-05 03:41:58.628,5.33,1.03,0.21,3.36,0.64,0.13,0,0
2025-03-05 03:41:58.650,5.33,1.03,0.21,3.36,0.64,0.13,0,0
2025-03-05 03:41:58.671,5.33,1.03,0.21,3.36,0.64,0.13,0,0
2025-03-05 03:41:58.689,5.33,1.03,0.21,3.36,0.64,0.13,0,0
2025-03-05 03:41:58.709,5.33,1.03,0.21,3.36,0.64,0.13,0,0
2025-03-05 03:41:58.730,5.33,1.03,0.21,3.36,0.64,0.13,0,0
2025-03-05 03:41:58.752,5.33,1.03,0.21,3.36,0.64,0.13,0,0
2025-03-05 03:41:58.773,5.33,1.03,0.21,3.36,0.64,0.13,0,0
2025-03-05 03:41:58.794,5.33,1.03,0.21,3.36,0.64,0.13,0,0
2025-03-05 03:41:58.816,5.33,1.03,0.21,3.36,0.64,0.13,0,0
2025-03-05 03:41:58.834,5.33,1.03,0.21,3.36,0.64,0.13,0,0
2025-03-05 03:41:58.855,5.33,1.03,0.21,3.36,0.64,0.13,0,0
2025-03-05 03:41:58.875,5.33,1.03,0.21,3.36,0.64,0.13,0,0
2025-03-05 03:41:58.899,5.33,1.03,0.21,3.36,0.64,0.13,0,0
2025-03-05 03:41:58.922,5.33,1.03,0.21,3.36,0.64,0.13,0,0
2025-03-05 03:41:58.944,5.33,1.03,0.21,3.36,0.64,0.13,0,0
2025-03-05 03:41:58.962,5.33,1.03,0.21,3.36,0.64,0.13,0,0
2025-03-05 03:41:58.984,5.33,1.03,0.21,3.36,0.64,0.13,0,0
2025-03-05 03:41:59.002,5.33,1.03,0.21,3.36,0.64,0.13,0,0
2025-03-05 03:41:59.023,5.33,1.03,0.21,3.36,0.64,0.13,0,0
2025-03-05 03:41:59.419,5.33,1.03,0.21,3.36,0.64,0.13,0,0
2025-03-05 03:41:59.437,5.33,1.03,0.21,3.36,0.64,0.13,0,0
2025-03-05 03:41:59.457,5.33,1.03,0.21,3.36,0.64,0.13,0,0
2025-03-05 03:41:59.477,5.33,1.03,0.21,3.36,0.64,0.13,0,0
2025-03-05 03:41:59.498,5.33,1.03,0.21,3.36,0.64,0.13,0,0
2025-03-05 03:41:59.521,5.33,1.03,0.21,3.36,0.64,0.13,0,0
2025-03-05 03:41:59.540,5.33,1.03,0.21,3.36,0.64,0.13,0,0
2025-03-05 03:41:59.559,5.33,1.03,0.21,3.36,0.64,0.13,0,0
2025-03-05 03:41:59.580,5.33,1.03,0.21,3.36,0.64,0.13,0,0
2025-03-05 03:41:59.601,5.33,1.03,0.21,3.36,0.64,0.13,0,0
2025-03-05 03:41:59.620,5.33,1.03,0.21,3.36,0.64,0.13,0,0
2025-03-05 03:41:59.639,5.33,1.03,0.21,3.36,0.64,0.13,0,0
2025-03-05 03:41:59.657,5.33,1.03,0.21,3.36,0.64,0.13,0,0
2025-03-05 03:41:59.677,5.33,1.03,0.21,3.36,0.64,0.13,0,0
2025-03-05 03:41:59.694,5.33,1.03,0.21,3.36,0.64,0.13,0,0
2025-03-05 03:41:59.718,5.33,1.03,0.21,3.36,0.64,0.13,0,0
2025-03-05 03:41:59.735,5.33,1.03,0.21,3.36,0.64,0.13,0,0
2025-03-05 03:41:59.764,5.33,1.03,0.21,3.36,0.64,0.13,0,0
2025-03-05 03:41:59.781,5.33,1.03,0.21,3.36,0.64,0.13,0,0
2025-03-05 03:41:59.798,5.33,1.03,0.21,3.36,0.64,0.13,0,0
2025-03-05 03:41:59.822,5.33,1.03,0.21,3.36,0.64,0.13,0,0
2025-03-05 03:41:59.839,5.33,1.03,0.21,3.36,0.64,0.13,0,0
2025-03-05 03:41:59.856,5.33,1.03,0.21,3.36,0.64,0.13,0,0
2025-03-05 03:41:59.879,5.33,1.03,0.21,3.36,0.64,0.13,0,0
2025-03-05 03:41:59.897,5.33,1.03,0.21,3.36,0.64,0.13,0,0
2025-03-05 03:41:59.914,5.33,1.03,0.21,3.36,0.64,0.13,0,0
2025-03-05 03:41:59.935,5.33,1.03,0.21,3.36,0.64,0.13,0,0
2025-03-05 03:41:59.959,5.33,1.03,0.21,3.36,0.64,0.13,0,0
2025-03-05 03:41:59.977,5.33,1.03,0.21,3.36,0.64,0.13,0,0
2025-03-05 03:41:59.997,5.33,1.03,0.21,3.36,0.64,0.13,0,0
2025-03-05 03:42:00.018,5.33,1.03,0.21,3.36,0.64,0.13,0,0
2025-03-05 03:42:00.041,5.33,1.03,0.21,3.36,0.64,0.13,0,0
2025-03-05 03:42:00.058,5.33,1.03,0.21,3.36,0.64,0.13,0,0
2025-03-05 03:42:00.077,5.33,1.03,0.21,3.36,0.64,0.13,0,0
2025-03-05 03:42:00.099,5.33,1.03,0.21,3.36,0.64,0.13,0,0
2025-03-05 03:42:00.119,5.33,1.03,0.21,3.36,0.64,0.13,0,0
2025-03-05 03:42:00.142,5.33,1.03,0.21,3.36,0.64,0.13,0,0
2025-03-05 03:42:00.160,5.33,1.03,0.21,3.36,0.64,0.13,0,0
2025-03-05 03:42:00.185,5.33,1.03,0.21,3.36,0.64,0.13,0,0
2025-03-05 03:42:00.204,5.33,1.03,0.21,3.36,0.64,0.13,0,0
2025-03-05 03:42:00.221,5.33,1.03,0.21,3.36,0.64,0.13,0,0
2025-03-05 03:42:00.244,5.33,1.03,0.21,3.36,0.64,0.13,0,0
2025-03-05 03:42:00.267,5.33,1.03,0.21,3.36,0.64,0.13,0,0
2025-03-05 03:42:00.286,5.33,1.03,0.21,3.36,0.64,0.13,0,0
2025-03-05 03:42:00.305,5.33,1.03,0.21,3.36,0.64,0.13,0,0
2025-03-05 03:42:00.331,5.33,1.03,0.21,3.36,0.64,0.13,0,0
2025-03-05 03:42:00.350,5.33,1.03,0.21,3.36,0.64,0.13,0,0
2025-03-05 03:42:00.373,5.33,1.03,0.21,3.36,0.64,0.13,0,0
2025-03-05 03:42:00.393,5.33,1.03,0.21,3.36,0.64,0.13,0,0
2025-03-05 03:42:00.418,5.33,1.03,0.21,3.36,0.64,0.13,0,0
2025-03-05 03:42:00.436,5.33,1.03,0.21,3.36,0.64,0.13,0,0
2025-03-05 03:42:00.456,5.33,1.03,0.21,3.36,0.64,0.13,0,0
2025-03-05 03:42:00.476,5.33,1.03,0.21,3.36,0.64,0.13,0,0
2025-03-05 03:42:00.494,5.33,1.03,0.21,3.36,0.64,0.13,0,0
2025-03-05 03:42:00.518,5.33,1.03,0.21,3.36,0.64,0.13,0,0
2025-03-05 03:42:00.538,5.33,1.03,0.21,3.36,0.64,0.13,0,0
2025-03-05 03:42:00.563,5.33,1.03,0.21,3.36,0.64,0.13,0,0
2025-03-05 03:42:00.579,5.33,1.03,0.21,3.36,0.64,0.13,0,0
2025-03-05 03:42:00.608,5.33,1.03,0.21,3.36,0.64,0.13,0,0
2025-03-05 03:42:00.624,12.88,2.53,0.53,8.54,1.67,0.35,0,0
2025-03-05 03:42:00.649,12.88,2.53,0.53,8.54,1.67,0.35,0,0
2025-03-05 03:42:00.668,12.88,2.53,0.53,8.54,1.67,0.35,0,0
2025-03-05 03:42:00.688,12.88,2.53,0.53,8.54,1.67,0.35,0,0
2025-03-05 03:42:00.705,12.88,2.53,0.53,8.54,1.67,0.35,0,0
2025-03-05 03:42:00.723,12.88,2.53,0.53,8.54,1.67,0.35,0,0
2025-03-05 03:42:00.740,12.88,2.53,0.53,8.54,1.67,0.35,0,0
2025-03-05 03:42:00.763,12.88,2.53,0.53,8.54,1.67,0.35,0,0
2025-03-05 03:42:00.782,12.88,2.53,0.53,8.54,1.67,0.35,0,0
2025-03-05 03:42:00.799,12.88,2.53,0.53,8.54,1.67,0.35,0,0
2025-03-05 03:42:00.819,12.88,2.53,0.53,8.54,1.67,0.35,0,0
2025-03-05 03:42:00.836,12.88,2.53,0.53,8.54,1.67,0.35,0,0
2025-03-05 03:42:00.855,12.88,2.53,0.53,8.54,1.67,0.35,0,0
2025-03-05 03:42:00.873,12.88,2.53,0.53,8.54,1.67,0.35,0,0
2025-03-05 03:42:00.891,12.88,2.53,0.53,8.54,1.67,0.35,0,0
2025-03-05 03:42:00.910,12.88,2.53,0.53,8.54,1.67,0.35,0,0
2025-03-05 03:42:00.928,12.88,2.53,0.53,8.54,1.67,0.35,0,0
2025-03-05 03:42:00.946,12.88,2.53,0.53,8.54,1.67,0.35,0,0
2025-03-05 03:42:00.964,12.88,2.53,0.53,8.54,1.67,0.35,0,0
2025-03-05 03:42:00.985,12.88,2.53,0.53,8.54,1.67,0.35,0,0
2025-03-05 03:42:01.006,12.88,2.53,0.53,8.54,1.67,0.35,0,0
2025-03-05 03:42:01.024,12.88,2.53,0.53,8.54,1.67,0.35,0,0
2025-03-05 03:42:01.043,12.88,2.53,0.53,8.54,1.67,0.35,0,0
2025-03-05 03:42:01.061,12.88,2.53,0.53,8.54,1.67,0.35,0,0
2025-03-05 03:42:01.079,12.88,2.53,0.53,8.54,1.67,0.35,0,0
2025-03-05 03:42:01.097,12.88,2.53,0.53,8.54,1.67,0.35,0,0
2025-03-05 03:42:01.116,12.88,2.53,0.53,8.54,1.67,0.35,0,0
2025-03-05 03:42:01.134,12.88,2.53,0.53,8.54,1.67,0.35,0,0
2025-03-05 03:42:01.153,12.88,2.53,0.53,8.54,1.67,0.35,0,0
2025-03-05 03:42:01.171,12.88,2.53,0.53,8.54,1.67,0.35,0,0
2025-03-05 03:42:01.190,12.88,2.53,0.53,8.54,1.67,0.35,0,0
2025-03-05 03:42:01.207,12.88,2.53,0.53,8.54,1.67,0.35,0,0
2025-03-05 03:42:01.226,12.88,2.53,0.53,8.54,1.67,0.35,0,0
2025-03-05 03:42:01.250,12.88,2.53,0.53,8.54,1.67,0.35,0,0
2025-03-05 03:42:01.272,12.88,2.53,0.53,8.54,1.67,0.35,0,0
2025-03-05 03:42:01.291,12.88,2.53,0.53,8.54,1.67,0.35,0,0
2025-03-05 03:42:01.313,12.88,2.53,0.53,8.54,1.67,0.35,0,0
2025-03-05 03:42:01.333,12.88,2.53,0.53,8.54,1.67,0.35,0,0
2025-03-05 03:42:01.351,12.88,2.53,0.53,8.54,1.67,0.35,0,0
2025-03-05 03:42:01.370,12.88,2.53,0.53,8.54,1.67,0.35,0,0
2025-03-05 03:42:01.389,12.88,2.53,0.53,8.54,1.67,0.35,0,0
2025-03-05 03:42:01.406,12.88,2.53,0.53,8.54,1.67,0.35,0,0
2025-03-05 03:42:01.424,12.88,2.53,0.53,8.54,1.67,0.35,0,0
2025-03-05 03:42:01.444,12.88,2.53,0.53,8.54,1.67,0.35,0,0
2025-03-05 03:42:01.466,12.88,2.53,0.53,8.54,1.67,0.35,0,0
2025-03-05 03:42:01.485,12.88,2.53,0.53,8.54,1.67,0.35,0,0
2025-03-05 03:42:01.510,12.88,2.53,0.53,8.54,1.67,0.35,0,0
2025-03-05 03:42:01.532,12.88,2.53,0.53,8.54,1.67,0.35,0,0
2025-03-05 03:42:01.551,12.88,2.53,0.53,8.54,1.67,0.35,0,0
2025-03-05 03:42:01.569,12.88,2.53,0.53,8.54,1.67,0.35,0,0
2025-03-05 03:42:01.587,12.88,2.53,0.53,8.54,1.67,0.35,0,0
2025-03-05 03:42:01.605,12.88,2.53,0.53,8.54,1.67,0.35,0,0
2025-03-05 03:42:01.620,12.88,2.53,0.53,8.54,1.67,0.35,0,0
2025-03-05 03:42:01.640,12.88,2.53,0.53,8.54,1.67,0.35,0,0
2025-03-05 03:42:01.660,12.88,2.53,0.53,8.54,1.67,0.35,0,0
2025-03-05 03:42:01.678,12.88,2.53,0.53,8.54,1.67,0.35,0,0
2025-03-05 03:42:01.700,12.88,2.53,0.53,8.54,1.67,0.35,0,0
2025-03-05 03:42:01.721,12.88,2.53,0.53,8.54,1.67,0.35,0,0
