Timestamp,Some (avg10),Some (avg60),Some (avg300),Full (avg10),Full (avg60),Full (avg300),OOM Kills,OOM Failures
2025-03-05 03:42:05.503,0.00,0.00,0.00,0.00,0.00,0.00,0,0
2025-03-05 03:42:05.524,0.00,0.00,0.00,0.00,0.00,0.00,0,0
2025-03-05 03:42:05.545,0.00,0.00,0.00,0.00,0.00,0.00,0,0
2025-03-05 03:42:05.569,0.00,0.00,0.00,0.00,0.00,0.00,0,0
2025-03-05 03:42:05.588,0.00,0.00,0.00,0.00,0.00,0.00,0,0
2025-03-05 03:42:05.608,0.00,0.00,0.00,0.00,0.00,0.00,0,0
2025-03-05 03:42:05.628,0.00,0.00,0.00,0.00,0.00,0.00,0,0
2025-03-05 03:42:05.648,0.00,0.00,0.00,0.00,0.00,0.00,0,0
2025-03-05 03:42:05.669,0.00,0.00,0.00,0.00,0.00,0.00,0,0
2025-03-05 03:42:05.694,0.00,0.00,0.00,0.00,0.00,0.00,0,0
2025-03-05 03:42:05.714,0.00,0.00,0.00,0.00,0.00,0.00,0,0
2025-03-05 03:42:05.737,0.00,0.00,0.00,0.00,0.00,0.00,0,0
2025-03-05 03:42:05.761,0.00,0.00,0.00,0.00,0.00,0.00,0,0
2025-03-05 03:42:05.776,0.00,0.00,0.00,0.00,0.00,0.00,0,0
2025-03-05 03:42:05.797,0.00,0.00,0.00,0.00,0.00,0.00,0,0
2025-03-05 03:42:05.820,0.00,0.00,0.00,0.00,0.00,0.00,0,0
2025-03-05 03:42:05.837,0.00,0.00,0.00,0.00,0.00,0.00,0,0
2025-03-05 03:42:05.860,0.00,0.00,0.00,0.00,0.00,0.00,0,0
2025-03-05 03:42:05.881,0.00,0.00,0.00,0.00,0.00,0.00,0,0
2025-03-05 03:42:05.899,0.00,0.00,0.00,0.00,0.00,0.00,0,0
2025-03-05 03:42:05.920,0.00,0.00,0.00,0.00,0.00,0.00,0,0
2025-03-05 03:42:05.940,0.00,0.00,0.00,0.00,0.00,0.00,0,0
2025-03-05 03:42:05.963,0.00,0.00,0.00,0.00,0.00,0.00,0,0
2025-03-05 03:42:05.981,0.00,0.00,0.00,0.00,0.00,0.00,0,0
2025-03-05 03:42:06.004,0.00,0.00,0.00,0.00,0.00,0.00,0,0
2025-03-05 03:42:06.025,0.00,0.00,0.00,0.00,0.00,0.00,0,0
2025-03-05 03:42:06.043,0.00,0.00,0.00,0.00,0.00,0.00,0,0
2025-03-05 03:42:06.059,0.00,0.00,0.00,0.00,0.00,0.00,0,0
2025-03-05 03:42:06.079,0.00,0.00,0.00,0.00,0.00,0.00,0,0
2025-03-05 03:42:06.098,0.00,0.00,0.00,0.00,0.00,0.00,0,0
2025-03-05 03:42:06.121,0.00,0.00,0.00,0.00,0.00,0.00,0,0
2025-03-05 03:42:06.140,0.00,0.00,0.00,0.00,0.00,0.00,0,0
2025-03-05 03:42:06.162,0.00,0.00,0.00,0.00,0.00,0.00,0,0
2025-03-05 03:42:06.181,0.00,0.00,0.00,0.00,0.00,0.00,0,0
2025-03-05 03:42:06.199,0.00,0.00,0.00,0.00,0.00,0.00,0,0
2025-03-05 03:42:06.223,0.00,0.00,0.00,0.00,0.00,0.00,0,0
2025-03-05 03:42:06.249,0.00,0.00,0.00,0.00,0.00,0.00,0,0
2025-03-05 03:42:06.268,0.00,0.00,0.00,0.00,0.00,0.00,0,0
2025-03-05 03:42:06.286,0.00,0.00,0.00,0.00,0.00,0.00,0,0
2025-03-05 03:42:06.310,0.00,0.00,0.00,0.00,0.00,0.00,0,0
2025-03-05 03:42:06.328,0.00,0.00,0.00,0.00,0.00,0.00,0,0
2025-03-05 03:42:06.350,0.00,0.00,0.00,0.00,0.00,0.00,0,0
2025-03-05 03:42:06.368,0.00,0.00,0.00,0.00,0.00,0.00,0,0
2025-03-05 03:42:06.391,0.00,0.00,0.00,0.00,0.00,0.00,0,0
2025-03-05 03:42:06.409,0.00,0.00,0.00,0.00,0.00,0.00,0,0
2025-03-05 03:42:06.434,0.00,0.00,0.00,0.00,0.00,0.00,0,0
2025-03-05 03:42:06.455,0.00,0.00,0.00,0.00,0.00,0.00,0,0
2025-03-05 03:42:06.471,0.00,0.00,0.00,0.00,0.00,0.00,0,0
2025-03-05 03:42:06.497,0.00,0.00,0.00,0.00,0.00,0.00,0,0
2025-03-05 03:42:06.518,0.00,0.00,0.00,0.00,0.00,0.00,0,0
2025-03-05 03:42:06.536,0.00,0.00,0.00,0.00,0.00,0.00,0,0
2025-03-05 03:42:06.559,0.00,0.00,0.00,0.00,0.00,0.00,0,0
2025-03-05 03:42:06.579,0.00,0.00,0.00,0.00,0.00,0.00,0,0
2025-03-05 03:42:06.596,0.00,0.00,0.00,0.00,0.00,0.00,0,0
2025-03-05 03:42:06.620,0.00,0.00,0.00,0.00,0.00,0.00,0,0
2025-03-05 03:42:06.639,0.00,0.00,0.00,0.00,0.00,0.00,0,0
2025-03-05 03:42:06.659,0.00,0.00,0.00,0.00,0.00,0.00,0,0
2025-03-05 03:42:06.679,0.00,0.00,0.00,0.00,0.00,0.00,0,0
2025-03-05 03:42:06.698,0.00,0.00,0.00,0.00,0.00,0.00,0,0
2025-03-05 03:42:06.716,0.00,0.00,0.00,0.00,0.00,0.00,0,0
2025-03-05 03:42:06.735,0.00,0.00,0.00,0.00,0.00,0.00,0,0
2025-03-05 03:42:06.756,0.00,0.00,0.00,0.00,0.00,0.00,0,0
2025-03-05 03:42:06.776,0.00,0.00,0.00,0.00,0.00,0.00,0,0
2025-03-05 03:42:06.794,0.00,0.00,0.00,0.00,0.00,0.00,0,0
2025-03-05 03:42:06.813,0.00,0.00,0.00,0.00,0.00,0.00,0,0
2025-03-05 03:42:06.831,0.00,0.00,0.00,0.00,0.00,0.00,0,0
2025-03-05 03:42:06.850,0.00,0.00,0.00,0.00,0.00,0.00,0,0
2025-03-05 03:42:06.868,0.00,0.00,0.00,0.00,0.00,0.00,0,0
2025-03-05 03:42:06.887,0.00,0.00,0.00,0.00,0.00,0.00,0,0
2025-03-05 03:42:06.905,0.00,0.00,0.00,0.00,0.00,0.00,0,0
2025-03-05 03:42:06.924,0.00,0.00,0.00,0.00,0.00,0.00,0,0
2025-03-05 03:42:06.942,0.00,0.00,0.00,0.00,0.00,0.00,0,0
2025-03-05 03:42:06.962,0.00,0.00,0.00,0.00,0.00,0.00,0,0
2025-03-05 03:42:06.980,0.00,0.00,0.00,0.00,0.00,0.00,0,0
2025-03-05 03:42:06.998,0.00,0.00,0.00,0.00,0.00,0.00,0,0
2025-03-05 03:42:07.017,0.00,0.00,0.00,0.00,0.00,0.00,0,0
2025-03-05 03:42:07.034,0.00,0.00,0.00,0.00,0.00,0.00,0,0
2025-03-05 03:42:07.052,0.00,0.00,0.00,0.00,0.00,0.00,0,0
2025-03-05 03:42:07.070,0.00,0.00,0.00,0.00,0.00,0.00,0,0
2025-03-05 03:42:07.089,0.00,0.00,0.00,0.00,0.00,0.00,0,0
2025-03-05 03:42:07.108,0.00,0.00,0.00,0.00,0.00,0.00,0,0
2025-03-05 03:42:07.126,0.00,0.00,0.00,0.00,0.00,0.00,0,0
2025-03-05 03:42:07.146,0.00,0.00,0.00,0.00,0.00,0.00,0,0
2025-03-05 03:42:07.165,0.00,0.00,0.00,0.00,0.00,0.00,0,0
2025-03-05 03:42:07.184,0.00,0.00,0.00,0.00,0.00,0.00,0,0
2025-03-05 03:42:07.203,0.00,0.00,0.00,0.00,0.00,0.00,0,0
2025-03-05 03:42:07.226,0.00,0.00,0.00,0.00,0.00,0.00,0,0
2025-03-05 03:42:07.243,0.00,0.00,0.00,0.00,0.00,0.00,0,0
2025-03-05 03:42:07.267,0.00,0.00,0.00,0.00,0.00,0.00,0,0
2025-03-05 03:42:07.292,0.00,0.00,0.00,0.00,0.00,0.00,0,0
2025-03-05 03:42:07.311,0.00,0.00,0.00,0.00,0.00,0.00,0,0
2025-03-05 03:42:07.334,0.00,0.00,0.00,0.00,0.00,0.00,0,0
2025-03-05 03:42:07.353,0.00,0.00,0.00,0.00,0.00,0.00,0,0
2025-03-05 03:42:07.374,0.00,0.00,0.00,0.00,0.00,0.00,0,0
2025-03-05 03:42:07.392,0.00,0.00,0.00,0.00,0.00,0.00,0,0
2025-03-05 03:42:07.415,0.00,0.00,0.00,0.00,0.00,0.00,0,0
2025-03-05 03:42:07.440,0.00,0.00,0.00,0.00,0.00,0.00,0,0
2025-03-05 03:42:07.460,0.00,0.00,0.00,0.00,0.00,0.00,0,0
2025-03-05 03:42:07.479,0.00,0.00,0.00,0.00,0.00,0.00,0,0
2025-03-05 03:42:07.525,0.00,0.00,0.00,0.00,0.00,0.00,0,0
2025-03-05 03:42:07.548,0.00,0.00,0.00,0.00,0.00,0.00,0,0
2025-03-05 03:42:07.582,0.00,0.00,0.00,0.00,0.00,0.00,0,0
2025-03-05 03:42:07.598,0.00,0.00,0.00,0.00,0.00,0.00,0,0
2025-03-05 03:42:07.635,0.00,0.00,0.00,0.00,0.00,0.00,0,0
2025-03-05 03:42:07.658,0.00,0.00,0.00,0.00,0.00,0.00,0,0
2025-03-05 03:42:07.680,0.00,0.00,0.00,0.00,0.00,0.00,0,0
2025-03-05 03:42:07.709,0.00,0.00,0.00,0.00,0.00,0.00,0,0
2025-03-05 03:42:07.726,0.00,0.00,0.00,0.00,0.00,0.00,0,0
2025-03-05 03:42:07.747,0.00,0.00,0.00,0.00,0.00,0.00,0,0
2025-03-05 03:42:07.768,0.00,0.00,0.00,0.00,0.00,0.00,0,0
2025-03-05 03:42:07.791,0.00,0.00,0.00,0.00,0.00,0.00,0,0
2025-03-05 03:42:07.807,0.00,0.00,0.00,0.00,0.00,0.00,0,0
2025-03-05 03:42:07.830,0.00,0.00,0.00,0.00,0.00,0.00,0,0
2025-03-05 03:42:07.845,0.00,0.00,0.00,0.00,0.00,0.00,0,0
2025-03-05 03:42:07.869,0.00,0.00,0.00,0.00,0.00,0.00,0,0
2025-03-05 03:42:07.885,0.00,0.00,0.00,0.00,0.00,0.00,0,0
2025-03-05 03:42:07.910,0.00,0.00,0.00,0.00,0.00,0.00,0,0
2025-03-05 03:42:07.933,0.00,0.00,0.00,0.00,0.00,0.00,0,0
2025-03-05 03:42:07.948,0.00,0.00,0.00,0.00,0.00,0.00,0,0
2025-03-05 03:42:07.970,0.00,0.00,0.00,0.00,0.00,0.00,0,0
2025-03-05 03:42:07.993,0.00,0.00,0.00,0.00,0.00,0.00,0,0
2025-03-05 03:42:08.015,0.00,0.00,0.00,0.00,0.00,0.00,0,0
2025-03-05 03:42:08.032,0.00,0.00,0.00,0.00,0.00,0.00,0,0
2025-03-05 03:42:08.052,0.00,0.00,0.00,0.00,0.00,0.00,0,0
2025-03-05 03:42:08.074,0.00,0.00,0.00,0.00,0.00,0.00,0,0
2025-03-05 03:42:08.095,0.00,0.00,0.00,0.00,0.00,0.00,0,0
2025-03-05 03:42:08.111,0.00,0.00,0.00,0.00,0.00,0.00,0,0
2025-03-05 03:42:08.135,0.00,0.00,0.00,0.00,0.00,0.00,0,0
2025-03-05 03:42:08.153,0.00,0.00,0.00,0.00,0.00,0.00,0,0
2025-03-05 03:42:08.171,0.00,0.00,0.00,0.00,0.00,0.00,0,0
2025-03-05 03:42:08.194,0.00,0.00,0.00,0.00,0.00,0.00,0,0
2025-03-05 03:42:08.213,0.00,0.00,0.00,0.00,0.00,0.00,0,0
2025-03-05 03:42:08.233,0.00,0.00,0.00,0.00,0.00,0.00,0,0
2025-03-05 03:42:08.255,0.00,0.00,0.00,0.00,0.00,0.00,0,0
2025-03-05 03:42:08.277,0.00,0.00,0.00,0.00,0.00,0.00,0,0
2025-03-05 03:42:08.296,0.00,0.00,0.00,0.00,0.00,0.00,0,0
2025-03-05 03:42:08.317,0.00,0.00,0.00,0.00,0.00,0.00,0,0
2025-03-05 03:42:08.341,0.00,0.00,0.00,0.00,0.00,0.00,0,0
2025-03-05 03:42:08.360,0.00,0.00,0.00,0.00,0.00,0.00,0,0
2025-03-05 03:42:08.383,3.62,0.65,0.13,1.99,0.35,0.07,0,0
2025-03-05 03:42:08.401,3.62,0.65,0.13,1.99,0.35,0.07,0,0
2025-03-05 03:42:08.423,3.62,0.65,0.13,1.99,0.35,0.07,0,0
2025-03-05 03:42:08.442,3.62,0.65,0.13,1.99,0.35,0.07,0,0
2025-03-05 03:42:08.465,3.62,0.65,0.13,1.99,0.35,0.07,0,0
2025-03-05 03:42:08.483,3.62,0.65,0.13,1.99,0.35,0.07,0,0
2025-03-05 03:42:08.501,3.62,0.65,0.13,1.99,0.35,0.07,0,0
2025-03-05 03:42:08.524,3.62,0.65,0.13,1.99,0.35,0.07,0,0
2025-03-05 03:42:08.543,3.62,0.65,0.13,1.99,0.35,0.07,0,0
2025-03-05 03:42:08.561,3.62,0.65,0.13,1.99,0.35,0.07,0,0
2025-03-05 03:42:08.581,3.62,0.65,0.13,1.99,0.35,0.07,0,0
2025-03-05 03:42:08.598,3.62,0.65,0.13,1.99,0.35,0.07,0,0
2025-03-05 03:42:08.615,3.62,0.65,0.13,1.99,0.35,0.07,0,0
2025-03-05 03:42:08.639,3.62,0.65,0.13,1.99,0.35,0.07,0,0
2025-03-05 03:42:08.654,3.62,0.65,0.13,1.99,0.35,0.07,0,0
2025-03-05 03:42:08.676,3.62,0.65,0.13,1.99,0.35,0.07,0,0
2025-03-05 03:42:08.698,3.62,0.65,0.13,1.99,0.35,0.07,0,0
2025-03-05 03:42:08.713,3.62,0.65,0.13,1.99,0.35,0.07,0,0
2025-03-05 03:42:08.732,3.62,0.65,0.13,1.99,0.35,0.07,0,0
2025-03-05 03:42:08.757,3.62,0.65,0.13,1.99,0.35,0.07,0,0
2025-03-05 03:42:08.781,3.62,0.65,0.13,1.99,0.35,0.07,0,0
2025-03-05 03:42:08.800,3.62,0.65,0.13,1.99,0.35,0.07,0,0
2025-03-05 03:42:08.819,3.62,0.65,0.13,1.99,0.35,0.07,0,0
2025-03-05 03:42:08.842,3.62,0.65,0.13,1.99,0.35,0.07,0,0
2025-03-05 03:42:08.860,3.62,0.65,0.13,1.99,0.35,0.07,0,0
2025-03-05 03:42:08.880,3.62,0.65,0.13,1.99,0.35,0.07,0,0
2025-03-05 03:42:08.902,3.62,0.65,0.13,1.99,0.35,0.07,0,0
2025-03-05 03:42:08.921,3.62,0.65,0.13,1.99,0.35,0.07,0,0
2025-03-05 03:42:08.944,3.62,0.65,0.13,1.99,0.35,0.07,0,0
2025-03-05 03:42:08.961,3.62,0.65,0.13,1.99,0.35,0.07,0,0
2025-03-05 03:42:08.984,3.62,0.65,0.13,1.99,0.35,0.07,0,0
2025-03-05 03:42:09.002,3.62,0.65,0.13,1.99,0.35,0.07,0,0
2025-03-05 03:42:09.026,3.62,0.65,0.13,1.99,0.35,0.07,0,0
2025-03-05 03:42:09.042,3.62,0.65,0.13,1.99,0.35,0.07,0,0
2025-03-05 03:42:09.065,3.62,0.65,0.13,1.99,0.35,0.07,0,0
2025-03-05 03:42:09.086,3.62,0.65,0.13,1.99,0.35,0.07,0,0
2025-03-05 03:42:09.107,3.62,0.65,0.13,1.99,0.35,0.07,0,0
2025-03-05 03:42:09.125,3.62,0.65,0.13,1.99,0.35,0.07,0,0
2025-03-05 03:42:09.148,3.62,0.65,0.13,1.99,0.35,0.07,0,0
2025-03-05 03:42:09.167,3.62,0.65,0.13,1.99,0.35,0.07,0,0
2025-03-05 03:42:09.185,3.62,0.65,0.13,1.99,0.35,0.07,0,0
2025-03-05 03:42:09.205,3.62,0.65,0.13,1.99,0.35,0.07,0,0
2025-03-05 03:42:09.229,3.62,0.65,0.13,1.99,0.35,0.07,0,0
2025-03-05 03:42:09.247,3.62,0.65,0.13,1.99,0.35,0.07,0,0
2025-03-05 03:42:09.270,3.62,0.65,0.13,1.99,0.35,0.07,0,0
2025-03-05 03:42:09.285,3.62,0.65,0.13,1.99,0.35,0.07,0,0
2025-03-05 03:42:09.305,3.62,0.65,0.13,1.99,0.35,0.07,0,0
2025-03-05 03:42:09.326,3.62,0.65,0.13,1.99,0.35,0.07,0,0
2025-03-05 03:42:09.347,3.62,0.65,0.13,1.99,0.35,0.07,0,0
2025-03-05 03:42:09.371,3.62,0.65,0.13,1.99,0.35,0.07,0,0
2025-03-05 03:42:09.389,3.62,0.65,0.13,1.99,0.35,0.07,0,0
2025-03-05 03:42:09.413,3.62,0.65,0.13,1.99,0.35,0.07,0,0
2025-03-05 03:42:09.435,3.62,0.65,0.13,1.99,0.35,0.07,0,0
2025-03-05 03:42:09.455,3.62,0.65,0.13,1.99,0.35,0.07,0,0
2025-03-05 03:42:09.481,3.62,0.65,0.13,1.99,0.35,0.07,0,0
2025-03-05 03:42:09.501,3.62,0.65,0.13,1.99,0.35,0.07,0,0
2025-03-05 03:42:09.520,3.62,0.65,0.13,1.99,0.35,0.07,0,0
2025-03-05 03:42:09.540,3.62,0.65,0.13,1.99,0.35,0.07,0,0
2025-03-05 03:42:09.563,3.62,0.65,0.13,1.99,0.35,0.07,0,0
2025-03-05 03:42:09.581,3.62,0.65,0.13,1.99,0.35,0.07,0,0
2025-03-05 03:42:09.600,3.62,0.65,0.13,1.99,0.35,0.07,0,0
2025-03-05 03:42:09.620,3.62,0.65,0.13,1.99,0.35,0.07,0,0
2025-03-05 03:42:09.637,3.62,0.65,0.13,1.99,0.35,0.07,0,0
2025-03-05 03:42:09.658,3.62,0.65,0.13,1.99,0.35,0.07,0,0
2025-03-05 03:42:09.676,3.62,0.65,0.13,1.99,0.35,0.07,0,0
2025-03-05 03:42:09.695,3.62,0.65,0.13,1.99,0.35,0.07,0,0
2025-03-05 03:42:09.717,3.62,0.65,0.13,1.99,0.35,0.07,0,0
2025-03-05 03:42:09.736,3.62,0.65,0.13,1.99,0.35,0.07,0,0
2025-03-05 03:42:09.760,3.62,0.65,0.13,1.99,0.35,0.07,0,0
2025-03-05 03:42:09.778,3.62,0.65,0.13,1.99,0.35,0.07,0,0
2025-03-05 03:42:09.801,3.62,0.65,0.13,1.99,0.35,0.07,0,0
2025-03-05 03:42:09.819,3.62,0.65,0.13,1.99,0.35,0.07,0,0
2025-03-05 03:42:09.836,3.62,0.65,0.13,1.99,0.35,0.07,0,0
2025-03-05 03:42:09.859,3.62,0.65,0.13,1.99,0.35,0.07,0,0
2025-03-05 03:42:09.877,3.62,0.65,0.13,1.99,0.35,0.07,0,0
2025-03-05 03:42:09.899,3.62,0.65,0.13,1.99,0.35,0.07,0,0
2025-03-05 03:42:09.916,3.62,0.65,0.13,1.99,0.35,0.07,0,0
2025-03-05 03:42:09.940,3.62,0.65,0.13,1.99,0.35,0.07,0,0
2025-03-05 03:42:09.959,3.62,0.65,0.13,1.99,0.35,0.07,0,0
2025-03-05 03:42:09.976,3.62,0.65,0.13,1.99,0.35,0.07,0,0
2025-03-05 03:42:09.999,3.62,0.65,0.13,1.99,0.35,0.07,0,0
2025-03-05 03:42:10.017,3.62,0.65,0.13,1.99,0.35,0.07,0,0
2025-03-05 03:42:10.037,3.62,0.65,0.13,1.99,0.35,0.07,0,0
2025-03-05 03:42:10.054,3.62,0.65,0.13,1.99,0.35,0.07,0,0
2025-03-05 03:42:10.078,3.62,0.65,0.13,1.99,0.35,0.07,0,0
2025-03-05 03:42:10.097,3.62,0.65,0.13,1.99,0.35,0.07,0,0
2025-03-05 03:42:10.121,3.62,0.65,0.13,1.99,0.35,0.07,0,0
2025-03-05 03:42:10.138,3.62,0.65,0.13,1.99,0.35,0.07,0,0
2025-03-05 03:42:10.156,3.62,0.65,0.13,1.99,0.35,0.07,0,0
2025-03-05 03:42:10.179,3.62,0.65,0.13,1.99,0.35,0.07,0,0
2025-03-05 03:42:10.197,3.62,0.65,0.13,1.99,0.35,0.07,0,0
2025-03-05 03:42:10.220,3.62,0.65,0.13,1.99,0.35,0.07,0,0
2025-03-05 03:42:10.241,3.62,0.65,0.13,1.99,0.35,0.07,0,0
2025-03-05 03:42:10.259,3.62,0.65,0.13,1.99,0.35,0.07,0,0
2025-03-05 03:42:10.282,3.62,0.65,0.13,1.99,0.35,0.07,0,0
2025-03-05 03:42:10.304,3.62,0.65,0.13,1.99,0.35,0.07,0,0
2025-03-05 03:42:10.325,3.62,0.65,0.13,1.99,0.35,0.07,0,0
2025-03-05 03:42:10.345,3.62,0.65,0.13,1.99,0.35,0.07,0,0
2025-03-05 03:42:10.364,3.62,0.65,0.13,1.99,0.35,0.07,0,0
2025-03-05 03:42:10.383,6.40,1.25,0.26,3.80,0.74,0.15,0,0
2025-03-05 03:42:10.409,6.40,1.25,0.26,3.80,0.74,0.15,0,0
2025-03-05 03:42:10.434,6.40,1.25,0.26,3.80,0.74,0.15,0,0
2025-03-05 03:42:10.455,6.40,1.25,0.26,3.80,0.74,0.15,0,0
2025-03-05 03:42:10.476,6.40,1.25,0.26,3.80,0.74,0.15,0,0
2025-03-05 03:42:10.497,6.40,1.25,0.26,3.80,0.74,0.15,0,0
2025-03-05 03:42:10.517,6.40,1.25,0.26,3.80,0.74,0.15,0,0
2025-03-05 03:42:10.539,6.40,1.25,0.26,3.80,0.74,0.15,0,0
2025-03-05 03:42:10.557,6.40,1.25,0.26,3.80,0.74,0.15,0,0
2025-03-05 03:42:10.579,6.40,1.25,0.26,3.80,0.74,0.15,0,0
2025-03-05 03:42:10.597,6.40,1.25,0.26,3.80,0.74,0.15,0,0
2025-03-05 03:42:10.617,6.40,1.25,0.26,3.80,0.74,0.15,0,0
2025-03-05 03:42:10.639,6.40,1.25,0.26,3.80,0.74,0.15,0,0
2025-03-05 03:42:10.661,6.40,1.25,0.26,3.80,0.74,0.15,0,0
2025-03-05 03:42:10.681,6.40,1.25,0.26,3.80,0.74,0.15,0,0
2025-03-05 03:42:10.703,6.40,1.25,0.26,3.80,0.74,0.15,0,0
2025-03-05 03:42:10.723,6.40,1.25,0.26,3.80,0.74,0.15,0,0
2025-03-05 03:42:10.745,6.40,1.25,0.26,3.80,0.74,0.15,0,0
2025-03-05 03:42:10.764,6.40,1.25,0.26,3.80,0.74,0.15,0,0
2025-03-05 03:42:10.785,6.40,1.25,0.26,3.80,0.74,0.15,0,0
2025-03-05 03:42:10.805,6.40,1.25,0.26,3.80,0.74,0.15,0,0
2025-03-05 03:42:10.825,6.40,1.25,0.26,3.80,0.74,0.15,0,0
2025-03-05 03:42:10.847,6.40,1.25,0.26,3.80,0.74,0.15,0,0
2025-03-05 03:42:11.352,6.40,1.25,0.26,3.80,0.74,0.15,0,0
2025-03-05 03:42:11.375,6.40,1.25,0.26,3.80,0.74,0.15,0,0
2025-03-05 03:42:11.392,6.40,1.25,0.26,3.80,0.74,0.15,0,0
2025-03-05 03:42:11.415,6.40,1.25,0.26,3.80,0.74,0.15,0,0
2025-03-05 03:42:11.434,6.40,1.25,0.26,3.80,0.74,0.15,0,0
2025-03-05 03:42:11.458,6.40,1.25,0.26,3.80,0.74,0.15,0,0
2025-03-05 03:42:11.483,6.40,1.25,0.26,3.80,0.74,0.15,0,0
2025-03-05 03:42:11.503,6.40,1.25,0.26,3.80,0.74,0.15,0,0
2025-03-05 03:42:11.525,6.40,1.25,0.26,3.80,0.74,0.15,0,0
2025-03-05 03:42:11.544,6.40,1.25,0.26,3.80,0.74,0.15,0,0
2025-03-05 03:42:11.569,6.40,1.25,0.26,3.80,0.74,0.15,0,0
2025-03-05 03:42:11.585,6.40,1.25,0.26,3.80,0.74,0.15,0,0
2025-03-05 03:42:11.604,6.40,1.25,0.26,3.80,0.74,0.15,0,0
2025-03-05 03:42:11.628,6.40,1.25,0.26,3.80,0.74,0.15,0,0
2025-03-05 03:42:11.648,6.40,1.25,0.26,3.80,0.74,0.15,0,0
2025-03-05 03:42:11.668,6.40,1.25,0.26,3.80,0.74,0.15,0,0
2025-03-05 03:42:11.686,6.40,1.25,0.26,3.80,0.74,0.15,0,0
2025-03-05 03:42:11.706,6.40,1.25,0.26,3.80,0.74,0.15,0,0
2025-03-05 03:42:11.729,6.40,1.25,0.26,3.80,0.74,0.15,0,0
2025-03-05 03:42:11.751,6.40,1.25,0.26,3.80,0.74,0.15,0,0
2025-03-05 03:42:11.769,6.40,1.25,0.26,3.80,0.74,0.15,0,0
2025-03-05 03:42:11.796,6.40,1.25,0.26,3.80,0.74,0.15,0,0
2025-03-05 03:42:11.813,6.40,1.25,0.26,3.80,0.74,0.15,0,0
2025-03-05 03:42:11.831,6.40,1.25,0.26,3.80,0.74,0.15,0,0
2025-03-05 03:42:11.851,6.40,1.25,0.26,3.80,0.74,0.15,0,0
2025-03-05 03:42:11.869,6.40,1.25,0.26,3.80,0.74,0.15,0,0
2025-03-05 03:42:11.891,6.40,1.25,0.26,3.80,0.74,0.15,0,0
2025-03-05 03:42:11.910,6.40,1.25,0.26,3.80,0.74,0.15,0,0
2025-03-05 03:42:11.929,6.40,1.25,0.26,3.80,0.74,0.15,0,0
2025-03-05 03:42:11.952,6.40,1.25,0.26,3.80,0.74,0.15,0,0
2025-03-05 03:42:11.970,6.40,1.25,0.26,3.80,0.74,0.15,0,0
2025-03-05 03:42:11.988,6.40,1.25,0.26,3.80,0.74,0.15,0,0
2025-03-05 03:42:12.011,6.40,1.25,0.26,3.80,0.74,0.15,0,0
2025-03-05 03:42:12.027,6.40,1.25,0.26,3.80,0.74,0.15,0,0
2025-03-05 03:42:12.048,6.40,1.25,0.26,3.80,0.74,0.15,0,0
2025-03-05 03:42:12.074,6.40,1.25,0.26,3.80,0.74,0.15,0,0
2025-03-05 03:42:12.099,6.40,1.25,0.26,3.80,0.74,0.15,0,0
2025-03-05 03:42:12.122,6.40,1.25,0.26,3.80,0.74,0.15,0,0
2025-03-05 03:42:12.142,6.40,1.25,0.26,3.80,0.74,0.15,0,0
2025-03-05 03:42:12.166,6.40,1.25,0.26,3.80,0.74,0.15,0,0
2025-03-05 03:42:12.185,6.40,1.25,0.26,3.80,0.74,0.15,0,0
2025-03-05 03:42:12.209,6.40,1.25,0.26,3.80,0.74,0.15,0,0
2025-03-05 03:42:12.227,6.40,1.25,0.26,3.80,0.74,0.15,0,0
2025-03-05 03:42:12.248,6.40,1.25,0.26,3.80,0.74,0.15,0,0
2025-03-05 03:42:12.273,6.40,1.25,0.26,3.80,0.74,0.15,0,0
2025-03-05 03:42:12.293,6.40,1.25,0.26,3.80,0.74,0.15,0,0
2025-03-05 03:42:12.317,6.40,1.25,0.26,3.80,0.74,0.15,0,0
2025-03-05 03:42:12.340,6.40,1.25,0.26,3.80,0.74,0.15,0,0
2025-03-05 03:42:12.371,6.40,1.25,0.26,3.80,0.74,0.15,0,0
2025-03-05 03:42:12.389,14.30,2.84,0.60,9.09,1.79,0.38,0,0
2025-03-05 03:42:12.407,14.30,2.84,0.60,9.09,1.79,0.38,0,0
2025-03-05 03:42:12.430,14.30,2.84,0.60,9.09,1.79,0.38,0,0
2025-03-05 03:42:12.450,14.30,2.84,0.60,9.09,1.79,0.38,0,0
2025-03-05 03:42:12.469,14.30,2.84,0.60,9.09,1.79,0.38,0,0
2025-03-05 03:42:12.492,14.30,2.84,0.60,9.09,1.79,0.38,0,0
2025-03-05 03:42:12.519,14.30,2.84,0.60,9.09,1.79,0.38,0,0
2025-03-05 03:42:12.535,14.30,2.84,0.60,9.09,1.79,0.38,0,0
2025-03-05 03:42:12.561,14.30,2.84,0.60,9.09,1.79,0.38,0,0
2025-03-05 03:42:12.577,14.30,2.84,0.60,9.09,1.79,0.38,0,0
2025-03-05 03:42:12.599,14.30,2.84,0.60,9.09,1.79,0.38,0,0
2025-03-05 03:42:12.617,14.30,2.84,0.60,9.09,1.79,0.38,0,0
2025-03-05 03:42:12.635,14.30,2.84,0.60,9.09,1.79,0.38,0,0
2025-03-05 03:42:12.652,14.30,2.84,0.60,9.09,1.79,0.38,0,0
2025-03-05 03:42:12.672,14.30,2.84,0.60,9.09,1.79,0.38,0,0
2025-03-05 03:42:12.693,14.30,2.84,0.60,9.09,1.79,0.38,0,0
2025-03-05 03:42:12.711,14.30,2.84,0.60,9.09,1.79,0.38,0,0
2025-03-05 03:42:12.729,14.30,2.84,0.60,9.09,1.79,0.38,0,0
2025-03-05 03:42:12.750,14.30,2.84,0.60,9.09,1.79,0.38,0,0
2025-03-05 03:42:12.769,14.30,2.84,0.60,9.09,1.79,0.38,0,0
2025-03-05 03:42:12.787,14.30,2.84,0.60,9.09,1.79,0.38,0,0
2025-03-05 03:42:12.805,14.30,2.84,0.60,9.09,1.79,0.38,0,0
2025-03-05 03:42:12.823,14.30,2.84,0.60,9.09,1.79,0.38,0,0
2025-03-05 03:42:12.841,14.30,2.84,0.60,9.09,1.79,0.38,0,0
2025-03-05 03:42:12.859,14.30,2.84,0.60,9.09,1.79,0.38,0,0
2025-03-05 03:42:12.877,14.30,2.84,0.60,9.09,1.79,0.38,0,0
2025-03-05 03:42:12.897,14.30,2.84,0.60,9.09,1.79,0.38,0,0
2025-03-05 03:42:12.915,14.30,2.84,0.60,9.09,1.79,0.38,0,0
2025-03-05 03:42:12.934,14.30,2.84,0.60,9.09,1.79,0.38,0,0
2025-03-05 03:42:12.951,14.30,2.84,0.60,9.09,1.79,0.38,0,0
2025-03-05 03:42:12.970,14.30,2.84,0.60,9.09,1.79,0.38,0,0
2025-03-05 03:42:12.987,14.30,2.84,0.60,9.09,1.79,0.38,0,0
2025-03-05 03:42:13.005,14.30,2.84,0.60,9.09,1.79,0.38,0,0
2025-03-05 03:42:13.024,14.30,2.84,0.60,9.09,1.79,0.38,0,0
2025-03-05 03:42:13.042,14.30,2.84,0.60,9.09,1.79,0.38,0,0
2025-03-05 03:42:13.061,14.30,2.84,0.60,9.09,1.79,0.38,0,0
2025-03-05 03:42:13.080,14.30,2.84,0.60,9.09,1.79,0.38,0,0
2025-03-05 03:42:13.098,14.30,2.84,0.60,9.09,1.79,0.38,0,0
2025-03-05 03:42:13.116,14.30,2.84,0.60,9.09,1.79,0.38,0,0
2025-03-05 03:42:13.134,14.30,2.84,0.60,9.09,1.79,0.38,0,0
2025-03-05 03:42:13.152,14.30,2.84,0.60,9.09,1.79,0.38,0,0
2025-03-05 03:42:13.172,14.30,2.84,0.60,9.09,1.79,0.38,0,0
2025-03-05 03:42:13.190,14.30,2.84,0.60,9.09,1.79,0.38,0,0
2025-03-05 03:42:13.210,14.30,2.84,0.60,9.09,1.79,0.38,0,0
2025-03-05 03:42:13.227,14.30,2.84,0.60,9.09,1.79,0.38,0,0
2025-03-05 03:42:13.246,14.30,2.84,0.60,9.09,1.79,0.38,0,0
2025-03-05 03:42:13.264,14.30,2.84,0.60,9.09,1.79,0.38,0,0
2025-03-05 03:42:13.285,14.30,2.84,0.60,9.09,1.79,0.38,0,0
2025-03-05 03:42:13.306,14.30,2.84,0.60,9.09,1.79,0.38,0,0
2025-03-05 03:42:13.328,14.30,2.84,0.60,9.09,1.79,0.38,0,0
2025-03-05 03:42:13.351,14.30,2.84,0.60,9.09,1.79,0.38,0,0
2025-03-05 03:42:13.373,14.30,2.84,0.60,9.09,1.79,0.38,0,0
2025-03-05 03:42:13.392,14.30,2.84,0.60,9.09,1.79,0.38,0,0
2025-03-05 03:42:13.412,14.30,2.84,0.60,9.09,1.79,0.38,0,0
2025-03-05 03:42:13.431,14.30,2.84,0.60,9.09,1.79,0.38,0,0
2025-03-05 03:42:13.458,14.30,2.84,0.60,9.09,1.79,0.38,0,0
2025-03-05 03:42:13.474,14.30,2.84,0.60,9.09,1.79,0.38,0,0
2025-03-05 03:42:13.494,14.30,2.84,0.60,9.09,1.79,0.38,0,0
2025-03-05 03:42:13.516,14.30,2.84,0.60,9.09,1.79,0.38,0,0
2025-03-05 03:42:13.540,14.30,2.84,0.60,9.09,1.79,0.38,0,0
2025-03-05 03:42:13.560,14.30,2.84,0.60,9.09,1.79,0.38,0,0
2025-03-05 03:42:13.581,14.30,2.84,0.60,9.09,1.79,0.38,0,0
2025-03-05 03:42:13.599,14.30,2.84,0.60,9.09,1.79,0.38,0,0
2025-03-05 03:42:13.617,14.30,2.84,0.60,9.09,1.79,0.38,0,0
2025-03-05 03:42:13.636,14.30,2.84,0.60,9.09,1.79,0.38,0,0
2025-03-05 03:42:13.657,14.30,2.84,0.60,9.09,1.79,0.38,0,0
2025-03-05 03:42:13.678,14.30,2.84,0.60,9.09,1.79,0.38,0,0
