Timestamp,Some (avg10),Some (avg60),Some (avg300),Full (avg10),Full (avg60),Full (avg300),OOM Kills,OOM Failures
2025-03-05 03:51:32.271,0.00,0.00,0.00,0.00,0.00,0.00,0,0
2025-03-05 03:51:32.294,0.00,0.00,0.00,0.00,0.00,0.00,0,0
2025-03-05 03:51:32.315,0.00,0.00,0.00,0.00,0.00,0.00,0,0
2025-03-05 03:51:32.337,0.00,0.00,0.00,0.00,0.00,0.00,0,0
2025-03-05 03:51:32.359,0.00,0.00,0.00,0.00,0.00,0.00,0,0
2025-03-05 03:51:32.378,0.00,0.00,0.00,0.00,0.00,0.00,0,0
2025-03-05 03:51:32.398,0.00,0.00,0.00,0.00,0.00,0.00,0,0
2025-03-05 03:51:32.416,0.00,0.00,0.00,0.00,0.00,0.00,0,0
2025-03-05 03:51:32.435,0.00,0.00,0.00,0.00,0.00,0.00,0,0
2025-03-05 03:51:32.459,0.00,0.00,0.00,0.00,0.00,0.00,0,0
2025-03-05 03:51:32.478,0.00,0.00,0.00,0.00,0.00,0.00,0,0
2025-03-05 03:51:32.500,0.00,0.00,0.00,0.00,0.00,0.00,0,0
2025-03-05 03:51:32.518,0.00,0.00,0.00,0.00,0.00,0.00,0,0
2025-03-05 03:51:32.540,0.00,0.00,0.00,0.00,0.00,0.00,0,0
2025-03-05 03:51:32.561,0.00,0.00,0.00,0.00,0.00,0.00,0,0
2025-03-05 03:51:32.581,0.00,0.00,0.00,0.00,0.00,0.00,0,0
2025-03-05 03:51:32.606,0.00,0.00,0.00,0.00,0.00,0.00,0,0
2025-03-05 03:51:32.628,0.00,0.00,0.00,0.00,0.00,0.00,0,0
2025-03-05 03:51:32.649,0.00,0.00,0.00,0.00,0.00,0.00,0,0
2025-03-05 03:51:32.672,0.00,0.00,0.00,0.00,0.00,0.00,0,0
2025-03-05 03:51:32.690,0.00,0.00,0.00,0.00,0.00,0.00,0,0
2025-03-05 03:51:32.710,0.00,0.00,0.00,0.00,0.00,0.00,0,0
2025-03-05 03:51:32.734,0.00,0.00,0.00,0.00,0.00,0.00,0,0
2025-03-05 03:51:32.752,0.00,0.00,0.00,0.00,0.00,0.00,0,0
2025-03-05 03:51:32.771,0.00,0.00,0.00,0.00,0.00,0.00,0,0
2025-03-05 03:51:32.799,0.00,0.00,0.00,0.00,0.00,0.00,0,0
2025-03-05 03:51:32.824,0.00,0.00,0.00,0.00,0.00,0.00,0,0
2025-03-05 03:51:32.842,0.00,0.00,0.00,0.00,0.00,0.00,0,0
2025-03-05 03:51:32.868,0.00,0.00,0.00,0.00,0.00,0.00,0,0
2025-03-05 03:51:32.886,0.00,0.00,0.00,0.00,0.00,0.00,0,0
2025-03-05 03:51:32.909,0.00,0.00,0.00,0.00,0.00,0.00,0,0
2025-03-05 03:51:32.929,0.00,0.00,0.00,0.00,0.00,0.00,0,0
2025-03-05 03:51:32.951,0.00,0.00,0.00,0.00,0.00,0.00,0,0
2025-03-05 03:51:32.975,0.00,0.00,0.00,0.00,0.00,0.00,0,0
2025-03-05 03:51:33.000,0.00,0.00,0.00,0.00,0.00,0.00,0,0
2025-03-05 03:51:33.016,0.00,0.00,0.00,0.00,0.00,0.00,0,0
2025-03-05 03:51:33.037,0.00,0.00,0.00,0.00,0.00,0.00,0,0
2025-03-05 03:51:33.056,0.00,0.00,0.00,0.00,0.00,0.00,0,0
2025-03-05 03:51:33.079,0.00,0.00,0.00,0.00,0.00,0.00,0,0
2025-03-05 03:51:33.098,0.00,0.00,0.00,0.00,0.00,0.00,0,0
2025-03-05 03:51:33.124,0.00,0.00,0.00,0.00,0.00,0.00,0,0
2025-03-05 03:51:33.143,0.00,0.00,0.00,0.00,0.00,0.00,0,0
2025-03-05 03:51:33.166,0.00,0.00,0.00,0.00,0.00,0.00,0,0
2025-03-05 03:51:33.185,0.00,0.00,0.00,0.00,0.00,0.00,0,0
2025-03-05 03:51:33.211,0.00,0.00,0.00,0.00,0.00,0.00,0,0
2025-03-05 03:51:33.229,0.00,0.00,0.00,0.00,0.00,0.00,0,0
2025-03-05 03:51:33.248,0.00,0.00,0.00,0.00,0.00,0.00,0,0
2025-03-05 03:51:33.272,0.00,0.00,0.00,0.00,0.00,0.00,0,0
2025-03-05 03:51:33.288,0.00,0.00,0.00,0.00,0.00,0.00,0,0
2025-03-05 03:51:33.314,0.00,0.00,0.00,0.00,0.00,0.00,0,0
2025-03-05 03:51:33.334,0.00,0.00,0.00,0.00,0.00,0.00,0,0
2025-03-05 03:51:33.356,0.00,0.00,0.00,0.00,0.00,0.00,0,0
2025-03-05 03:51:33.376,0.00,0.00,0.00,0.00,0.00,0.00,0,0
2025-03-05 03:51:33.397,0.00,0.00,0.00,0.00,0.00,0.00,0,0
2025-03-05 03:51:33.421,0.00,0.00,0.00,0.00,0.00,0.00,0,0
2025-03-05 03:51:33.440,0.00,0.00,0.00,0.00,0.00,0.00,0,0
2025-03-05 03:51:33.463,0.00,0.00,0.00,0.00,0.00,0.00,0,0
2025-03-05 03:51:33.484,0.00,0.00,0.00,0.00,0.00,0.00,0,0
2025-03-05 03:51:33.502,0.00,0.00,0.00,0.00,0.00,0.00,0,0
2025-03-05 03:51:33.522,0.00,0.00,0.00,0.00,0.00,0.00,0,0
2025-03-05 03:51:33.542,0.00,0.00,0.00,0.00,0.00,0.00,0,0
2025-03-05 03:51:33.561,0.00,0.00,0.00,0.00,0.00,0.00,0,0
2025-03-05 03:51:33.581,0.00,0.00,0.00,0.00,0.00,0.00,0,0
2025-03-05 03:51:33.601,0.00,0.00,0.00,0.00,0.00,0.00,0,0
2025-03-05 03:51:33.619,0.00,0.00,0.00,0.00,0.00,0.00,0,0
2025-03-05 03:51:33.639,0.00,0.00,0.00,0.00,0.00,0.00,0,0
2025-03-05 03:51:33.659,0.00,0.00,0.00,0.00,0.00,0.00,0,0
2025-03-05 03:51:33.678,0.00,0.00,0.00,0.00,0.00,0.00,0,0
2025-03-05 03:51:33.696,0.00,0.00,0.00,0.00,0.00,0.00,0,0
2025-03-05 03:51:33.715,0.00,0.00,0.00,0.00,0.00,0.00,0,0
2025-03-05 03:51:33.735,0.00,0.00,0.00,0.00,0.00,0.00,0,0
2025-03-05 03:51:33.754,0.00,0.00,0.00,0.00,0.00,0.00,0,0
2025-03-05 03:51:33.775,0.00,0.00,0.00,0.00,0.00,0.00,0,0
2025-03-05 03:51:33.797,0.00,0.00,0.00,0.00,0.00,0.00,0,0
2025-03-05 03:51:33.817,0.00,0.00,0.00,0.00,0.00,0.00,0,0
2025-03-05 03:51:33.837,0.00,0.00,0.00,0.00,0.00,0.00,0,0
2025-03-05 03:51:33.856,0.00,0.00,0.00,0.00,0.00,0.00,0,0
2025-03-05 03:51:33.879,0.00,0.00,0.00,0.00,0.00,0.00,0,0
2025-03-05 03:51:33.903,0.00,0.00,0.00,0.00,0.00,0.00,0,0
2025-03-05 03:51:33.924,0.00,0.00,0.00,0.00,0.00,0.00,0,0
2025-03-05 03:51:33.943,0.00,0.00,0.00,0.00,0.00,0.00,0,0
2025-03-05 03:51:33.963,0.00,0.00,0.00,0.00,0.00,0.00,0,0
2025-03-05 03:51:33.981,0.00,0.00,0.00,0.00,0.00,0.00,0,0
2025-03-05 03:51:34.001,0.00,0.00,0.00,0.00,0.00,0.00,0,0
2025-03-05 03:51:34.021,0.00,0.00,0.00,0.00,0.00,0.00,0,0
2025-03-05 03:51:34.041,0.00,0.00,0.00,0.00,0.00,0.00,0,0
2025-03-05 03:51:34.060,0.00,0.00,0.00,0.00,0.00,0.00,0,0
2025-03-05 03:51:34.079,0.00,0.00,0.00,0.00,0.00,0.00,0,0
2025-03-05 03:51:34.098,0.00,0.00,0.00,0.00,0.00,0.00,0,0
2025-03-05 03:51:34.120,0.00,0.00,0.00,0.00,0.00,0.00,0,0
2025-03-05 03:51:34.143,0.00,0.00,0.00,0.00,0.00,0.00,0,0
2025-03-05 03:51:34.161,0.00,0.00,0.00,0.00,0.00,0.00,0,0
2025-03-05 03:51:34.184,0.00,0.00,0.00,0.00,0.00,0.00,0,0
2025-03-05 03:51:34.204,0.00,0.00,0.00,0.00,0.00,0.00,0,0
2025-03-05 03:51:34.225,0.00,0.00,0.00,0.00,0.00,0.00,0,0
2025-03-05 03:51:34.245,0.00,0.00,0.00,0.00,0.00,0.00,0,0
2025-03-05 03:51:34.271,0.00,0.00,0.00,0.00,0.00,0.00,0,0
2025-03-05 03:51:34.291,0.00,0.00,0.00,0.00,0.00,0.00,0,0
2025-03-05 03:51:34.315,0.00,0.00,0.00,0.00,0.00,0.00,0,0
2025-03-05 03:51:34.334,0.00,0.00,0.00,0.00,0.00,0.00,0,0
2025-03-05 03:51:34.359,0.00,0.00,0.00,0.00,0.00,0.00,0,0
2025-03-05 03:51:34.381,0.00,0.00,0.00,0.00,0.00,0.00,0,0
2025-03-05 03:51:34.402,0.00,0.00,0.00,0.00,0.00,0.00,0,0
2025-03-05 03:51:34.422,0.00,0.00,0.00,0.00,0.00,0.00,0,0
2025-03-05 03:51:34.447,0.00,0.00,0.00,0.00,0.00,0.00,0,0
2025-03-05 03:51:34.471,0.00,0.00,0.00,0.00,0.00,0.00,0,0
2025-03-05 03:51:34.496,0.00,0.00,0.00,0.00,0.00,0.00,0,0
2025-03-05 03:51:34.518,0.00,0.00,0.00,0.00,0.00,0.00,0,0
2025-03-05 03:51:34.550,0.00,0.00,0.00,0.00,0.00,0.00,0,0
2025-03-05 03:51:34.576,0.00,0.00,0.00,0.00,0.00,0.00,0,0
2025-03-05 03:51:34.606,0.00,0.00,0.00,0.00,0.00,0.00,0,0
2025-03-05 03:51:34.623,0.00,0.00,0.00,0.00,0.00,0.00,0,0
2025-03-05 03:51:34.651,0.00,0.00,0.00,0.00,0.00,0.00,0,0
2025-03-05 03:51:34.668,0.00,0.00,0.00,0.00,0.00,0.00,0,0
2025-03-05 03:51:34.689,0.00,0.00,0.00,0.00,0.00,0.00,0,0
2025-03-05 03:51:34.710,0.00,0.00,0.00,0.00,0.00,0.00,0,0
2025-03-05 03:51:34.730,0.00,0.00,0.00,0.00,0.00,0.00,0,0
2025-03-05 03:51:34.747,0.00,0.00,0.00,0.00,0.00,0.00,0,0
2025-03-05 03:51:34.770,0.00,0.00,0.00,0.00,0.00,0.00,0,0
2025-03-05 03:51:34.796,0.00,0.00,0.00,0.00,0.00,0.00,0,0
2025-03-05 03:51:34.815,0.00,0.00,0.00,0.00,0.00,0.00,0,0
2025-03-05 03:51:34.838,0.00,0.00,0.00,0.00,0.00,0.00,0,0
2025-03-05 03:51:34.857,0.00,0.00,0.00,0.00,0.00,0.00,0,0
2025-03-05 03:51:34.875,0.00,0.00,0.00,0.00,0.00,0.00,0,0
2025-03-05 03:51:34.894,0.00,0.00,0.00,0.00,0.00,0.00,0,0
2025-03-05 03:51:34.923,0.00,0.00,0.00,0.00,0.00,0.00,0,0
2025-03-05 03:51:34.944,0.00,0.00,0.00,0.00,0.00,0.00,0,0
2025-03-05 03:51:34.962,0.00,0.00,0.00,0.00,0.00,0.00,0,0
2025-03-05 03:51:34.985,0.00,0.00,0.00,0.00,0.00,0.00,0,0
2025-03-05 03:51:35.005,0.00,0.00,0.00,0.00,0.00,0.00,0,0
2025-03-05 03:51:35.027,0.00,0.00,0.00,0.00,0.00,0.00,0,0
2025-03-05 03:51:35.045,0.00,0.00,0.00,0.00,0.00,0.00,0,0
2025-03-05 03:51:35.068,0.00,0.00,0.00,0.00,0.00,0.00,0,0
2025-03-05 03:51:35.090,0.00,0.00,0.00,0.00,0.00,0.00,0,0
2025-03-05 03:51:35.107,0.00,0.00,0.00,0.00,0.00,0.00,0,0
2025-03-05 03:51:35.127,0.00,0.00,0.00,0.00,0.00,0.00,0,0
2025-03-05 03:51:35.149,0.00,0.00,0.00,0.00,0.00,0.00,0,0
2025-03-05 03:51:35.168,3.26,0.58,0.12,1.81,0.32,0.06,0,0
2025-03-05 03:51:35.192,3.26,0.58,0.12,1.81,0.32,0.06,0,0
2025-03-05 03:51:35.209,3.26,0.58,0.12,1.81,0.32,0.06,0,0
2025-03-05 03:51:35.231,3.26,0.58,0.12,1.81,0.32,0.06,0,0
2025-03-05 03:51:35.253,3.26,0.58,0.12,1.81,0.32,0.06,0,0
2025-03-05 03:51:35.272,3.26,0.58,0.12,1.81,0.32,0.06,0,0
2025-03-05 03:51:35.289,3.26,0.58,0.12,1.81,0.32,0.06,0,0
2025-03-05 03:51:35.307,3.26,0.58,0.12,1.81,0.32,0.06,0,0
2025-03-05 03:51:35.326,3.26,0.58,0.12,1.81,0.32,0.06,0,0
2025-03-05 03:51:35.343,3.26,0.58,0.12,1.81,0.32,0.06,0,0
2025-03-05 03:51:35.365,3.26,0.58,0.12,1.81,0.32,0.06,0,0
2025-03-05 03:51:35.382,3.26,0.58,0.12,1.81,0.32,0.06,0,0
2025-03-05 03:51:35.412,3.26,0.58,0.12,1.81,0.32,0.06,0,0
2025-03-05 03:51:35.436,3.26,0.58,0.12,1.81,0.32,0.06,0,0
2025-03-05 03:51:35.459,3.26,0.58,0.12,1.81,0.32,0.06,0,0
2025-03-05 03:51:35.481,3.26,0.58,0.12,1.81,0.32,0.06,0,0
2025-03-05 03:51:35.505,3.26,0.58,0.12,1.81,0.32,0.06,0,0
2025-03-05 03:51:35.528,3.26,0.58,0.12,1.81,0.32,0.06,0,0
2025-03-05 03:51:35.551,3.26,0.58,0.12,1.81,0.32,0.06,0,0
2025-03-05 03:51:35.569,3.26,0.58,0.12,1.81,0.32,0.06,0,0
2025-03-05 03:51:35.592,3.26,0.58,0.12,1.81,0.32,0.06,0,0
2025-03-05 03:51:35.611,3.26,0.58,0.12,1.81,0.32,0.06,0,0
2025-03-05 03:51:35.638,3.26,0.58,0.12,1.81,0.32,0.06,0,0
2025-03-05 03:51:35.659,3.26,0.58,0.12,1.81,0.32,0.06,0,0
2025-03-05 03:51:35.676,3.26,0.58,0.12,1.81,0.32,0.06,0,0
2025-03-05 03:51:35.696,3.26,0.58,0.12,1.81,0.32,0.06,0,0
2025-03-05 03:51:35.713,3.26,0.58,0.12,1.81,0.32,0.06,0,0
2025-03-05 03:51:35.735,3.26,0.58,0.12,1.81,0.32,0.06,0,0
2025-03-05 03:51:35.750,3.26,0.58,0.12,1.81,0.32,0.06,0,0
2025-03-05 03:51:35.773,3.26,0.58,0.12,1.81,0.32,0.06,0,0
2025-03-05 03:51:35.796,3.26,0.58,0.12,1.81,0.32,0.06,0,0
2025-03-05 03:51:35.813,3.26,0.58,0.12,1.81,0.32,0.06,0,0
2025-03-05 03:51:35.837,3.26,0.58,0.12,1.81,0.32,0.06,0,0
2025-03-05 03:51:35.857,3.26,0.58,0.12,1.81,0.32,0.06,0,0
2025-03-05 03:51:35.874,3.26,0.58,0.12,1.81,0.32,0.06,0,0
2025-03-05 03:51:35.892,3.26,0.58,0.12,1.81,0.32,0.06,0,0
2025-03-05 03:51:35.914,3.26,0.58,0.12,1.81,0.32,0.06,0,0
2025-03-05 03:51:35.932,3.26,0.58,0.12,1.81,0.32,0.06,0,0
2025-03-05 03:51:35.955,3.26,0.58,0.12,1.81,0.32,0.06,0,0
2025-03-05 03:51:35.981,3.26,0.58,0.12,1.81,0.32,0.06,0,0
2025-03-05 03:51:35.998,3.26,0.58,0.12,1.81,0.32,0.06,0,0
2025-03-05 03:51:36.017,3.26,0.58,0.12,1.81,0.32,0.06,0,0
2025-03-05 03:51:36.035,3.26,0.58,0.12,1.81,0.32,0.06,0,0
2025-03-05 03:51:36.053,3.26,0.58,0.12,1.81,0.32,0.06,0,0
2025-03-05 03:51:36.072,3.26,0.58,0.12,1.81,0.32,0.06,0,0
2025-03-05 03:51:36.091,3.26,0.58,0.12,1.81,0.32,0.06,0,0
2025-03-05 03:51:36.115,3.26,0.58,0.12,1.81,0.32,0.06,0,0
2025-03-05 03:51:36.133,3.26,0.58,0.12,1.81,0.32,0.06,0,0
2025-03-05 03:51:36.149,3.26,0.58,0.12,1.81,0.32,0.06,0,0
2025-03-05 03:51:36.172,3.26,0.58,0.12,1.81,0.32,0.06,0,0
2025-03-05 03:51:36.189,3.26,0.58,0.12,1.81,0.32,0.06,0,0
2025-03-05 03:51:36.211,3.26,0.58,0.12,1.81,0.32,0.06,0,0
2025-03-05 03:51:36.230,3.26,0.58,0.12,1.81,0.32,0.06,0,0
2025-03-05 03:51:36.251,3.26,0.58,0.12,1.81,0.32,0.06,0,0
2025-03-05 03:51:36.270,3.26,0.58,0.12,1.81,0.32,0.06,0,0
2025-03-05 03:51:36.290,3.26,0.58,0.12,1.81,0.32,0.06,0,0
2025-03-05 03:51:36.311,3.26,0.58,0.12,1.81,0.32,0.06,0,0
2025-03-05 03:51:36.332,3.26,0.58,0.12,1.81,0.32,0.06,0,0
2025-03-05 03:51:36.352,3.26,0.58,0.12,1.81,0.32,0.06,0,0
2025-03-05 03:51:36.371,3.26,0.58,0.12,1.81,0.32,0.06,0,0
2025-03-05 03:51:36.390,3.26,0.58,0.12,1.81,0.32,0.06,0,0
2025-03-05 03:51:36.414,3.26,0.58,0.12,1.81,0.32,0.06,0,0
2025-03-05 03:51:36.432,3.26,0.58,0.12,1.81,0.32,0.06,0,0
2025-03-05 03:51:36.454,3.26,0.58,0.12,1.81,0.32,0.06,0,0
2025-03-05 03:51:36.472,3.26,0.58,0.12,1.81,0.32,0.06,0,0
2025-03-05 03:51:36.495,3.26,0.58,0.12,1.81,0.32,0.06,0,0
2025-03-05 03:51:36.514,3.26,0.58,0.12,1.81,0.32,0.06,0,0
2025-03-05 03:51:36.535,3.26,0.58,0.12,1.81,0.32,0.06,0,0
2025-03-05 03:51:36.554,3.26,0.58,0.12,1.81,0.32,0.06,0,0
2025-03-05 03:51:36.579,3.26,0.58,0.12,1.81,0.32,0.06,0,0
2025-03-05 03:51:36.599,3.26,0.58,0.12,1.81,0.32,0.06,0,0
2025-03-05 03:51:36.623,3.26,0.58,0.12,1.81,0.32,0.06,0,0
2025-03-05 03:51:36.640,3.26,0.58,0.12,1.81,0.32,0.06,0,0
2025-03-05 03:51:36.664,3.26,0.58,0.12,1.81,0.32,0.06,0,0
2025-03-05 03:51:36.684,3.26,0.58,0.12,1.81,0.32,0.06,0,0
2025-03-05 03:51:36.704,3.26,0.58,0.12,1.81,0.32,0.06,0,0
2025-03-05 03:51:36.725,3.26,0.58,0.12,1.81,0.32,0.06,0,0
2025-03-05 03:51:36.743,3.26,0.58,0.12,1.81,0.32,0.06,0,0
2025-03-05 03:51:36.763,3.26,0.58,0.12,1.81,0.32,0.06,0,0
2025-03-05 03:51:36.786,3.26,0.58,0.12,1.81,0.32,0.06,0,0
2025-03-05 03:51:36.809,3.26,0.58,0.12,1.81,0.32,0.06,0,0
2025-03-05 03:51:36.827,3.26,0.58,0.12,1.81,0.32,0.06,0,0
2025-03-05 03:51:36.845,3.26,0.58,0.12,1.81,0.32,0.06,0,0
2025-03-05 03:51:36.868,3.26,0.58,0.12,1.81,0.32,0.06,0,0
2025-03-05 03:51:36.887,3.26,0.58,0.12,1.81,0.32,0.06,0,0
2025-03-05 03:51:36.909,3.26,0.58,0.12,1.81,0.32,0.06,0,0
2025-03-05 03:51:36.934,3.26,0.58,0.12,1.81,0.32,0.06,0,0
2025-03-05 03:51:36.950,3.26,0.58,0.12,1.81,0.32,0.06,0,0
2025-03-05 03:51:36.975,3.26,0.58,0.12,1.81,0.32,0.06,0,0
2025-03-05 03:51:36.993,3.26,0.58,0.12,1.81,0.32,0.06,0,0
2025-03-05 03:51:37.020,3.26,0.58,0.12,1.81,0.32,0.06,0,0
2025-03-05 03:51:37.041,3.26,0.58,0.12,1.81,0.32,0.06,0,0
2025-03-05 03:51:37.066,3.26,0.58,0.12,1.81,0.32,0.06,0,0
2025-03-05 03:51:37.083,3.26,0.58,0.12,1.81,0.32,0.06,0,0
2025-03-05 03:51:37.100,3.26,0.58,0.12,1.81,0.32,0.06,0,0
2025-03-05 03:51:37.125,3.26,0.58,0.12,1.81,0.32,0.06,0,0
2025-03-05 03:51:37.143,3.26,0.58,0.12,1.81,0.32,0.06,0,0
2025-03-05 03:51:37.163,8.46,1.61,0.34,4.92,0.93,0.19,0,0
2025-03-05 03:51:37.186,8.46,1.61,0.34,4.92,0.93,0.19,0,0
2025-03-05 03:51:37.204,8.46,1.61,0.34,4.92,0.93,0.19,0,0
2025-03-05 03:51:37.222,8.46,1.61,0.34,4.92,0.93,0.19,0,0
2025-03-05 03:51:37.244,8.46,1.61,0.34,4.92,0.93,0.19,0,0
2025-03-05 03:51:37.261,8.46,1.61,0.34,4.92,0.93,0.19,0,0
2025-03-05 03:51:37.282,8.46,1.61,0.34,4.92,0.93,0.19,0,0
2025-03-05 03:51:37.301,8.46,1.61,0.34,4.92,0.93,0.19,0,0
2025-03-05 03:51:37.318,8.46,1.61,0.34,4.92,0.93,0.19,0,0
2025-03-05 03:51:37.344,8.46,1.61,0.34,4.92,0.93,0.19,0,0
2025-03-05 03:51:37.368,8.46,1.61,0.34,4.92,0.93,0.19,0,0
2025-03-05 03:51:37.390,8.46,1.61,0.34,4.92,0.93,0.19,0,0
2025-03-05 03:51:37.414,8.46,1.61,0.34,4.92,0.93,0.19,0,0
2025-03-05 03:51:37.431,8.46,1.61,0.34,4.92,0.93,0.19,0,0
2025-03-05 03:51:37.455,8.46,1.61,0.34,4.92,0.93,0.19,0,0
2025-03-05 03:51:37.479,8.46,1.61,0.34,4.92,0.93,0.19,0,0
2025-03-05 03:51:37.503,8.46,1.61,0.34,4.92,0.93,0.19,0,0
2025-03-05 03:51:37.523,8.46,1.61,0.34,4.92,0.93,0.19,0,0
2025-03-05 03:51:37.545,8.46,1.61,0.34,4.92,0.93,0.19,0,0
2025-03-05 03:51:37.563,8.46,1.61,0.34,4.92,0.93,0.19,0,0
2025-03-05 03:51:37.579,8.46,1.61,0.34,4.92,0.93,0.19,0,0
2025-03-05 03:51:37.603,8.46,1.61,0.34,4.92,0.93,0.19,0,0
2025-03-05 03:51:37.624,8.46,1.61,0.34,4.92,0.93,0.19,0,0
2025-03-05 03:51:37.647,8.46,1.61,0.34,4.92,0.93,0.19,0,0
2025-03-05 03:51:37.663,8.46,1.61,0.34,4.92,0.93,0.19,0,0
2025-03-05 03:51:37.689,8.46,1.61,0.34,4.92,0.93,0.19,0,0
2025-03-05 03:51:37.710,8.46,1.61,0.34,4.92,0.93,0.19,0,0
2025-03-05 03:51:37.731,8.46,1.61,0.34,4.92,0.93,0.19,0,0
2025-03-05 03:51:37.768,8.46,1.61,0.34,4.92,0.93,0.19,0,0
2025-03-05 03:51:37.791,8.46,1.61,0.34,4.92,0.93,0.19,0,0
2025-03-05 03:51:37.816,8.46,1.61,0.34,4.92,0.93,0.19,0,0
2025-03-05 03:51:37.835,8.46,1.61,0.34,4.92,0.93,0.19,0,0
2025-03-05 03:51:37.863,8.46,1.61,0.34,4.92,0.93,0.19,0,0
2025-03-05 03:51:37.883,8.46,1.61,0.34,4.92,0.93,0.19,0,0
2025-03-05 03:51:37.908,8.46,1.61,0.34,4.92,0.93,0.19,0,0
2025-03-05 03:51:37.940,8.46,1.61,0.34,4.92,0.93,0.19,0,0
2025-03-05 03:51:37.961,8.46,1.61,0.34,4.92,0.93,0.19,0,0
2025-03-05 03:51:37.983,8.46,1.61,0.34,4.92,0.93,0.19,0,0
2025-03-05 03:51:38.000,8.46,1.61,0.34,4.92,0.93,0.19,0,0
2025-03-05 03:51:38.025,8.46,1.61,0.34,4.92,0.93,0.19,0,0
2025-03-05 03:51:38.057,8.46,1.61,0.34,4.92,0.93,0.19,0,0
2025-03-05 03:51:38.087,8.46,1.61,0.34,4.92,0.93,0.19,0,0
2025-03-05 03:51:38.105,8.46,1.61,0.34,4.92,0.93,0.19,0,0
2025-03-05 03:51:38.123,8.46,1.61,0.34,4.92,0.93,0.19,0,0
2025-03-05 03:51:38.144,8.46,1.61,0.34,4.92,0.93,0.19,0,0
2025-03-05 03:51:38.169,8.46,1.61,0.34,4.92,0.93,0.19,0,0
2025-03-05 03:51:38.196,8.46,1.61,0.34,4.92,0.93,0.19,0,0
2025-03-05 03:51:38.213,8.46,1.61,0.34,4.92,0.93,0.19,0,0
2025-03-05 03:51:38.230,8.46,1.61,0.34,4.92,0.93,0.19,0,0
2025-03-05 03:51:38.247,8.46,1.61,0.34,4.92,0.93,0.19,0,0
2025-03-05 03:51:38.272,8.46,1.61,0.34,4.92,0.93,0.19,0,0
2025-03-05 03:51:38.294,8.46,1.61,0.34,4.92,0.93,0.19,0,0
2025-03-05 03:51:38.314,8.46,1.61,0.34,4.92,0.93,0.19,0,0
2025-03-05 03:51:38.330,8.46,1.61,0.34,4.92,0.93,0.19,0,0
2025-03-05 03:51:38.356,8.46,1.61,0.34,4.92,0.93,0.19,0,0
2025-03-05 03:51:38.373,8.46,1.61,0.34,4.92,0.93,0.19,0,0
2025-03-05 03:51:38.392,8.46,1.61,0.34,4.92,0.93,0.19,0,0
2025-03-05 03:51:38.412,8.46,1.61,0.34,4.92,0.93,0.19,0,0
2025-03-05 03:51:38.430,8.46,1.61,0.34,4.92,0.93,0.19,0,0
2025-03-05 03:51:38.455,8.46,1.61,0.34,4.92,0.93,0.19,0,0
2025-03-05 03:51:38.471,8.46,1.61,0.34,4.92,0.93,0.19,0,0
2025-03-05 03:51:38.493,8.46,1.61,0.34,4.92,0.93,0.19,0,0
2025-03-05 03:51:38.513,8.46,1.61,0.34,4.92,0.93,0.19,0,0
2025-03-05 03:51:38.540,8.46,1.61,0.34,4.92,0.93,0.19,0,0
2025-03-05 03:51:38.562,8.46,1.61,0.34,4.92,0.93,0.19,0,0
2025-03-05 03:51:38.580,8.46,1.61,0.34,4.92,0.93,0.19,0,0
2025-03-05 03:51:38.604,8.46,1.61,0.34,4.92,0.93,0.19,0,0
2025-03-05 03:51:38.623,8.46,1.61,0.34,4.92,0.93,0.19,0,0
2025-03-05 03:51:38.642,8.46,1.61,0.34,4.92,0.93,0.19,0,0
2025-03-05 03:51:38.666,8.46,1.61,0.34,4.92,0.93,0.19,0,0
2025-03-05 03:51:38.683,8.46,1.61,0.34,4.92,0.93,0.19,0,0
2025-03-05 03:51:38.701,8.46,1.61,0.34,4.92,0.93,0.19,0,0
2025-03-05 03:51:38.725,8.46,1.61,0.34,4.92,0.93,0.19,0,0
2025-03-05 03:51:38.744,8.46,1.61,0.34,4.92,0.93,0.19,0,0
2025-03-05 03:51:38.763,8.46,1.61,0.34,4.92,0.93,0.19,0,0
2025-03-05 03:51:38.790,8.46,1.61,0.34,4.92,0.93,0.19,0,0
2025-03-05 03:51:38.808,8.46,1.61,0.34,4.92,0.93,0.19,0,0
2025-03-05 03:51:38.832,8.46,1.61,0.34,4.92,0.93,0.19,0,0
2025-03-05 03:51:38.848,8.46,1.61,0.34,4.92,0.93,0.19,0,0
2025-03-05 03:51:38.870,8.46,1.61,0.34,4.92,0.93,0.19,0,0
2025-03-05 03:51:38.888,8.46,1.61,0.34,4.92,0.93,0.19,0,0
2025-03-05 03:51:38.907,8.46,1.61,0.34,4.92,0.93,0.19,0,0
2025-03-05 03:51:38.929,8.46,1.61,0.34,4.92,0.93,0.19,0,0
2025-03-05 03:51:38.946,8.46,1.61,0.34,4.92,0.93,0.19,0,0
2025-03-05 03:51:38.971,8.46,1.61,0.34,4.92,0.93,0.19,0,0
2025-03-05 03:51:38.992,8.46,1.61,0.34,4.92,0.93,0.19,0,0
2025-03-05 03:51:39.007,8.46,1.61,0.34,4.92,0.93,0.19,0,0
2025-03-05 03:51:39.030,8.46,1.61,0.34,4.92,0.93,0.19,0,0
2025-03-05 03:51:39.046,8.46,1.61,0.34,4.92,0.93,0.19,0,0
2025-03-05 03:51:39.071,8.46,1.61,0.34,4.92,0.93,0.19,0,0
2025-03-05 03:51:39.095,8.46,1.61,0.34,4.92,0.93,0.19,0,0
2025-03-05 03:51:39.117,8.46,1.61,0.34,4.92,0.93,0.19,0,0
2025-03-05 03:51:39.136,8.46,1.61,0.34,4.92,0.93,0.19,0,0
2025-03-05 03:51:39.160,8.46,1.61,0.34,4.92,0.93,0.19,0,0
2025-03-05 03:51:39.178,16.53,3.29,0.70,9.46,1.88,0.40,0,0
2025-03-05 03:51:39.201,16.53,3.29,0.70,9.46,1.88,0.40,0,0
2025-03-05 03:51:39.221,16.53,3.29,0.70,9.46,1.88,0.40,0,0
2025-03-05 03:51:39.239,16.53,3.29,0.70,9.46,1.88,0.40,0,0
2025-03-05 03:51:39.258,16.53,3.29,0.70,9.46,1.88,0.40,0,0
2025-03-05 03:51:39.276,16.53,3.29,0.70,9.46,1.88,0.40,0,0
2025-03-05 03:51:39.298,16.53,3.29,0.70,9.46,1.88,0.40,0,0
2025-03-05 03:51:39.319,16.53,3.29,0.70,9.46,1.88,0.40,0,0
2025-03-05 03:51:39.339,16.53,3.29,0.70,9.46,1.88,0.40,0,0
2025-03-05 03:51:39.358,16.53,3.29,0.70,9.46,1.88,0.40,0,0
2025-03-05 03:51:39.377,16.53,3.29,0.70,9.46,1.88,0.40,0,0
2025-03-05 03:51:39.398,16.53,3.29,0.70,9.46,1.88,0.40,0,0
2025-03-05 03:51:39.415,16.53,3.29,0.70,9.46,1.88,0.40,0,0
2025-03-05 03:51:39.438,16.53,3.29,0.70,9.46,1.88,0.40,0,0
2025-03-05 03:51:39.455,16.53,3.29,0.70,9.46,1.88,0.40,0,0
2025-03-05 03:51:39.480,16.53,3.29,0.70,9.46,1.88,0.40,0,0
2025-03-05 03:51:39.500,16.53,3.29,0.70,9.46,1.88,0.40,0,0
2025-03-05 03:51:39.519,16.53,3.29,0.70,9.46,1.88,0.40,0,0
2025-03-05 03:51:39.543,16.53,3.29,0.70,9.46,1.88,0.40,0,0
2025-03-05 03:51:39.562,16.53,3.29,0.70,9.46,1.88,0.40,0,0
2025-03-05 03:51:39.579,16.53,3.29,0.70,9.46,1.88,0.40,0,0
2025-03-05 03:51:39.603,16.53,3.29,0.70,9.46,1.88,0.40,0,0
2025-03-05 03:51:39.618,16.53,3.29,0.70,9.46,1.88,0.40,0,0
2025-03-05 03:51:39.641,16.53,3.29,0.70,9.46,1.88,0.40,0,0
2025-03-05 03:51:39.656,16.53,3.29,0.70,9.46,1.88,0.40,0,0
2025-03-05 03:51:39.676,16.53,3.29,0.70,9.46,1.88,0.40,0,0
2025-03-05 03:51:39.698,16.53,3.29,0.70,9.46,1.88,0.40,0,0
2025-03-05 03:51:39.713,16.53,3.29,0.70,9.46,1.88,0.40,0,0
2025-03-05 03:51:39.739,16.53,3.29,0.70,9.46,1.88,0.40,0,0
2025-03-05 03:51:39.762,16.53,3.29,0.70,9.46,1.88,0.40,0,0
2025-03-05 03:51:39.783,16.53,3.29,0.70,9.46,1.88,0.40,0,0
2025-03-05 03:51:39.805,16.53,3.29,0.70,9.46,1.88,0.40,0,0
2025-03-05 03:51:39.825,16.53,3.29,0.70,9.46,1.88,0.40,0,0
2025-03-05 03:51:39.844,16.53,3.29,0.70,9.46,1.88,0.40,0,0
2025-03-05 03:51:39.862,16.53,3.29,0.70,9.46,1.88,0.40,0,0
2025-03-05 03:51:39.884,16.53,3.29,0.70,9.46,1.88,0.40,0,0
2025-03-05 03:51:39.901,16.53,3.29,0.70,9.46,1.88,0.40,0,0
2025-03-05 03:51:39.922,16.53,3.29,0.70,9.46,1.88,0.40,0,0
2025-03-05 03:51:39.944,16.53,3.29,0.70,9.46,1.88,0.40,0,0
2025-03-05 03:51:39.961,16.53,3.29,0.70,9.46,1.88,0.40,0,0
2025-03-05 03:51:39.984,16.53,3.29,0.70,9.46,1.88,0.40,0,0
2025-03-05 03:51:39.999,16.53,3.29,0.70,9.46,1.88,0.40,0,0
2025-03-05 03:51:40.023,16.53,3.29,0.70,9.46,1.88,0.40,0,0
2025-03-05 03:51:40.042,16.53,3.29,0.70,9.46,1.88,0.40,0,0
2025-03-05 03:51:40.064,16.53,3.29,0.70,9.46,1.88,0.40,0,0
2025-03-05 03:51:40.087,16.53,3.29,0.70,9.46,1.88,0.40,0,0
2025-03-05 03:51:40.106,16.53,3.29,0.70,9.46,1.88,0.40,0,0
2025-03-05 03:51:40.125,16.53,3.29,0.70,9.46,1.88,0.40,0,0
2025-03-05 03:51:40.151,16.53,3.29,0.70,9.46,1.88,0.40,0,0
2025-03-05 03:51:40.174,16.53,3.29,0.70,9.46,1.88,0.40,0,0
2025-03-05 03:51:40.194,16.53,3.29,0.70,9.46,1.88,0.40,0,0
2025-03-05 03:51:40.212,16.53,3.29,0.70,9.46,1.88,0.40,0,0
2025-03-05 03:51:40.230,16.53,3.29,0.70,9.46,1.88,0.40,0,0
2025-03-05 03:51:40.249,16.53,3.29,0.70,9.46,1.88,0.40,0,0
2025-03-05 03:51:40.266,16.53,3.29,0.70,9.46,1.88,0.40,0,0
2025-03-05 03:51:40.288,16.53,3.29,0.70,9.46,1.88,0.40,0,0
2025-03-05 03:51:40.307,16.53,3.29,0.70,9.46,1.88,0.40,0,0
2025-03-05 03:51:40.327,16.53,3.29,0.70,9.46,1.88,0.40,0,0
2025-03-05 03:51:40.344,16.53,3.29,0.70,9.46,1.88,0.40,0,0
2025-03-05 03:51:40.364,16.53,3.29,0.70,9.46,1.88,0.40,0,0
2025-03-05 03:51:40.382,16.53,3.29,0.70,9.46,1.88,0.40,0,0
2025-03-05 03:51:40.401,16.53,3.29,0.70,9.46,1.88,0.40,0,0
2025-03-05 03:51:40.418,16.53,3.29,0.70,9.46,1.88,0.40,0,0
2025-03-05 03:51:40.437,16.53,3.29,0.70,9.46,1.88,0.40,0,0
2025-03-05 03:51:40.456,16.53,3.29,0.70,9.46,1.88,0.40,0,0
2025-03-05 03:51:40.476,16.53,3.29,0.70,9.46,1.88,0.40,0,0
2025-03-05 03:51:40.495,16.53,3.29,0.70,9.46,1.88,0.40,0,0
2025-03-05 03:51:40.513,16.53,3.29,0.70,9.46,1.88,0.40,0,0
2025-03-05 03:51:40.533,16.53,3.29,0.70,9.46,1.88,0.40,0,0
2025-03-05 03:51:40.551,16.53,3.29,0.70,9.46,1.88,0.40,0,0
2025-03-05 03:51:40.569,16.53,3.29,0.70,9.46,1.88,0.40,0,0
2025-03-05 03:51:40.587,16.53,3.29,0.70,9.46,1.88,0.40,0,0
2025-03-05 03:51:40.606,16.53,3.29,0.70,9.46,1.88,0.40,0,0
2025-03-05 03:51:40.623,16.53,3.29,0.70,9.46,1.88,0.40,0,0
2025-03-05 03:51:40.641,16.53,3.29,0.70,9.46,1.88,0.40,0,0
2025-03-05 03:51:40.659,16.53,3.29,0.70,9.46,1.88,0.40,0,0
2025-03-05 03:51:40.677,16.53,3.29,0.70,9.46,1.88,0.40,0,0
2025-03-05 03:51:40.697,16.53,3.29,0.70,9.46,1.88,0.40,0,0
2025-03-05 03:51:40.714,16.53,3.29,0.70,9.46,1.88,0.40,0,0
2025-03-05 03:51:40.732,16.53,3.29,0.70,9.46,1.88,0.40,0,0
2025-03-05 03:51:40.750,16.53,3.29,0.70,9.46,1.88,0.40,0,0
2025-03-05 03:51:40.768,16.53,3.29,0.70,9.46,1.88,0.40,0,0
2025-03-05 03:51:40.788,16.53,3.29,0.70,9.46,1.88,0.40,0,0
2025-03-05 03:51:40.808,16.53,3.29,0.70,9.46,1.88,0.40,0,0
2025-03-05 03:51:40.827,16.53,3.29,0.70,9.46,1.88,0.40,0,0
2025-03-05 03:51:40.844,16.53,3.29,0.70,9.46,1.88,0.40,0,0
2025-03-05 03:51:40.862,16.53,3.29,0.70,9.46,1.88,0.40,0,0
2025-03-05 03:51:40.880,16.53,3.29,0.70,9.46,1.88,0.40,0,0
2025-03-05 03:51:40.899,16.53,3.29,0.70,9.46,1.88,0.40,0,0
2025-03-05 03:51:40.917,16.53,3.29,0.70,9.46,1.88,0.40,0,0
2025-03-05 03:51:40.937,16.53,3.29,0.70,9.46,1.88,0.40,0,0
2025-03-05 03:51:40.957,16.53,3.29,0.70,9.46,1.88,0.40,0,0
2025-03-05 03:51:40.977,16.53,3.29,0.70,9.46,1.88,0.40,0,0
2025-03-05 03:51:40.996,16.53,3.29,0.70,9.46,1.88,0.40,0,0
2025-03-05 03:51:41.013,16.53,3.29,0.70,9.46,1.88,0.40,0,0
2025-03-05 03:51:41.032,16.53,3.29,0.70,9.46,1.88,0.40,0,0
2025-03-05 03:51:41.049,16.53,3.29,0.70,9.46,1.88,0.40,0,0
2025-03-05 03:51:41.067,16.53,3.29,0.70,9.46,1.88,0.40,0,0
2025-03-05 03:51:41.086,16.53,3.29,0.70,9.46,1.88,0.40,0,0
2025-03-05 03:51:41.105,16.53,3.29,0.70,9.46,1.88,0.40,0,0
2025-03-05 03:51:41.129,16.53,3.29,0.70,9.46,1.88,0.40,0,0
2025-03-05 03:51:41.147,16.53,3.29,0.70,9.46,1.88,0.40,0,0
2025-03-05 03:51:41.168,26.03,5.44,1.16,13.91,2.94,0.63,0,0
2025-03-05 03:51:41.189,26.03,5.44,1.16,13.91,2.94,0.63,0,0
2025-03-05 03:51:41.211,26.03,5.44,1.16,13.91,2.94,0.63,0,0
2025-03-05 03:51:41.237,26.03,5.44,1.16,13.91,2.94,0.63,0,0
2025-03-05 03:51:41.255,26.03,5.44,1.16,13.91,2.94,0.63,0,0
2025-03-05 03:51:41.273,26.03,5.44,1.16,13.91,2.94,0.63,0,0
2025-03-05 03:51:41.294,26.03,5.44,1.16,13.91,2.94,0.63,0,0
2025-03-05 03:51:41.313,26.03,5.44,1.16,13.91,2.94,0.63,0,0
2025-03-05 03:51:41.335,26.03,5.44,1.16,13.91,2.94,0.63,0,0
2025-03-05 03:51:41.354,26.03,5.44,1.16,13.91,2.94,0.63,0,0
