Timestamp,Some (avg10),Some (avg60),Some (avg300),Full (avg10),Full (avg60),Full (avg300),OOM Kills,OOM Failures
2025-03-05 03:48:13.557,0.00,0.00,0.00,0.00,0.00,0.00,0,0
2025-03-05 03:48:13.579,0.00,0.00,0.00,0.00,0.00,0.00,0,0
2025-03-05 03:48:13.601,0.00,0.00,0.00,0.00,0.00,0.00,0,0
2025-03-05 03:48:13.623,0.00,0.00,0.00,0.00,0.00,0.00,0,0
2025-03-05 03:48:13.645,0.00,0.00,0.00,0.00,0.00,0.00,0,0
2025-03-05 03:48:13.663,0.00,0.00,0.00,0.00,0.00,0.00,0,0
2025-03-05 03:48:13.687,0.00,0.00,0.00,0.00,0.00,0.00,0,0
2025-03-05 03:48:13.707,0.00,0.00,0.00,0.00,0.00,0.00,0,0
2025-03-05 03:48:13.729,0.00,0.00,0.00,0.00,0.00,0.00,0,0
2025-03-05 03:48:13.754,0.00,0.00,0.00,0.00,0.00,0.00,0,0
2025-03-05 03:48:13.773,0.00,0.00,0.00,0.00,0.00,0.00,0,0
2025-03-05 03:48:13.791,0.00,0.00,0.00,0.00,0.00,0.00,0,0
2025-03-05 03:48:13.814,0.00,0.00,0.00,0.00,0.00,0.00,0,0
2025-03-05 03:48:13.831,0.00,0.00,0.00,0.00,0.00,0.00,0,0
2025-03-05 03:48:13.853,0.00,0.00,0.00,0.00,0.00,0.00,0,0
2025-03-05 03:48:13.872,0.00,0.00,0.00,0.00,0.00,0.00,0,0
2025-03-05 03:48:13.892,0.00,0.00,0.00,0.00,0.00,0.00,0,0
2025-03-05 03:48:13.915,0.00,0.00,0.00,0.00,0.00,0.00,0,0
2025-03-05 03:48:13.936,0.00,0.00,0.00,0.00,0.00,0.00,0,0
2025-03-05 03:48:13.953,0.00,0.00,0.00,0.00,0.00,0.00,0,0
2025-03-05 03:48:13.971,0.00,0.00,0.00,0.00,0.00,0.00,0,0
2025-03-05 03:48:13.994,0.00,0.00,0.00,0.00,0.00,0.00,0,0
2025-03-05 03:48:14.016,0.00,0.00,0.00,0.00,0.00,0.00,0,0
2025-03-05 03:48:14.039,0.00,0.00,0.00,0.00,0.00,0.00,0,0
2025-03-05 03:48:14.057,0.00,0.00,0.00,0.00,0.00,0.00,0,0
2025-03-05 03:48:14.080,0.00,0.00,0.00,0.00,0.00,0.00,0,0
2025-03-05 03:48:14.099,0.00,0.00,0.00,0.00,0.00,0.00,0,0
2025-03-05 03:48:14.119,0.00,0.00,0.00,0.00,0.00,0.00,0,0
2025-03-05 03:48:14.141,0.00,0.00,0.00,0.00,0.00,0.00,0,0
2025-03-05 03:48:14.159,0.00,0.00,0.00,0.00,0.00,0.00,0,0
2025-03-05 03:48:14.183,0.00,0.00,0.00,0.00,0.00,0.00,0,0
2025-03-05 03:48:14.204,0.00,0.00,0.00,0.00,0.00,0.00,0,0
2025-03-05 03:48:14.221,0.00,0.00,0.00,0.00,0.00,0.00,0,0
2025-03-05 03:48:14.242,0.00,0.00,0.00,0.00,0.00,0.00,0,0
2025-03-05 03:48:14.262,0.00,0.00,0.00,0.00,0.00,0.00,0,0
2025-03-05 03:48:14.284,0.00,0.00,0.00,0.00,0.00,0.00,0,0
2025-03-05 03:48:14.304,0.00,0.00,0.00,0.00,0.00,0.00,0,0
2025-03-05 03:48:14.327,0.00,0.00,0.00,0.00,0.00,0.00,0,0
2025-03-05 03:48:14.345,0.00,0.00,0.00,0.00,0.00,0.00,0,0
2025-03-05 03:48:14.370,0.00,0.00,0.00,0.00,0.00,0.00,0,0
2025-03-05 03:48:14.392,0.00,0.00,0.00,0.00,0.00,0.00,0,0
2025-03-05 03:48:14.410,0.00,0.00,0.00,0.00,0.00,0.00,0,0
2025-03-05 03:48:14.431,0.00,0.00,0.00,0.00,0.00,0.00,0,0
2025-03-05 03:48:14.454,0.00,0.00,0.00,0.00,0.00,0.00,0,0
2025-03-05 03:48:14.473,0.00,0.00,0.00,0.00,0.00,0.00,0,0
2025-03-05 03:48:14.491,0.00,0.00,0.00,0.00,0.00,0.00,0,0
2025-03-05 03:48:14.513,0.00,0.00,0.00,0.00,0.00,0.00,0,0
2025-03-05 03:48:14.537,0.00,0.00,0.00,0.00,0.00,0.00,0,0
2025-03-05 03:48:14.555,0.00,0.00,0.00,0.00,0.00,0.00,0,0
2025-03-05 03:48:14.578,0.00,0.00,0.00,0.00,0.00,0.00,0,0
2025-03-05 03:48:14.601,0.00,0.00,0.00,0.00,0.00,0.00,0,0
2025-03-05 03:48:14.619,0.00,0.00,0.00,0.00,0.00,0.00,0,0
2025-03-05 03:48:14.641,0.00,0.00,0.00,0.00,0.00,0.00,0,0
2025-03-05 03:48:14.659,0.00,0.00,0.00,0.00,0.00,0.00,0,0
2025-03-05 03:48:14.679,0.00,0.00,0.00,0.00,0.00,0.00,0,0
2025-03-05 03:48:14.703,0.00,0.00,0.00,0.00,0.00,0.00,0,0
2025-03-05 03:48:14.724,0.00,0.00,0.00,0.00,0.00,0.00,0,0
2025-03-05 03:48:14.745,0.00,0.00,0.00,0.00,0.00,0.00,0,0
2025-03-05 03:48:14.768,0.00,0.00,0.00,0.00,0.00,0.00,0,0
2025-03-05 03:48:14.787,0.00,0.00,0.00,0.00,0.00,0.00,0,0
2025-03-05 03:48:14.806,0.00,0.00,0.00,0.00,0.00,0.00,0,0
2025-03-05 03:48:14.825,0.00,0.00,0.00,0.00,0.00,0.00,0,0
2025-03-05 03:48:14.845,0.00,0.00,0.00,0.00,0.00,0.00,0,0
2025-03-05 03:48:14.865,0.00,0.00,0.00,0.00,0.00,0.00,0,0
2025-03-05 03:48:14.882,0.00,0.00,0.00,0.00,0.00,0.00,0,0
2025-03-05 03:48:14.901,0.00,0.00,0.00,0.00,0.00,0.00,0,0
2025-03-05 03:48:14.921,0.00,0.00,0.00,0.00,0.00,0.00,0,0
2025-03-05 03:48:14.941,0.00,0.00,0.00,0.00,0.00,0.00,0,0
2025-03-05 03:48:14.959,0.00,0.00,0.00,0.00,0.00,0.00,0,0
2025-03-05 03:48:14.978,0.00,0.00,0.00,0.00,0.00,0.00,0,0
2025-03-05 03:48:14.996,0.00,0.00,0.00,0.00,0.00,0.00,0,0
2025-03-05 03:48:15.014,0.00,0.00,0.00,0.00,0.00,0.00,0,0
2025-03-05 03:48:15.037,0.00,0.00,0.00,0.00,0.00,0.00,0,0
2025-03-05 03:48:15.058,0.00,0.00,0.00,0.00,0.00,0.00,0,0
2025-03-05 03:48:15.077,0.00,0.00,0.00,0.00,0.00,0.00,0,0
2025-03-05 03:48:15.097,0.00,0.00,0.00,0.00,0.00,0.00,0,0
2025-03-05 03:48:15.116,0.00,0.00,0.00,0.00,0.00,0.00,0,0
2025-03-05 03:48:15.136,0.00,0.00,0.00,0.00,0.00,0.00,0,0
2025-03-05 03:48:15.156,0.00,0.00,0.00,0.00,0.00,0.00,0,0
2025-03-05 03:48:15.175,0.00,0.00,0.00,0.00,0.00,0.00,0,0
2025-03-05 03:48:15.194,0.00,0.00,0.00,0.00,0.00,0.00,0,0
2025-03-05 03:48:15.213,0.00,0.00,0.00,0.00,0.00,0.00,0,0
2025-03-05 03:48:15.236,0.00,0.00,0.00,0.00,0.00,0.00,0,0
2025-03-05 03:48:15.260,0.00,0.00,0.00,0.00,0.00,0.00,0,0
2025-03-05 03:48:15.280,0.00,0.00,0.00,0.00,0.00,0.00,0,0
2025-03-05 03:48:15.299,0.00,0.00,0.00,0.00,0.00,0.00,0,0
2025-03-05 03:48:15.317,0.00,0.00,0.00,0.00,0.00,0.00,0,0
2025-03-05 03:48:15.339,0.00,0.00,0.00,0.00,0.00,0.00,0,0
2025-03-05 03:48:15.356,0.00,0.00,0.00,0.00,0.00,0.00,0,0
2025-03-05 03:48:15.376,0.00,0.00,0.00,0.00,0.00,0.00,0,0
2025-03-05 03:48:15.398,0.00,0.00,0.00,0.00,0.00,0.00,0,0
2025-03-05 03:48:15.418,0.00,0.00,0.00,0.00,0.00,0.00,0,0
2025-03-05 03:48:15.435,0.00,0.00,0.00,0.00,0.00,0.00,0,0
2025-03-05 03:48:15.464,0.00,0.00,0.00,0.00,0.00,0.00,0,0
2025-03-05 03:48:15.484,0.00,0.00,0.00,0.00,0.00,0.00,0,0
2025-03-05 03:48:15.506,0.00,0.00,0.00,0.00,0.00,0.00,0,0
2025-03-05 03:48:15.526,0.00,0.00,0.00,0.00,0.00,0.00,0,0
2025-03-05 03:48:15.546,0.00,0.00,0.00,0.00,0.00,0.00,0,0
2025-03-05 03:48:15.568,0.00,0.00,0.00,0.00,0.00,0.00,0,0
2025-03-05 03:48:15.586,0.00,0.00,0.00,0.00,0.00,0.00,0,0
2025-03-05 03:48:15.605,0.00,0.00,0.00,0.00,0.00,0.00,0,0
2025-03-05 03:48:15.651,0.00,0.00,0.00,0.00,0.00,0.00,0,0
2025-03-05 03:48:15.670,0.00,0.00,0.00,0.00,0.00,0.00,0,0
2025-03-05 03:48:15.696,0.00,0.00,0.00,0.00,0.00,0.00,0,0
2025-03-05 03:48:15.728,0.00,0.00,0.00,0.00,0.00,0.00,0,0
2025-03-05 03:48:15.767,0.00,0.00,0.00,0.00,0.00,0.00,0,0
2025-03-05 03:48:15.801,0.00,0.00,0.00,0.00,0.00,0.00,0,0
2025-03-05 03:48:15.822,0.00,0.00,0.00,0.00,0.00,0.00,0,0
2025-03-05 03:48:15.838,0.00,0.00,0.00,0.00,0.00,0.00,0,0
2025-03-05 03:48:15.859,0.00,0.00,0.00,0.00,0.00,0.00,0,0
2025-03-05 03:48:15.876,0.00,0.00,0.00,0.00,0.00,0.00,0,0
2025-03-05 03:48:15.903,0.00,0.00,0.00,0.00,0.00,0.00,0,0
2025-03-05 03:48:15.922,0.00,0.00,0.00,0.00,0.00,0.00,0,0
2025-03-05 03:48:15.945,0.00,0.00,0.00,0.00,0.00,0.00,0,0
2025-03-05 03:48:15.970,0.00,0.00,0.00,0.00,0.00,0.00,0,0
2025-03-05 03:48:15.991,0.00,0.00,0.00,0.00,0.00,0.00,0,0
2025-03-05 03:48:16.014,0.00,0.00,0.00,0.00,0.00,0.00,0,0
2025-03-05 03:48:16.035,0.00,0.00,0.00,0.00,0.00,0.00,0,0
2025-03-05 03:48:16.057,0.00,0.00,0.00,0.00,0.00,0.00,0,0
2025-03-05 03:48:16.079,0.00,0.00,0.00,0.00,0.00,0.00,0,0
2025-03-05 03:48:16.099,0.00,0.00,0.00,0.00,0.00,0.00,0,0
2025-03-05 03:48:16.123,0.00,0.00,0.00,0.00,0.00,0.00,0,0
2025-03-05 03:48:16.140,0.00,0.00,0.00,0.00,0.00,0.00,0,0
2025-03-05 03:48:16.162,0.00,0.00,0.00,0.00,0.00,0.00,0,0
2025-03-05 03:48:16.183,0.00,0.00,0.00,0.00,0.00,0.00,0,0
2025-03-05 03:48:16.206,0.00,0.00,0.00,0.00,0.00,0.00,0,0
2025-03-05 03:48:16.225,0.00,0.00,0.00,0.00,0.00,0.00,0,0
2025-03-05 03:48:16.247,0.00,0.00,0.00,0.00,0.00,0.00,0,0
2025-03-05 03:48:16.265,0.00,0.00,0.00,0.00,0.00,0.00,0,0
2025-03-05 03:48:16.284,0.00,0.00,0.00,0.00,0.00,0.00,0,0
2025-03-05 03:48:16.304,0.00,0.00,0.00,0.00,0.00,0.00,0,0
2025-03-05 03:48:16.326,0.00,0.00,0.00,0.00,0.00,0.00,0,0
2025-03-05 03:48:16.345,0.00,0.00,0.00,0.00,0.00,0.00,0,0
2025-03-05 03:48:16.367,0.00,0.00,0.00,0.00,0.00,0.00,0,0
2025-03-05 03:48:16.386,0.00,0.00,0.00,0.00,0.00,0.00,0,0
2025-03-05 03:48:16.407,3.62,0.65,0.13,1.81,0.32,0.06,0,0
2025-03-05 03:48:16.425,3.62,0.65,0.13,1.81,0.32,0.06,0,0
2025-03-05 03:48:16.444,3.62,0.65,0.13,1.81,0.32,0.06,0,0
2025-03-05 03:48:16.465,3.62,0.65,0.13,1.81,0.32,0.06,0,0
2025-03-05 03:48:16.484,3.62,0.65,0.13,1.81,0.32,0.06,0,0
2025-03-05 03:48:16.505,3.62,0.65,0.13,1.81,0.32,0.06,0,0
2025-03-05 03:48:16.522,3.62,0.65,0.13,1.81,0.32,0.06,0,0
2025-03-05 03:48:16.541,3.62,0.65,0.13,1.81,0.32,0.06,0,0
2025-03-05 03:48:16.561,3.62,0.65,0.13,1.81,0.32,0.06,0,0
2025-03-05 03:48:16.579,3.62,0.65,0.13,1.81,0.32,0.06,0,0
2025-03-05 03:48:16.601,3.62,0.65,0.13,1.81,0.32,0.06,0,0
2025-03-05 03:48:16.619,3.62,0.65,0.13,1.81,0.32,0.06,0,0
2025-03-05 03:48:16.638,3.62,0.65,0.13,1.81,0.32,0.06,0,0
2025-03-05 03:48:16.656,3.62,0.65,0.13,1.81,0.32,0.06,0,0
2025-03-05 03:48:16.674,3.62,0.65,0.13,1.81,0.32,0.06,0,0
2025-03-05 03:48:16.697,3.62,0.65,0.13,1.81,0.32,0.06,0,0
2025-03-05 03:48:16.719,3.62,0.65,0.13,1.81,0.32,0.06,0,0
2025-03-05 03:48:16.738,3.62,0.65,0.13,1.81,0.32,0.06,0,0
2025-03-05 03:48:16.762,3.62,0.65,0.13,1.81,0.32,0.06,0,0
2025-03-05 03:48:16.784,3.62,0.65,0.13,1.81,0.32,0.06,0,0
2025-03-05 03:48:16.801,3.62,0.65,0.13,1.81,0.32,0.06,0,0
2025-03-05 03:48:16.828,3.62,0.65,0.13,1.81,0.32,0.06,0,0
2025-03-05 03:48:16.854,3.62,0.65,0.13,1.81,0.32,0.06,0,0
2025-03-05 03:48:16.870,3.62,0.65,0.13,1.81,0.32,0.06,0,0
2025-03-05 03:48:16.892,3.62,0.65,0.13,1.81,0.32,0.06,0,0
2025-03-05 03:48:16.912,3.62,0.65,0.13,1.81,0.32,0.06,0,0
2025-03-05 03:48:16.928,3.62,0.65,0.13,1.81,0.32,0.06,0,0
2025-03-05 03:48:16.952,3.62,0.65,0.13,1.81,0.32,0.06,0,0
2025-03-05 03:48:16.975,3.62,0.65,0.13,1.81,0.32,0.06,0,0
2025-03-05 03:48:16.993,3.62,0.65,0.13,1.81,0.32,0.06,0,0
2025-03-05 03:48:17.016,3.62,0.65,0.13,1.81,0.32,0.06,0,0
2025-03-05 03:48:17.032,3.62,0.65,0.13,1.81,0.32,0.06,0,0
2025-03-05 03:48:17.058,3.62,0.65,0.13,1.81,0.32,0.06,0,0
2025-03-05 03:48:17.075,3.62,0.65,0.13,1.81,0.32,0.06,0,0
2025-03-05 03:48:17.101,3.62,0.65,0.13,1.81,0.32,0.06,0,0
2025-03-05 03:48:17.124,3.62,0.65,0.13,1.81,0.32,0.06,0,0
2025-03-05 03:48:17.150,3.62,0.65,0.13,1.81,0.32,0.06,0,0
2025-03-05 03:48:17.170,3.62,0.65,0.13,1.81,0.32,0.06,0,0
2025-03-05 03:48:17.193,3.62,0.65,0.13,1.81,0.32,0.06,0,0
2025-03-05 03:48:17.215,3.62,0.65,0.13,1.81,0.32,0.06,0,0
2025-03-05 03:48:17.233,3.62,0.65,0.13,1.81,0.32,0.06,0,0
2025-03-05 03:48:17.252,3.62,0.65,0.13,1.81,0.32,0.06,0,0
2025-03-05 03:48:17.274,3.62,0.65,0.13,1.81,0.32,0.06,0,0
2025-03-05 03:48:17.292,3.62,0.65,0.13,1.81,0.32,0.06,0,0
2025-03-05 03:48:17.312,3.62,0.65,0.13,1.81,0.32,0.06,0,0
2025-03-05 03:48:17.328,3.62,0.65,0.13,1.81,0.32,0.06,0,0
2025-03-05 03:48:17.347,3.62,0.65,0.13,1.81,0.32,0.06,0,0
2025-03-05 03:48:17.367,3.62,0.65,0.13,1.81,0.32,0.06,0,0
2025-03-05 03:48:17.385,3.62,0.65,0.13,1.81,0.32,0.06,0,0
2025-03-05 03:48:17.403,3.62,0.65,0.13,1.81,0.32,0.06,0,0
2025-03-05 03:48:17.427,3.62,0.65,0.13,1.81,0.32,0.06,0,0
2025-03-05 03:48:17.443,3.62,0.65,0.13,1.81,0.32,0.06,0,0
2025-03-05 03:48:17.471,3.62,0.65,0.13,1.81,0.32,0.06,0,0
2025-03-05 03:48:17.494,3.62,0.65,0.13,1.81,0.32,0.06,0,0
2025-03-05 03:48:17.510,3.62,0.65,0.13,1.81,0.32,0.06,0,0
2025-03-05 03:48:17.533,3.62,0.65,0.13,1.81,0.32,0.06,0,0
2025-03-05 03:48:17.550,3.62,0.65,0.13,1.81,0.32,0.06,0,0
2025-03-05 03:48:17.569,3.62,0.65,0.13,1.81,0.32,0.06,0,0
2025-03-05 03:48:17.594,3.62,0.65,0.13,1.81,0.32,0.06,0,0
2025-03-05 03:48:17.613,3.62,0.65,0.13,1.81,0.32,0.06,0,0
2025-03-05 03:48:17.633,3.62,0.65,0.13,1.81,0.32,0.06,0,0
2025-03-05 03:48:17.656,3.62,0.65,0.13,1.81,0.32,0.06,0,0
2025-03-05 03:48:17.674,3.62,0.65,0.13,1.81,0.32,0.06,0,0
2025-03-05 03:48:17.692,3.62,0.65,0.13,1.81,0.32,0.06,0,0
2025-03-05 03:48:17.715,3.62,0.65,0.13,1.81,0.32,0.06,0,0
2025-03-05 03:48:17.734,3.62,0.65,0.13,1.81,0.32,0.06,0,0
2025-03-05 03:48:17.755,3.62,0.65,0.13,1.81,0.32,0.06,0,0
2025-03-05 03:48:17.772,3.62,0.65,0.13,1.81,0.32,0.06,0,0
2025-03-05 03:48:17.791,3.62,0.65,0.13,1.81,0.32,0.06,0,0
2025-03-05 03:48:17.814,3.62,0.65,0.13,1.81,0.32,0.06,0,0
2025-03-05 03:48:17.832,3.62,0.65,0.13,1.81,0.32,0.06,0,0
2025-03-05 03:48:17.851,3.62,0.65,0.13,1.81,0.32,0.06,0,0
2025-03-05 03:48:17.870,3.62,0.65,0.13,1.81,0.32,0.06,0,0
2025-03-05 03:48:17.888,3.62,0.65,0.13,1.81,0.32,0.06,0,0
2025-03-05 03:48:17.910,3.62,0.65,0.13,1.81,0.32,0.06,0,0
2025-03-05 03:48:17.930,3.62,0.65,0.13,1.81,0.32,0.06,0,0
2025-03-05 03:48:17.950,3.62,0.65,0.13,1.81,0.32,0.06,0,0
2025-03-05 03:48:17.972,3.62,0.65,0.13,1.81,0.32,0.06,0,0
2025-03-05 03:48:17.989,3.62,0.65,0.13,1.81,0.32,0.06,0,0
2025-03-05 03:48:18.010,3.62,0.65,0.13,1.81,0.32,0.06,0,0
2025-03-05 03:48:18.035,3.62,0.65,0.13,1.81,0.32,0.06,0,0
2025-03-05 03:48:18.056,3.62,0.65,0.13,1.81,0.32,0.06,0,0
2025-03-05 03:48:18.074,3.62,0.65,0.13,1.81,0.32,0.06,0,0
2025-03-05 03:48:18.099,3.62,0.65,0.13,1.81,0.32,0.06,0,0
2025-03-05 03:48:18.118,3.62,0.65,0.13,1.81,0.32,0.06,0,0
2025-03-05 03:48:18.134,3.62,0.65,0.13,1.81,0.32,0.06,0,0
2025-03-05 03:48:18.161,3.62,0.65,0.13,1.81,0.32,0.06,0,0
2025-03-05 03:48:18.182,3.62,0.65,0.13,1.81,0.32,0.06,0,0
2025-03-05 03:48:18.207,3.62,0.65,0.13,1.81,0.32,0.06,0,0
2025-03-05 03:48:18.230,3.62,0.65,0.13,1.81,0.32,0.06,0,0
2025-03-05 03:48:18.249,3.62,0.65,0.13,1.81,0.32,0.06,0,0
2025-03-05 03:48:18.270,3.62,0.65,0.13,1.81,0.32,0.06,0,0
2025-03-05 03:48:18.288,3.62,0.65,0.13,1.81,0.32,0.06,0,0
2025-03-05 03:48:18.312,3.62,0.65,0.13,1.81,0.32,0.06,0,0
2025-03-05 03:48:18.329,3.62,0.65,0.13,1.81,0.32,0.06,0,0
2025-03-05 03:48:18.347,3.62,0.65,0.13,1.81,0.32,0.06,0,0
2025-03-05 03:48:18.372,3.62,0.65,0.13,1.81,0.32,0.06,0,0
2025-03-05 03:48:18.389,3.62,0.65,0.13,1.81,0.32,0.06,0,0
2025-03-05 03:48:18.408,7.85,1.51,0.32,4.56,0.87,0.18,0,0
2025-03-05 03:48:18.429,7.85,1.51,0.32,4.56,0.87,0.18,0,0
2025-03-05 03:48:18.452,7.85,1.51,0.32,4.56,0.87,0.18,0,0
2025-03-05 03:48:18.468,7.85,1.51,0.32,4.56,0.87,0.18,0,0
2025-03-05 03:48:18.493,7.85,1.51,0.32,4.56,0.87,0.18,0,0
2025-03-05 03:48:18.511,7.85,1.51,0.32,4.56,0.87,0.18,0,0
2025-03-05 03:48:18.530,7.85,1.51,0.32,4.56,0.87,0.18,0,0
2025-03-05 03:48:18.553,7.85,1.51,0.32,4.56,0.87,0.18,0,0
2025-03-05 03:48:18.571,7.85,1.51,0.32,4.56,0.87,0.18,0,0
2025-03-05 03:48:18.589,7.85,1.51,0.32,4.56,0.87,0.18,0,0
2025-03-05 03:48:18.612,7.85,1.51,0.32,4.56,0.87,0.18,0,0
2025-03-05 03:48:18.630,7.85,1.51,0.32,4.56,0.87,0.18,0,0
2025-03-05 03:48:18.651,7.85,1.51,0.32,4.56,0.87,0.18,0,0
2025-03-05 03:48:18.671,7.85,1.51,0.32,4.56,0.87,0.18,0,0
2025-03-05 03:48:18.690,7.85,1.51,0.32,4.56,0.87,0.18,0,0
2025-03-05 03:48:18.711,7.85,1.51,0.32,4.56,0.87,0.18,0,0
2025-03-05 03:48:18.734,7.85,1.51,0.32,4.56,0.87,0.18,0,0
2025-03-05 03:48:18.755,7.85,1.51,0.32,4.56,0.87,0.18,0,0
2025-03-05 03:48:18.777,7.85,1.51,0.32,4.56,0.87,0.18,0,0
2025-03-05 03:48:18.797,7.85,1.51,0.32,4.56,0.87,0.18,0,0
2025-03-05 03:48:18.813,7.85,1.51,0.32,4.56,0.87,0.18,0,0
2025-03-05 03:48:18.837,7.85,1.51,0.32,4.56,0.87,0.18,0,0
2025-03-05 03:48:18.859,7.85,1.51,0.32,4.56,0.87,0.18,0,0
2025-03-05 03:48:18.875,7.85,1.51,0.32,4.56,0.87,0.18,0,0
2025-03-05 03:48:19.474,7.85,1.51,0.32,4.56,0.87,0.18,0,0
2025-03-05 03:48:19.497,7.85,1.51,0.32,4.56,0.87,0.18,0,0
2025-03-05 03:48:19.517,7.85,1.51,0.32,4.56,0.87,0.18,0,0
2025-03-05 03:48:19.535,7.85,1.51,0.32,4.56,0.87,0.18,0,0
2025-03-05 03:48:19.553,7.85,1.51,0.32,4.56,0.87,0.18,0,0
2025-03-05 03:48:19.572,7.85,1.51,0.32,4.56,0.87,0.18,0,0
2025-03-05 03:48:19.592,7.85,1.51,0.32,4.56,0.87,0.18,0,0
2025-03-05 03:48:19.611,7.85,1.51,0.32,4.56,0.87,0.18,0,0
2025-03-05 03:48:19.631,7.85,1.51,0.32,4.56,0.87,0.18,0,0
2025-03-05 03:48:19.649,7.85,1.51,0.32,4.56,0.87,0.18,0,0
2025-03-05 03:48:19.671,7.85,1.51,0.32,4.56,0.87,0.18,0,0
2025-03-05 03:48:19.693,7.85,1.51,0.32,4.56,0.87,0.18,0,0
2025-03-05 03:48:19.714,7.85,1.51,0.32,4.56,0.87,0.18,0,0
2025-03-05 03:48:19.736,7.85,1.51,0.32,4.56,0.87,0.18,0,0
2025-03-05 03:48:19.761,7.85,1.51,0.32,4.56,0.87,0.18,0,0
2025-03-05 03:48:19.783,7.85,1.51,0.32,4.56,0.87,0.18,0,0
2025-03-05 03:48:19.803,7.85,1.51,0.32,4.56,0.87,0.18,0,0
2025-03-05 03:48:19.823,7.85,1.51,0.32,4.56,0.87,0.18,0,0
2025-03-05 03:48:19.846,7.85,1.51,0.32,4.56,0.87,0.18,0,0
2025-03-05 03:48:19.865,7.85,1.51,0.32,4.56,0.87,0.18,0,0
2025-03-05 03:48:19.888,7.85,1.51,0.32,4.56,0.87,0.18,0,0
2025-03-05 03:48:19.910,7.85,1.51,0.32,4.56,0.87,0.18,0,0
2025-03-05 03:48:19.929,7.85,1.51,0.32,4.56,0.87,0.18,0,0
2025-03-05 03:48:19.948,7.85,1.51,0.32,4.56,0.87,0.18,0,0
2025-03-05 03:48:19.971,7.85,1.51,0.32,4.56,0.87,0.18,0,0
2025-03-05 03:48:19.990,7.85,1.51,0.32,4.56,0.87,0.18,0,0
2025-03-05 03:48:20.013,7.85,1.51,0.32,4.56,0.87,0.18,0,0
2025-03-05 03:48:20.030,7.85,1.51,0.32,4.56,0.87,0.18,0,0
2025-03-05 03:48:20.056,7.85,1.51,0.32,4.56,0.87,0.18,0,0
2025-03-05 03:48:20.074,7.85,1.51,0.32,4.56,0.87,0.18,0,0
2025-03-05 03:48:20.095,7.85,1.51,0.32,4.56,0.87,0.18,0,0
2025-03-05 03:48:20.118,7.85,1.51,0.32,4.56,0.87,0.18,0,0
2025-03-05 03:48:20.142,7.85,1.51,0.32,4.56,0.87,0.18,0,0
2025-03-05 03:48:20.163,7.85,1.51,0.32,4.56,0.87,0.18,0,0
2025-03-05 03:48:20.185,7.85,1.51,0.32,4.56,0.87,0.18,0,0
2025-03-05 03:48:20.205,7.85,1.51,0.32,4.56,0.87,0.18,0,0
2025-03-05 03:48:20.232,7.85,1.51,0.32,4.56,0.87,0.18,0,0
2025-03-05 03:48:20.256,7.85,1.51,0.32,4.56,0.87,0.18,0,0
2025-03-05 03:48:20.281,7.85,1.51,0.32,4.56,0.87,0.18,0,0
2025-03-05 03:48:20.301,7.85,1.51,0.32,4.56,0.87,0.18,0,0
2025-03-05 03:48:20.320,7.85,1.51,0.32,4.56,0.87,0.18,0,0
2025-03-05 03:48:20.337,7.85,1.51,0.32,4.56,0.87,0.18,0,0
2025-03-05 03:48:20.361,7.85,1.51,0.32,4.56,0.87,0.18,0,0
2025-03-05 03:48:20.376,7.85,1.51,0.32,4.56,0.87,0.18,0,0
2025-03-05 03:48:20.396,7.85,1.51,0.32,4.56,0.87,0.18,0,0
2025-03-05 03:48:20.418,16.21,3.23,0.68,10.25,2.02,0.42,0,0
2025-03-05 03:48:20.434,16.21,3.23,0.68,10.25,2.02,0.42,0,0
2025-03-05 03:48:20.458,16.21,3.23,0.68,10.25,2.02,0.42,0,0
2025-03-05 03:48:20.476,16.21,3.23,0.68,10.25,2.02,0.42,0,0
2025-03-05 03:48:20.494,16.21,3.23,0.68,10.25,2.02,0.42,0,0
2025-03-05 03:48:20.517,16.21,3.23,0.68,10.25,2.02,0.42,0,0
2025-03-05 03:48:20.535,16.21,3.23,0.68,10.25,2.02,0.42,0,0
2025-03-05 03:48:20.557,16.21,3.23,0.68,10.25,2.02,0.42,0,0
2025-03-05 03:48:20.585,16.21,3.23,0.68,10.25,2.02,0.42,0,0
2025-03-05 03:48:20.604,16.21,3.23,0.68,10.25,2.02,0.42,0,0
2025-03-05 03:48:20.623,16.21,3.23,0.68,10.25,2.02,0.42,0,0
2025-03-05 03:48:20.642,16.21,3.23,0.68,10.25,2.02,0.42,0,0
2025-03-05 03:48:20.666,16.21,3.23,0.68,10.25,2.02,0.42,0,0
2025-03-05 03:48:20.683,16.21,3.23,0.68,10.25,2.02,0.42,0,0
2025-03-05 03:48:20.701,16.21,3.23,0.68,10.25,2.02,0.42,0,0
2025-03-05 03:48:20.724,16.21,3.23,0.68,10.25,2.02,0.42,0,0
2025-03-05 03:48:20.740,16.21,3.23,0.68,10.25,2.02,0.42,0,0
2025-03-05 03:48:20.767,16.21,3.23,0.68,10.25,2.02,0.42,0,0
2025-03-05 03:48:20.786,16.21,3.23,0.68,10.25,2.02,0.42,0,0
2025-03-05 03:48:20.806,16.21,3.23,0.68,10.25,2.02,0.42,0,0
2025-03-05 03:48:20.826,16.21,3.23,0.68,10.25,2.02,0.42,0,0
2025-03-05 03:48:20.843,16.21,3.23,0.68,10.25,2.02,0.42,0,0
2025-03-05 03:48:20.867,16.21,3.23,0.68,10.25,2.02,0.42,0,0
2025-03-05 03:48:20.883,16.21,3.23,0.68,10.25,2.02,0.42,0,0
2025-03-05 03:48:20.902,16.21,3.23,0.68,10.25,2.02,0.42,0,0
2025-03-05 03:48:20.925,16.21,3.23,0.68,10.25,2.02,0.42,0,0
2025-03-05 03:48:20.942,16.21,3.23,0.68,10.25,2.02,0.42,0,0
2025-03-05 03:48:20.960,16.21,3.23,0.68,10.25,2.02,0.42,0,0
2025-03-05 03:48:20.982,16.21,3.23,0.68,10.25,2.02,0.42,0,0
2025-03-05 03:48:20.999,16.21,3.23,0.68,10.25,2.02,0.42,0,0
2025-03-05 03:48:21.018,16.21,3.23,0.68,10.25,2.02,0.42,0,0
2025-03-05 03:48:21.038,16.21,3.23,0.68,10.25,2.02,0.42,0,0
2025-03-05 03:48:21.058,16.21,3.23,0.68,10.25,2.02,0.42,0,0
2025-03-05 03:48:21.078,16.21,3.23,0.68,10.25,2.02,0.42,0,0
2025-03-05 03:48:21.096,16.21,3.23,0.68,10.25,2.02,0.42,0,0
2025-03-05 03:48:21.117,16.21,3.23,0.68,10.25,2.02,0.42,0,0
2025-03-05 03:48:21.136,16.21,3.23,0.68,10.25,2.02,0.42,0,0
2025-03-05 03:48:21.154,16.21,3.23,0.68,10.25,2.02,0.42,0,0
2025-03-05 03:48:21.173,16.21,3.23,0.68,10.25,2.02,0.42,0,0
2025-03-05 03:48:21.192,16.21,3.23,0.68,10.25,2.02,0.42,0,0
2025-03-05 03:48:21.209,16.21,3.23,0.68,10.25,2.02,0.42,0,0
2025-03-05 03:48:21.228,16.21,3.23,0.68,10.25,2.02,0.42,0,0
2025-03-05 03:48:21.246,16.21,3.23,0.68,10.25,2.02,0.42,0,0
2025-03-05 03:48:21.265,16.21,3.23,0.68,10.25,2.02,0.42,0,0
2025-03-05 03:48:21.284,16.21,3.23,0.68,10.25,2.02,0.42,0,0
2025-03-05 03:48:21.305,16.21,3.23,0.68,10.25,2.02,0.42,0,0
2025-03-05 03:48:21.325,16.21,3.23,0.68,10.25,2.02,0.42,0,0
2025-03-05 03:48:21.344,16.21,3.23,0.68,10.25,2.02,0.42,0,0
2025-03-05 03:48:21.363,16.21,3.23,0.68,10.25,2.02,0.42,0,0
2025-03-05 03:48:21.382,16.21,3.23,0.68,10.25,2.02,0.42,0,0
2025-03-05 03:48:21.402,16.21,3.23,0.68,10.25,2.02,0.42,0,0
2025-03-05 03:48:21.424,16.21,3.23,0.68,10.25,2.02,0.42,0,0
2025-03-05 03:48:21.444,16.21,3.23,0.68,10.25,2.02,0.42,0,0
2025-03-05 03:48:21.469,16.21,3.23,0.68,10.25,2.02,0.42,0,0
2025-03-05 03:48:21.489,16.21,3.23,0.68,10.25,2.02,0.42,0,0
2025-03-05 03:48:21.507,16.21,3.23,0.68,10.25,2.02,0.42,0,0
2025-03-05 03:48:21.526,16.21,3.23,0.68,10.25,2.02,0.42,0,0
2025-03-05 03:48:21.545,16.21,3.23,0.68,10.25,2.02,0.42,0,0
2025-03-05 03:48:21.564,16.21,3.23,0.68,10.25,2.02,0.42,0,0
2025-03-05 03:48:21.583,16.21,3.23,0.68,10.25,2.02,0.42,0,0
2025-03-05 03:48:21.600,16.21,3.23,0.68,10.25,2.02,0.42,0,0
2025-03-05 03:48:21.619,16.21,3.23,0.68,10.25,2.02,0.42,0,0
2025-03-05 03:48:21.637,16.21,3.23,0.68,10.25,2.02,0.42,0,0
2025-03-05 03:48:21.655,16.21,3.23,0.68,10.25,2.02,0.42,0,0
2025-03-05 03:48:21.674,16.21,3.23,0.68,10.25,2.02,0.42,0,0
2025-03-05 03:48:21.692,16.21,3.23,0.68,10.25,2.02,0.42,0,0
2025-03-05 03:48:21.712,16.21,3.23,0.68,10.25,2.02,0.42,0,0
2025-03-05 03:48:21.731,16.21,3.23,0.68,10.25,2.02,0.42,0,0
2025-03-05 03:48:21.751,16.21,3.23,0.68,10.25,2.02,0.42,0,0
2025-03-05 03:48:21.770,16.21,3.23,0.68,10.25,2.02,0.42,0,0
2025-03-05 03:48:21.789,16.21,3.23,0.68,10.25,2.02,0.42,0,0
2025-03-05 03:48:21.808,16.21,3.23,0.68,10.25,2.02,0.42,0,0
2025-03-05 03:48:21.827,16.21,3.23,0.68,10.25,2.02,0.42,0,0
2025-03-05 03:48:21.846,16.21,3.23,0.68,10.25,2.02,0.42,0,0
2025-03-05 03:48:21.871,16.21,3.23,0.68,10.25,2.02,0.42,0,0
2025-03-05 03:48:21.894,16.21,3.23,0.68,10.25,2.02,0.42,0,0
2025-03-05 03:48:21.911,16.21,3.23,0.68,10.25,2.02,0.42,0,0
2025-03-05 03:48:21.930,16.21,3.23,0.68,10.25,2.02,0.42,0,0
2025-03-05 03:48:21.952,16.21,3.23,0.68,10.25,2.02,0.42,0,0
2025-03-05 03:48:21.974,16.21,3.23,0.68,10.25,2.02,0.42,0,0
2025-03-05 03:48:21.992,16.21,3.23,0.68,10.25,2.02,0.42,0,0
2025-03-05 03:48:22.011,16.21,3.23,0.68,10.25,2.02,0.42,0,0
2025-03-05 03:48:22.031,16.21,3.23,0.68,10.25,2.02,0.42,0,0
2025-03-05 03:48:22.054,16.21,3.23,0.68,10.25,2.02,0.42,0,0
2025-03-05 03:48:22.075,16.21,3.23,0.68,10.25,2.02,0.42,0,0
2025-03-05 03:48:22.096,16.21,3.23,0.68,10.25,2.02,0.42,0,0
