Timestamp,Some (avg10),Some (avg60),Some (avg300),Full (avg10),Full (avg60),Full (avg300),OOM Kills,OOM Failures
2025-03-05 03:45:10.509,0.00,0.00,0.00,0.00,0.00,0.00,0,0
2025-03-05 03:45:10.531,0.00,0.00,0.00,0.00,0.00,0.00,0,0
2025-03-05 03:45:10.555,0.00,0.00,0.00,0.00,0.00,0.00,0,0
2025-03-05 03:45:10.572,0.00,0.00,0.00,0.00,0.00,0.00,0,0
2025-03-05 03:45:10.592,0.00,0.00,0.00,0.00,0.00,0.00,0,0
2025-03-05 03:45:10.612,0.00,0.00,0.00,0.00,0.00,0.00,0,0
2025-03-05 03:45:10.631,0.00,0.00,0.00,0.00,0.00,0.00,0,0
2025-03-05 03:45:10.652,0.00,0.00,0.00,0.00,0.00,0.00,0,0
2025-03-05 03:45:10.671,0.00,0.00,0.00,0.00,0.00,0.00,0,0
2025-03-05 03:45:10.694,0.00,0.00,0.00,0.00,0.00,0.00,0,0
2025-03-05 03:45:10.722,0.00,0.00,0.00,0.00,0.00,0.00,0,0
2025-03-05 03:45:10.740,0.00,0.00,0.00,0.00,0.00,0.00,0,0
2025-03-05 03:45:10.765,0.00,0.00,0.00,0.00,0.00,0.00,0,0
2025-03-05 03:45:10.782,0.00,0.00,0.00,0.00,0.00,0.00,0,0
2025-03-05 03:45:10.805,0.00,0.00,0.00,0.00,0.00,0.00,0,0
2025-03-05 03:45:10.823,0.00,0.00,0.00,0.00,0.00,0.00,0,0
2025-03-05 03:45:10.845,0.00,0.00,0.00,0.00,0.00,0.00,0,0
2025-03-05 03:45:10.863,0.00,0.00,0.00,0.00,0.00,0.00,0,0
2025-03-05 03:45:10.881,0.00,0.00,0.00,0.00,0.00,0.00,0,0
2025-03-05 03:45:10.904,0.00,0.00,0.00,0.00,0.00,0.00,0,0
2025-03-05 03:45:10.927,0.00,0.00,0.00,0.00,0.00,0.00,0,0
2025-03-05 03:45:10.946,0.00,0.00,0.00,0.00,0.00,0.00,0,0
2025-03-05 03:45:10.969,0.00,0.00,0.00,0.00,0.00,0.00,0,0
2025-03-05 03:45:10.986,0.00,0.00,0.00,0.00,0.00,0.00,0,0
2025-03-05 03:45:11.005,0.00,0.00,0.00,0.00,0.00,0.00,0,0
2025-03-05 03:45:11.029,0.00,0.00,0.00,0.00,0.00,0.00,0,0
2025-03-05 03:45:11.046,0.00,0.00,0.00,0.00,0.00,0.00,0,0
2025-03-05 03:45:11.065,0.00,0.00,0.00,0.00,0.00,0.00,0,0
2025-03-05 03:45:11.087,0.00,0.00,0.00,0.00,0.00,0.00,0,0
2025-03-05 03:45:11.107,0.00,0.00,0.00,0.00,0.00,0.00,0,0
2025-03-05 03:45:11.126,0.00,0.00,0.00,0.00,0.00,0.00,0,0
2025-03-05 03:45:11.151,0.00,0.00,0.00,0.00,0.00,0.00,0,0
2025-03-05 03:45:11.168,0.00,0.00,0.00,0.00,0.00,0.00,0,0
2025-03-05 03:45:11.191,0.00,0.00,0.00,0.00,0.00,0.00,0,0
2025-03-05 03:45:11.208,0.00,0.00,0.00,0.00,0.00,0.00,0,0
2025-03-05 03:45:11.228,0.00,0.00,0.00,0.00,0.00,0.00,0,0
2025-03-05 03:45:11.246,0.00,0.00,0.00,0.00,0.00,0.00,0,0
2025-03-05 03:45:11.265,0.00,0.00,0.00,0.00,0.00,0.00,0,0
2025-03-05 03:45:11.292,0.00,0.00,0.00,0.00,0.00,0.00,0,0
2025-03-05 03:45:11.310,0.00,0.00,0.00,0.00,0.00,0.00,0,0
2025-03-05 03:45:11.328,0.00,0.00,0.00,0.00,0.00,0.00,0,0
2025-03-05 03:45:11.354,0.00,0.00,0.00,0.00,0.00,0.00,0,0
2025-03-05 03:45:11.374,0.00,0.00,0.00,0.00,0.00,0.00,0,0
2025-03-05 03:45:11.400,0.00,0.00,0.00,0.00,0.00,0.00,0,0
2025-03-05 03:45:11.422,0.00,0.00,0.00,0.00,0.00,0.00,0,0
2025-03-05 03:45:11.440,0.00,0.00,0.00,0.00,0.00,0.00,0,0
2025-03-05 03:45:11.464,0.00,0.00,0.00,0.00,0.00,0.00,0,0
2025-03-05 03:45:11.483,0.00,0.00,0.00,0.00,0.00,0.00,0,0
2025-03-05 03:45:11.507,0.00,0.00,0.00,0.00,0.00,0.00,0,0
2025-03-05 03:45:11.525,0.00,0.00,0.00,0.00,0.00,0.00,0,0
2025-03-05 03:45:11.544,0.00,0.00,0.00,0.00,0.00,0.00,0,0
2025-03-05 03:45:11.567,0.00,0.00,0.00,0.00,0.00,0.00,0,0
2025-03-05 03:45:11.588,0.00,0.00,0.00,0.00,0.00,0.00,0,0
2025-03-05 03:45:11.611,0.00,0.00,0.00,0.00,0.00,0.00,0,0
2025-03-05 03:45:11.627,0.00,0.00,0.00,0.00,0.00,0.00,0,0
2025-03-05 03:45:11.644,0.00,0.00,0.00,0.00,0.00,0.00,0,0
2025-03-05 03:45:11.666,0.00,0.00,0.00,0.00,0.00,0.00,0,0
2025-03-05 03:45:11.685,0.00,0.00,0.00,0.00,0.00,0.00,0,0
2025-03-05 03:45:11.703,0.00,0.00,0.00,0.00,0.00,0.00,0,0
2025-03-05 03:45:11.724,0.00,0.00,0.00,0.00,0.00,0.00,0,0
2025-03-05 03:45:11.747,0.00,0.00,0.00,0.00,0.00,0.00,0,0
2025-03-05 03:45:11.768,0.00,0.00,0.00,0.00,0.00,0.00,0,0
2025-03-05 03:45:11.791,0.00,0.00,0.00,0.00,0.00,0.00,0,0
2025-03-05 03:45:11.810,0.00,0.00,0.00,0.00,0.00,0.00,0,0
2025-03-05 03:45:11.827,0.00,0.00,0.00,0.00,0.00,0.00,0,0
2025-03-05 03:45:11.846,0.00,0.00,0.00,0.00,0.00,0.00,0,0
2025-03-05 03:45:11.864,0.00,0.00,0.00,0.00,0.00,0.00,0,0
2025-03-05 03:45:11.885,0.00,0.00,0.00,0.00,0.00,0.00,0,0
2025-03-05 03:45:11.904,0.00,0.00,0.00,0.00,0.00,0.00,0,0
2025-03-05 03:45:11.925,0.00,0.00,0.00,0.00,0.00,0.00,0,0
2025-03-05 03:45:11.943,0.00,0.00,0.00,0.00,0.00,0.00,0,0
2025-03-05 03:45:11.963,0.00,0.00,0.00,0.00,0.00,0.00,0,0
2025-03-05 03:45:11.981,0.00,0.00,0.00,0.00,0.00,0.00,0,0
2025-03-05 03:45:12.000,0.00,0.00,0.00,0.00,0.00,0.00,0,0
2025-03-05 03:45:12.019,0.00,0.00,0.00,0.00,0.00,0.00,0,0
2025-03-05 03:45:12.037,0.00,0.00,0.00,0.00,0.00,0.00,0,0
2025-03-05 03:45:12.056,0.00,0.00,0.00,0.00,0.00,0.00,0,0
2025-03-05 03:45:12.074,0.00,0.00,0.00,0.00,0.00,0.00,0,0
2025-03-05 03:45:12.093,0.00,0.00,0.00,0.00,0.00,0.00,0,0
2025-03-05 03:45:12.111,0.00,0.00,0.00,0.00,0.00,0.00,0,0
2025-03-05 03:45:12.130,0.00,0.00,0.00,0.00,0.00,0.00,0,0
2025-03-05 03:45:12.149,0.00,0.00,0.00,0.00,0.00,0.00,0,0
2025-03-05 03:45:12.167,0.00,0.00,0.00,0.00,0.00,0.00,0,0
2025-03-05 03:45:12.186,0.00,0.00,0.00,0.00,0.00,0.00,0,0
2025-03-05 03:45:12.206,0.00,0.00,0.00,0.00,0.00,0.00,0,0
2025-03-05 03:45:12.224,0.00,0.00,0.00,0.00,0.00,0.00,0,0
2025-03-05 03:45:12.243,0.00,0.00,0.00,0.00,0.00,0.00,0,0
2025-03-05 03:45:12.261,0.00,0.00,0.00,0.00,0.00,0.00,0,0
2025-03-05 03:45:12.285,0.00,0.00,0.00,0.00,0.00,0.00,0,0
2025-03-05 03:45:12.305,0.00,0.00,0.00,0.00,0.00,0.00,0,0
2025-03-05 03:45:12.327,0.00,0.00,0.00,0.00,0.00,0.00,0,0
2025-03-05 03:45:12.348,0.00,0.00,0.00,0.00,0.00,0.00,0,0
2025-03-05 03:45:12.371,0.00,0.00,0.00,0.00,0.00,0.00,0,0
2025-03-05 03:45:12.389,0.00,0.00,0.00,0.00,0.00,0.00,0,0
2025-03-05 03:45:12.414,0.00,0.00,0.00,0.00,0.00,0.00,0,0
2025-03-05 03:45:12.437,0.00,0.00,0.00,0.00,0.00,0.00,0,0
2025-03-05 03:45:12.461,0.00,0.00,0.00,0.00,0.00,0.00,0,0
2025-03-05 03:45:12.482,0.00,0.00,0.00,0.00,0.00,0.00,0,0
2025-03-05 03:45:12.503,0.00,0.00,0.00,0.00,0.00,0.00,0,0
2025-03-05 03:45:12.525,0.00,0.00,0.00,0.00,0.00,0.00,0,0
2025-03-05 03:45:12.546,0.00,0.00,0.00,0.00,0.00,0.00,0,0
2025-03-05 03:45:12.586,0.00,0.00,0.00,0.00,0.00,0.00,0,0
2025-03-05 03:45:12.603,0.00,0.00,0.00,0.00,0.00,0.00,0,0
2025-03-05 03:45:12.633,0.00,0.00,0.00,0.00,0.00,0.00,0,0
2025-03-05 03:45:12.676,0.00,0.00,0.00,0.00,0.00,0.00,0,0
2025-03-05 03:45:12.696,0.00,0.00,0.00,0.00,0.00,0.00,0,0
2025-03-05 03:45:12.715,0.00,0.00,0.00,0.00,0.00,0.00,0,0
2025-03-05 03:45:12.737,0.00,0.00,0.00,0.00,0.00,0.00,0,0
2025-03-05 03:45:12.759,0.00,0.00,0.00,0.00,0.00,0.00,0,0
2025-03-05 03:45:12.779,0.00,0.00,0.00,0.00,0.00,0.00,0,0
2025-03-05 03:45:12.800,0.00,0.00,0.00,0.00,0.00,0.00,0,0
2025-03-05 03:45:12.825,0.00,0.00,0.00,0.00,0.00,0.00,0,0
2025-03-05 03:45:12.843,0.00,0.00,0.00,0.00,0.00,0.00,0,0
2025-03-05 03:45:12.866,0.00,0.00,0.00,0.00,0.00,0.00,0,0
2025-03-05 03:45:12.883,0.00,0.00,0.00,0.00,0.00,0.00,0,0
2025-03-05 03:45:12.900,0.00,0.00,0.00,0.00,0.00,0.00,0,0
2025-03-05 03:45:12.920,0.00,0.00,0.00,0.00,0.00,0.00,0,0
2025-03-05 03:45:12.945,0.00,0.00,0.00,0.00,0.00,0.00,0,0
2025-03-05 03:45:12.967,0.00,0.00,0.00,0.00,0.00,0.00,0,0
2025-03-05 03:45:12.990,0.00,0.00,0.00,0.00,0.00,0.00,0,0
2025-03-05 03:45:13.008,0.00,0.00,0.00,0.00,0.00,0.00,0,0
2025-03-05 03:45:13.025,0.00,0.00,0.00,0.00,0.00,0.00,0,0
2025-03-05 03:45:13.046,0.00,0.00,0.00,0.00,0.00,0.00,0,0
2025-03-05 03:45:13.064,0.00,0.00,0.00,0.00,0.00,0.00,0,0
2025-03-05 03:45:13.083,0.00,0.00,0.00,0.00,0.00,0.00,0,0
2025-03-05 03:45:13.108,0.00,0.00,0.00,0.00,0.00,0.00,0,0
2025-03-05 03:45:13.126,0.00,0.00,0.00,0.00,0.00,0.00,0,0
2025-03-05 03:45:13.145,0.00,0.00,0.00,0.00,0.00,0.00,0,0
2025-03-05 03:45:13.166,0.00,0.00,0.00,0.00,0.00,0.00,0,0
2025-03-05 03:45:13.185,0.00,0.00,0.00,0.00,0.00,0.00,0,0
2025-03-05 03:45:13.202,0.00,0.00,0.00,0.00,0.00,0.00,0,0
2025-03-05 03:45:13.225,0.00,0.00,0.00,0.00,0.00,0.00,0,0
2025-03-05 03:45:13.242,0.00,0.00,0.00,0.00,0.00,0.00,0,0
2025-03-05 03:45:13.262,0.00,0.00,0.00,0.00,0.00,0.00,0,0
2025-03-05 03:45:13.285,0.00,0.00,0.00,0.00,0.00,0.00,0,0
2025-03-05 03:45:13.305,0.00,0.00,0.00,0.00,0.00,0.00,0,0
2025-03-05 03:45:13.324,0.00,0.00,0.00,0.00,0.00,0.00,0,0
2025-03-05 03:45:13.347,0.00,0.00,0.00,0.00,0.00,0.00,0,0
2025-03-05 03:45:13.366,0.00,0.00,0.00,0.00,0.00,0.00,0,0
2025-03-05 03:45:13.386,3.62,0.65,0.13,1.99,0.35,0.07,0,0
2025-03-05 03:45:13.406,3.62,0.65,0.13,1.99,0.35,0.07,0,0
2025-03-05 03:45:13.426,3.62,0.65,0.13,1.99,0.35,0.07,0,0
2025-03-05 03:45:13.451,3.62,0.65,0.13,1.99,0.35,0.07,0,0
2025-03-05 03:45:13.469,3.62,0.65,0.13,1.99,0.35,0.07,0,0
2025-03-05 03:45:13.488,3.62,0.65,0.13,1.99,0.35,0.07,0,0
2025-03-05 03:45:13.510,3.62,0.65,0.13,1.99,0.35,0.07,0,0
2025-03-05 03:45:13.528,3.62,0.65,0.13,1.99,0.35,0.07,0,0
2025-03-05 03:45:13.552,3.62,0.65,0.13,1.99,0.35,0.07,0,0
2025-03-05 03:45:13.569,3.62,0.65,0.13,1.99,0.35,0.07,0,0
2025-03-05 03:45:13.585,3.62,0.65,0.13,1.99,0.35,0.07,0,0
2025-03-05 03:45:13.607,3.62,0.65,0.13,1.99,0.35,0.07,0,0
2025-03-05 03:45:13.623,3.62,0.65,0.13,1.99,0.35,0.07,0,0
2025-03-05 03:45:13.642,3.62,0.65,0.13,1.99,0.35,0.07,0,0
2025-03-05 03:45:13.662,3.62,0.65,0.13,1.99,0.35,0.07,0,0
2025-03-05 03:45:13.679,3.62,0.65,0.13,1.99,0.35,0.07,0,0
2025-03-05 03:45:13.702,3.62,0.65,0.13,1.99,0.35,0.07,0,0
2025-03-05 03:45:13.720,3.62,0.65,0.13,1.99,0.35,0.07,0,0
2025-03-05 03:45:13.739,3.62,0.65,0.13,1.99,0.35,0.07,0,0
2025-03-05 03:45:13.764,3.62,0.65,0.13,1.99,0.35,0.07,0,0
2025-03-05 03:45:13.782,3.62,0.65,0.13,1.99,0.35,0.07,0,0
2025-03-05 03:45:13.803,3.62,0.65,0.13,1.99,0.35,0.07,0,0
2025-03-05 03:45:13.818,3.62,0.65,0.13,1.99,0.35,0.07,0,0
2025-03-05 03:45:13.845,3.62,0.65,0.13,1.99,0.35,0.07,0,0
2025-03-05 03:45:13.870,3.62,0.65,0.13,1.99,0.35,0.07,0,0
2025-03-05 03:45:13.894,3.62,0.65,0.13,1.99,0.35,0.07,0,0
2025-03-05 03:45:13.916,3.62,0.65,0.13,1.99,0.35,0.07,0,0
2025-03-05 03:45:13.937,3.62,0.65,0.13,1.99,0.35,0.07,0,0
2025-03-05 03:45:13.954,3.62,0.65,0.13,1.99,0.35,0.07,0,0
2025-03-05 03:45:13.977,3.62,0.65,0.13,1.99,0.35,0.07,0,0
2025-03-05 03:45:13.997,3.62,0.65,0.13,1.99,0.35,0.07,0,0
2025-03-05 03:45:14.023,3.62,0.65,0.13,1.99,0.35,0.07,0,0
2025-03-05 03:45:14.040,3.62,0.65,0.13,1.99,0.35,0.07,0,0
2025-03-05 03:45:14.063,3.62,0.65,0.13,1.99,0.35,0.07,0,0
2025-03-05 03:45:14.079,3.62,0.65,0.13,1.99,0.35,0.07,0,0
2025-03-05 03:45:14.104,3.62,0.65,0.13,1.99,0.35,0.07,0,0
2025-03-05 03:45:14.122,3.62,0.65,0.13,1.99,0.35,0.07,0,0
2025-03-05 03:45:14.139,3.62,0.65,0.13,1.99,0.35,0.07,0,0
2025-03-05 03:45:14.162,3.62,0.65,0.13,1.99,0.35,0.07,0,0
2025-03-05 03:45:14.179,3.62,0.65,0.13,1.99,0.35,0.07,0,0
2025-03-05 03:45:14.196,3.62,0.65,0.13,1.99,0.35,0.07,0,0
2025-03-05 03:45:14.219,3.62,0.65,0.13,1.99,0.35,0.07,0,0
2025-03-05 03:45:14.237,3.62,0.65,0.13,1.99,0.35,0.07,0,0
2025-03-05 03:45:14.260,3.62,0.65,0.13,1.99,0.35,0.07,0,0
2025-03-05 03:45:14.276,3.62,0.65,0.13,1.99,0.35,0.07,0,0
2025-03-05 03:45:14.298,3.62,0.65,0.13,1.99,0.35,0.07,0,0
2025-03-05 03:45:14.319,3.62,0.65,0.13,1.99,0.35,0.07,0,0
2025-03-05 03:45:14.340,3.62,0.65,0.13,1.99,0.35,0.07,0,0
2025-03-05 03:45:14.358,3.62,0.65,0.13,1.99,0.35,0.07,0,0
2025-03-05 03:45:14.381,3.62,0.65,0.13,1.99,0.35,0.07,0,0
2025-03-05 03:45:14.399,3.62,0.65,0.13,1.99,0.35,0.07,0,0
2025-03-05 03:45:14.416,3.62,0.65,0.13,1.99,0.35,0.07,0,0
2025-03-05 03:45:14.439,3.62,0.65,0.13,1.99,0.35,0.07,0,0
2025-03-05 03:45:14.458,3.62,0.65,0.13,1.99,0.35,0.07,0,0
2025-03-05 03:45:14.477,3.62,0.65,0.13,1.99,0.35,0.07,0,0
2025-03-05 03:45:14.499,3.62,0.65,0.13,1.99,0.35,0.07,0,0
2025-03-05 03:45:14.520,3.62,0.65,0.13,1.99,0.35,0.07,0,0
2025-03-05 03:45:14.540,3.62,0.65,0.13,1.99,0.35,0.07,0,0
2025-03-05 03:45:14.563,3.62,0.65,0.13,1.99,0.35,0.07,0,0
2025-03-05 03:45:14.579,3.62,0.65,0.13,1.99,0.35,0.07,0,0
2025-03-05 03:45:14.600,3.62,0.65,0.13,1.99,0.35,0.07,0,0
2025-03-05 03:45:14.627,3.62,0.65,0.13,1.99,0.35,0.07,0,0
2025-03-05 03:45:14.646,3.62,0.65,0.13,1.99,0.35,0.07,0,0
2025-03-05 03:45:14.672,3.62,0.65,0.13,1.99,0.35,0.07,0,0
2025-03-05 03:45:14.691,3.62,0.65,0.13,1.99,0.35,0.07,0,0
2025-03-05 03:45:14.709,3.62,0.65,0.13,1.99,0.35,0.07,0,0
2025-03-05 03:45:14.731,3.62,0.65,0.13,1.99,0.35,0.07,0,0
2025-03-05 03:45:14.753,3.62,0.65,0.13,1.99,0.35,0.07,0,0
2025-03-05 03:45:14.772,3.62,0.65,0.13,1.99,0.35,0.07,0,0
2025-03-05 03:45:14.796,3.62,0.65,0.13,1.99,0.35,0.07,0,0
2025-03-05 03:45:14.812,3.62,0.65,0.13,1.99,0.35,0.07,0,0
2025-03-05 03:45:14.830,3.62,0.65,0.13,1.99,0.35,0.07,0,0
2025-03-05 03:45:14.852,3.62,0.65,0.13,1.99,0.35,0.07,0,0
2025-03-05 03:45:14.874,3.62,0.65,0.13,1.99,0.35,0.07,0,0
2025-03-05 03:45:14.898,3.62,0.65,0.13,1.99,0.35,0.07,0,0
2025-03-05 03:45:14.918,3.62,0.65,0.13,1.99,0.35,0.07,0,0
2025-03-05 03:45:14.940,3.62,0.65,0.13,1.99,0.35,0.07,0,0
2025-03-05 03:45:14.959,3.62,0.65,0.13,1.99,0.35,0.07,0,0
2025-03-05 03:45:14.978,3.62,0.65,0.13,1.99,0.35,0.07,0,0
2025-03-05 03:45:15.001,3.62,0.65,0.13,1.99,0.35,0.07,0,0
2025-03-05 03:45:15.021,3.62,0.65,0.13,1.99,0.35,0.07,0,0
2025-03-05 03:45:15.043,3.62,0.65,0.13,1.99,0.35,0.07,0,0
2025-03-05 03:45:15.061,3.62,0.65,0.13,1.99,0.35,0.07,0,0
2025-03-05 03:45:15.084,3.62,0.65,0.13,1.99,0.35,0.07,0,0
2025-03-05 03:45:15.102,3.62,0.65,0.13,1.99,0.35,0.07,0,0
2025-03-05 03:45:15.124,3.62,0.65,0.13,1.99,0.35,0.07,0,0
2025-03-05 03:45:15.150,3.62,0.65,0.13,1.99,0.35,0.07,0,0
2025-03-05 03:45:15.176,3.62,0.65,0.13,1.99,0.35,0.07,0,0
2025-03-05 03:45:15.191,3.62,0.65,0.13,1.99,0.35,0.07,0,0
2025-03-05 03:45:15.213,3.62,0.65,0.13,1.99,0.35,0.07,0,0
2025-03-05 03:45:15.231,3.62,0.65,0.13,1.99,0.35,0.07,0,0
2025-03-05 03:45:15.254,3.62,0.65,0.13,1.99,0.35,0.07,0,0
2025-03-05 03:45:15.269,3.62,0.65,0.13,1.99,0.35,0.07,0,0
2025-03-05 03:45:15.289,3.62,0.65,0.13,1.99,0.35,0.07,0,0
2025-03-05 03:45:15.311,3.62,0.65,0.13,1.99,0.35,0.07,0,0
2025-03-05 03:45:15.329,3.62,0.65,0.13,1.99,0.35,0.07,0,0
2025-03-05 03:45:15.352,3.62,0.65,0.13,1.99,0.35,0.07,0,0
2025-03-05 03:45:15.373,3.62,0.65,0.13,1.99,0.35,0.07,0,0
2025-03-05 03:45:15.392,6.40,1.25,0.26,3.62,0.70,0.14,0,0
2025-03-05 03:45:15.413,6.40,1.25,0.26,3.62,0.70,0.14,0,0
2025-03-05 03:45:15.436,6.40,1.25,0.26,3.62,0.70,0.14,0,0
2025-03-05 03:45:15.462,6.40,1.25,0.26,3.62,0.70,0.14,0,0
2025-03-05 03:45:15.484,6.40,1.25,0.26,3.62,0.70,0.14,0,0
2025-03-05 03:45:15.508,6.40,1.25,0.26,3.62,0.70,0.14,0,0
2025-03-05 03:45:15.529,6.40,1.25,0.26,3.62,0.70,0.14,0,0
2025-03-05 03:45:15.548,6.40,1.25,0.26,3.62,0.70,0.14,0,0
2025-03-05 03:45:15.569,6.40,1.25,0.26,3.62,0.70,0.14,0,0
2025-03-05 03:45:15.591,6.40,1.25,0.26,3.62,0.70,0.14,0,0
2025-03-05 03:45:15.611,6.40,1.25,0.26,3.62,0.70,0.14,0,0
2025-03-05 03:45:15.630,6.40,1.25,0.26,3.62,0.70,0.14,0,0
2025-03-05 03:45:15.650,6.40,1.25,0.26,3.62,0.70,0.14,0,0
2025-03-05 03:45:15.670,6.40,1.25,0.26,3.62,0.70,0.14,0,0
2025-03-05 03:45:15.692,6.40,1.25,0.26,3.62,0.70,0.14,0,0
2025-03-05 03:45:15.711,6.40,1.25,0.26,3.62,0.70,0.14,0,0
2025-03-05 03:45:15.733,6.40,1.25,0.26,3.62,0.70,0.14,0,0
2025-03-05 03:45:15.755,6.40,1.25,0.26,3.62,0.70,0.14,0,0
2025-03-05 03:45:15.783,6.40,1.25,0.26,3.62,0.70,0.14,0,0
2025-03-05 03:45:15.801,6.40,1.25,0.26,3.62,0.70,0.14,0,0
2025-03-05 03:45:15.819,6.40,1.25,0.26,3.62,0.70,0.14,0,0
2025-03-05 03:45:15.841,6.40,1.25,0.26,3.62,0.70,0.14,0,0
2025-03-05 03:45:16.048,6.40,1.25,0.26,3.62,0.70,0.14,0,0
2025-03-05 03:45:16.069,6.40,1.25,0.26,3.62,0.70,0.14,0,0
2025-03-05 03:45:16.089,6.40,1.25,0.26,3.62,0.70,0.14,0,0
2025-03-05 03:45:16.108,6.40,1.25,0.26,3.62,0.70,0.14,0,0
2025-03-05 03:45:16.131,6.40,1.25,0.26,3.62,0.70,0.14,0,0
2025-03-05 03:45:16.150,6.40,1.25,0.26,3.62,0.70,0.14,0,0
2025-03-05 03:45:16.170,6.40,1.25,0.26,3.62,0.70,0.14,0,0
2025-03-05 03:45:16.188,6.40,1.25,0.26,3.62,0.70,0.14,0,0
2025-03-05 03:45:16.211,6.40,1.25,0.26,3.62,0.70,0.14,0,0
2025-03-05 03:45:16.229,6.40,1.25,0.26,3.62,0.70,0.14,0,0
2025-03-05 03:45:16.252,6.40,1.25,0.26,3.62,0.70,0.14,0,0
2025-03-05 03:45:16.272,6.40,1.25,0.26,3.62,0.70,0.14,0,0
2025-03-05 03:45:16.290,6.40,1.25,0.26,3.62,0.70,0.14,0,0
2025-03-05 03:45:16.312,6.40,1.25,0.26,3.62,0.70,0.14,0,0
2025-03-05 03:45:16.333,6.40,1.25,0.26,3.62,0.70,0.14,0,0
2025-03-05 03:45:16.357,6.40,1.25,0.26,3.62,0.70,0.14,0,0
2025-03-05 03:45:16.377,6.40,1.25,0.26,3.62,0.70,0.14,0,0
2025-03-05 03:45:16.402,6.40,1.25,0.26,3.62,0.70,0.14,0,0
2025-03-05 03:45:16.425,6.40,1.25,0.26,3.62,0.70,0.14,0,0
2025-03-05 03:45:16.442,6.40,1.25,0.26,3.62,0.70,0.14,0,0
2025-03-05 03:45:16.466,6.40,1.25,0.26,3.62,0.70,0.14,0,0
2025-03-05 03:45:16.488,6.40,1.25,0.26,3.62,0.70,0.14,0,0
2025-03-05 03:45:16.505,6.40,1.25,0.26,3.62,0.70,0.14,0,0
2025-03-05 03:45:16.528,6.40,1.25,0.26,3.62,0.70,0.14,0,0
2025-03-05 03:45:16.547,6.40,1.25,0.26,3.62,0.70,0.14,0,0
2025-03-05 03:45:16.569,6.40,1.25,0.26,3.62,0.70,0.14,0,0
2025-03-05 03:45:16.588,6.40,1.25,0.26,3.62,0.70,0.14,0,0
2025-03-05 03:45:16.612,6.40,1.25,0.26,3.62,0.70,0.14,0,0
2025-03-05 03:45:16.631,6.40,1.25,0.26,3.62,0.70,0.14,0,0
2025-03-05 03:45:16.648,6.40,1.25,0.26,3.62,0.70,0.14,0,0
2025-03-05 03:45:16.671,6.40,1.25,0.26,3.62,0.70,0.14,0,0
2025-03-05 03:45:16.688,6.40,1.25,0.26,3.62,0.70,0.14,0,0
2025-03-05 03:45:16.711,6.40,1.25,0.26,3.62,0.70,0.14,0,0
2025-03-05 03:45:16.732,6.40,1.25,0.26,3.62,0.70,0.14,0,0
2025-03-05 03:45:16.750,6.40,1.25,0.26,3.62,0.70,0.14,0,0
2025-03-05 03:45:16.772,6.40,1.25,0.26,3.62,0.70,0.14,0,0
2025-03-05 03:45:16.791,6.40,1.25,0.26,3.62,0.70,0.14,0,0
2025-03-05 03:45:16.817,6.40,1.25,0.26,3.62,0.70,0.14,0,0
2025-03-05 03:45:16.839,6.40,1.25,0.26,3.62,0.70,0.14,0,0
2025-03-05 03:45:16.863,6.40,1.25,0.26,3.62,0.70,0.14,0,0
2025-03-05 03:45:16.879,6.40,1.25,0.26,3.62,0.70,0.14,0,0
2025-03-05 03:45:16.902,6.40,1.25,0.26,3.62,0.70,0.14,0,0
2025-03-05 03:45:16.924,6.40,1.25,0.26,3.62,0.70,0.14,0,0
2025-03-05 03:45:16.948,6.40,1.25,0.26,3.62,0.70,0.14,0,0
2025-03-05 03:45:16.966,6.40,1.25,0.26,3.62,0.70,0.14,0,0
2025-03-05 03:45:16.991,6.40,1.25,0.26,3.62,0.70,0.14,0,0
2025-03-05 03:45:17.010,6.40,1.25,0.26,3.62,0.70,0.14,0,0
2025-03-05 03:45:17.037,6.40,1.25,0.26,3.62,0.70,0.14,0,0
2025-03-05 03:45:17.058,6.40,1.25,0.26,3.62,0.70,0.14,0,0
2025-03-05 03:45:17.087,6.40,1.25,0.26,3.62,0.70,0.14,0,0
2025-03-05 03:45:17.103,6.40,1.25,0.26,3.62,0.70,0.14,0,0
2025-03-05 03:45:17.123,6.40,1.25,0.26,3.62,0.70,0.14,0,0
2025-03-05 03:45:17.142,6.40,1.25,0.26,3.62,0.70,0.14,0,0
2025-03-05 03:45:17.160,6.40,1.25,0.26,3.62,0.70,0.14,0,0
2025-03-05 03:45:17.181,6.40,1.25,0.26,3.62,0.70,0.14,0,0
2025-03-05 03:45:17.201,6.40,1.25,0.26,3.62,0.70,0.14,0,0
2025-03-05 03:45:17.223,6.40,1.25,0.26,3.62,0.70,0.14,0,0
2025-03-05 03:45:17.240,6.40,1.25,0.26,3.62,0.70,0.14,0,0
2025-03-05 03:45:17.263,6.40,1.25,0.26,3.62,0.70,0.14,0,0
2025-03-05 03:45:17.282,6.40,1.25,0.26,3.62,0.70,0.14,0,0
2025-03-05 03:45:17.300,6.40,1.25,0.26,3.62,0.70,0.14,0,0
2025-03-05 03:45:17.324,6.40,1.25,0.26,3.62,0.70,0.14,0,0
2025-03-05 03:45:17.344,6.40,1.25,0.26,3.62,0.70,0.14,0,0
2025-03-05 03:45:17.366,6.40,1.25,0.26,3.62,0.70,0.14,0,0
2025-03-05 03:45:17.384,12.67,2.55,0.54,8.04,1.60,0.34,0,0
2025-03-05 03:45:17.407,12.67,2.55,0.54,8.04,1.60,0.34,0,0
2025-03-05 03:45:17.433,12.67,2.55,0.54,8.04,1.60,0.34,0,0
2025-03-05 03:45:17.456,12.67,2.55,0.54,8.04,1.60,0.34,0,0
2025-03-05 03:45:17.473,12.67,2.55,0.54,8.04,1.60,0.34,0,0
2025-03-05 03:45:17.495,12.67,2.55,0.54,8.04,1.60,0.34,0,0
2025-03-05 03:45:17.511,12.67,2.55,0.54,8.04,1.60,0.34,0,0
2025-03-05 03:45:17.536,12.67,2.55,0.54,8.04,1.60,0.34,0,0
2025-03-05 03:45:17.554,12.67,2.55,0.54,8.04,1.60,0.34,0,0
2025-03-05 03:45:17.574,12.67,2.55,0.54,8.04,1.60,0.34,0,0
2025-03-05 03:45:17.593,12.67,2.55,0.54,8.04,1.60,0.34,0,0
2025-03-05 03:45:17.612,12.67,2.55,0.54,8.04,1.60,0.34,0,0
2025-03-05 03:45:17.632,12.67,2.55,0.54,8.04,1.60,0.34,0,0
2025-03-05 03:45:17.649,12.67,2.55,0.54,8.04,1.60,0.34,0,0
2025-03-05 03:45:17.667,12.67,2.55,0.54,8.04,1.60,0.34,0,0
2025-03-05 03:45:17.685,12.67,2.55,0.54,8.04,1.60,0.34,0,0
2025-03-05 03:45:17.705,12.67,2.55,0.54,8.04,1.60,0.34,0,0
2025-03-05 03:45:17.723,12.67,2.55,0.54,8.04,1.60,0.34,0,0
2025-03-05 03:45:17.742,12.67,2.55,0.54,8.04,1.60,0.34,0,0
2025-03-05 03:45:17.762,12.67,2.55,0.54,8.04,1.60,0.34,0,0
2025-03-05 03:45:17.781,12.67,2.55,0.54,8.04,1.60,0.34,0,0
2025-03-05 03:45:17.801,12.67,2.55,0.54,8.04,1.60,0.34,0,0
2025-03-05 03:45:17.818,12.67,2.55,0.54,8.04,1.60,0.34,0,0
2025-03-05 03:45:17.837,12.67,2.55,0.54,8.04,1.60,0.34,0,0
2025-03-05 03:45:17.854,12.67,2.55,0.54,8.04,1.60,0.34,0,0
2025-03-05 03:45:17.872,12.67,2.55,0.54,8.04,1.60,0.34,0,0
2025-03-05 03:45:17.891,12.67,2.55,0.54,8.04,1.60,0.34,0,0
2025-03-05 03:45:17.909,12.67,2.55,0.54,8.04,1.60,0.34,0,0
2025-03-05 03:45:17.926,12.67,2.55,0.54,8.04,1.60,0.34,0,0
2025-03-05 03:45:17.946,12.67,2.55,0.54,8.04,1.60,0.34,0,0
2025-03-05 03:45:17.964,12.67,2.55,0.54,8.04,1.60,0.34,0,0
2025-03-05 03:45:17.983,12.67,2.55,0.54,8.04,1.60,0.34,0,0
2025-03-05 03:45:18.000,12.67,2.55,0.54,8.04,1.60,0.34,0,0
2025-03-05 03:45:18.020,12.67,2.55,0.54,8.04,1.60,0.34,0,0
2025-03-05 03:45:18.038,12.67,2.55,0.54,8.04,1.60,0.34,0,0
2025-03-05 03:45:18.060,12.67,2.55,0.54,8.04,1.60,0.34,0,0
2025-03-05 03:45:18.078,12.67,2.55,0.54,8.04,1.60,0.34,0,0
2025-03-05 03:45:18.097,12.67,2.55,0.54,8.04,1.60,0.34,0,0
2025-03-05 03:45:18.114,12.67,2.55,0.54,8.04,1.60,0.34,0,0
2025-03-05 03:45:18.133,12.67,2.55,0.54,8.04,1.60,0.34,0,0
2025-03-05 03:45:18.151,12.67,2.55,0.54,8.04,1.60,0.34,0,0
2025-03-05 03:45:18.170,12.67,2.55,0.54,8.04,1.60,0.34,0,0
2025-03-05 03:45:18.189,12.67,2.55,0.54,8.04,1.60,0.34,0,0
2025-03-05 03:45:18.208,12.67,2.55,0.54,8.04,1.60,0.34,0,0
2025-03-05 03:45:18.227,12.67,2.55,0.54,8.04,1.60,0.34,0,0
2025-03-05 03:45:18.245,12.67,2.55,0.54,8.04,1.60,0.34,0,0
2025-03-05 03:45:18.264,12.67,2.55,0.54,8.04,1.60,0.34,0,0
2025-03-05 03:45:18.282,12.67,2.55,0.54,8.04,1.60,0.34,0,0
2025-03-05 03:45:18.301,12.67,2.55,0.54,8.04,1.60,0.34,0,0
2025-03-05 03:45:18.320,12.67,2.55,0.54,8.04,1.60,0.34,0,0
2025-03-05 03:45:18.340,12.67,2.55,0.54,8.04,1.60,0.34,0,0
2025-03-05 03:45:18.359,12.67,2.55,0.54,8.04,1.60,0.34,0,0
2025-03-05 03:45:18.379,12.67,2.55,0.54,8.04,1.60,0.34,0,0
2025-03-05 03:45:18.404,12.67,2.55,0.54,8.04,1.60,0.34,0,0
2025-03-05 03:45:18.422,12.67,2.55,0.54,8.04,1.60,0.34,0,0
2025-03-05 03:45:18.442,12.67,2.55,0.54,8.04,1.60,0.34,0,0
2025-03-05 03:45:18.462,12.67,2.55,0.54,8.04,1.60,0.34,0,0
2025-03-05 03:45:18.485,12.67,2.55,0.54,8.04,1.60,0.34,0,0
2025-03-05 03:45:18.504,12.67,2.55,0.54,8.04,1.60,0.34,0,0
2025-03-05 03:45:18.524,12.67,2.55,0.54,8.04,1.60,0.34,0,0
2025-03-05 03:45:18.544,12.67,2.55,0.54,8.04,1.60,0.34,0,0
2025-03-05 03:45:18.562,12.67,2.55,0.54,8.04,1.60,0.34,0,0
2025-03-05 03:45:18.581,12.67,2.55,0.54,8.04,1.60,0.34,0,0
