Timestamp,Some (avg10),Some (avg60),Some (avg300),Full (avg10),Full (avg60),Full (avg300),OOM Kills,OOM Failures
2025-03-05 03:44:45.157,0.00,0.00,0.00,0.00,0.00,0.00,0,0
2025-03-05 03:44:45.174,0.00,0.00,0.00,0.00,0.00,0.00,0,0
2025-03-05 03:44:45.195,0.00,0.00,0.00,0.00,0.00,0.00,0,0
2025-03-05 03:44:45.220,0.00,0.00,0.00,0.00,0.00,0.00,0,0
2025-03-05 03:44:45.240,0.00,0.00,0.00,0.00,0.00,0.00,0,0
2025-03-05 03:44:45.259,0.00,0.00,0.00,0.00,0.00,0.00,0,0
2025-03-05 03:44:45.279,0.00,0.00,0.00,0.00,0.00,0.00,0,0
2025-03-05 03:44:45.299,0.00,0.00,0.00,0.00,0.00,0.00,0,0
2025-03-05 03:44:45.321,0.00,0.00,0.00,0.00,0.00,0.00,0,0
2025-03-05 03:44:45.338,0.00,0.00,0.00,0.00,0.00,0.00,0,0
2025-03-05 03:44:45.362,0.00,0.00,0.00,0.00,0.00,0.00,0,0
2025-03-05 03:44:45.378,0.00,0.00,0.00,0.00,0.00,0.00,0,0
2025-03-05 03:44:45.402,0.00,0.00,0.00,0.00,0.00,0.00,0,0
2025-03-05 03:44:45.424,0.00,0.00,0.00,0.00,0.00,0.00,0,0
2025-03-05 03:44:45.446,0.00,0.00,0.00,0.00,0.00,0.00,0,0
2025-03-05 03:44:45.470,0.00,0.00,0.00,0.00,0.00,0.00,0,0
2025-03-05 03:44:45.495,0.00,0.00,0.00,0.00,0.00,0.00,0,0
2025-03-05 03:44:45.517,0.00,0.00,0.00,0.00,0.00,0.00,0,0
2025-03-05 03:44:45.541,0.00,0.00,0.00,0.00,0.00,0.00,0,0
2025-03-05 03:44:45.560,0.00,0.00,0.00,0.00,0.00,0.00,0,0
2025-03-05 03:44:45.580,0.00,0.00,0.00,0.00,0.00,0.00,0,0
2025-03-05 03:44:45.601,0.00,0.00,0.00,0.00,0.00,0.00,0,0
2025-03-05 03:44:45.618,0.00,0.00,0.00,0.00,0.00,0.00,0,0
2025-03-05 03:44:45.641,0.00,0.00,0.00,0.00,0.00,0.00,0,0
2025-03-05 03:44:45.659,0.00,0.00,0.00,0.00,0.00,0.00,0,0
2025-03-05 03:44:45.682,0.00,0.00,0.00,0.00,0.00,0.00,0,0
2025-03-05 03:44:45.701,0.00,0.00,0.00,0.00,0.00,0.00,0,0
2025-03-05 03:44:45.718,0.00,0.00,0.00,0.00,0.00,0.00,0,0
2025-03-05 03:44:45.742,0.00,0.00,0.00,0.00,0.00,0.00,0,0
2025-03-05 03:44:45.762,0.00,0.00,0.00,0.00,0.00,0.00,0,0
2025-03-05 03:44:45.780,0.00,0.00,0.00,0.00,0.00,0.00,0,0
2025-03-05 03:44:45.799,0.00,0.00,0.00,0.00,0.00,0.00,0,0
2025-03-05 03:44:45.821,0.00,0.00,0.00,0.00,0.00,0.00,0,0
2025-03-05 03:44:45.842,0.00,0.00,0.00,0.00,0.00,0.00,0,0
2025-03-05 03:44:45.861,0.00,0.00,0.00,0.00,0.00,0.00,0,0
2025-03-05 03:44:45.879,0.00,0.00,0.00,0.00,0.00,0.00,0,0
2025-03-05 03:44:45.897,0.00,0.00,0.00,0.00,0.00,0.00,0,0
2025-03-05 03:44:45.921,0.00,0.00,0.00,0.00,0.00,0.00,0,0
2025-03-05 03:44:45.944,0.00,0.00,0.00,0.00,0.00,0.00,0,0
2025-03-05 03:44:45.963,0.00,0.00,0.00,0.00,0.00,0.00,0,0
2025-03-05 03:44:45.982,0.00,0.00,0.00,0.00,0.00,0.00,0,0
2025-03-05 03:44:46.005,0.00,0.00,0.00,0.00,0.00,0.00,0,0
2025-03-05 03:44:46.023,0.00,0.00,0.00,0.00,0.00,0.00,0,0
2025-03-05 03:44:46.042,0.00,0.00,0.00,0.00,0.00,0.00,0,0
2025-03-05 03:44:46.064,0.00,0.00,0.00,0.00,0.00,0.00,0,0
2025-03-05 03:44:46.086,0.00,0.00,0.00,0.00,0.00,0.00,0,0
2025-03-05 03:44:46.105,0.00,0.00,0.00,0.00,0.00,0.00,0,0
2025-03-05 03:44:46.130,0.00,0.00,0.00,0.00,0.00,0.00,0,0
2025-03-05 03:44:46.151,0.00,0.00,0.00,0.00,0.00,0.00,0,0
2025-03-05 03:44:46.169,0.00,0.00,0.00,0.00,0.00,0.00,0,0
2025-03-05 03:44:46.192,0.00,0.00,0.00,0.00,0.00,0.00,0,0
2025-03-05 03:44:46.211,0.00,0.00,0.00,0.00,0.00,0.00,0,0
2025-03-05 03:44:46.229,0.00,0.00,0.00,0.00,0.00,0.00,0,0
2025-03-05 03:44:46.250,0.00,0.00,0.00,0.00,0.00,0.00,0,0
2025-03-05 03:44:46.274,0.00,0.00,0.00,0.00,0.00,0.00,0,0
2025-03-05 03:44:46.292,0.00,0.00,0.00,0.00,0.00,0.00,0,0
2025-03-05 03:44:46.312,0.00,0.00,0.00,0.00,0.00,0.00,0,0
2025-03-05 03:44:46.329,0.00,0.00,0.00,0.00,0.00,0.00,0,0
2025-03-05 03:44:46.349,0.00,0.00,0.00,0.00,0.00,0.00,0,0
2025-03-05 03:44:46.368,0.00,0.00,0.00,0.00,0.00,0.00,0,0
2025-03-05 03:44:46.388,0.00,0.00,0.00,0.00,0.00,0.00,0,0
2025-03-05 03:44:46.406,0.00,0.00,0.00,0.00,0.00,0.00,0,0
2025-03-05 03:44:46.426,0.00,0.00,0.00,0.00,0.00,0.00,0,0
2025-03-05 03:44:46.445,0.00,0.00,0.00,0.00,0.00,0.00,0,0
2025-03-05 03:44:46.465,0.00,0.00,0.00,0.00,0.00,0.00,0,0
2025-03-05 03:44:46.485,0.00,0.00,0.00,0.00,0.00,0.00,0,0
2025-03-05 03:44:46.505,0.00,0.00,0.00,0.00,0.00,0.00,0,0
2025-03-05 03:44:46.523,0.00,0.00,0.00,0.00,0.00,0.00,0,0
2025-03-05 03:44:46.545,0.00,0.00,0.00,0.00,0.00,0.00,0,0
2025-03-05 03:44:46.567,0.00,0.00,0.00,0.00,0.00,0.00,0,0
2025-03-05 03:44:46.589,0.00,0.00,0.00,0.00,0.00,0.00,0,0
2025-03-05 03:44:46.609,0.00,0.00,0.00,0.00,0.00,0.00,0,0
2025-03-05 03:44:46.628,0.00,0.00,0.00,0.00,0.00,0.00,0,0
2025-03-05 03:44:46.647,0.00,0.00,0.00,0.00,0.00,0.00,0,0
2025-03-05 03:44:46.667,0.00,0.00,0.00,0.00,0.00,0.00,0,0
2025-03-05 03:44:46.686,0.00,0.00,0.00,0.00,0.00,0.00,0,0
2025-03-05 03:44:46.707,0.00,0.00,0.00,0.00,0.00,0.00,0,0
2025-03-05 03:44:46.726,0.00,0.00,0.00,0.00,0.00,0.00,0,0
2025-03-05 03:44:46.749,0.00,0.00,0.00,0.00,0.00,0.00,0,0
2025-03-05 03:44:46.770,0.00,0.00,0.00,0.00,0.00,0.00,0,0
2025-03-05 03:44:46.790,0.00,0.00,0.00,0.00,0.00,0.00,0,0
2025-03-05 03:44:46.809,0.00,0.00,0.00,0.00,0.00,0.00,0,0
2025-03-05 03:44:46.829,0.00,0.00,0.00,0.00,0.00,0.00,0,0
2025-03-05 03:44:46.847,0.00,0.00,0.00,0.00,0.00,0.00,0,0
2025-03-05 03:44:46.867,0.00,0.00,0.00,0.00,0.00,0.00,0,0
2025-03-05 03:44:46.886,0.00,0.00,0.00,0.00,0.00,0.00,0,0
2025-03-05 03:44:46.906,0.00,0.00,0.00,0.00,0.00,0.00,0,0
2025-03-05 03:44:46.929,0.00,0.00,0.00,0.00,0.00,0.00,0,0
2025-03-05 03:44:46.950,0.00,0.00,0.00,0.00,0.00,0.00,0,0
2025-03-05 03:44:46.972,0.00,0.00,0.00,0.00,0.00,0.00,0,0
2025-03-05 03:44:46.990,0.00,0.00,0.00,0.00,0.00,0.00,0,0
2025-03-05 03:44:47.016,0.00,0.00,0.00,0.00,0.00,0.00,0,0
2025-03-05 03:44:47.037,0.00,0.00,0.00,0.00,0.00,0.00,0,0
2025-03-05 03:44:47.057,0.00,0.00,0.00,0.00,0.00,0.00,0,0
2025-03-05 03:44:47.081,0.00,0.00,0.00,0.00,0.00,0.00,0,0
2025-03-05 03:44:47.098,0.00,0.00,0.00,0.00,0.00,0.00,0,0
2025-03-05 03:44:47.121,0.00,0.00,0.00,0.00,0.00,0.00,0,0
2025-03-05 03:44:47.140,0.00,0.00,0.00,0.00,0.00,0.00,0,0
2025-03-05 03:44:47.163,0.00,0.00,0.00,0.00,0.00,0.00,0,0
2025-03-05 03:44:47.181,0.00,0.00,0.00,0.00,0.00,0.00,0,0
2025-03-05 03:44:47.199,0.00,0.00,0.00,0.00,0.00,0.00,0,0
2025-03-05 03:44:47.227,0.00,0.00,0.00,0.00,0.00,0.00,0,0
2025-03-05 03:44:47.249,0.00,0.00,0.00,0.00,0.00,0.00,0,0
2025-03-05 03:44:47.280,0.00,0.00,0.00,0.00,0.00,0.00,0,0
2025-03-05 03:44:47.300,0.00,0.00,0.00,0.00,0.00,0.00,0,0
2025-03-05 03:44:47.333,0.00,0.00,0.00,0.00,0.00,0.00,0,0
2025-03-05 03:44:47.355,0.00,0.00,0.00,0.00,0.00,0.00,0,0
2025-03-05 03:44:47.387,0.00,0.00,0.00,0.00,0.00,0.00,0,0
2025-03-05 03:44:47.408,0.00,0.00,0.00,0.00,0.00,0.00,0,0
2025-03-05 03:44:47.424,0.00,0.00,0.00,0.00,0.00,0.00,0,0
2025-03-05 03:44:47.445,0.00,0.00,0.00,0.00,0.00,0.00,0,0
2025-03-05 03:44:47.466,0.00,0.00,0.00,0.00,0.00,0.00,0,0
2025-03-05 03:44:47.490,0.00,0.00,0.00,0.00,0.00,0.00,0,0
2025-03-05 03:44:47.512,0.00,0.00,0.00,0.00,0.00,0.00,0,0
2025-03-05 03:44:47.529,0.00,0.00,0.00,0.00,0.00,0.00,0,0
2025-03-05 03:44:47.556,0.00,0.00,0.00,0.00,0.00,0.00,0,0
2025-03-05 03:44:47.579,0.00,0.00,0.00,0.00,0.00,0.00,0,0
2025-03-05 03:44:47.599,0.00,0.00,0.00,0.00,0.00,0.00,0,0
2025-03-05 03:44:47.626,0.00,0.00,0.00,0.00,0.00,0.00,0,0
2025-03-05 03:44:47.649,0.00,0.00,0.00,0.00,0.00,0.00,0,0
2025-03-05 03:44:47.668,0.00,0.00,0.00,0.00,0.00,0.00,0,0
2025-03-05 03:44:47.692,0.00,0.00,0.00,0.00,0.00,0.00,0,0
2025-03-05 03:44:47.714,0.00,0.00,0.00,0.00,0.00,0.00,0,0
2025-03-05 03:44:47.737,0.00,0.00,0.00,0.00,0.00,0.00,0,0
2025-03-05 03:44:47.757,0.00,0.00,0.00,0.00,0.00,0.00,0,0
2025-03-05 03:44:47.782,0.00,0.00,0.00,0.00,0.00,0.00,0,0
2025-03-05 03:44:47.802,0.00,0.00,0.00,0.00,0.00,0.00,0,0
2025-03-05 03:44:47.823,0.00,0.00,0.00,0.00,0.00,0.00,0,0
2025-03-05 03:44:47.846,0.00,0.00,0.00,0.00,0.00,0.00,0,0
2025-03-05 03:44:47.866,0.00,0.00,0.00,0.00,0.00,0.00,0,0
2025-03-05 03:44:47.884,0.00,0.00,0.00,0.00,0.00,0.00,0,0
2025-03-05 03:44:47.902,0.00,0.00,0.00,0.00,0.00,0.00,0,0
2025-03-05 03:44:47.925,0.00,0.00,0.00,0.00,0.00,0.00,0,0
2025-03-05 03:44:47.944,0.00,0.00,0.00,0.00,0.00,0.00,0,0
2025-03-05 03:44:47.967,0.00,0.00,0.00,0.00,0.00,0.00,0,0
2025-03-05 03:44:47.985,0.00,0.00,0.00,0.00,0.00,0.00,0,0
2025-03-05 03:44:48.009,0.00,0.00,0.00,0.00,0.00,0.00,0,0
2025-03-05 03:44:48.034,0.00,0.00,0.00,0.00,0.00,0.00,0,0
2025-03-05 03:44:48.053,3.98,0.71,0.15,2.17,0.39,0.08,0,0
2025-03-05 03:44:48.072,3.98,0.71,0.15,2.17,0.39,0.08,0,0
2025-03-05 03:44:48.092,3.98,0.71,0.15,2.17,0.39,0.08,0,0
2025-03-05 03:44:48.111,3.98,0.71,0.15,2.17,0.39,0.08,0,0
2025-03-05 03:44:48.139,3.98,0.71,0.15,2.17,0.39,0.08,0,0
2025-03-05 03:44:48.158,3.98,0.71,0.15,2.17,0.39,0.08,0,0
2025-03-05 03:44:48.176,3.98,0.71,0.15,2.17,0.39,0.08,0,0
2025-03-05 03:44:48.202,3.98,0.71,0.15,2.17,0.39,0.08,0,0
2025-03-05 03:44:48.223,3.98,0.71,0.15,2.17,0.39,0.08,0,0
2025-03-05 03:44:48.242,3.98,0.71,0.15,2.17,0.39,0.08,0,0
2025-03-05 03:44:48.264,3.98,0.71,0.15,2.17,0.39,0.08,0,0
2025-03-05 03:44:48.282,3.98,0.71,0.15,2.17,0.39,0.08,0,0
2025-03-05 03:44:48.302,3.98,0.71,0.15,2.17,0.39,0.08,0,0
2025-03-05 03:44:48.326,3.98,0.71,0.15,2.17,0.39,0.08,0,0
2025-03-05 03:44:48.354,3.98,0.71,0.15,2.17,0.39,0.08,0,0
2025-03-05 03:44:48.372,3.98,0.71,0.15,2.17,0.39,0.08,0,0
2025-03-05 03:44:48.395,3.98,0.71,0.15,2.17,0.39,0.08,0,0
2025-03-05 03:44:48.417,3.98,0.71,0.15,2.17,0.39,0.08,0,0
2025-03-05 03:44:48.438,3.98,0.71,0.15,2.17,0.39,0.08,0,0
2025-03-05 03:44:48.456,3.98,0.71,0.15,2.17,0.39,0.08,0,0
2025-03-05 03:44:48.477,3.98,0.71,0.15,2.17,0.39,0.08,0,0
2025-03-05 03:44:48.497,3.98,0.71,0.15,2.17,0.39,0.08,0,0
2025-03-05 03:44:48.521,3.98,0.71,0.15,2.17,0.39,0.08,0,0
2025-03-05 03:44:48.537,3.98,0.71,0.15,2.17,0.39,0.08,0,0
2025-03-05 03:44:48.559,3.98,0.71,0.15,2.17,0.39,0.08,0,0
2025-03-05 03:44:48.581,3.98,0.71,0.15,2.17,0.39,0.08,0,0
2025-03-05 03:44:48.606,3.98,0.71,0.15,2.17,0.39,0.08,0,0
2025-03-05 03:44:48.628,3.98,0.71,0.15,2.17,0.39,0.08,0,0
2025-03-05 03:44:48.647,3.98,0.71,0.15,2.17,0.39,0.08,0,0
2025-03-05 03:44:48.670,3.98,0.71,0.15,2.17,0.39,0.08,0,0
2025-03-05 03:44:48.694,3.98,0.71,0.15,2.17,0.39,0.08,0,0
2025-03-05 03:44:48.714,3.98,0.71,0.15,2.17,0.39,0.08,0,0
2025-03-05 03:44:48.737,3.98,0.71,0.15,2.17,0.39,0.08,0,0
2025-03-05 03:44:48.762,3.98,0.71,0.15,2.17,0.39,0.08,0,0
2025-03-05 03:44:48.783,3.98,0.71,0.15,2.17,0.39,0.08,0,0
2025-03-05 03:44:48.801,3.98,0.71,0.15,2.17,0.39,0.08,0,0
2025-03-05 03:44:48.821,3.98,0.71,0.15,2.17,0.39,0.08,0,0
2025-03-05 03:44:48.843,3.98,0.71,0.15,2.17,0.39,0.08,0,0
2025-03-05 03:44:48.861,3.98,0.71,0.15,2.17,0.39,0.08,0,0
2025-03-05 03:44:48.881,3.98,0.71,0.15,2.17,0.39,0.08,0,0
2025-03-05 03:44:48.902,3.98,0.71,0.15,2.17,0.39,0.08,0,0
2025-03-05 03:44:48.926,3.98,0.71,0.15,2.17,0.39,0.08,0,0
2025-03-05 03:44:48.945,3.98,0.71,0.15,2.17,0.39,0.08,0,0
2025-03-05 03:44:48.968,3.98,0.71,0.15,2.17,0.39,0.08,0,0
2025-03-05 03:44:48.986,3.98,0.71,0.15,2.17,0.39,0.08,0,0
2025-03-05 03:44:49.009,3.98,0.71,0.15,2.17,0.39,0.08,0,0
2025-03-05 03:44:49.031,3.98,0.71,0.15,2.17,0.39,0.08,0,0
2025-03-05 03:44:49.053,3.98,0.71,0.15,2.17,0.39,0.08,0,0
2025-03-05 03:44:49.072,3.98,0.71,0.15,2.17,0.39,0.08,0,0
2025-03-05 03:44:49.089,3.98,0.71,0.15,2.17,0.39,0.08,0,0
2025-03-05 03:44:49.113,3.98,0.71,0.15,2.17,0.39,0.08,0,0
2025-03-05 03:44:49.132,3.98,0.71,0.15,2.17,0.39,0.08,0,0
2025-03-05 03:44:49.151,3.98,0.71,0.15,2.17,0.39,0.08,0,0
2025-03-05 03:44:49.170,3.98,0.71,0.15,2.17,0.39,0.08,0,0
2025-03-05 03:44:49.189,3.98,0.71,0.15,2.17,0.39,0.08,0,0
2025-03-05 03:44:49.206,3.98,0.71,0.15,2.17,0.39,0.08,0,0
2025-03-05 03:44:49.224,3.98,0.71,0.15,2.17,0.39,0.08,0,0
2025-03-05 03:44:49.247,3.98,0.71,0.15,2.17,0.39,0.08,0,0
2025-03-05 03:44:49.271,3.98,0.71,0.15,2.17,0.39,0.08,0,0
2025-03-05 03:44:49.290,3.98,0.71,0.15,2.17,0.39,0.08,0,0
2025-03-05 03:44:49.312,3.98,0.71,0.15,2.17,0.39,0.08,0,0
2025-03-05 03:44:49.332,3.98,0.71,0.15,2.17,0.39,0.08,0,0
2025-03-05 03:44:49.348,3.98,0.71,0.15,2.17,0.39,0.08,0,0
2025-03-05 03:44:49.370,3.98,0.71,0.15,2.17,0.39,0.08,0,0
2025-03-05 03:44:49.391,3.98,0.71,0.15,2.17,0.39,0.08,0,0
2025-03-05 03:44:49.412,3.98,0.71,0.15,2.17,0.39,0.08,0,0
2025-03-05 03:44:49.429,3.98,0.71,0.15,2.17,0.39,0.08,0,0
2025-03-05 03:44:49.456,3.98,0.71,0.15,2.17,0.39,0.08,0,0
2025-03-05 03:44:49.475,3.98,0.71,0.15,2.17,0.39,0.08,0,0
2025-03-05 03:44:49.497,3.98,0.71,0.15,2.17,0.39,0.08,0,0
2025-03-05 03:44:49.517,3.98,0.71,0.15,2.17,0.39,0.08,0,0
2025-03-05 03:44:49.536,3.98,0.71,0.15,2.17,0.39,0.08,0,0
2025-03-05 03:44:49.556,3.98,0.71,0.15,2.17,0.39,0.08,0,0
2025-03-05 03:44:49.578,3.98,0.71,0.15,2.17,0.39,0.08,0,0
2025-03-05 03:44:49.602,3.98,0.71,0.15,2.17,0.39,0.08,0,0
2025-03-05 03:44:49.618,3.98,0.71,0.15,2.17,0.39,0.08,0,0
2025-03-05 03:44:49.644,3.98,0.71,0.15,2.17,0.39,0.08,0,0
2025-03-05 03:44:49.663,3.98,0.71,0.15,2.17,0.39,0.08,0,0
2025-03-05 03:44:49.690,3.98,0.71,0.15,2.17,0.39,0.08,0,0
2025-03-05 03:44:49.710,3.98,0.71,0.15,2.17,0.39,0.08,0,0
2025-03-05 03:44:49.730,3.98,0.71,0.15,2.17,0.39,0.08,0,0
2025-03-05 03:44:49.755,3.98,0.71,0.15,2.17,0.39,0.08,0,0
2025-03-05 03:44:49.777,3.98,0.71,0.15,2.17,0.39,0.08,0,0
2025-03-05 03:44:49.797,3.98,0.71,0.15,2.17,0.39,0.08,0,0
2025-03-05 03:44:49.821,3.98,0.71,0.15,2.17,0.39,0.08,0,0
2025-03-05 03:44:49.845,3.98,0.71,0.15,2.17,0.39,0.08,0,0
2025-03-05 03:44:49.862,3.98,0.71,0.15,2.17,0.39,0.08,0,0
2025-03-05 03:44:49.880,3.98,0.71,0.15,2.17,0.39,0.08,0,0
2025-03-05 03:44:49.904,3.98,0.71,0.15,2.17,0.39,0.08,0,0
2025-03-05 03:44:49.922,3.98,0.71,0.15,2.17,0.39,0.08,0,0
2025-03-05 03:44:49.941,3.98,0.71,0.15,2.17,0.39,0.08,0,0
2025-03-05 03:44:49.960,3.98,0.71,0.15,2.17,0.39,0.08,0,0
2025-03-05 03:44:49.982,3.98,0.71,0.15,2.17,0.39,0.08,0,0
2025-03-05 03:44:50.002,3.98,0.71,0.15,2.17,0.39,0.08,0,0
2025-03-05 03:44:50.023,3.98,0.71,0.15,2.17,0.39,0.08,0,0
2025-03-05 03:44:50.046,7.79,1.51,0.32,4.49,0.87,0.18,0,0
2025-03-05 03:44:50.063,7.79,1.51,0.32,4.49,0.87,0.18,0,0
2025-03-05 03:44:50.086,7.79,1.51,0.32,4.49,0.87,0.18,0,0
2025-03-05 03:44:50.102,7.79,1.51,0.32,4.49,0.87,0.18,0,0
2025-03-05 03:44:50.123,7.79,1.51,0.32,4.49,0.87,0.18,0,0
2025-03-05 03:44:50.143,7.79,1.51,0.32,4.49,0.87,0.18,0,0
2025-03-05 03:44:50.167,7.79,1.51,0.32,4.49,0.87,0.18,0,0
2025-03-05 03:44:50.186,7.79,1.51,0.32,4.49,0.87,0.18,0,0
2025-03-05 03:44:50.205,7.79,1.51,0.32,4.49,0.87,0.18,0,0
2025-03-05 03:44:50.228,7.79,1.51,0.32,4.49,0.87,0.18,0,0
2025-03-05 03:44:50.244,7.79,1.51,0.32,4.49,0.87,0.18,0,0
2025-03-05 03:44:50.263,7.79,1.51,0.32,4.49,0.87,0.18,0,0
2025-03-05 03:44:50.286,7.79,1.51,0.32,4.49,0.87,0.18,0,0
2025-03-05 03:44:50.310,7.79,1.51,0.32,4.49,0.87,0.18,0,0
2025-03-05 03:44:50.325,7.79,1.51,0.32,4.49,0.87,0.18,0,0
2025-03-05 03:44:50.345,7.79,1.51,0.32,4.49,0.87,0.18,0,0
2025-03-05 03:44:50.368,7.79,1.51,0.32,4.49,0.87,0.18,0,0
2025-03-05 03:44:50.385,7.79,1.51,0.32,4.49,0.87,0.18,0,0
2025-03-05 03:44:50.407,7.79,1.51,0.32,4.49,0.87,0.18,0,0
2025-03-05 03:44:50.424,7.79,1.51,0.32,4.49,0.87,0.18,0,0
2025-03-05 03:44:50.449,7.79,1.51,0.32,4.49,0.87,0.18,0,0
2025-03-05 03:44:50.468,7.79,1.51,0.32,4.49,0.87,0.18,0,0
2025-03-05 03:44:50.485,7.79,1.51,0.32,4.49,0.87,0.18,0,0
2025-03-05 03:44:50.508,7.79,1.51,0.32,4.49,0.87,0.18,0,0
2025-03-05 03:44:50.528,7.79,1.51,0.32,4.49,0.87,0.18,0,0
2025-03-05 03:44:50.544,7.79,1.51,0.32,4.49,0.87,0.18,0,0
2025-03-05 03:44:50.570,7.79,1.51,0.32,4.49,0.87,0.18,0,0
2025-03-05 03:44:50.589,7.79,1.51,0.32,4.49,0.87,0.18,0,0
2025-03-05 03:44:50.613,7.79,1.51,0.32,4.49,0.87,0.18,0,0
2025-03-05 03:44:50.633,7.79,1.51,0.32,4.49,0.87,0.18,0,0
2025-03-05 03:44:51.189,7.79,1.51,0.32,4.49,0.87,0.18,0,0
2025-03-05 03:44:51.210,7.79,1.51,0.32,4.49,0.87,0.18,0,0
2025-03-05 03:44:51.230,7.79,1.51,0.32,4.49,0.87,0.18,0,0
2025-03-05 03:44:51.250,7.79,1.51,0.32,4.49,0.87,0.18,0,0
2025-03-05 03:44:51.275,7.79,1.51,0.32,4.49,0.87,0.18,0,0
2025-03-05 03:44:51.295,7.79,1.51,0.32,4.49,0.87,0.18,0,0
2025-03-05 03:44:51.322,7.79,1.51,0.32,4.49,0.87,0.18,0,0
2025-03-05 03:44:51.347,7.79,1.51,0.32,4.49,0.87,0.18,0,0
2025-03-05 03:44:51.367,7.79,1.51,0.32,4.49,0.87,0.18,0,0
2025-03-05 03:44:51.394,7.79,1.51,0.32,4.49,0.87,0.18,0,0
2025-03-05 03:44:51.419,7.79,1.51,0.32,4.49,0.87,0.18,0,0
2025-03-05 03:44:51.442,7.79,1.51,0.32,4.49,0.87,0.18,0,0
2025-03-05 03:44:51.468,7.79,1.51,0.32,4.49,0.87,0.18,0,0
2025-03-05 03:44:51.486,7.79,1.51,0.32,4.49,0.87,0.18,0,0
2025-03-05 03:44:51.509,7.79,1.51,0.32,4.49,0.87,0.18,0,0
2025-03-05 03:44:51.525,7.79,1.51,0.32,4.49,0.87,0.18,0,0
2025-03-05 03:44:51.552,7.79,1.51,0.32,4.49,0.87,0.18,0,0
2025-03-05 03:44:51.572,7.79,1.51,0.32,4.49,0.87,0.18,0,0
2025-03-05 03:44:51.595,7.79,1.51,0.32,4.49,0.87,0.18,0,0
2025-03-05 03:44:51.614,7.79,1.51,0.32,4.49,0.87,0.18,0,0
2025-03-05 03:44:51.637,7.79,1.51,0.32,4.49,0.87,0.18,0,0
2025-03-05 03:44:51.653,7.79,1.51,0.32,4.49,0.87,0.18,0,0
2025-03-05 03:44:51.677,7.79,1.51,0.32,4.49,0.87,0.18,0,0
2025-03-05 03:44:51.694,7.79,1.51,0.32,4.49,0.87,0.18,0,0
2025-03-05 03:44:51.715,7.79,1.51,0.32,4.49,0.87,0.18,0,0
2025-03-05 03:44:51.734,7.79,1.51,0.32,4.49,0.87,0.18,0,0
2025-03-05 03:44:51.754,7.79,1.51,0.32,4.49,0.87,0.18,0,0
2025-03-05 03:44:51.774,7.79,1.51,0.32,4.49,0.87,0.18,0,0
2025-03-05 03:44:51.796,7.79,1.51,0.32,4.49,0.87,0.18,0,0
2025-03-05 03:44:51.817,7.79,1.51,0.32,4.49,0.87,0.18,0,0
2025-03-05 03:44:51.840,7.79,1.51,0.32,4.49,0.87,0.18,0,0
2025-03-05 03:44:51.859,7.79,1.51,0.32,4.49,0.87,0.18,0,0
2025-03-05 03:44:51.880,7.79,1.51,0.32,4.49,0.87,0.18,0,0
2025-03-05 03:44:51.899,7.79,1.51,0.32,4.49,0.87,0.18,0,0
2025-03-05 03:44:51.922,7.79,1.51,0.32,4.49,0.87,0.18,0,0
2025-03-05 03:44:51.944,7.79,1.51,0.32,4.49,0.87,0.18,0,0
2025-03-05 03:44:51.962,7.79,1.51,0.32,4.49,0.87,0.18,0,0
2025-03-05 03:44:51.983,7.79,1.51,0.32,4.49,0.87,0.18,0,0
2025-03-05 03:44:52.005,7.79,1.51,0.32,4.49,0.87,0.18,0,0
2025-03-05 03:44:52.030,7.79,1.51,0.32,4.49,0.87,0.18,0,0
2025-03-05 03:44:52.049,15.61,3.13,0.66,10.38,2.05,0.43,0,0
2025-03-05 03:44:52.073,15.61,3.13,0.66,10.38,2.05,0.43,0,0
2025-03-05 03:44:52.095,15.61,3.13,0.66,10.38,2.05,0.43,0,0
2025-03-05 03:44:52.114,15.61,3.13,0.66,10.38,2.05,0.43,0,0
2025-03-05 03:44:52.138,15.61,3.13,0.66,10.38,2.05,0.43,0,0
2025-03-05 03:44:52.157,15.61,3.13,0.66,10.38,2.05,0.43,0,0
2025-03-05 03:44:52.180,15.61,3.13,0.66,10.38,2.05,0.43,0,0
2025-03-05 03:44:52.203,15.61,3.13,0.66,10.38,2.05,0.43,0,0
2025-03-05 03:44:52.227,15.61,3.13,0.66,10.38,2.05,0.43,0,0
2025-03-05 03:44:52.246,15.61,3.13,0.66,10.38,2.05,0.43,0,0
2025-03-05 03:44:52.264,15.61,3.13,0.66,10.38,2.05,0.43,0,0
2025-03-05 03:44:52.289,15.61,3.13,0.66,10.38,2.05,0.43,0,0
2025-03-05 03:44:52.309,15.61,3.13,0.66,10.38,2.05,0.43,0,0
2025-03-05 03:44:52.328,15.61,3.13,0.66,10.38,2.05,0.43,0,0
2025-03-05 03:44:52.349,15.61,3.13,0.66,10.38,2.05,0.43,0,0
2025-03-05 03:44:52.369,15.61,3.13,0.66,10.38,2.05,0.43,0,0
2025-03-05 03:44:52.396,15.61,3.13,0.66,10.38,2.05,0.43,0,0
2025-03-05 03:44:52.415,15.61,3.13,0.66,10.38,2.05,0.43,0,0
2025-03-05 03:44:52.439,15.61,3.13,0.66,10.38,2.05,0.43,0,0
2025-03-05 03:44:52.458,15.61,3.13,0.66,10.38,2.05,0.43,0,0
2025-03-05 03:44:52.481,15.61,3.13,0.66,10.38,2.05,0.43,0,0
2025-03-05 03:44:52.500,15.61,3.13,0.66,10.38,2.05,0.43,0,0
2025-03-05 03:44:52.524,15.61,3.13,0.66,10.38,2.05,0.43,0,0
2025-03-05 03:44:52.544,15.61,3.13,0.66,10.38,2.05,0.43,0,0
2025-03-05 03:44:52.569,15.61,3.13,0.66,10.38,2.05,0.43,0,0
2025-03-05 03:44:52.588,15.61,3.13,0.66,10.38,2.05,0.43,0,0
2025-03-05 03:44:52.609,15.61,3.13,0.66,10.38,2.05,0.43,0,0
2025-03-05 03:44:52.631,15.61,3.13,0.66,10.38,2.05,0.43,0,0
2025-03-05 03:44:52.655,15.61,3.13,0.66,10.38,2.05,0.43,0,0
2025-03-05 03:44:52.679,15.61,3.13,0.66,10.38,2.05,0.43,0,0
2025-03-05 03:44:52.698,15.61,3.13,0.66,10.38,2.05,0.43,0,0
2025-03-05 03:44:52.719,15.61,3.13,0.66,10.38,2.05,0.43,0,0
2025-03-05 03:44:52.745,15.61,3.13,0.66,10.38,2.05,0.43,0,0
2025-03-05 03:44:52.770,15.61,3.13,0.66,10.38,2.05,0.43,0,0
2025-03-05 03:44:52.789,15.61,3.13,0.66,10.38,2.05,0.43,0,0
2025-03-05 03:44:52.817,15.61,3.13,0.66,10.38,2.05,0.43,0,0
2025-03-05 03:44:52.837,15.61,3.13,0.66,10.38,2.05,0.43,0,0
2025-03-05 03:44:52.856,15.61,3.13,0.66,10.38,2.05,0.43,0,0
2025-03-05 03:44:52.881,15.61,3.13,0.66,10.38,2.05,0.43,0,0
2025-03-05 03:44:52.900,15.61,3.13,0.66,10.38,2.05,0.43,0,0
2025-03-05 03:44:52.924,15.61,3.13,0.66,10.38,2.05,0.43,0,0
2025-03-05 03:44:52.943,15.61,3.13,0.66,10.38,2.05,0.43,0,0
2025-03-05 03:44:52.964,15.61,3.13,0.66,10.38,2.05,0.43,0,0
2025-03-05 03:44:52.984,15.61,3.13,0.66,10.38,2.05,0.43,0,0
2025-03-05 03:44:53.003,15.61,3.13,0.66,10.38,2.05,0.43,0,0
2025-03-05 03:44:53.027,15.61,3.13,0.66,10.38,2.05,0.43,0,0
2025-03-05 03:44:53.046,15.61,3.13,0.66,10.38,2.05,0.43,0,0
2025-03-05 03:44:53.065,15.61,3.13,0.66,10.38,2.05,0.43,0,0
2025-03-05 03:44:53.089,15.61,3.13,0.66,10.38,2.05,0.43,0,0
2025-03-05 03:44:53.105,15.61,3.13,0.66,10.38,2.05,0.43,0,0
2025-03-05 03:44:53.126,15.61,3.13,0.66,10.38,2.05,0.43,0,0
2025-03-05 03:44:53.152,15.61,3.13,0.66,10.38,2.05,0.43,0,0
2025-03-05 03:44:53.172,15.61,3.13,0.66,10.38,2.05,0.43,0,0
2025-03-05 03:44:53.191,15.61,3.13,0.66,10.38,2.05,0.43,0,0
2025-03-05 03:44:53.210,15.61,3.13,0.66,10.38,2.05,0.43,0,0
2025-03-05 03:44:53.231,15.61,3.13,0.66,10.38,2.05,0.43,0,0
2025-03-05 03:44:53.251,15.61,3.13,0.66,10.38,2.05,0.43,0,0
2025-03-05 03:44:53.273,15.61,3.13,0.66,10.38,2.05,0.43,0,0
2025-03-05 03:44:53.292,15.61,3.13,0.66,10.38,2.05,0.43,0,0
2025-03-05 03:44:53.312,15.61,3.13,0.66,10.38,2.05,0.43,0,0
2025-03-05 03:44:53.331,15.61,3.13,0.66,10.38,2.05,0.43,0,0
2025-03-05 03:44:53.350,15.61,3.13,0.66,10.38,2.05,0.43,0,0
2025-03-05 03:44:53.369,15.61,3.13,0.66,10.38,2.05,0.43,0,0
2025-03-05 03:44:53.388,15.61,3.13,0.66,10.38,2.05,0.43,0,0
2025-03-05 03:44:53.408,15.61,3.13,0.66,10.38,2.05,0.43,0,0
2025-03-05 03:44:53.428,15.61,3.13,0.66,10.38,2.05,0.43,0,0
2025-03-05 03:44:53.449,15.61,3.13,0.66,10.38,2.05,0.43,0,0
2025-03-05 03:44:53.471,15.61,3.13,0.66,10.38,2.05,0.43,0,0
2025-03-05 03:44:53.492,15.61,3.13,0.66,10.38,2.05,0.43,0,0
2025-03-05 03:44:53.512,15.61,3.13,0.66,10.38,2.05,0.43,0,0
2025-03-05 03:44:53.530,15.61,3.13,0.66,10.38,2.05,0.43,0,0
2025-03-05 03:44:53.551,15.61,3.13,0.66,10.38,2.05,0.43,0,0
2025-03-05 03:44:53.570,15.61,3.13,0.66,10.38,2.05,0.43,0,0
2025-03-05 03:44:53.590,15.61,3.13,0.66,10.38,2.05,0.43,0,0
2025-03-05 03:44:53.610,15.61,3.13,0.66,10.38,2.05,0.43,0,0
2025-03-05 03:44:53.628,15.61,3.13,0.66,10.38,2.05,0.43,0,0
2025-03-05 03:44:53.648,15.61,3.13,0.66,10.38,2.05,0.43,0,0
2025-03-05 03:44:53.665,15.61,3.13,0.66,10.38,2.05,0.43,0,0
2025-03-05 03:44:53.684,15.61,3.13,0.66,10.38,2.05,0.43,0,0
2025-03-05 03:44:53.702,15.61,3.13,0.66,10.38,2.05,0.43,0,0
2025-03-05 03:44:53.720,15.61,3.13,0.66,10.38,2.05,0.43,0,0
2025-03-05 03:44:53.739,15.61,3.13,0.66,10.38,2.05,0.43,0,0
2025-03-05 03:44:53.758,15.61,3.13,0.66,10.38,2.05,0.43,0,0
2025-03-05 03:44:53.778,15.61,3.13,0.66,10.38,2.05,0.43,0,0
2025-03-05 03:44:53.796,15.61,3.13,0.66,10.38,2.05,0.43,0,0
2025-03-05 03:44:53.816,15.61,3.13,0.66,10.38,2.05,0.43,0,0
2025-03-05 03:44:53.834,15.61,3.13,0.66,10.38,2.05,0.43,0,0
2025-03-05 03:44:53.853,15.61,3.13,0.66,10.38,2.05,0.43,0,0
2025-03-05 03:44:53.875,15.61,3.13,0.66,10.38,2.05,0.43,0,0
2025-03-05 03:44:53.896,15.61,3.13,0.66,10.38,2.05,0.43,0,0
2025-03-05 03:44:53.915,15.61,3.13,0.66,10.38,2.05,0.43,0,0
2025-03-05 03:44:53.935,15.61,3.13,0.66,10.38,2.05,0.43,0,0
2025-03-05 03:44:53.953,15.61,3.13,0.66,10.38,2.05,0.43,0,0
2025-03-05 03:44:53.972,15.61,3.13,0.66,10.38,2.05,0.43,0,0
2025-03-05 03:44:53.990,15.61,3.13,0.66,10.38,2.05,0.43,0,0
2025-03-05 03:44:54.015,15.61,3.13,0.66,10.38,2.05,0.43,0,0
2025-03-05 03:44:54.035,15.61,3.13,0.66,10.38,2.05,0.43,0,0
2025-03-05 03:44:54.054,25.65,5.35,1.14,13.93,2.96,0.63,0,0
2025-03-05 03:44:54.074,25.65,5.35,1.14,13.93,2.96,0.63,0,0
2025-03-05 03:44:54.093,25.65,5.35,1.14,13.93,2.96,0.63,0,0
2025-03-05 03:44:54.115,25.65,5.35,1.14,13.93,2.96,0.63,0,0
2025-03-05 03:44:54.134,25.65,5.35,1.14,13.93,2.96,0.63,0,0
2025-03-05 03:44:54.153,25.65,5.35,1.14,13.93,2.96,0.63,0,0
2025-03-05 03:44:54.175,25.65,5.35,1.14,13.93,2.96,0.63,0,0
2025-03-05 03:44:54.194,25.65,5.35,1.14,13.93,2.96,0.63,0,0
2025-03-05 03:44:54.213,25.65,5.35,1.14,13.93,2.96,0.63,0,0
2025-03-05 03:44:54.235,25.65,5.35,1.14,13.93,2.96,0.63,0,0
2025-03-05 03:44:54.257,25.65,5.35,1.14,13.93,2.96,0.63,0,0
