Timestamp,Some (avg10),Some (avg60),Some (avg300),Full (avg10),Full (avg60),Full (avg300),OOM Kills,OOM Failures
2025-03-05 03:41:29.245,0.00,0.00,0.00,0.00,0.00,0.00,0,0
2025-03-05 03:41:29.267,0.00,0.00,0.00,0.00,0.00,0.00,0,0
2025-03-05 03:41:29.292,0.00,0.00,0.00,0.00,0.00,0.00,0,0
2025-03-05 03:41:29.310,0.00,0.00,0.00,0.00,0.00,0.00,0,0
2025-03-05 03:41:29.329,0.00,0.00,0.00,0.00,0.00,0.00,0,0
2025-03-05 03:41:29.351,0.00,0.00,0.00,0.00,0.00,0.00,0,0
2025-03-05 03:41:29.367,0.00,0.00,0.00,0.00,0.00,0.00,0,0
2025-03-05 03:41:29.387,0.00,0.00,0.00,0.00,0.00,0.00,0,0
2025-03-05 03:41:29.406,0.00,0.00,0.00,0.00,0.00,0.00,0,0
2025-03-05 03:41:29.429,0.00,0.00,0.00,0.00,0.00,0.00,0,0
2025-03-05 03:41:29.455,0.00,0.00,0.00,0.00,0.00,0.00,0,0
2025-03-05 03:41:29.472,0.00,0.00,0.00,0.00,0.00,0.00,0,0
2025-03-05 03:41:29.494,0.00,0.00,0.00,0.00,0.00,0.00,0,0
2025-03-05 03:41:29.513,0.00,0.00,0.00,0.00,0.00,0.00,0,0
2025-03-05 03:41:29.531,0.00,0.00,0.00,0.00,0.00,0.00,0,0
2025-03-05 03:41:29.556,0.00,0.00,0.00,0.00,0.00,0.00,0,0
2025-03-05 03:41:29.580,0.00,0.00,0.00,0.00,0.00,0.00,0,0
2025-03-05 03:41:29.595,0.00,0.00,0.00,0.00,0.00,0.00,0,0
2025-03-05 03:41:29.619,0.00,0.00,0.00,0.00,0.00,0.00,0,0
2025-03-05 03:41:29.637,0.00,0.00,0.00,0.00,0.00,0.00,0,0
2025-03-05 03:41:29.657,0.00,0.00,0.00,0.00,0.00,0.00,0,0
2025-03-05 03:41:29.675,0.00,0.00,0.00,0.00,0.00,0.00,0,0
2025-03-05 03:41:29.698,0.00,0.00,0.00,0.00,0.00,0.00,0,0
2025-03-05 03:41:29.716,0.00,0.00,0.00,0.00,0.00,0.00,0,0
2025-03-05 03:41:29.734,0.00,0.00,0.00,0.00,0.00,0.00,0,0
2025-03-05 03:41:29.759,0.00,0.00,0.00,0.00,0.00,0.00,0,0
2025-03-05 03:41:29.777,0.00,0.00,0.00,0.00,0.00,0.00,0,0
2025-03-05 03:41:29.795,0.00,0.00,0.00,0.00,0.00,0.00,0,0
2025-03-05 03:41:29.814,0.00,0.00,0.00,0.00,0.00,0.00,0,0
2025-03-05 03:41:29.836,0.00,0.00,0.00,0.00,0.00,0.00,0,0
2025-03-05 03:41:29.855,0.00,0.00,0.00,0.00,0.00,0.00,0,0
2025-03-05 03:41:29.877,0.00,0.00,0.00,0.00,0.00,0.00,0,0
2025-03-05 03:41:29.897,0.00,0.00,0.00,0.00,0.00,0.00,0,0
2025-03-05 03:41:29.920,0.00,0.00,0.00,0.00,0.00,0.00,0,0
2025-03-05 03:41:29.938,0.00,0.00,0.00,0.00,0.00,0.00,0,0
2025-03-05 03:41:29.957,0.00,0.00,0.00,0.00,0.00,0.00,0,0
2025-03-05 03:41:29.977,0.00,0.00,0.00,0.00,0.00,0.00,0,0
2025-03-05 03:41:29.996,0.00,0.00,0.00,0.00,0.00,0.00,0,0
2025-03-05 03:41:30.018,0.00,0.00,0.00,0.00,0.00,0.00,0,0
2025-03-05 03:41:30.038,0.00,0.00,0.00,0.00,0.00,0.00,0,0
2025-03-05 03:41:30.057,0.00,0.00,0.00,0.00,0.00,0.00,0,0
2025-03-05 03:41:30.080,0.00,0.00,0.00,0.00,0.00,0.00,0,0
2025-03-05 03:41:30.097,0.00,0.00,0.00,0.00,0.00,0.00,0,0
2025-03-05 03:41:30.121,0.00,0.00,0.00,0.00,0.00,0.00,0,0
2025-03-05 03:41:30.138,0.00,0.00,0.00,0.00,0.00,0.00,0,0
2025-03-05 03:41:30.157,0.00,0.00,0.00,0.00,0.00,0.00,0,0
2025-03-05 03:41:30.174,0.00,0.00,0.00,0.00,0.00,0.00,0,0
2025-03-05 03:41:30.192,0.00,0.00,0.00,0.00,0.00,0.00,0,0
2025-03-05 03:41:30.216,0.00,0.00,0.00,0.00,0.00,0.00,0,0
2025-03-05 03:41:30.235,0.00,0.00,0.00,0.00,0.00,0.00,0,0
2025-03-05 03:41:30.256,0.00,0.00,0.00,0.00,0.00,0.00,0,0
2025-03-05 03:41:30.274,0.00,0.00,0.00,0.00,0.00,0.00,0,0
2025-03-05 03:41:30.296,0.00,0.00,0.00,0.00,0.00,0.00,0,0
2025-03-05 03:41:30.312,0.00,0.00,0.00,0.00,0.00,0.00,0,0
2025-03-05 03:41:30.333,0.00,0.00,0.00,0.00,0.00,0.00,0,0
2025-03-05 03:41:30.354,0.00,0.00,0.00,0.00,0.00,0.00,0,0
2025-03-05 03:41:30.376,0.00,0.00,0.00,0.00,0.00,0.00,0,0
2025-03-05 03:41:30.395,0.00,0.00,0.00,0.00,0.00,0.00,0,0
2025-03-05 03:41:30.416,0.00,0.00,0.00,0.00,0.00,0.00,0,0
2025-03-05 03:41:30.434,0.00,0.00,0.00,0.00,0.00,0.00,0,0
2025-03-05 03:41:30.453,0.00,0.00,0.00,0.00,0.00,0.00,0,0
2025-03-05 03:41:30.472,0.00,0.00,0.00,0.00,0.00,0.00,0,0
2025-03-05 03:41:30.491,0.00,0.00,0.00,0.00,0.00,0.00,0,0
2025-03-05 03:41:30.510,0.00,0.00,0.00,0.00,0.00,0.00,0,0
2025-03-05 03:41:30.527,0.00,0.00,0.00,0.00,0.00,0.00,0,0
2025-03-05 03:41:30.546,0.00,0.00,0.00,0.00,0.00,0.00,0,0
2025-03-05 03:41:30.564,0.00,0.00,0.00,0.00,0.00,0.00,0,0
2025-03-05 03:41:30.583,0.00,0.00,0.00,0.00,0.00,0.00,0,0
2025-03-05 03:41:30.604,0.00,0.00,0.00,0.00,0.00,0.00,0,0
2025-03-05 03:41:30.626,0.00,0.00,0.00,0.00,0.00,0.00,0,0
2025-03-05 03:41:30.645,0.00,0.00,0.00,0.00,0.00,0.00,0,0
2025-03-05 03:41:30.664,0.00,0.00,0.00,0.00,0.00,0.00,0,0
2025-03-05 03:41:30.683,0.00,0.00,0.00,0.00,0.00,0.00,0,0
2025-03-05 03:41:30.701,0.00,0.00,0.00,0.00,0.00,0.00,0,0
2025-03-05 03:41:30.719,0.00,0.00,0.00,0.00,0.00,0.00,0,0
2025-03-05 03:41:30.737,0.00,0.00,0.00,0.00,0.00,0.00,0,0
2025-03-05 03:41:30.757,0.00,0.00,0.00,0.00,0.00,0.00,0,0
2025-03-05 03:41:30.776,0.00,0.00,0.00,0.00,0.00,0.00,0,0
2025-03-05 03:41:30.795,0.00,0.00,0.00,0.00,0.00,0.00,0,0
2025-03-05 03:41:30.813,0.00,0.00,0.00,0.00,0.00,0.00,0,0
2025-03-05 03:41:30.832,0.00,0.00,0.00,0.00,0.00,0.00,0,0
2025-03-05 03:41:30.852,0.00,0.00,0.00,0.00,0.00,0.00,0,0
2025-03-05 03:41:30.869,0.00,0.00,0.00,0.00,0.00,0.00,0,0
2025-03-05 03:41:30.888,0.00,0.00,0.00,0.00,0.00,0.00,0,0
2025-03-05 03:41:30.906,0.00,0.00,0.00,0.00,0.00,0.00,0,0
2025-03-05 03:41:30.924,0.00,0.00,0.00,0.00,0.00,0.00,0,0
2025-03-05 03:41:30.942,0.00,0.00,0.00,0.00,0.00,0.00,0,0
2025-03-05 03:41:30.963,0.00,0.00,0.00,0.00,0.00,0.00,0,0
2025-03-05 03:41:30.985,0.00,0.00,0.00,0.00,0.00,0.00,0,0
2025-03-05 03:41:31.005,0.00,0.00,0.00,0.00,0.00,0.00,0,0
2025-03-05 03:41:31.026,0.00,0.00,0.00,0.00,0.00,0.00,0,0
2025-03-05 03:41:31.043,0.00,0.00,0.00,0.00,0.00,0.00,0,0
2025-03-05 03:41:31.065,0.00,0.00,0.00,0.00,0.00,0.00,0,0
2025-03-05 03:41:31.084,0.00,0.00,0.00,0.00,0.00,0.00,0,0
2025-03-05 03:41:31.107,0.00,0.00,0.00,0.00,0.00,0.00,0,0
2025-03-05 03:41:31.126,0.00,0.00,0.00,0.00,0.00,0.00,0,0
2025-03-05 03:41:31.147,0.00,0.00,0.00,0.00,0.00,0.00,0,0
2025-03-05 03:41:31.165,0.00,0.00,0.00,0.00,0.00,0.00,0,0
2025-03-05 03:41:31.182,0.00,0.00,0.00,0.00,0.00,0.00,0,0
2025-03-05 03:41:31.205,0.00,0.00,0.00,0.00,0.00,0.00,0,0
2025-03-05 03:41:31.222,0.00,0.00,0.00,0.00,0.00,0.00,0,0
2025-03-05 03:41:31.269,0.00,0.00,0.00,0.00,0.00,0.00,0,0
2025-03-05 03:41:31.289,0.00,0.00,0.00,0.00,0.00,0.00,0,0
2025-03-05 03:41:31.315,0.00,0.00,0.00,0.00,0.00,0.00,0,0
2025-03-05 03:41:31.359,0.00,0.00,0.00,0.00,0.00,0.00,0,0
2025-03-05 03:41:31.385,0.00,0.00,0.00,0.00,0.00,0.00,0,0
2025-03-05 03:41:31.415,0.00,0.00,0.00,0.00,0.00,0.00,0,0
2025-03-05 03:41:31.443,0.00,0.00,0.00,0.00,0.00,0.00,0,0
2025-03-05 03:41:31.462,0.00,0.00,0.00,0.00,0.00,0.00,0,0
2025-03-05 03:41:31.479,0.00,0.00,0.00,0.00,0.00,0.00,0,0
2025-03-05 03:41:31.502,0.00,0.00,0.00,0.00,0.00,0.00,0,0
2025-03-05 03:41:31.518,0.00,0.00,0.00,0.00,0.00,0.00,0,0
2025-03-05 03:41:31.534,0.00,0.00,0.00,0.00,0.00,0.00,0,0
2025-03-05 03:41:31.553,0.00,0.00,0.00,0.00,0.00,0.00,0,0
2025-03-05 03:41:31.575,0.00,0.00,0.00,0.00,0.00,0.00,0,0
2025-03-05 03:41:31.594,0.00,0.00,0.00,0.00,0.00,0.00,0,0
2025-03-05 03:41:31.614,0.00,0.00,0.00,0.00,0.00,0.00,0,0
2025-03-05 03:41:31.631,0.00,0.00,0.00,0.00,0.00,0.00,0,0
2025-03-05 03:41:31.654,0.00,0.00,0.00,0.00,0.00,0.00,0,0
2025-03-05 03:41:31.675,0.00,0.00,0.00,0.00,0.00,0.00,0,0
2025-03-05 03:41:31.697,0.00,0.00,0.00,0.00,0.00,0.00,0,0
2025-03-05 03:41:31.713,0.00,0.00,0.00,0.00,0.00,0.00,0,0
2025-03-05 03:41:31.736,0.00,0.00,0.00,0.00,0.00,0.00,0,0
2025-03-05 03:41:31.759,0.00,0.00,0.00,0.00,0.00,0.00,0,0
2025-03-05 03:41:31.777,0.00,0.00,0.00,0.00,0.00,0.00,0,0
2025-03-05 03:41:31.795,0.00,0.00,0.00,0.00,0.00,0.00,0,0
2025-03-05 03:41:31.814,0.00,0.00,0.00,0.00,0.00,0.00,0,0
2025-03-05 03:41:31.837,0.00,0.00,0.00,0.00,0.00,0.00,0,0
2025-03-05 03:41:31.853,0.00,0.00,0.00,0.00,0.00,0.00,0,0
2025-03-05 03:41:31.878,0.00,0.00,0.00,0.00,0.00,0.00,0,0
2025-03-05 03:41:31.896,0.00,0.00,0.00,0.00,0.00,0.00,0,0
2025-03-05 03:41:31.915,0.00,0.00,0.00,0.00,0.00,0.00,0,0
2025-03-05 03:41:31.933,0.00,0.00,0.00,0.00,0.00,0.00,0,0
2025-03-05 03:41:31.955,0.00,0.00,0.00,0.00,0.00,0.00,0,0
2025-03-05 03:41:31.975,0.00,0.00,0.00,0.00,0.00,0.00,0,0
2025-03-05 03:41:31.993,0.00,0.00,0.00,0.00,0.00,0.00,0,0
2025-03-05 03:41:32.014,0.00,0.00,0.00,0.00,0.00,0.00,0,0
2025-03-05 03:41:32.030,0.00,0.00,0.00,0.00,0.00,0.00,0,0
2025-03-05 03:41:32.054,0.00,0.00,0.00,0.00,0.00,0.00,0,0
2025-03-05 03:41:32.074,0.00,0.00,0.00,0.00,0.00,0.00,0,0
2025-03-05 03:41:32.091,0.00,0.00,0.00,0.00,0.00,0.00,0,0
2025-03-05 03:41:32.110,0.00,0.00,0.00,0.00,0.00,0.00,0,0
2025-03-05 03:41:32.128,2.89,0.52,0.10,1.63,0.29,0.06,0,0
2025-03-05 03:41:32.151,2.89,0.52,0.10,1.63,0.29,0.06,0,0
2025-03-05 03:41:32.169,2.89,0.52,0.10,1.63,0.29,0.06,0,0
2025-03-05 03:41:32.193,2.89,0.52,0.10,1.63,0.29,0.06,0,0
2025-03-05 03:41:32.210,2.89,0.52,0.10,1.63,0.29,0.06,0,0
2025-03-05 03:41:32.233,2.89,0.52,0.10,1.63,0.29,0.06,0,0
2025-03-05 03:41:32.249,2.89,0.52,0.10,1.63,0.29,0.06,0,0
2025-03-05 03:41:32.276,2.89,0.52,0.10,1.63,0.29,0.06,0,0
2025-03-05 03:41:32.294,2.89,0.52,0.10,1.63,0.29,0.06,0,0
2025-03-05 03:41:32.318,2.89,0.52,0.10,1.63,0.29,0.06,0,0
2025-03-05 03:41:32.341,2.89,0.52,0.10,1.63,0.29,0.06,0,0
2025-03-05 03:41:32.358,2.89,0.52,0.10,1.63,0.29,0.06,0,0
2025-03-05 03:41:32.378,2.89,0.52,0.10,1.63,0.29,0.06,0,0
2025-03-05 03:41:32.395,2.89,0.52,0.10,1.63,0.29,0.06,0,0
2025-03-05 03:41:32.417,2.89,0.52,0.10,1.63,0.29,0.06,0,0
2025-03-05 03:41:32.433,2.89,0.52,0.10,1.63,0.29,0.06,0,0
2025-03-05 03:41:32.458,2.89,0.52,0.10,1.63,0.29,0.06,0,0
2025-03-05 03:41:32.477,2.89,0.52,0.10,1.63,0.29,0.06,0,0
2025-03-05 03:41:32.493,2.89,0.52,0.10,1.63,0.29,0.06,0,0
2025-03-05 03:41:32.517,2.89,0.52,0.10,1.63,0.29,0.06,0,0
2025-03-05 03:41:32.536,2.89,0.52,0.10,1.63,0.29,0.06,0,0
2025-03-05 03:41:32.556,2.89,0.52,0.10,1.63,0.29,0.06,0,0
2025-03-05 03:41:32.576,2.89,0.52,0.10,1.63,0.29,0.06,0,0
2025-03-05 03:41:32.594,2.89,0.52,0.10,1.63,0.29,0.06,0,0
2025-03-05 03:41:32.618,2.89,0.52,0.10,1.63,0.29,0.06,0,0
2025-03-05 03:41:32.636,2.89,0.52,0.10,1.63,0.29,0.06,0,0
2025-03-05 03:41:32.656,2.89,0.52,0.10,1.63,0.29,0.06,0,0
2025-03-05 03:41:32.674,2.89,0.52,0.10,1.63,0.29,0.06,0,0
2025-03-05 03:41:32.700,2.89,0.52,0.10,1.63,0.29,0.06,0,0
2025-03-05 03:41:32.721,2.89,0.52,0.10,1.63,0.29,0.06,0,0
2025-03-05 03:41:32.745,2.89,0.52,0.10,1.63,0.29,0.06,0,0
2025-03-05 03:41:32.762,2.89,0.52,0.10,1.63,0.29,0.06,0,0
2025-03-05 03:41:32.787,2.89,0.52,0.10,1.63,0.29,0.06,0,0
2025-03-05 03:41:32.806,2.89,0.52,0.10,1.63,0.29,0.06,0,0
2025-03-05 03:41:32.828,2.89,0.52,0.10,1.63,0.29,0.06,0,0
2025-03-05 03:41:32.846,2.89,0.52,0.10,1.63,0.29,0.06,0,0
2025-03-05 03:41:32.869,2.89,0.52,0.10,1.63,0.29,0.06,0,0
2025-03-05 03:41:32.885,2.89,0.52,0.10,1.63,0.29,0.06,0,0
2025-03-05 03:41:32.905,2.89,0.52,0.10,1.63,0.29,0.06,0,0
2025-03-05 03:41:32.928,2.89,0.52,0.10,1.63,0.29,0.06,0,0
2025-03-05 03:41:32.945,2.89,0.52,0.10,1.63,0.29,0.06,0,0
2025-03-05 03:41:32.967,2.89,0.52,0.10,1.63,0.29,0.06,0,0
2025-03-05 03:41:32.989,2.89,0.52,0.10,1.63,0.29,0.06,0,0
2025-03-05 03:41:33.017,2.89,0.52,0.10,1.63,0.29,0.06,0,0
2025-03-05 03:41:33.041,2.89,0.52,0.10,1.63,0.29,0.06,0,0
2025-03-05 03:41:33.062,2.89,0.52,0.10,1.63,0.29,0.06,0,0
2025-03-05 03:41:33.084,2.89,0.52,0.10,1.63,0.29,0.06,0,0
2025-03-05 03:41:33.104,2.89,0.52,0.10,1.63,0.29,0.06,0,0
2025-03-05 03:41:33.126,2.89,0.52,0.10,1.63,0.29,0.06,0,0
2025-03-05 03:41:33.147,2.89,0.52,0.10,1.63,0.29,0.06,0,0
2025-03-05 03:41:33.170,2.89,0.52,0.10,1.63,0.29,0.06,0,0
2025-03-05 03:41:33.189,2.89,0.52,0.10,1.63,0.29,0.06,0,0
2025-03-05 03:41:33.211,2.89,0.52,0.10,1.63,0.29,0.06,0,0
2025-03-05 03:41:33.230,2.89,0.52,0.10,1.63,0.29,0.06,0,0
2025-03-05 03:41:33.250,2.89,0.52,0.10,1.63,0.29,0.06,0,0
2025-03-05 03:41:33.268,2.89,0.52,0.10,1.63,0.29,0.06,0,0
2025-03-05 03:41:33.290,2.89,0.52,0.10,1.63,0.29,0.06,0,0
2025-03-05 03:41:33.308,2.89,0.52,0.10,1.63,0.29,0.06,0,0
2025-03-05 03:41:33.331,2.89,0.52,0.10,1.63,0.29,0.06,0,0
2025-03-05 03:41:33.352,2.89,0.52,0.10,1.63,0.29,0.06,0,0
2025-03-05 03:41:33.368,2.89,0.52,0.10,1.63,0.29,0.06,0,0
2025-03-05 03:41:33.390,2.89,0.52,0.10,1.63,0.29,0.06,0,0
2025-03-05 03:41:33.409,2.89,0.52,0.10,1.63,0.29,0.06,0,0
2025-03-05 03:41:33.431,2.89,0.52,0.10,1.63,0.29,0.06,0,0
2025-03-05 03:41:33.457,2.89,0.52,0.10,1.63,0.29,0.06,0,0
2025-03-05 03:41:33.477,2.89,0.52,0.10,1.63,0.29,0.06,0,0
2025-03-05 03:41:33.495,2.89,0.52,0.10,1.63,0.29,0.06,0,0
2025-03-05 03:41:33.517,2.89,0.52,0.10,1.63,0.29,0.06,0,0
2025-03-05 03:41:33.540,2.89,0.52,0.10,1.63,0.29,0.06,0,0
2025-03-05 03:41:33.556,2.89,0.52,0.10,1.63,0.29,0.06,0,0
2025-03-05 03:41:33.575,2.89,0.52,0.10,1.63,0.29,0.06,0,0
2025-03-05 03:41:33.597,2.89,0.52,0.10,1.63,0.29,0.06,0,0
2025-03-05 03:41:33.615,2.89,0.52,0.10,1.63,0.29,0.06,0,0
2025-03-05 03:41:33.633,2.89,0.52,0.10,1.63,0.29,0.06,0,0
2025-03-05 03:41:33.655,2.89,0.52,0.10,1.63,0.29,0.06,0,0
2025-03-05 03:41:33.671,2.89,0.52,0.10,1.63,0.29,0.06,0,0
2025-03-05 03:41:33.690,2.89,0.52,0.10,1.63,0.29,0.06,0,0
2025-03-05 03:41:33.713,2.89,0.52,0.10,1.63,0.29,0.06,0,0
2025-03-05 03:41:33.733,2.89,0.52,0.10,1.63,0.29,0.06,0,0
2025-03-05 03:41:33.760,2.89,0.52,0.10,1.63,0.29,0.06,0,0
2025-03-05 03:41:33.778,2.89,0.52,0.10,1.63,0.29,0.06,0,0
2025-03-05 03:41:33.797,2.89,0.52,0.10,1.63,0.29,0.06,0,0
2025-03-05 03:41:33.821,2.89,0.52,0.10,1.63,0.29,0.06,0,0
2025-03-05 03:41:33.839,2.89,0.52,0.10,1.63,0.29,0.06,0,0
2025-03-05 03:41:33.864,2.89,0.52,0.10,1.63,0.29,0.06,0,0
2025-03-05 03:41:33.881,2.89,0.52,0.10,1.63,0.29,0.06,0,0
2025-03-05 03:41:33.900,2.89,0.52,0.10,1.63,0.29,0.06,0,0
2025-03-05 03:41:33.919,2.89,0.52,0.10,1.63,0.29,0.06,0,0
2025-03-05 03:41:33.938,2.89,0.52,0.10,1.63,0.29,0.06,0,0
2025-03-05 03:41:33.963,2.89,0.52,0.10,1.63,0.29,0.06,0,0
2025-03-05 03:41:33.984,2.89,0.52,0.10,1.63,0.29,0.06,0,0
2025-03-05 03:41:34.002,2.89,0.52,0.10,1.63,0.29,0.06,0,0
2025-03-05 03:41:34.024,2.89,0.52,0.10,1.63,0.29,0.06,0,0
2025-03-05 03:41:34.045,2.89,0.52,0.10,1.63,0.29,0.06,0,0
2025-03-05 03:41:34.067,2.89,0.52,0.10,1.63,0.29,0.06,0,0
2025-03-05 03:41:34.088,2.89,0.52,0.10,1.63,0.29,0.06,0,0
2025-03-05 03:41:34.108,2.89,0.52,0.10,1.63,0.29,0.06,0,0
2025-03-05 03:41:34.128,5.63,1.09,0.23,3.32,0.64,0.13,0,0
2025-03-05 03:41:34.149,5.63,1.09,0.23,3.32,0.64,0.13,0,0
2025-03-05 03:41:34.171,5.63,1.09,0.23,3.32,0.64,0.13,0,0
2025-03-05 03:41:34.191,5.63,1.09,0.23,3.32,0.64,0.13,0,0
2025-03-05 03:41:34.212,5.63,1.09,0.23,3.32,0.64,0.13,0,0
2025-03-05 03:41:34.230,5.63,1.09,0.23,3.32,0.64,0.13,0,0
2025-03-05 03:41:34.249,5.63,1.09,0.23,3.32,0.64,0.13,0,0
2025-03-05 03:41:34.272,5.63,1.09,0.23,3.32,0.64,0.13,0,0
2025-03-05 03:41:34.289,5.63,1.09,0.23,3.32,0.64,0.13,0,0
2025-03-05 03:41:34.312,5.63,1.09,0.23,3.32,0.64,0.13,0,0
2025-03-05 03:41:34.332,5.63,1.09,0.23,3.32,0.64,0.13,0,0
2025-03-05 03:41:34.352,5.63,1.09,0.23,3.32,0.64,0.13,0,0
2025-03-05 03:41:34.372,5.63,1.09,0.23,3.32,0.64,0.13,0,0
2025-03-05 03:41:34.393,5.63,1.09,0.23,3.32,0.64,0.13,0,0
2025-03-05 03:41:34.413,5.63,1.09,0.23,3.32,0.64,0.13,0,0
2025-03-05 03:41:34.436,5.63,1.09,0.23,3.32,0.64,0.13,0,0
2025-03-05 03:41:34.458,5.63,1.09,0.23,3.32,0.64,0.13,0,0
2025-03-05 03:41:34.482,5.63,1.09,0.23,3.32,0.64,0.13,0,0
2025-03-05 03:41:34.941,5.63,1.09,0.23,3.32,0.64,0.13,0,0
2025-03-05 03:41:34.965,5.63,1.09,0.23,3.32,0.64,0.13,0,0
2025-03-05 03:41:34.988,5.63,1.09,0.23,3.32,0.64,0.13,0,0
2025-03-05 03:41:35.011,5.63,1.09,0.23,3.32,0.64,0.13,0,0
2025-03-05 03:41:35.029,5.63,1.09,0.23,3.32,0.64,0.13,0,0
2025-03-05 03:41:35.049,5.63,1.09,0.23,3.32,0.64,0.13,0,0
2025-03-05 03:41:35.068,5.63,1.09,0.23,3.32,0.64,0.13,0,0
2025-03-05 03:41:35.087,5.63,1.09,0.23,3.32,0.64,0.13,0,0
2025-03-05 03:41:35.108,5.63,1.09,0.23,3.32,0.64,0.13,0,0
2025-03-05 03:41:35.126,5.63,1.09,0.23,3.32,0.64,0.13,0,0
2025-03-05 03:41:35.144,5.63,1.09,0.23,3.32,0.64,0.13,0,0
2025-03-05 03:41:35.162,5.63,1.09,0.23,3.32,0.64,0.13,0,0
2025-03-05 03:41:35.178,5.63,1.09,0.23,3.32,0.64,0.13,0,0
2025-03-05 03:41:35.199,5.63,1.09,0.23,3.32,0.64,0.13,0,0
2025-03-05 03:41:35.222,5.63,1.09,0.23,3.32,0.64,0.13,0,0
2025-03-05 03:41:35.239,5.63,1.09,0.23,3.32,0.64,0.13,0,0
2025-03-05 03:41:35.258,5.63,1.09,0.23,3.32,0.64,0.13,0,0
2025-03-05 03:41:35.279,5.63,1.09,0.23,3.32,0.64,0.13,0,0
2025-03-05 03:41:35.299,5.63,1.09,0.23,3.32,0.64,0.13,0,0
2025-03-05 03:41:35.319,5.63,1.09,0.23,3.32,0.64,0.13,0,0
2025-03-05 03:41:35.342,5.63,1.09,0.23,3.32,0.64,0.13,0,0
2025-03-05 03:41:35.359,5.63,1.09,0.23,3.32,0.64,0.13,0,0
2025-03-05 03:41:35.381,5.63,1.09,0.23,3.32,0.64,0.13,0,0
2025-03-05 03:41:35.397,5.63,1.09,0.23,3.32,0.64,0.13,0,0
2025-03-05 03:41:35.419,5.63,1.09,0.23,3.32,0.64,0.13,0,0
2025-03-05 03:41:35.434,5.63,1.09,0.23,3.32,0.64,0.13,0,0
2025-03-05 03:41:35.458,5.63,1.09,0.23,3.32,0.64,0.13,0,0
2025-03-05 03:41:35.480,5.63,1.09,0.23,3.32,0.64,0.13,0,0
2025-03-05 03:41:35.499,5.63,1.09,0.23,3.32,0.64,0.13,0,0
2025-03-05 03:41:35.524,5.63,1.09,0.23,3.32,0.64,0.13,0,0
2025-03-05 03:41:35.541,5.63,1.09,0.23,3.32,0.64,0.13,0,0
2025-03-05 03:41:35.563,5.63,1.09,0.23,3.32,0.64,0.13,0,0
2025-03-05 03:41:35.580,5.63,1.09,0.23,3.32,0.64,0.13,0,0
2025-03-05 03:41:35.600,5.63,1.09,0.23,3.32,0.64,0.13,0,0
2025-03-05 03:41:35.618,5.63,1.09,0.23,3.32,0.64,0.13,0,0
2025-03-05 03:41:35.639,5.63,1.09,0.23,3.32,0.64,0.13,0,0
2025-03-05 03:41:35.661,5.63,1.09,0.23,3.32,0.64,0.13,0,0
2025-03-05 03:41:35.676,5.63,1.09,0.23,3.32,0.64,0.13,0,0
2025-03-05 03:41:35.696,5.63,1.09,0.23,3.32,0.64,0.13,0,0
2025-03-05 03:41:35.717,5.63,1.09,0.23,3.32,0.64,0.13,0,0
2025-03-05 03:41:35.736,5.63,1.09,0.23,3.32,0.64,0.13,0,0
2025-03-05 03:41:35.761,5.63,1.09,0.23,3.32,0.64,0.13,0,0
2025-03-05 03:41:35.778,5.63,1.09,0.23,3.32,0.64,0.13,0,0
2025-03-05 03:41:35.797,5.63,1.09,0.23,3.32,0.64,0.13,0,0
2025-03-05 03:41:35.819,5.63,1.09,0.23,3.32,0.64,0.13,0,0
2025-03-05 03:41:35.842,5.63,1.09,0.23,3.32,0.64,0.13,0,0
2025-03-05 03:41:35.869,5.63,1.09,0.23,3.32,0.64,0.13,0,0
2025-03-05 03:41:35.885,5.63,1.09,0.23,3.32,0.64,0.13,0,0
2025-03-05 03:41:35.904,5.63,1.09,0.23,3.32,0.64,0.13,0,0
2025-03-05 03:41:35.927,5.63,1.09,0.23,3.32,0.64,0.13,0,0
2025-03-05 03:41:35.944,5.63,1.09,0.23,3.32,0.64,0.13,0,0
2025-03-05 03:41:35.967,5.63,1.09,0.23,3.32,0.64,0.13,0,0
2025-03-05 03:41:35.989,5.63,1.09,0.23,3.32,0.64,0.13,0,0
2025-03-05 03:41:36.008,5.63,1.09,0.23,3.32,0.64,0.13,0,0
2025-03-05 03:41:36.031,5.63,1.09,0.23,3.32,0.64,0.13,0,0
2025-03-05 03:41:36.052,5.63,1.09,0.23,3.32,0.64,0.13,0,0
2025-03-05 03:41:36.071,5.63,1.09,0.23,3.32,0.64,0.13,0,0
2025-03-05 03:41:36.092,5.63,1.09,0.23,3.32,0.64,0.13,0,0
2025-03-05 03:41:36.107,5.63,1.09,0.23,3.32,0.64,0.13,0,0
2025-03-05 03:41:36.125,13.49,2.66,0.56,8.88,1.73,0.36,0,0
2025-03-05 03:41:36.142,13.49,2.66,0.56,8.88,1.73,0.36,0,0
2025-03-05 03:41:36.158,13.49,2.66,0.56,8.88,1.73,0.36,0,0
2025-03-05 03:41:36.176,13.49,2.66,0.56,8.88,1.73,0.36,0,0
2025-03-05 03:41:36.196,13.49,2.66,0.56,8.88,1.73,0.36,0,0
2025-03-05 03:41:36.217,13.49,2.66,0.56,8.88,1.73,0.36,0,0
2025-03-05 03:41:36.237,13.49,2.66,0.56,8.88,1.73,0.36,0,0
2025-03-05 03:41:36.255,13.49,2.66,0.56,8.88,1.73,0.36,0,0
2025-03-05 03:41:36.275,13.49,2.66,0.56,8.88,1.73,0.36,0,0
2025-03-05 03:41:36.294,13.49,2.66,0.56,8.88,1.73,0.36,0,0
2025-03-05 03:41:36.312,13.49,2.66,0.56,8.88,1.73,0.36,0,0
2025-03-05 03:41:36.330,13.49,2.66,0.56,8.88,1.73,0.36,0,0
2025-03-05 03:41:36.347,13.49,2.66,0.56,8.88,1.73,0.36,0,0
2025-03-05 03:41:36.366,13.49,2.66,0.56,8.88,1.73,0.36,0,0
2025-03-05 03:41:36.384,13.49,2.66,0.56,8.88,1.73,0.36,0,0
2025-03-05 03:41:36.401,13.49,2.66,0.56,8.88,1.73,0.36,0,0
2025-03-05 03:41:36.419,13.49,2.66,0.56,8.88,1.73,0.36,0,0
2025-03-05 03:41:36.438,13.49,2.66,0.56,8.88,1.73,0.36,0,0
2025-03-05 03:41:36.455,13.49,2.66,0.56,8.88,1.73,0.36,0,0
2025-03-05 03:41:36.474,13.49,2.66,0.56,8.88,1.73,0.36,0,0
2025-03-05 03:41:36.491,13.49,2.66,0.56,8.88,1.73,0.36,0,0
2025-03-05 03:41:36.510,13.49,2.66,0.56,8.88,1.73,0.36,0,0
2025-03-05 03:41:36.528,13.49,2.66,0.56,8.88,1.73,0.36,0,0
2025-03-05 03:41:36.546,13.49,2.66,0.56,8.88,1.73,0.36,0,0
2025-03-05 03:41:36.564,13.49,2.66,0.56,8.88,1.73,0.36,0,0
2025-03-05 03:41:36.582,13.49,2.66,0.56,8.88,1.73,0.36,0,0
2025-03-05 03:41:36.601,13.49,2.66,0.56,8.88,1.73,0.36,0,0
2025-03-05 03:41:36.617,13.49,2.66,0.56,8.88,1.73,0.36,0,0
2025-03-05 03:41:36.636,13.49,2.66,0.56,8.88,1.73,0.36,0,0
2025-03-05 03:41:36.653,13.49,2.66,0.56,8.88,1.73,0.36,0,0
2025-03-05 03:41:36.672,13.49,2.66,0.56,8.88,1.73,0.36,0,0
2025-03-05 03:41:36.689,13.49,2.66,0.56,8.88,1.73,0.36,0,0
2025-03-05 03:41:36.708,13.49,2.66,0.56,8.88,1.73,0.36,0,0
2025-03-05 03:41:36.726,13.49,2.66,0.56,8.88,1.73,0.36,0,0
2025-03-05 03:41:36.747,13.49,2.66,0.56,8.88,1.73,0.36,0,0
2025-03-05 03:41:36.766,13.49,2.66,0.56,8.88,1.73,0.36,0,0
2025-03-05 03:41:36.786,13.49,2.66,0.56,8.88,1.73,0.36,0,0
2025-03-05 03:41:36.806,13.49,2.66,0.56,8.88,1.73,0.36,0,0
2025-03-05 03:41:36.824,13.49,2.66,0.56,8.88,1.73,0.36,0,0
2025-03-05 03:41:36.843,13.49,2.66,0.56,8.88,1.73,0.36,0,0
2025-03-05 03:41:36.861,13.49,2.66,0.56,8.88,1.73,0.36,0,0
2025-03-05 03:41:36.883,13.49,2.66,0.56,8.88,1.73,0.36,0,0
2025-03-05 03:41:36.903,13.49,2.66,0.56,8.88,1.73,0.36,0,0
2025-03-05 03:41:36.922,13.49,2.66,0.56,8.88,1.73,0.36,0,0
2025-03-05 03:41:36.941,13.49,2.66,0.56,8.88,1.73,0.36,0,0
2025-03-05 03:41:36.959,13.49,2.66,0.56,8.88,1.73,0.36,0,0
2025-03-05 03:41:36.977,13.49,2.66,0.56,8.88,1.73,0.36,0,0
2025-03-05 03:41:36.997,13.49,2.66,0.56,8.88,1.73,0.36,0,0
2025-03-05 03:41:37.018,13.49,2.66,0.56,8.88,1.73,0.36,0,0
2025-03-05 03:41:37.037,13.49,2.66,0.56,8.88,1.73,0.36,0,0
2025-03-05 03:41:37.055,13.49,2.66,0.56,8.88,1.73,0.36,0,0
2025-03-05 03:41:37.080,13.49,2.66,0.56,8.88,1.73,0.36,0,0
2025-03-05 03:41:37.097,13.49,2.66,0.56,8.88,1.73,0.36,0,0
2025-03-05 03:41:37.115,13.49,2.66,0.56,8.88,1.73,0.36,0,0
2025-03-05 03:41:37.135,13.49,2.66,0.56,8.88,1.73,0.36,0,0
2025-03-05 03:41:37.153,13.49,2.66,0.56,8.88,1.73,0.36,0,0
2025-03-05 03:41:37.171,13.49,2.66,0.56,8.88,1.73,0.36,0,0
2025-03-05 03:41:37.194,13.49,2.66,0.56,8.88,1.73,0.36,0,0
