Timestamp,Some (avg10),Some (avg60),Some (avg300),Full (avg10),Full (avg60),Full (avg300),OOM Kills,OOM Failures
2025-03-05 03:51:57.335,0.00,0.00,0.00,0.00,0.00,0.00,0,0
2025-03-05 03:51:57.355,0.00,0.00,0.00,0.00,0.00,0.00,0,0
2025-03-05 03:51:57.375,0.00,0.00,0.00,0.00,0.00,0.00,0,0
2025-03-05 03:51:57.395,0.00,0.00,0.00,0.00,0.00,0.00,0,0
2025-03-05 03:51:57.416,0.00,0.00,0.00,0.00,0.00,0.00,0,0
2025-03-05 03:51:57.432,0.00,0.00,0.00,0.00,0.00,0.00,0,0
2025-03-05 03:51:57.453,0.00,0.00,0.00,0.00,0.00,0.00,0,0
2025-03-05 03:51:57.478,0.00,0.00,0.00,0.00,0.00,0.00,0,0
2025-03-05 03:51:57.497,0.00,0.00,0.00,0.00,0.00,0.00,0,0
2025-03-05 03:51:57.518,0.00,0.00,0.00,0.00,0.00,0.00,0,0
2025-03-05 03:51:57.539,0.00,0.00,0.00,0.00,0.00,0.00,0,0
2025-03-05 03:51:57.562,0.00,0.00,0.00,0.00,0.00,0.00,0,0
2025-03-05 03:51:57.586,0.00,0.00,0.00,0.00,0.00,0.00,0,0
2025-03-05 03:51:57.610,0.00,0.00,0.00,0.00,0.00,0.00,0,0
2025-03-05 03:51:57.630,0.00,0.00,0.00,0.00,0.00,0.00,0,0
2025-03-05 03:51:57.649,0.00,0.00,0.00,0.00,0.00,0.00,0,0
2025-03-05 03:51:57.666,0.00,0.00,0.00,0.00,0.00,0.00,0,0
2025-03-05 03:51:57.689,0.00,0.00,0.00,0.00,0.00,0.00,0,0
2025-03-05 03:51:57.707,0.00,0.00,0.00,0.00,0.00,0.00,0,0
2025-03-05 03:51:57.731,0.00,0.00,0.00,0.00,0.00,0.00,0,0
2025-03-05 03:51:57.751,0.00,0.00,0.00,0.00,0.00,0.00,0,0
2025-03-05 03:51:57.767,0.00,0.00,0.00,0.00,0.00,0.00,0,0
2025-03-05 03:51:57.794,0.00,0.00,0.00,0.00,0.00,0.00,0,0
2025-03-05 03:51:57.818,0.00,0.00,0.00,0.00,0.00,0.00,0,0
2025-03-05 03:51:57.839,0.00,0.00,0.00,0.00,0.00,0.00,0,0
2025-03-05 03:51:57.859,0.00,0.00,0.00,0.00,0.00,0.00,0,0
2025-03-05 03:51:57.878,0.00,0.00,0.00,0.00,0.00,0.00,0,0
2025-03-05 03:51:57.896,0.00,0.00,0.00,0.00,0.00,0.00,0,0
2025-03-05 03:51:57.920,0.00,0.00,0.00,0.00,0.00,0.00,0,0
2025-03-05 03:51:57.937,0.00,0.00,0.00,0.00,0.00,0.00,0,0
2025-03-05 03:51:57.958,0.00,0.00,0.00,0.00,0.00,0.00,0,0
2025-03-05 03:51:57.981,0.00,0.00,0.00,0.00,0.00,0.00,0,0
2025-03-05 03:51:58.000,0.00,0.00,0.00,0.00,0.00,0.00,0,0
2025-03-05 03:51:58.020,0.00,0.00,0.00,0.00,0.00,0.00,0,0
2025-03-05 03:51:58.039,0.00,0.00,0.00,0.00,0.00,0.00,0,0
2025-03-05 03:51:58.058,0.00,0.00,0.00,0.00,0.00,0.00,0,0
2025-03-05 03:51:58.083,0.00,0.00,0.00,0.00,0.00,0.00,0,0
2025-03-05 03:51:58.101,0.00,0.00,0.00,0.00,0.00,0.00,0,0
2025-03-05 03:51:58.123,0.00,0.00,0.00,0.00,0.00,0.00,0,0
2025-03-05 03:51:58.146,0.00,0.00,0.00,0.00,0.00,0.00,0,0
2025-03-05 03:51:58.167,0.00,0.00,0.00,0.00,0.00,0.00,0,0
2025-03-05 03:51:58.191,0.00,0.00,0.00,0.00,0.00,0.00,0,0
2025-03-05 03:51:58.211,0.00,0.00,0.00,0.00,0.00,0.00,0,0
2025-03-05 03:51:58.229,0.00,0.00,0.00,0.00,0.00,0.00,0,0
2025-03-05 03:51:58.248,0.00,0.00,0.00,0.00,0.00,0.00,0,0
2025-03-05 03:51:58.266,0.00,0.00,0.00,0.00,0.00,0.00,0,0
2025-03-05 03:51:58.285,0.00,0.00,0.00,0.00,0.00,0.00,0,0
2025-03-05 03:51:58.309,0.00,0.00,0.00,0.00,0.00,0.00,0,0
2025-03-05 03:51:58.333,0.00,0.00,0.00,0.00,0.00,0.00,0,0
2025-03-05 03:51:58.355,0.00,0.00,0.00,0.00,0.00,0.00,0,0
2025-03-05 03:51:58.372,0.00,0.00,0.00,0.00,0.00,0.00,0,0
2025-03-05 03:51:58.393,0.00,0.00,0.00,0.00,0.00,0.00,0,0
2025-03-05 03:51:58.415,0.00,0.00,0.00,0.00,0.00,0.00,0,0
2025-03-05 03:51:58.433,0.00,0.00,0.00,0.00,0.00,0.00,0,0
2025-03-05 03:51:58.453,0.00,0.00,0.00,0.00,0.00,0.00,0,0
2025-03-05 03:51:58.471,0.00,0.00,0.00,0.00,0.00,0.00,0,0
2025-03-05 03:51:58.494,0.00,0.00,0.00,0.00,0.00,0.00,0,0
2025-03-05 03:51:58.515,0.00,0.00,0.00,0.00,0.00,0.00,0,0
2025-03-05 03:51:58.533,0.00,0.00,0.00,0.00,0.00,0.00,0,0
2025-03-05 03:51:58.552,0.00,0.00,0.00,0.00,0.00,0.00,0,0
2025-03-05 03:51:58.572,0.00,0.00,0.00,0.00,0.00,0.00,0,0
2025-03-05 03:51:58.591,0.00,0.00,0.00,0.00,0.00,0.00,0,0
2025-03-05 03:51:58.610,0.00,0.00,0.00,0.00,0.00,0.00,0,0
2025-03-05 03:51:58.629,0.00,0.00,0.00,0.00,0.00,0.00,0,0
2025-03-05 03:51:58.649,0.00,0.00,0.00,0.00,0.00,0.00,0,0
2025-03-05 03:51:58.668,0.00,0.00,0.00,0.00,0.00,0.00,0,0
2025-03-05 03:51:58.688,0.00,0.00,0.00,0.00,0.00,0.00,0,0
2025-03-05 03:51:58.707,0.00,0.00,0.00,0.00,0.00,0.00,0,0
2025-03-05 03:51:58.727,0.00,0.00,0.00,0.00,0.00,0.00,0,0
2025-03-05 03:51:58.746,0.00,0.00,0.00,0.00,0.00,0.00,0,0
2025-03-05 03:51:58.766,0.00,0.00,0.00,0.00,0.00,0.00,0,0
2025-03-05 03:51:58.786,0.00,0.00,0.00,0.00,0.00,0.00,0,0
2025-03-05 03:51:58.805,0.00,0.00,0.00,0.00,0.00,0.00,0,0
2025-03-05 03:51:58.824,0.00,0.00,0.00,0.00,0.00,0.00,0,0
2025-03-05 03:51:58.843,0.00,0.00,0.00,0.00,0.00,0.00,0,0
2025-03-05 03:51:58.862,0.00,0.00,0.00,0.00,0.00,0.00,0,0
2025-03-05 03:51:58.883,0.00,0.00,0.00,0.00,0.00,0.00,0,0
2025-03-05 03:51:58.902,0.00,0.00,0.00,0.00,0.00,0.00,0,0
2025-03-05 03:51:58.921,0.00,0.00,0.00,0.00,0.00,0.00,0,0
2025-03-05 03:51:58.942,0.00,0.00,0.00,0.00,0.00,0.00,0,0
2025-03-05 03:51:58.962,0.00,0.00,0.00,0.00,0.00,0.00,0,0
2025-03-05 03:51:58.982,0.00,0.00,0.00,0.00,0.00,0.00,0,0
2025-03-05 03:51:59.004,0.00,0.00,0.00,0.00,0.00,0.00,0,0
2025-03-05 03:51:59.027,0.00,0.00,0.00,0.00,0.00,0.00,0,0
2025-03-05 03:51:59.048,0.00,0.00,0.00,0.00,0.00,0.00,0,0
2025-03-05 03:51:59.068,0.00,0.00,0.00,0.00,0.00,0.00,0,0
2025-03-05 03:51:59.087,0.00,0.00,0.00,0.00,0.00,0.00,0,0
2025-03-05 03:51:59.106,0.00,0.00,0.00,0.00,0.00,0.00,0,0
2025-03-05 03:51:59.125,0.00,0.00,0.00,0.00,0.00,0.00,0,0
2025-03-05 03:51:59.149,0.00,0.00,0.00,0.00,0.00,0.00,0,0
2025-03-05 03:51:59.166,0.00,0.00,0.00,0.00,0.00,0.00,0,0
2025-03-05 03:51:59.191,0.00,0.00,0.00,0.00,0.00,0.00,0,0
2025-03-05 03:51:59.212,0.00,0.00,0.00,0.00,0.00,0.00,0,0
2025-03-05 03:51:59.228,0.00,0.00,0.00,0.00,0.00,0.00,0,0
2025-03-05 03:51:59.253,0.00,0.00,0.00,0.00,0.00,0.00,0,0
2025-03-05 03:51:59.270,0.00,0.00,0.00,0.00,0.00,0.00,0,0
2025-03-05 03:51:59.287,0.00,0.00,0.00,0.00,0.00,0.00,0,0
2025-03-05 03:51:59.307,0.00,0.00,0.00,0.00,0.00,0.00,0,0
2025-03-05 03:51:59.334,0.00,0.00,0.00,0.00,0.00,0.00,0,0
2025-03-05 03:51:59.354,0.00,0.00,0.00,0.00,0.00,0.00,0,0
2025-03-05 03:51:59.371,0.00,0.00,0.00,0.00,0.00,0.00,0,0
2025-03-05 03:51:59.393,0.00,0.00,0.00,0.00,0.00,0.00,0,0
2025-03-05 03:51:59.411,0.00,0.00,0.00,0.00,0.00,0.00,0,0
2025-03-05 03:51:59.447,0.00,0.00,0.00,0.00,0.00,0.00,0,0
2025-03-05 03:51:59.479,0.00,0.00,0.00,0.00,0.00,0.00,0,0
2025-03-05 03:51:59.499,0.00,0.00,0.00,0.00,0.00,0.00,0,0
2025-03-05 03:51:59.531,0.00,0.00,0.00,0.00,0.00,0.00,0,0
2025-03-05 03:51:59.566,0.00,0.00,0.00,0.00,0.00,0.00,0,0
2025-03-05 03:51:59.589,0.00,0.00,0.00,0.00,0.00,0.00,0,0
2025-03-05 03:51:59.619,0.00,0.00,0.00,0.00,0.00,0.00,0,0
2025-03-05 03:51:59.636,0.00,0.00,0.00,0.00,0.00,0.00,0,0
2025-03-05 03:51:59.665,0.00,0.00,0.00,0.00,0.00,0.00,0,0
2025-03-05 03:51:59.682,0.00,0.00,0.00,0.00,0.00,0.00,0,0
2025-03-05 03:51:59.697,0.00,0.00,0.00,0.00,0.00,0.00,0,0
2025-03-05 03:51:59.719,0.00,0.00,0.00,0.00,0.00,0.00,0,0
2025-03-05 03:51:59.736,0.00,0.00,0.00,0.00,0.00,0.00,0,0
2025-03-05 03:51:59.759,0.00,0.00,0.00,0.00,0.00,0.00,0,0
2025-03-05 03:51:59.783,0.00,0.00,0.00,0.00,0.00,0.00,0,0
2025-03-05 03:51:59.800,0.00,0.00,0.00,0.00,0.00,0.00,0,0
2025-03-05 03:51:59.824,0.00,0.00,0.00,0.00,0.00,0.00,0,0
2025-03-05 03:51:59.846,0.00,0.00,0.00,0.00,0.00,0.00,0,0
2025-03-05 03:51:59.867,0.00,0.00,0.00,0.00,0.00,0.00,0,0
2025-03-05 03:51:59.893,0.00,0.00,0.00,0.00,0.00,0.00,0,0
2025-03-05 03:51:59.910,0.00,0.00,0.00,0.00,0.00,0.00,0,0
2025-03-05 03:51:59.928,0.00,0.00,0.00,0.00,0.00,0.00,0,0
2025-03-05 03:51:59.954,0.00,0.00,0.00,0.00,0.00,0.00,0,0
2025-03-05 03:51:59.973,0.00,0.00,0.00,0.00,0.00,0.00,0,0
2025-03-05 03:51:59.998,0.00,0.00,0.00,0.00,0.00,0.00,0,0
2025-03-05 03:52:00.019,0.00,0.00,0.00,0.00,0.00,0.00,0,0
2025-03-05 03:52:00.043,0.00,0.00,0.00,0.00,0.00,0.00,0,0
2025-03-05 03:52:00.067,0.00,0.00,0.00,0.00,0.00,0.00,0,0
2025-03-05 03:52:00.092,0.00,0.00,0.00,0.00,0.00,0.00,0,0
2025-03-05 03:52:00.112,0.00,0.00,0.00,0.00,0.00,0.00,0,0
2025-03-05 03:52:00.132,0.00,0.00,0.00,0.00,0.00,0.00,0,0
2025-03-05 03:52:00.151,0.00,0.00,0.00,0.00,0.00,0.00,0,0
2025-03-05 03:52:00.169,0.00,0.00,0.00,0.00,0.00,0.00,0,0
2025-03-05 03:52:00.192,0.00,0.00,0.00,0.00,0.00,0.00,0,0
2025-03-05 03:52:00.210,0.00,0.00,0.00,0.00,0.00,0.00,0,0
2025-03-05 03:52:00.229,3.80,0.68,0.14,1.99,0.35,0.07,0,0
2025-03-05 03:52:00.253,3.80,0.68,0.14,1.99,0.35,0.07,0,0
2025-03-05 03:52:00.272,3.80,0.68,0.14,1.99,0.35,0.07,0,0
2025-03-05 03:52:00.289,3.80,0.68,0.14,1.99,0.35,0.07,0,0
2025-03-05 03:52:00.311,3.80,0.68,0.14,1.99,0.35,0.07,0,0
2025-03-05 03:52:00.335,3.80,0.68,0.14,1.99,0.35,0.07,0,0
2025-03-05 03:52:00.359,3.80,0.68,0.14,1.99,0.35,0.07,0,0
2025-03-05 03:52:00.378,3.80,0.68,0.14,1.99,0.35,0.07,0,0
2025-03-05 03:52:00.395,3.80,0.68,0.14,1.99,0.35,0.07,0,0
2025-03-05 03:52:00.418,3.80,0.68,0.14,1.99,0.35,0.07,0,0
2025-03-05 03:52:00.436,3.80,0.68,0.14,1.99,0.35,0.07,0,0
2025-03-05 03:52:00.459,3.80,0.68,0.14,1.99,0.35,0.07,0,0
2025-03-05 03:52:00.477,3.80,0.68,0.14,1.99,0.35,0.07,0,0
2025-03-05 03:52:00.496,3.80,0.68,0.14,1.99,0.35,0.07,0,0
2025-03-05 03:52:00.515,3.80,0.68,0.14,1.99,0.35,0.07,0,0
2025-03-05 03:52:00.538,3.80,0.68,0.14,1.99,0.35,0.07,0,0
2025-03-05 03:52:00.558,3.80,0.68,0.14,1.99,0.35,0.07,0,0
2025-03-05 03:52:00.577,3.80,0.68,0.14,1.99,0.35,0.07,0,0
2025-03-05 03:52:00.598,3.80,0.68,0.14,1.99,0.35,0.07,0,0
2025-03-05 03:52:00.621,3.80,0.68,0.14,1.99,0.35,0.07,0,0
2025-03-05 03:52:00.639,3.80,0.68,0.14,1.99,0.35,0.07,0,0
2025-03-05 03:52:00.661,3.80,0.68,0.14,1.99,0.35,0.07,0,0
2025-03-05 03:52:00.681,3.80,0.68,0.14,1.99,0.35,0.07,0,0
2025-03-05 03:52:00.702,3.80,0.68,0.14,1.99,0.35,0.07,0,0
2025-03-05 03:52:00.720,3.80,0.68,0.14,1.99,0.35,0.07,0,0
2025-03-05 03:52:00.743,3.80,0.68,0.14,1.99,0.35,0.07,0,0
2025-03-05 03:52:00.762,3.80,0.68,0.14,1.99,0.35,0.07,0,0
2025-03-05 03:52:00.787,3.80,0.68,0.14,1.99,0.35,0.07,0,0
2025-03-05 03:52:00.805,3.80,0.68,0.14,1.99,0.35,0.07,0,0
2025-03-05 03:52:00.828,3.80,0.68,0.14,1.99,0.35,0.07,0,0
2025-03-05 03:52:00.846,3.80,0.68,0.14,1.99,0.35,0.07,0,0
2025-03-05 03:52:00.869,3.80,0.68,0.14,1.99,0.35,0.07,0,0
2025-03-05 03:52:00.886,3.80,0.68,0.14,1.99,0.35,0.07,0,0
2025-03-05 03:52:00.905,3.80,0.68,0.14,1.99,0.35,0.07,0,0
2025-03-05 03:52:00.925,3.80,0.68,0.14,1.99,0.35,0.07,0,0
2025-03-05 03:52:00.943,3.80,0.68,0.14,1.99,0.35,0.07,0,0
2025-03-05 03:52:00.962,3.80,0.68,0.14,1.99,0.35,0.07,0,0
2025-03-05 03:52:00.980,3.80,0.68,0.14,1.99,0.35,0.07,0,0
2025-03-05 03:52:01.003,3.80,0.68,0.14,1.99,0.35,0.07,0,0
2025-03-05 03:52:01.019,3.80,0.68,0.14,1.99,0.35,0.07,0,0
2025-03-05 03:52:01.040,3.80,0.68,0.14,1.99,0.35,0.07,0,0
2025-03-05 03:52:01.062,3.80,0.68,0.14,1.99,0.35,0.07,0,0
2025-03-05 03:52:01.081,3.80,0.68,0.14,1.99,0.35,0.07,0,0
2025-03-05 03:52:01.106,3.80,0.68,0.14,1.99,0.35,0.07,0,0
2025-03-05 03:52:01.130,3.80,0.68,0.14,1.99,0.35,0.07,0,0
2025-03-05 03:52:01.148,3.80,0.68,0.14,1.99,0.35,0.07,0,0
2025-03-05 03:52:01.167,3.80,0.68,0.14,1.99,0.35,0.07,0,0
2025-03-05 03:52:01.187,3.80,0.68,0.14,1.99,0.35,0.07,0,0
2025-03-05 03:52:01.206,3.80,0.68,0.14,1.99,0.35,0.07,0,0
2025-03-05 03:52:01.225,3.80,0.68,0.14,1.99,0.35,0.07,0,0
2025-03-05 03:52:01.247,3.80,0.68,0.14,1.99,0.35,0.07,0,0
2025-03-05 03:52:01.268,3.80,0.68,0.14,1.99,0.35,0.07,0,0
2025-03-05 03:52:01.285,3.80,0.68,0.14,1.99,0.35,0.07,0,0
2025-03-05 03:52:01.308,3.80,0.68,0.14,1.99,0.35,0.07,0,0
2025-03-05 03:52:01.324,3.80,0.68,0.14,1.99,0.35,0.07,0,0
2025-03-05 03:52:01.343,3.80,0.68,0.14,1.99,0.35,0.07,0,0
2025-03-05 03:52:01.366,3.80,0.68,0.14,1.99,0.35,0.07,0,0
2025-03-05 03:52:01.384,3.80,0.68,0.14,1.99,0.35,0.07,0,0
2025-03-05 03:52:01.402,3.80,0.68,0.14,1.99,0.35,0.07,0,0
2025-03-05 03:52:01.421,3.80,0.68,0.14,1.99,0.35,0.07,0,0
2025-03-05 03:52:01.439,3.80,0.68,0.14,1.99,0.35,0.07,0,0
2025-03-05 03:52:01.463,3.80,0.68,0.14,1.99,0.35,0.07,0,0
2025-03-05 03:52:01.487,3.80,0.68,0.14,1.99,0.35,0.07,0,0
2025-03-05 03:52:01.516,3.80,0.68,0.14,1.99,0.35,0.07,0,0
2025-03-05 03:52:01.535,3.80,0.68,0.14,1.99,0.35,0.07,0,0
2025-03-05 03:52:01.568,3.80,0.68,0.14,1.99,0.35,0.07,0,0
2025-03-05 03:52:01.588,3.80,0.68,0.14,1.99,0.35,0.07,0,0
2025-03-05 03:52:01.606,3.80,0.68,0.14,1.99,0.35,0.07,0,0
2025-03-05 03:52:01.631,3.80,0.68,0.14,1.99,0.35,0.07,0,0
2025-03-05 03:52:01.648,3.80,0.68,0.14,1.99,0.35,0.07,0,0
2025-03-05 03:52:01.670,3.80,0.68,0.14,1.99,0.35,0.07,0,0
2025-03-05 03:52:01.687,3.80,0.68,0.14,1.99,0.35,0.07,0,0
2025-03-05 03:52:01.710,3.80,0.68,0.14,1.99,0.35,0.07,0,0
2025-03-05 03:52:01.729,3.80,0.68,0.14,1.99,0.35,0.07,0,0
2025-03-05 03:52:01.747,3.80,0.68,0.14,1.99,0.35,0.07,0,0
2025-03-05 03:52:01.770,3.80,0.68,0.14,1.99,0.35,0.07,0,0
2025-03-05 03:52:01.789,3.80,0.68,0.14,1.99,0.35,0.07,0,0
2025-03-05 03:52:01.810,3.80,0.68,0.14,1.99,0.35,0.07,0,0
2025-03-05 03:52:01.827,3.80,0.68,0.14,1.99,0.35,0.07,0,0
2025-03-05 03:52:01.845,3.80,0.68,0.14,1.99,0.35,0.07,0,0
2025-03-05 03:52:01.868,3.80,0.68,0.14,1.99,0.35,0.07,0,0
2025-03-05 03:52:01.891,3.80,0.68,0.14,1.99,0.35,0.07,0,0
2025-03-05 03:52:01.908,3.80,0.68,0.14,1.99,0.35,0.07,0,0
2025-03-05 03:52:01.926,3.80,0.68,0.14,1.99,0.35,0.07,0,0
2025-03-05 03:52:01.949,3.80,0.68,0.14,1.99,0.35,0.07,0,0
2025-03-05 03:52:01.971,3.80,0.68,0.14,1.99,0.35,0.07,0,0
2025-03-05 03:52:01.989,3.80,0.68,0.14,1.99,0.35,0.07,0,0
2025-03-05 03:52:02.012,3.80,0.68,0.14,1.99,0.35,0.07,0,0
2025-03-05 03:52:02.030,3.80,0.68,0.14,1.99,0.35,0.07,0,0
2025-03-05 03:52:02.053,3.80,0.68,0.14,1.99,0.35,0.07,0,0
2025-03-05 03:52:02.076,3.80,0.68,0.14,1.99,0.35,0.07,0,0
2025-03-05 03:52:02.094,3.80,0.68,0.14,1.99,0.35,0.07,0,0
2025-03-05 03:52:02.112,3.80,0.68,0.14,1.99,0.35,0.07,0,0
2025-03-05 03:52:02.134,3.80,0.68,0.14,1.99,0.35,0.07,0,0
2025-03-05 03:52:02.156,3.80,0.68,0.14,1.99,0.35,0.07,0,0
2025-03-05 03:52:02.180,3.80,0.68,0.14,1.99,0.35,0.07,0,0
2025-03-05 03:52:02.200,3.80,0.68,0.14,1.99,0.35,0.07,0,0
2025-03-05 03:52:02.220,8.54,1.64,0.34,4.89,0.93,0.19,0,0
2025-03-05 03:52:02.239,8.54,1.64,0.34,4.89,0.93,0.19,0,0
2025-03-05 03:52:02.257,8.54,1.64,0.34,4.89,0.93,0.19,0,0
2025-03-05 03:52:02.280,8.54,1.64,0.34,4.89,0.93,0.19,0,0
2025-03-05 03:52:02.297,8.54,1.64,0.34,4.89,0.93,0.19,0,0
2025-03-05 03:52:02.315,8.54,1.64,0.34,4.89,0.93,0.19,0,0
2025-03-05 03:52:02.337,8.54,1.64,0.34,4.89,0.93,0.19,0,0
2025-03-05 03:52:02.355,8.54,1.64,0.34,4.89,0.93,0.19,0,0
2025-03-05 03:52:02.373,8.54,1.64,0.34,4.89,0.93,0.19,0,0
2025-03-05 03:52:02.397,8.54,1.64,0.34,4.89,0.93,0.19,0,0
2025-03-05 03:52:02.416,8.54,1.64,0.34,4.89,0.93,0.19,0,0
2025-03-05 03:52:02.435,8.54,1.64,0.34,4.89,0.93,0.19,0,0
2025-03-05 03:52:02.458,8.54,1.64,0.34,4.89,0.93,0.19,0,0
2025-03-05 03:52:02.476,8.54,1.64,0.34,4.89,0.93,0.19,0,0
2025-03-05 03:52:02.499,8.54,1.64,0.34,4.89,0.93,0.19,0,0
2025-03-05 03:52:02.519,8.54,1.64,0.34,4.89,0.93,0.19,0,0
2025-03-05 03:52:02.536,8.54,1.64,0.34,4.89,0.93,0.19,0,0
2025-03-05 03:52:02.558,8.54,1.64,0.34,4.89,0.93,0.19,0,0
2025-03-05 03:52:02.577,8.54,1.64,0.34,4.89,0.93,0.19,0,0
2025-03-05 03:52:02.595,8.54,1.64,0.34,4.89,0.93,0.19,0,0
2025-03-05 03:52:02.616,8.54,1.64,0.34,4.89,0.93,0.19,0,0
2025-03-05 03:52:02.631,8.54,1.64,0.34,4.89,0.93,0.19,0,0
2025-03-05 03:52:02.653,8.54,1.64,0.34,4.89,0.93,0.19,0,0
2025-03-05 03:52:02.671,8.54,1.64,0.34,4.89,0.93,0.19,0,0
2025-03-05 03:52:03.131,8.54,1.64,0.34,4.89,0.93,0.19,0,0
2025-03-05 03:52:03.152,8.54,1.64,0.34,4.89,0.93,0.19,0,0
2025-03-05 03:52:03.168,8.54,1.64,0.34,4.89,0.93,0.19,0,0
2025-03-05 03:52:03.191,8.54,1.64,0.34,4.89,0.93,0.19,0,0
2025-03-05 03:52:03.214,8.54,1.64,0.34,4.89,0.93,0.19,0,0
2025-03-05 03:52:03.235,8.54,1.64,0.34,4.89,0.93,0.19,0,0
2025-03-05 03:52:03.255,8.54,1.64,0.34,4.89,0.93,0.19,0,0
2025-03-05 03:52:03.277,8.54,1.64,0.34,4.89,0.93,0.19,0,0
2025-03-05 03:52:03.296,8.54,1.64,0.34,4.89,0.93,0.19,0,0
2025-03-05 03:52:03.313,8.54,1.64,0.34,4.89,0.93,0.19,0,0
2025-03-05 03:52:03.335,8.54,1.64,0.34,4.89,0.93,0.19,0,0
2025-03-05 03:52:03.358,8.54,1.64,0.34,4.89,0.93,0.19,0,0
2025-03-05 03:52:03.377,8.54,1.64,0.34,4.89,0.93,0.19,0,0
2025-03-05 03:52:03.402,8.54,1.64,0.34,4.89,0.93,0.19,0,0
2025-03-05 03:52:03.425,8.54,1.64,0.34,4.89,0.93,0.19,0,0
2025-03-05 03:52:03.443,8.54,1.64,0.34,4.89,0.93,0.19,0,0
2025-03-05 03:52:03.462,8.54,1.64,0.34,4.89,0.93,0.19,0,0
2025-03-05 03:52:03.489,8.54,1.64,0.34,4.89,0.93,0.19,0,0
2025-03-05 03:52:03.507,8.54,1.64,0.34,4.89,0.93,0.19,0,0
2025-03-05 03:52:03.527,8.54,1.64,0.34,4.89,0.93,0.19,0,0
2025-03-05 03:52:03.551,8.54,1.64,0.34,4.89,0.93,0.19,0,0
2025-03-05 03:52:03.576,8.54,1.64,0.34,4.89,0.93,0.19,0,0
2025-03-05 03:52:03.592,8.54,1.64,0.34,4.89,0.93,0.19,0,0
2025-03-05 03:52:03.615,8.54,1.64,0.34,4.89,0.93,0.19,0,0
2025-03-05 03:52:03.633,8.54,1.64,0.34,4.89,0.93,0.19,0,0
2025-03-05 03:52:03.652,8.54,1.64,0.34,4.89,0.93,0.19,0,0
2025-03-05 03:52:03.674,8.54,1.64,0.34,4.89,0.93,0.19,0,0
2025-03-05 03:52:03.692,8.54,1.64,0.34,4.89,0.93,0.19,0,0
2025-03-05 03:52:03.709,8.54,1.64,0.34,4.89,0.93,0.19,0,0
2025-03-05 03:52:03.731,8.54,1.64,0.34,4.89,0.93,0.19,0,0
2025-03-05 03:52:03.751,8.54,1.64,0.34,4.89,0.93,0.19,0,0
2025-03-05 03:52:03.772,8.54,1.64,0.34,4.89,0.93,0.19,0,0
2025-03-05 03:52:03.792,8.54,1.64,0.34,4.89,0.93,0.19,0,0
2025-03-05 03:52:03.815,8.54,1.64,0.34,4.89,0.93,0.19,0,0
2025-03-05 03:52:03.833,8.54,1.64,0.34,4.89,0.93,0.19,0,0
2025-03-05 03:52:03.856,8.54,1.64,0.34,4.89,0.93,0.19,0,0
2025-03-05 03:52:03.874,8.54,1.64,0.34,4.89,0.93,0.19,0,0
2025-03-05 03:52:03.894,8.54,1.64,0.34,4.89,0.93,0.19,0,0
2025-03-05 03:52:03.913,8.54,1.64,0.34,4.89,0.93,0.19,0,0
2025-03-05 03:52:03.936,8.54,1.64,0.34,4.89,0.93,0.19,0,0
2025-03-05 03:52:03.955,8.54,1.64,0.34,4.89,0.93,0.19,0,0
2025-03-05 03:52:03.970,8.54,1.64,0.34,4.89,0.93,0.19,0,0
2025-03-05 03:52:03.989,8.54,1.64,0.34,4.89,0.93,0.19,0,0
2025-03-05 03:52:04.008,8.54,1.64,0.34,4.89,0.93,0.19,0,0
2025-03-05 03:52:04.030,8.54,1.64,0.34,4.89,0.93,0.19,0,0
2025-03-05 03:52:04.050,8.54,1.64,0.34,4.89,0.93,0.19,0,0
2025-03-05 03:52:04.073,8.54,1.64,0.34,4.89,0.93,0.19,0,0
2025-03-05 03:52:04.091,8.54,1.64,0.34,4.89,0.93,0.19,0,0
2025-03-05 03:52:04.113,8.54,1.64,0.34,4.89,0.93,0.19,0,0
2025-03-05 03:52:04.135,8.54,1.64,0.34,4.89,0.93,0.19,0,0
2025-03-05 03:52:04.156,8.54,1.64,0.34,4.89,0.93,0.19,0,0
2025-03-05 03:52:04.180,8.54,1.64,0.34,4.89,0.93,0.19,0,0
2025-03-05 03:52:04.201,8.54,1.64,0.34,4.89,0.93,0.19,0,0
2025-03-05 03:52:04.226,15.69,3.16,0.67,10.16,2.01,0.42,0,0
2025-03-05 03:52:04.243,15.69,3.16,0.67,10.16,2.01,0.42,0,0
2025-03-05 03:52:04.267,15.69,3.16,0.67,10.16,2.01,0.42,0,0
2025-03-05 03:52:04.285,15.69,3.16,0.67,10.16,2.01,0.42,0,0
2025-03-05 03:52:04.309,15.69,3.16,0.67,10.16,2.01,0.42,0,0
2025-03-05 03:52:04.332,15.69,3.16,0.67,10.16,2.01,0.42,0,0
2025-03-05 03:52:04.354,15.69,3.16,0.67,10.16,2.01,0.42,0,0
2025-03-05 03:52:04.376,15.69,3.16,0.67,10.16,2.01,0.42,0,0
2025-03-05 03:52:04.398,15.69,3.16,0.67,10.16,2.01,0.42,0,0
2025-03-05 03:52:04.420,15.69,3.16,0.67,10.16,2.01,0.42,0,0
2025-03-05 03:52:04.441,15.69,3.16,0.67,10.16,2.01,0.42,0,0
2025-03-05 03:52:04.464,15.69,3.16,0.67,10.16,2.01,0.42,0,0
2025-03-05 03:52:04.486,15.69,3.16,0.67,10.16,2.01,0.42,0,0
2025-03-05 03:52:04.505,15.69,3.16,0.67,10.16,2.01,0.42,0,0
2025-03-05 03:52:04.520,15.69,3.16,0.67,10.16,2.01,0.42,0,0
2025-03-05 03:52:04.542,15.69,3.16,0.67,10.16,2.01,0.42,0,0
2025-03-05 03:52:04.559,15.69,3.16,0.67,10.16,2.01,0.42,0,0
2025-03-05 03:52:04.583,15.69,3.16,0.67,10.16,2.01,0.42,0,0
2025-03-05 03:52:04.603,15.69,3.16,0.67,10.16,2.01,0.42,0,0
2025-03-05 03:52:04.620,15.69,3.16,0.67,10.16,2.01,0.42,0,0
2025-03-05 03:52:04.641,15.69,3.16,0.67,10.16,2.01,0.42,0,0
2025-03-05 03:52:04.662,15.69,3.16,0.67,10.16,2.01,0.42,0,0
2025-03-05 03:52:04.683,15.69,3.16,0.67,10.16,2.01,0.42,0,0
2025-03-05 03:52:04.706,15.69,3.16,0.67,10.16,2.01,0.42,0,0
2025-03-05 03:52:04.723,15.69,3.16,0.67,10.16,2.01,0.42,0,0
2025-03-05 03:52:04.743,15.69,3.16,0.67,10.16,2.01,0.42,0,0
2025-03-05 03:52:04.765,15.69,3.16,0.67,10.16,2.01,0.42,0,0
2025-03-05 03:52:04.788,15.69,3.16,0.67,10.16,2.01,0.42,0,0
2025-03-05 03:52:04.806,15.69,3.16,0.67,10.16,2.01,0.42,0,0
2025-03-05 03:52:04.829,15.69,3.16,0.67,10.16,2.01,0.42,0,0
2025-03-05 03:52:04.846,15.69,3.16,0.67,10.16,2.01,0.42,0,0
2025-03-05 03:52:04.866,15.69,3.16,0.67,10.16,2.01,0.42,0,0
2025-03-05 03:52:04.883,15.69,3.16,0.67,10.16,2.01,0.42,0,0
2025-03-05 03:52:04.905,15.69,3.16,0.67,10.16,2.01,0.42,0,0
2025-03-05 03:52:04.923,15.69,3.16,0.67,10.16,2.01,0.42,0,0
2025-03-05 03:52:04.946,15.69,3.16,0.67,10.16,2.01,0.42,0,0
2025-03-05 03:52:04.964,15.69,3.16,0.67,10.16,2.01,0.42,0,0
2025-03-05 03:52:04.983,15.69,3.16,0.67,10.16,2.01,0.42,0,0
2025-03-05 03:52:05.004,15.69,3.16,0.67,10.16,2.01,0.42,0,0
2025-03-05 03:52:05.022,15.69,3.16,0.67,10.16,2.01,0.42,0,0
2025-03-05 03:52:05.045,15.69,3.16,0.67,10.16,2.01,0.42,0,0
2025-03-05 03:52:05.063,15.69,3.16,0.67,10.16,2.01,0.42,0,0
2025-03-05 03:52:05.086,15.69,3.16,0.67,10.16,2.01,0.42,0,0
2025-03-05 03:52:05.104,15.69,3.16,0.67,10.16,2.01,0.42,0,0
2025-03-05 03:52:05.126,15.69,3.16,0.67,10.16,2.01,0.42,0,0
2025-03-05 03:52:05.142,15.69,3.16,0.67,10.16,2.01,0.42,0,0
2025-03-05 03:52:05.165,15.69,3.16,0.67,10.16,2.01,0.42,0,0
2025-03-05 03:52:05.183,15.69,3.16,0.67,10.16,2.01,0.42,0,0
2025-03-05 03:52:05.202,15.69,3.16,0.67,10.16,2.01,0.42,0,0
2025-03-05 03:52:05.220,15.69,3.16,0.67,10.16,2.01,0.42,0,0
2025-03-05 03:52:05.242,15.69,3.16,0.67,10.16,2.01,0.42,0,0
2025-03-05 03:52:05.265,15.69,3.16,0.67,10.16,2.01,0.42,0,0
2025-03-05 03:52:05.287,15.69,3.16,0.67,10.16,2.01,0.42,0,0
2025-03-05 03:52:05.307,15.69,3.16,0.67,10.16,2.01,0.42,0,0
2025-03-05 03:52:05.326,15.69,3.16,0.67,10.16,2.01,0.42,0,0
2025-03-05 03:52:05.345,15.69,3.16,0.67,10.16,2.01,0.42,0,0
2025-03-05 03:52:05.368,15.69,3.16,0.67,10.16,2.01,0.42,0,0
2025-03-05 03:52:05.386,15.69,3.16,0.67,10.16,2.01,0.42,0,0
2025-03-05 03:52:05.406,15.69,3.16,0.67,10.16,2.01,0.42,0,0
2025-03-05 03:52:05.427,15.69,3.16,0.67,10.16,2.01,0.42,0,0
2025-03-05 03:52:05.447,15.69,3.16,0.67,10.16,2.01,0.42,0,0
2025-03-05 03:52:05.465,15.69,3.16,0.67,10.16,2.01,0.42,0,0
2025-03-05 03:52:05.486,15.69,3.16,0.67,10.16,2.01,0.42,0,0
2025-03-05 03:52:05.504,15.69,3.16,0.67,10.16,2.01,0.42,0,0
2025-03-05 03:52:05.523,15.69,3.16,0.67,10.16,2.01,0.42,0,0
2025-03-05 03:52:05.541,15.69,3.16,0.67,10.16,2.01,0.42,0,0
2025-03-05 03:52:05.560,15.69,3.16,0.67,10.16,2.01,0.42,0,0
2025-03-05 03:52:05.577,15.69,3.16,0.67,10.16,2.01,0.42,0,0
2025-03-05 03:52:05.596,15.69,3.16,0.67,10.16,2.01,0.42,0,0
2025-03-05 03:52:05.614,15.69,3.16,0.67,10.16,2.01,0.42,0,0
2025-03-05 03:52:05.632,15.69,3.16,0.67,10.16,2.01,0.42,0,0
2025-03-05 03:52:05.651,15.69,3.16,0.67,10.16,2.01,0.42,0,0
2025-03-05 03:52:05.669,15.69,3.16,0.67,10.16,2.01,0.42,0,0
2025-03-05 03:52:05.688,15.69,3.16,0.67,10.16,2.01,0.42,0,0
2025-03-05 03:52:05.706,15.69,3.16,0.67,10.16,2.01,0.42,0,0
2025-03-05 03:52:05.725,15.69,3.16,0.67,10.16,2.01,0.42,0,0
2025-03-05 03:52:05.743,15.69,3.16,0.67,10.16,2.01,0.42,0,0
2025-03-05 03:52:05.761,15.69,3.16,0.67,10.16,2.01,0.42,0,0
2025-03-05 03:52:05.782,15.69,3.16,0.67,10.16,2.01,0.42,0,0
2025-03-05 03:52:05.802,15.69,3.16,0.67,10.16,2.01,0.42,0,0
2025-03-05 03:52:05.820,15.69,3.16,0.67,10.16,2.01,0.42,0,0
2025-03-05 03:52:05.839,15.69,3.16,0.67,10.16,2.01,0.42,0,0
2025-03-05 03:52:05.858,15.69,3.16,0.67,10.16,2.01,0.42,0,0
2025-03-05 03:52:05.876,15.69,3.16,0.67,10.16,2.01,0.42,0,0
2025-03-05 03:52:05.895,15.69,3.16,0.67,10.16,2.01,0.42,0,0
2025-03-05 03:52:05.912,15.69,3.16,0.67,10.16,2.01,0.42,0,0
2025-03-05 03:52:05.931,15.69,3.16,0.67,10.16,2.01,0.42,0,0
2025-03-05 03:52:05.949,15.69,3.16,0.67,10.16,2.01,0.42,0,0
2025-03-05 03:52:05.967,15.69,3.16,0.67,10.16,2.01,0.42,0,0
2025-03-05 03:52:05.986,15.69,3.16,0.67,10.16,2.01,0.42,0,0
2025-03-05 03:52:06.004,15.69,3.16,0.67,10.16,2.01,0.42,0,0
2025-03-05 03:52:06.023,15.69,3.16,0.67,10.16,2.01,0.42,0,0
2025-03-05 03:52:06.041,15.69,3.16,0.67,10.16,2.01,0.42,0,0
2025-03-05 03:52:06.060,15.69,3.16,0.67,10.16,2.01,0.42,0,0
2025-03-05 03:52:06.078,15.69,3.16,0.67,10.16,2.01,0.42,0,0
2025-03-05 03:52:06.097,15.69,3.16,0.67,10.16,2.01,0.42,0,0
2025-03-05 03:52:06.119,15.69,3.16,0.67,10.16,2.01,0.42,0,0
2025-03-05 03:52:06.137,15.69,3.16,0.67,10.16,2.01,0.42,0,0
2025-03-05 03:52:06.157,15.69,3.16,0.67,10.16,2.01,0.42,0,0
2025-03-05 03:52:06.174,15.69,3.16,0.67,10.16,2.01,0.42,0,0
2025-03-05 03:52:06.194,15.69,3.16,0.67,10.16,2.01,0.42,0,0
2025-03-05 03:52:06.221,15.69,3.16,0.67,10.16,2.01,0.42,0,0
2025-03-05 03:52:06.240,25.35,5.31,1.14,14.12,3.00,0.64,0,0
2025-03-05 03:52:06.261,25.35,5.31,1.14,14.12,3.00,0.64,0,0
2025-03-05 03:52:06.281,25.35,5.31,1.14,14.12,3.00,0.64,0,0
2025-03-05 03:52:06.302,25.35,5.31,1.14,14.12,3.00,0.64,0,0
2025-03-05 03:52:06.323,25.35,5.31,1.14,14.12,3.00,0.64,0,0
2025-03-05 03:52:06.344,25.35,5.31,1.14,14.12,3.00,0.64,0,0
