Timestamp,Some (avg10),Some (avg60),Some (avg300),Full (avg10),Full (avg60),Full (avg300),OOM Kills,OOM Failures
2025-03-05 03:51:19.993,0.00,0.00,0.00,0.00,0.00,0.00,0,0
2025-03-05 03:51:20.014,0.00,0.00,0.00,0.00,0.00,0.00,0,0
2025-03-05 03:51:20.035,0.00,0.00,0.00,0.00,0.00,0.00,0,0
2025-03-05 03:51:20.054,0.00,0.00,0.00,0.00,0.00,0.00,0,0
2025-03-05 03:51:20.073,0.00,0.00,0.00,0.00,0.00,0.00,0,0
2025-03-05 03:51:20.092,0.00,0.00,0.00,0.00,0.00,0.00,0,0
2025-03-05 03:51:20.114,0.00,0.00,0.00,0.00,0.00,0.00,0,0
2025-03-05 03:51:20.131,0.00,0.00,0.00,0.00,0.00,0.00,0,0
2025-03-05 03:51:20.151,0.00,0.00,0.00,0.00,0.00,0.00,0,0
2025-03-05 03:51:20.175,0.00,0.00,0.00,0.00,0.00,0.00,0,0
2025-03-05 03:51:20.192,0.00,0.00,0.00,0.00,0.00,0.00,0,0
2025-03-05 03:51:20.216,0.00,0.00,0.00,0.00,0.00,0.00,0,0
2025-03-05 03:51:20.234,0.00,0.00,0.00,0.00,0.00,0.00,0,0
2025-03-05 03:51:20.254,0.00,0.00,0.00,0.00,0.00,0.00,0,0
2025-03-05 03:51:20.283,0.00,0.00,0.00,0.00,0.00,0.00,0,0
2025-03-05 03:51:20.301,0.00,0.00,0.00,0.00,0.00,0.00,0,0
2025-03-05 03:51:20.320,0.00,0.00,0.00,0.00,0.00,0.00,0,0
2025-03-05 03:51:20.344,0.00,0.00,0.00,0.00,0.00,0.00,0,0
2025-03-05 03:51:20.362,0.00,0.00,0.00,0.00,0.00,0.00,0,0
2025-03-05 03:51:20.385,0.00,0.00,0.00,0.00,0.00,0.00,0,0
2025-03-05 03:51:20.401,0.00,0.00,0.00,0.00,0.00,0.00,0,0
2025-03-05 03:51:20.420,0.00,0.00,0.00,0.00,0.00,0.00,0,0
2025-03-05 03:51:20.443,0.00,0.00,0.00,0.00,0.00,0.00,0,0
2025-03-05 03:51:20.461,0.00,0.00,0.00,0.00,0.00,0.00,0,0
2025-03-05 03:51:20.481,0.00,0.00,0.00,0.00,0.00,0.00,0,0
2025-03-05 03:51:20.502,0.00,0.00,0.00,0.00,0.00,0.00,0,0
2025-03-05 03:51:20.523,0.00,0.00,0.00,0.00,0.00,0.00,0,0
2025-03-05 03:51:20.541,0.00,0.00,0.00,0.00,0.00,0.00,0,0
2025-03-05 03:51:20.559,0.00,0.00,0.00,0.00,0.00,0.00,0,0
2025-03-05 03:51:20.580,0.00,0.00,0.00,0.00,0.00,0.00,0,0
2025-03-05 03:51:20.601,0.00,0.00,0.00,0.00,0.00,0.00,0,0
2025-03-05 03:51:20.621,0.00,0.00,0.00,0.00,0.00,0.00,0,0
2025-03-05 03:51:20.640,0.00,0.00,0.00,0.00,0.00,0.00,0,0
2025-03-05 03:51:20.663,0.00,0.00,0.00,0.00,0.00,0.00,0,0
2025-03-05 03:51:20.682,0.00,0.00,0.00,0.00,0.00,0.00,0,0
2025-03-05 03:51:20.705,0.00,0.00,0.00,0.00,0.00,0.00,0,0
2025-03-05 03:51:20.723,0.00,0.00,0.00,0.00,0.00,0.00,0,0
2025-03-05 03:51:20.746,0.00,0.00,0.00,0.00,0.00,0.00,0,0
2025-03-05 03:51:20.763,0.00,0.00,0.00,0.00,0.00,0.00,0,0
2025-03-05 03:51:20.787,0.00,0.00,0.00,0.00,0.00,0.00,0,0
2025-03-05 03:51:20.812,0.00,0.00,0.00,0.00,0.00,0.00,0,0
2025-03-05 03:51:20.830,0.00,0.00,0.00,0.00,0.00,0.00,0,0
2025-03-05 03:51:20.849,0.00,0.00,0.00,0.00,0.00,0.00,0,0
2025-03-05 03:51:20.870,0.00,0.00,0.00,0.00,0.00,0.00,0,0
2025-03-05 03:51:20.894,0.00,0.00,0.00,0.00,0.00,0.00,0,0
2025-03-05 03:51:20.915,0.00,0.00,0.00,0.00,0.00,0.00,0,0
2025-03-05 03:51:20.934,0.00,0.00,0.00,0.00,0.00,0.00,0,0
2025-03-05 03:51:20.955,0.00,0.00,0.00,0.00,0.00,0.00,0,0
2025-03-05 03:51:20.977,0.00,0.00,0.00,0.00,0.00,0.00,0,0
2025-03-05 03:51:20.994,0.00,0.00,0.00,0.00,0.00,0.00,0,0
2025-03-05 03:51:21.013,0.00,0.00,0.00,0.00,0.00,0.00,0,0
2025-03-05 03:51:21.036,0.00,0.00,0.00,0.00,0.00,0.00,0,0
2025-03-05 03:51:21.058,0.00,0.00,0.00,0.00,0.00,0.00,0,0
2025-03-05 03:51:21.078,0.00,0.00,0.00,0.00,0.00,0.00,0,0
2025-03-05 03:51:21.103,0.00,0.00,0.00,0.00,0.00,0.00,0,0
2025-03-05 03:51:21.121,0.00,0.00,0.00,0.00,0.00,0.00,0,0
2025-03-05 03:51:21.139,0.00,0.00,0.00,0.00,0.00,0.00,0,0
2025-03-05 03:51:21.158,0.00,0.00,0.00,0.00,0.00,0.00,0,0
2025-03-05 03:51:21.181,0.00,0.00,0.00,0.00,0.00,0.00,0,0
2025-03-05 03:51:21.200,0.00,0.00,0.00,0.00,0.00,0.00,0,0
2025-03-05 03:51:21.220,0.00,0.00,0.00,0.00,0.00,0.00,0,0
2025-03-05 03:51:21.239,0.00,0.00,0.00,0.00,0.00,0.00,0,0
2025-03-05 03:51:21.259,0.00,0.00,0.00,0.00,0.00,0.00,0,0
2025-03-05 03:51:21.279,0.00,0.00,0.00,0.00,0.00,0.00,0,0
2025-03-05 03:51:21.298,0.00,0.00,0.00,0.00,0.00,0.00,0,0
2025-03-05 03:51:21.321,0.00,0.00,0.00,0.00,0.00,0.00,0,0
2025-03-05 03:51:21.344,0.00,0.00,0.00,0.00,0.00,0.00,0,0
2025-03-05 03:51:21.364,0.00,0.00,0.00,0.00,0.00,0.00,0,0
2025-03-05 03:51:21.383,0.00,0.00,0.00,0.00,0.00,0.00,0,0
2025-03-05 03:51:21.403,0.00,0.00,0.00,0.00,0.00,0.00,0,0
2025-03-05 03:51:21.422,0.00,0.00,0.00,0.00,0.00,0.00,0,0
2025-03-05 03:51:21.441,0.00,0.00,0.00,0.00,0.00,0.00,0,0
2025-03-05 03:51:21.461,0.00,0.00,0.00,0.00,0.00,0.00,0,0
2025-03-05 03:51:21.486,0.00,0.00,0.00,0.00,0.00,0.00,0,0
2025-03-05 03:51:21.511,0.00,0.00,0.00,0.00,0.00,0.00,0,0
2025-03-05 03:51:21.532,0.00,0.00,0.00,0.00,0.00,0.00,0,0
2025-03-05 03:51:21.555,0.00,0.00,0.00,0.00,0.00,0.00,0,0
2025-03-05 03:51:21.573,0.00,0.00,0.00,0.00,0.00,0.00,0,0
2025-03-05 03:51:21.594,0.00,0.00,0.00,0.00,0.00,0.00,0,0
2025-03-05 03:51:21.612,0.00,0.00,0.00,0.00,0.00,0.00,0,0
2025-03-05 03:51:21.631,0.00,0.00,0.00,0.00,0.00,0.00,0,0
2025-03-05 03:51:21.650,0.00,0.00,0.00,0.00,0.00,0.00,0,0
2025-03-05 03:51:21.670,0.00,0.00,0.00,0.00,0.00,0.00,0,0
2025-03-05 03:51:21.689,0.00,0.00,0.00,0.00,0.00,0.00,0,0
2025-03-05 03:51:21.708,0.00,0.00,0.00,0.00,0.00,0.00,0,0
2025-03-05 03:51:21.728,0.00,0.00,0.00,0.00,0.00,0.00,0,0
2025-03-05 03:51:21.747,0.00,0.00,0.00,0.00,0.00,0.00,0,0
2025-03-05 03:51:21.766,0.00,0.00,0.00,0.00,0.00,0.00,0,0
2025-03-05 03:51:21.792,0.00,0.00,0.00,0.00,0.00,0.00,0,0
2025-03-05 03:51:21.813,0.00,0.00,0.00,0.00,0.00,0.00,0,0
2025-03-05 03:51:21.838,0.00,0.00,0.00,0.00,0.00,0.00,0,0
2025-03-05 03:51:21.857,0.00,0.00,0.00,0.00,0.00,0.00,0,0
2025-03-05 03:51:21.876,0.00,0.00,0.00,0.00,0.00,0.00,0,0
2025-03-05 03:51:21.901,0.00,0.00,0.00,0.00,0.00,0.00,0,0
2025-03-05 03:51:21.922,0.00,0.00,0.00,0.00,0.00,0.00,0,0
2025-03-05 03:51:21.941,0.00,0.00,0.00,0.00,0.00,0.00,0,0
2025-03-05 03:51:21.964,0.00,0.00,0.00,0.00,0.00,0.00,0,0
2025-03-05 03:51:21.985,0.00,0.00,0.00,0.00,0.00,0.00,0,0
2025-03-05 03:51:22.004,0.00,0.00,0.00,0.00,0.00,0.00,0,0
2025-03-05 03:51:22.028,0.00,0.00,0.00,0.00,0.00,0.00,0,0
2025-03-05 03:51:22.045,0.00,0.00,0.00,0.00,0.00,0.00,0,0
2025-03-05 03:51:22.063,0.00,0.00,0.00,0.00,0.00,0.00,0,0
2025-03-05 03:51:22.103,0.00,0.00,0.00,0.00,0.00,0.00,0,0
2025-03-05 03:51:22.126,0.00,0.00,0.00,0.00,0.00,0.00,0,0
2025-03-05 03:51:22.159,0.00,0.00,0.00,0.00,0.00,0.00,0,0
2025-03-05 03:51:22.191,0.00,0.00,0.00,0.00,0.00,0.00,0,0
2025-03-05 03:51:22.226,0.00,0.00,0.00,0.00,0.00,0.00,0,0
2025-03-05 03:51:22.257,0.00,0.00,0.00,0.00,0.00,0.00,0,0
2025-03-05 03:51:22.273,0.00,0.00,0.00,0.00,0.00,0.00,0,0
2025-03-05 03:51:22.289,0.00,0.00,0.00,0.00,0.00,0.00,0,0
2025-03-05 03:51:22.311,0.00,0.00,0.00,0.00,0.00,0.00,0,0
2025-03-05 03:51:22.326,0.00,0.00,0.00,0.00,0.00,0.00,0,0
2025-03-05 03:51:22.354,0.00,0.00,0.00,0.00,0.00,0.00,0,0
2025-03-05 03:51:22.374,0.00,0.00,0.00,0.00,0.00,0.00,0,0
2025-03-05 03:51:22.398,0.00,0.00,0.00,0.00,0.00,0.00,0,0
2025-03-05 03:51:22.415,0.00,0.00,0.00,0.00,0.00,0.00,0,0
2025-03-05 03:51:22.435,0.00,0.00,0.00,0.00,0.00,0.00,0,0
2025-03-05 03:51:22.454,0.00,0.00,0.00,0.00,0.00,0.00,0,0
2025-03-05 03:51:22.475,0.00,0.00,0.00,0.00,0.00,0.00,0,0
2025-03-05 03:51:22.491,0.00,0.00,0.00,0.00,0.00,0.00,0,0
2025-03-05 03:51:22.511,0.00,0.00,0.00,0.00,0.00,0.00,0,0
2025-03-05 03:51:22.530,0.00,0.00,0.00,0.00,0.00,0.00,0,0
2025-03-05 03:51:22.546,0.00,0.00,0.00,0.00,0.00,0.00,0,0
2025-03-05 03:51:22.569,0.00,0.00,0.00,0.00,0.00,0.00,0,0
2025-03-05 03:51:22.585,0.00,0.00,0.00,0.00,0.00,0.00,0,0
2025-03-05 03:51:22.610,0.00,0.00,0.00,0.00,0.00,0.00,0,0
2025-03-05 03:51:22.630,0.00,0.00,0.00,0.00,0.00,0.00,0,0
2025-03-05 03:51:22.649,0.00,0.00,0.00,0.00,0.00,0.00,0,0
2025-03-05 03:51:22.668,0.00,0.00,0.00,0.00,0.00,0.00,0,0
2025-03-05 03:51:22.686,0.00,0.00,0.00,0.00,0.00,0.00,0,0
2025-03-05 03:51:22.702,0.00,0.00,0.00,0.00,0.00,0.00,0,0
2025-03-05 03:51:22.723,0.00,0.00,0.00,0.00,0.00,0.00,0,0
2025-03-05 03:51:22.743,0.00,0.00,0.00,0.00,0.00,0.00,0,0
2025-03-05 03:51:22.764,0.00,0.00,0.00,0.00,0.00,0.00,0,0
2025-03-05 03:51:22.788,0.00,0.00,0.00,0.00,0.00,0.00,0,0
2025-03-05 03:51:22.809,0.00,0.00,0.00,0.00,0.00,0.00,0,0
2025-03-05 03:51:22.828,0.00,0.00,0.00,0.00,0.00,0.00,0,0
2025-03-05 03:51:22.849,0.00,0.00,0.00,0.00,0.00,0.00,0,0
2025-03-05 03:51:22.868,0.00,0.00,0.00,0.00,0.00,0.00,0,0
2025-03-05 03:51:22.887,3.44,0.62,0.12,1.81,0.32,0.06,0,0
2025-03-05 03:51:22.910,3.44,0.62,0.12,1.81,0.32,0.06,0,0
2025-03-05 03:51:22.927,3.44,0.62,0.12,1.81,0.32,0.06,0,0
2025-03-05 03:51:22.949,3.44,0.62,0.12,1.81,0.32,0.06,0,0
2025-03-05 03:51:22.967,3.44,0.62,0.12,1.81,0.32,0.06,0,0
2025-03-05 03:51:22.988,3.44,0.62,0.12,1.81,0.32,0.06,0,0
2025-03-05 03:51:23.004,3.44,0.62,0.12,1.81,0.32,0.06,0,0
2025-03-05 03:51:23.024,3.44,0.62,0.12,1.81,0.32,0.06,0,0
2025-03-05 03:51:23.047,3.44,0.62,0.12,1.81,0.32,0.06,0,0
2025-03-05 03:51:23.063,3.44,0.62,0.12,1.81,0.32,0.06,0,0
2025-03-05 03:51:23.087,3.44,0.62,0.12,1.81,0.32,0.06,0,0
2025-03-05 03:51:23.103,3.44,0.62,0.12,1.81,0.32,0.06,0,0
2025-03-05 03:51:23.122,3.44,0.62,0.12,1.81,0.32,0.06,0,0
2025-03-05 03:51:23.144,3.44,0.62,0.12,1.81,0.32,0.06,0,0
2025-03-05 03:51:23.161,3.44,0.62,0.12,1.81,0.32,0.06,0,0
2025-03-05 03:51:23.184,3.44,0.62,0.12,1.81,0.32,0.06,0,0
2025-03-05 03:51:23.201,3.44,0.62,0.12,1.81,0.32,0.06,0,0
2025-03-05 03:51:23.225,3.44,0.62,0.12,1.81,0.32,0.06,0,0
2025-03-05 03:51:23.244,3.44,0.62,0.12,1.81,0.32,0.06,0,0
2025-03-05 03:51:23.265,3.44,0.62,0.12,1.81,0.32,0.06,0,0
2025-03-05 03:51:23.284,3.44,0.62,0.12,1.81,0.32,0.06,0,0
2025-03-05 03:51:23.301,3.44,0.62,0.12,1.81,0.32,0.06,0,0
2025-03-05 03:51:23.325,3.44,0.62,0.12,1.81,0.32,0.06,0,0
2025-03-05 03:51:23.346,3.44,0.62,0.12,1.81,0.32,0.06,0,0
2025-03-05 03:51:23.365,3.44,0.62,0.12,1.81,0.32,0.06,0,0
2025-03-05 03:51:23.383,3.44,0.62,0.12,1.81,0.32,0.06,0,0
2025-03-05 03:51:23.407,3.44,0.62,0.12,1.81,0.32,0.06,0,0
2025-03-05 03:51:23.426,3.44,0.62,0.12,1.81,0.32,0.06,0,0
2025-03-05 03:51:23.451,3.44,0.62,0.12,1.81,0.32,0.06,0,0
2025-03-05 03:51:23.467,3.44,0.62,0.12,1.81,0.32,0.06,0,0
2025-03-05 03:51:23.490,3.44,0.62,0.12,1.81,0.32,0.06,0,0
2025-03-05 03:51:23.512,3.44,0.62,0.12,1.81,0.32,0.06,0,0
2025-03-05 03:51:23.529,3.44,0.62,0.12,1.81,0.32,0.06,0,0
2025-03-05 03:51:23.551,3.44,0.62,0.12,1.81,0.32,0.06,0,0
2025-03-05 03:51:23.570,3.44,0.62,0.12,1.81,0.32,0.06,0,0
2025-03-05 03:51:23.592,3.44,0.62,0.12,1.81,0.32,0.06,0,0
2025-03-05 03:51:23.612,3.44,0.62,0.12,1.81,0.32,0.06,0,0
2025-03-05 03:51:23.630,3.44,0.62,0.12,1.81,0.32,0.06,0,0
2025-03-05 03:51:23.653,3.44,0.62,0.12,1.81,0.32,0.06,0,0
2025-03-05 03:51:23.671,3.44,0.62,0.12,1.81,0.32,0.06,0,0
2025-03-05 03:51:23.689,3.44,0.62,0.12,1.81,0.32,0.06,0,0
2025-03-05 03:51:23.707,3.44,0.62,0.12,1.81,0.32,0.06,0,0
2025-03-05 03:51:23.730,3.44,0.62,0.12,1.81,0.32,0.06,0,0
2025-03-05 03:51:23.748,3.44,0.62,0.12,1.81,0.32,0.06,0,0
2025-03-05 03:51:23.767,3.44,0.62,0.12,1.81,0.32,0.06,0,0
2025-03-05 03:51:23.790,3.44,0.62,0.12,1.81,0.32,0.06,0,0
2025-03-05 03:51:23.810,3.44,0.62,0.12,1.81,0.32,0.06,0,0
2025-03-05 03:51:23.830,3.44,0.62,0.12,1.81,0.32,0.06,0,0
2025-03-05 03:51:23.852,3.44,0.62,0.12,1.81,0.32,0.06,0,0
2025-03-05 03:51:23.873,3.44,0.62,0.12,1.81,0.32,0.06,0,0
2025-03-05 03:51:23.891,3.44,0.62,0.12,1.81,0.32,0.06,0,0
2025-03-05 03:51:23.912,3.44,0.62,0.12,1.81,0.32,0.06,0,0
2025-03-05 03:51:23.931,3.44,0.62,0.12,1.81,0.32,0.06,0,0
2025-03-05 03:51:23.950,3.44,0.62,0.12,1.81,0.32,0.06,0,0
2025-03-05 03:51:23.973,3.44,0.62,0.12,1.81,0.32,0.06,0,0
2025-03-05 03:51:23.995,3.44,0.62,0.12,1.81,0.32,0.06,0,0
2025-03-05 03:51:24.014,3.44,0.62,0.12,1.81,0.32,0.06,0,0
2025-03-05 03:51:24.032,3.44,0.62,0.12,1.81,0.32,0.06,0,0
2025-03-05 03:51:24.055,3.44,0.62,0.12,1.81,0.32,0.06,0,0
2025-03-05 03:51:24.075,3.44,0.62,0.12,1.81,0.32,0.06,0,0
2025-03-05 03:51:24.096,3.44,0.62,0.12,1.81,0.32,0.06,0,0
2025-03-05 03:51:24.117,3.44,0.62,0.12,1.81,0.32,0.06,0,0
2025-03-05 03:51:24.140,3.44,0.62,0.12,1.81,0.32,0.06,0,0
2025-03-05 03:51:24.160,3.44,0.62,0.12,1.81,0.32,0.06,0,0
2025-03-05 03:51:24.181,3.44,0.62,0.12,1.81,0.32,0.06,0,0
2025-03-05 03:51:24.204,3.44,0.62,0.12,1.81,0.32,0.06,0,0
2025-03-05 03:51:24.222,3.44,0.62,0.12,1.81,0.32,0.06,0,0
2025-03-05 03:51:24.247,3.44,0.62,0.12,1.81,0.32,0.06,0,0
2025-03-05 03:51:24.266,3.44,0.62,0.12,1.81,0.32,0.06,0,0
2025-03-05 03:51:24.289,3.44,0.62,0.12,1.81,0.32,0.06,0,0
2025-03-05 03:51:24.307,3.44,0.62,0.12,1.81,0.32,0.06,0,0
2025-03-05 03:51:24.328,3.44,0.62,0.12,1.81,0.32,0.06,0,0
2025-03-05 03:51:24.347,3.44,0.62,0.12,1.81,0.32,0.06,0,0
2025-03-05 03:51:24.367,3.44,0.62,0.12,1.81,0.32,0.06,0,0
2025-03-05 03:51:24.386,3.44,0.62,0.12,1.81,0.32,0.06,0,0
2025-03-05 03:51:24.407,3.44,0.62,0.12,1.81,0.32,0.06,0,0
2025-03-05 03:51:24.422,3.44,0.62,0.12,1.81,0.32,0.06,0,0
2025-03-05 03:51:24.448,3.44,0.62,0.12,1.81,0.32,0.06,0,0
2025-03-05 03:51:24.473,3.44,0.62,0.12,1.81,0.32,0.06,0,0
2025-03-05 03:51:24.498,3.44,0.62,0.12,1.81,0.32,0.06,0,0
2025-03-05 03:51:24.515,3.44,0.62,0.12,1.81,0.32,0.06,0,0
2025-03-05 03:51:24.537,3.44,0.62,0.12,1.81,0.32,0.06,0,0
2025-03-05 03:51:24.555,3.44,0.62,0.12,1.81,0.32,0.06,0,0
2025-03-05 03:51:24.578,3.44,0.62,0.12,1.81,0.32,0.06,0,0
2025-03-05 03:51:24.594,3.44,0.62,0.12,1.81,0.32,0.06,0,0
2025-03-05 03:51:24.620,3.44,0.62,0.12,1.81,0.32,0.06,0,0
2025-03-05 03:51:24.641,3.44,0.62,0.12,1.81,0.32,0.06,0,0
2025-03-05 03:51:24.666,3.44,0.62,0.12,1.81,0.32,0.06,0,0
2025-03-05 03:51:24.691,3.44,0.62,0.12,1.81,0.32,0.06,0,0
2025-03-05 03:51:24.708,3.44,0.62,0.12,1.81,0.32,0.06,0,0
2025-03-05 03:51:24.731,3.44,0.62,0.12,1.81,0.32,0.06,0,0
2025-03-05 03:51:24.754,3.44,0.62,0.12,1.81,0.32,0.06,0,0
2025-03-05 03:51:24.779,3.44,0.62,0.12,1.81,0.32,0.06,0,0
2025-03-05 03:51:24.800,3.44,0.62,0.12,1.81,0.32,0.06,0,0
2025-03-05 03:51:24.824,3.44,0.62,0.12,1.81,0.32,0.06,0,0
2025-03-05 03:51:24.840,3.44,0.62,0.12,1.81,0.32,0.06,0,0
2025-03-05 03:51:24.858,3.44,0.62,0.12,1.81,0.32,0.06,0,0
2025-03-05 03:51:24.882,8.07,1.55,0.32,4.56,0.87,0.18,0,0
2025-03-05 03:51:24.900,8.07,1.55,0.32,4.56,0.87,0.18,0,0
2025-03-05 03:51:24.918,8.07,1.55,0.32,4.56,0.87,0.18,0,0
2025-03-05 03:51:24.941,8.07,1.55,0.32,4.56,0.87,0.18,0,0
2025-03-05 03:51:24.959,8.07,1.55,0.32,4.56,0.87,0.18,0,0
2025-03-05 03:51:24.977,8.07,1.55,0.32,4.56,0.87,0.18,0,0
2025-03-05 03:51:24.999,8.07,1.55,0.32,4.56,0.87,0.18,0,0
2025-03-05 03:51:25.019,8.07,1.55,0.32,4.56,0.87,0.18,0,0
2025-03-05 03:51:25.038,8.07,1.55,0.32,4.56,0.87,0.18,0,0
2025-03-05 03:51:25.055,8.07,1.55,0.32,4.56,0.87,0.18,0,0
2025-03-05 03:51:25.074,8.07,1.55,0.32,4.56,0.87,0.18,0,0
2025-03-05 03:51:25.091,8.07,1.55,0.32,4.56,0.87,0.18,0,0
2025-03-05 03:51:25.114,8.07,1.55,0.32,4.56,0.87,0.18,0,0
2025-03-05 03:51:25.131,8.07,1.55,0.32,4.56,0.87,0.18,0,0
2025-03-05 03:51:25.156,8.07,1.55,0.32,4.56,0.87,0.18,0,0
2025-03-05 03:51:25.175,8.07,1.55,0.32,4.56,0.87,0.18,0,0
2025-03-05 03:51:25.198,8.07,1.55,0.32,4.56,0.87,0.18,0,0
2025-03-05 03:51:25.217,8.07,1.55,0.32,4.56,0.87,0.18,0,0
2025-03-05 03:51:25.239,8.07,1.55,0.32,4.56,0.87,0.18,0,0
2025-03-05 03:51:25.265,8.07,1.55,0.32,4.56,0.87,0.18,0,0
2025-03-05 03:51:25.859,8.07,1.55,0.32,4.56,0.87,0.18,0,0
2025-03-05 03:51:25.877,8.07,1.55,0.32,4.56,0.87,0.18,0,0
2025-03-05 03:51:25.900,8.07,1.55,0.32,4.56,0.87,0.18,0,0
2025-03-05 03:51:25.916,8.07,1.55,0.32,4.56,0.87,0.18,0,0
2025-03-05 03:51:25.936,8.07,1.55,0.32,4.56,0.87,0.18,0,0
2025-03-05 03:51:25.953,8.07,1.55,0.32,4.56,0.87,0.18,0,0
2025-03-05 03:51:25.976,8.07,1.55,0.32,4.56,0.87,0.18,0,0
2025-03-05 03:51:25.993,8.07,1.55,0.32,4.56,0.87,0.18,0,0
2025-03-05 03:51:26.012,8.07,1.55,0.32,4.56,0.87,0.18,0,0
2025-03-05 03:51:26.035,8.07,1.55,0.32,4.56,0.87,0.18,0,0
2025-03-05 03:51:26.054,8.07,1.55,0.32,4.56,0.87,0.18,0,0
2025-03-05 03:51:26.075,8.07,1.55,0.32,4.56,0.87,0.18,0,0
2025-03-05 03:51:26.092,8.07,1.55,0.32,4.56,0.87,0.18,0,0
2025-03-05 03:51:26.113,8.07,1.55,0.32,4.56,0.87,0.18,0,0
2025-03-05 03:51:26.131,8.07,1.55,0.32,4.56,0.87,0.18,0,0
2025-03-05 03:51:26.155,8.07,1.55,0.32,4.56,0.87,0.18,0,0
2025-03-05 03:51:26.173,8.07,1.55,0.32,4.56,0.87,0.18,0,0
2025-03-05 03:51:26.193,8.07,1.55,0.32,4.56,0.87,0.18,0,0
2025-03-05 03:51:26.212,8.07,1.55,0.32,4.56,0.87,0.18,0,0
2025-03-05 03:51:26.230,8.07,1.55,0.32,4.56,0.87,0.18,0,0
2025-03-05 03:51:26.254,8.07,1.55,0.32,4.56,0.87,0.18,0,0
2025-03-05 03:51:26.272,8.07,1.55,0.32,4.56,0.87,0.18,0,0
2025-03-05 03:51:26.290,8.07,1.55,0.32,4.56,0.87,0.18,0,0
2025-03-05 03:51:26.307,8.07,1.55,0.32,4.56,0.87,0.18,0,0
2025-03-05 03:51:26.325,8.07,1.55,0.32,4.56,0.87,0.18,0,0
2025-03-05 03:51:26.348,8.07,1.55,0.32,4.56,0.87,0.18,0,0
2025-03-05 03:51:26.369,8.07,1.55,0.32,4.56,0.87,0.18,0,0
2025-03-05 03:51:26.386,8.07,1.55,0.32,4.56,0.87,0.18,0,0
2025-03-05 03:51:26.406,8.07,1.55,0.32,4.56,0.87,0.18,0,0
2025-03-05 03:51:26.423,8.07,1.55,0.32,4.56,0.87,0.18,0,0
2025-03-05 03:51:26.441,8.07,1.55,0.32,4.56,0.87,0.18,0,0
2025-03-05 03:51:26.461,8.07,1.55,0.32,4.56,0.87,0.18,0,0
2025-03-05 03:51:26.484,8.07,1.55,0.32,4.56,0.87,0.18,0,0
2025-03-05 03:51:26.503,8.07,1.55,0.32,4.56,0.87,0.18,0,0
2025-03-05 03:51:26.525,8.07,1.55,0.32,4.56,0.87,0.18,0,0
2025-03-05 03:51:26.543,8.07,1.55,0.32,4.56,0.87,0.18,0,0
2025-03-05 03:51:26.570,8.07,1.55,0.32,4.56,0.87,0.18,0,0
2025-03-05 03:51:26.588,8.07,1.55,0.32,4.56,0.87,0.18,0,0
2025-03-05 03:51:26.614,8.07,1.55,0.32,4.56,0.87,0.18,0,0
2025-03-05 03:51:26.639,8.07,1.55,0.32,4.56,0.87,0.18,0,0
2025-03-05 03:51:26.658,8.07,1.55,0.32,4.56,0.87,0.18,0,0
2025-03-05 03:51:26.676,8.07,1.55,0.32,4.56,0.87,0.18,0,0
2025-03-05 03:51:26.696,8.07,1.55,0.32,4.56,0.87,0.18,0,0
2025-03-05 03:51:26.718,8.07,1.55,0.32,4.56,0.87,0.18,0,0
2025-03-05 03:51:26.737,8.07,1.55,0.32,4.56,0.87,0.18,0,0
2025-03-05 03:51:26.755,8.07,1.55,0.32,4.56,0.87,0.18,0,0
2025-03-05 03:51:26.779,8.07,1.55,0.32,4.56,0.87,0.18,0,0
2025-03-05 03:51:26.799,8.07,1.55,0.32,4.56,0.87,0.18,0,0
2025-03-05 03:51:26.818,8.07,1.55,0.32,4.56,0.87,0.18,0,0
2025-03-05 03:51:26.840,8.07,1.55,0.32,4.56,0.87,0.18,0,0
2025-03-05 03:51:26.861,8.07,1.55,0.32,4.56,0.87,0.18,0,0
2025-03-05 03:51:26.886,15.84,3.16,0.67,9.89,1.95,0.41,0,0
2025-03-05 03:51:26.903,15.84,3.16,0.67,9.89,1.95,0.41,0,0
2025-03-05 03:51:26.924,15.84,3.16,0.67,9.89,1.95,0.41,0,0
2025-03-05 03:51:26.942,15.84,3.16,0.67,9.89,1.95,0.41,0,0
2025-03-05 03:51:26.964,15.84,3.16,0.67,9.89,1.95,0.41,0,0
2025-03-05 03:51:26.982,15.84,3.16,0.67,9.89,1.95,0.41,0,0
2025-03-05 03:51:27.001,15.84,3.16,0.67,9.89,1.95,0.41,0,0
2025-03-05 03:51:27.025,15.84,3.16,0.67,9.89,1.95,0.41,0,0
2025-03-05 03:51:27.042,15.84,3.16,0.67,9.89,1.95,0.41,0,0
2025-03-05 03:51:27.059,15.84,3.16,0.67,9.89,1.95,0.41,0,0
2025-03-05 03:51:27.082,15.84,3.16,0.67,9.89,1.95,0.41,0,0
2025-03-05 03:51:27.101,15.84,3.16,0.67,9.89,1.95,0.41,0,0
2025-03-05 03:51:27.118,15.84,3.16,0.67,9.89,1.95,0.41,0,0
2025-03-05 03:51:27.138,15.84,3.16,0.67,9.89,1.95,0.41,0,0
2025-03-05 03:51:27.154,15.84,3.16,0.67,9.89,1.95,0.41,0,0
2025-03-05 03:51:27.174,15.84,3.16,0.67,9.89,1.95,0.41,0,0
2025-03-05 03:51:27.195,15.84,3.16,0.67,9.89,1.95,0.41,0,0
2025-03-05 03:51:27.218,15.84,3.16,0.67,9.89,1.95,0.41,0,0
2025-03-05 03:51:27.239,15.84,3.16,0.67,9.89,1.95,0.41,0,0
2025-03-05 03:51:27.257,15.84,3.16,0.67,9.89,1.95,0.41,0,0
2025-03-05 03:51:27.275,15.84,3.16,0.67,9.89,1.95,0.41,0,0
2025-03-05 03:51:27.301,15.84,3.16,0.67,9.89,1.95,0.41,0,0
2025-03-05 03:51:27.322,15.84,3.16,0.67,9.89,1.95,0.41,0,0
2025-03-05 03:51:27.344,15.84,3.16,0.67,9.89,1.95,0.41,0,0
2025-03-05 03:51:27.368,15.84,3.16,0.67,9.89,1.95,0.41,0,0
2025-03-05 03:51:27.384,15.84,3.16,0.67,9.89,1.95,0.41,0,0
2025-03-05 03:51:27.405,15.84,3.16,0.67,9.89,1.95,0.41,0,0
2025-03-05 03:51:27.425,15.84,3.16,0.67,9.89,1.95,0.41,0,0
2025-03-05 03:51:27.443,15.84,3.16,0.67,9.89,1.95,0.41,0,0
2025-03-05 03:51:27.464,15.84,3.16,0.67,9.89,1.95,0.41,0,0
2025-03-05 03:51:27.485,15.84,3.16,0.67,9.89,1.95,0.41,0,0
2025-03-05 03:51:27.505,15.84,3.16,0.67,9.89,1.95,0.41,0,0
2025-03-05 03:51:27.522,15.84,3.16,0.67,9.89,1.95,0.41,0,0
2025-03-05 03:51:27.542,15.84,3.16,0.67,9.89,1.95,0.41,0,0
2025-03-05 03:51:27.560,15.84,3.16,0.67,9.89,1.95,0.41,0,0
2025-03-05 03:51:27.580,15.84,3.16,0.67,9.89,1.95,0.41,0,0
2025-03-05 03:51:27.599,15.84,3.16,0.67,9.89,1.95,0.41,0,0
2025-03-05 03:51:27.620,15.84,3.16,0.67,9.89,1.95,0.41,0,0
2025-03-05 03:51:27.639,15.84,3.16,0.67,9.89,1.95,0.41,0,0
2025-03-05 03:51:27.656,15.84,3.16,0.67,9.89,1.95,0.41,0,0
2025-03-05 03:51:27.675,15.84,3.16,0.67,9.89,1.95,0.41,0,0
2025-03-05 03:51:27.693,15.84,3.16,0.67,9.89,1.95,0.41,0,0
2025-03-05 03:51:27.712,15.84,3.16,0.67,9.89,1.95,0.41,0,0
2025-03-05 03:51:27.729,15.84,3.16,0.67,9.89,1.95,0.41,0,0
2025-03-05 03:51:27.747,15.84,3.16,0.67,9.89,1.95,0.41,0,0
2025-03-05 03:51:27.766,15.84,3.16,0.67,9.89,1.95,0.41,0,0
2025-03-05 03:51:27.784,15.84,3.16,0.67,9.89,1.95,0.41,0,0
2025-03-05 03:51:27.804,15.84,3.16,0.67,9.89,1.95,0.41,0,0
2025-03-05 03:51:27.822,15.84,3.16,0.67,9.89,1.95,0.41,0,0
2025-03-05 03:51:27.842,15.84,3.16,0.67,9.89,1.95,0.41,0,0
2025-03-05 03:51:27.860,15.84,3.16,0.67,9.89,1.95,0.41,0,0
2025-03-05 03:51:27.879,15.84,3.16,0.67,9.89,1.95,0.41,0,0
2025-03-05 03:51:27.898,15.84,3.16,0.67,9.89,1.95,0.41,0,0
2025-03-05 03:51:27.915,15.84,3.16,0.67,9.89,1.95,0.41,0,0
2025-03-05 03:51:27.935,15.84,3.16,0.67,9.89,1.95,0.41,0,0
2025-03-05 03:51:27.953,15.84,3.16,0.67,9.89,1.95,0.41,0,0
2025-03-05 03:51:27.973,15.84,3.16,0.67,9.89,1.95,0.41,0,0
2025-03-05 03:51:27.992,15.84,3.16,0.67,9.89,1.95,0.41,0,0
2025-03-05 03:51:28.010,15.84,3.16,0.67,9.89,1.95,0.41,0,0
2025-03-05 03:51:28.029,15.84,3.16,0.67,9.89,1.95,0.41,0,0
2025-03-05 03:51:28.047,15.84,3.16,0.67,9.89,1.95,0.41,0,0
2025-03-05 03:51:28.065,15.84,3.16,0.67,9.89,1.95,0.41,0,0
2025-03-05 03:51:28.083,15.84,3.16,0.67,9.89,1.95,0.41,0,0
2025-03-05 03:51:28.102,15.84,3.16,0.67,9.89,1.95,0.41,0,0
2025-03-05 03:51:28.119,15.84,3.16,0.67,9.89,1.95,0.41,0,0
2025-03-05 03:51:28.138,15.84,3.16,0.67,9.89,1.95,0.41,0,0
2025-03-05 03:51:28.156,15.84,3.16,0.67,9.89,1.95,0.41,0,0
2025-03-05 03:51:28.176,15.84,3.16,0.67,9.89,1.95,0.41,0,0
2025-03-05 03:51:28.194,15.84,3.16,0.67,9.89,1.95,0.41,0,0
2025-03-05 03:51:28.213,15.84,3.16,0.67,9.89,1.95,0.41,0,0
2025-03-05 03:51:28.237,15.84,3.16,0.67,9.89,1.95,0.41,0,0
2025-03-05 03:51:28.256,15.84,3.16,0.67,9.89,1.95,0.41,0,0
2025-03-05 03:51:28.276,15.84,3.16,0.67,9.89,1.95,0.41,0,0
2025-03-05 03:51:28.296,15.84,3.16,0.67,9.89,1.95,0.41,0,0
2025-03-05 03:51:28.320,15.84,3.16,0.67,9.89,1.95,0.41,0,0
2025-03-05 03:51:28.339,15.84,3.16,0.67,9.89,1.95,0.41,0,0
2025-03-05 03:51:28.358,15.84,3.16,0.67,9.89,1.95,0.41,0,0
2025-03-05 03:51:28.379,15.84,3.16,0.67,9.89,1.95,0.41,0,0
2025-03-05 03:51:28.398,15.84,3.16,0.67,9.89,1.95,0.41,0,0
2025-03-05 03:51:28.417,15.84,3.16,0.67,9.89,1.95,0.41,0,0
2025-03-05 03:51:28.439,15.84,3.16,0.67,9.89,1.95,0.41,0,0
2025-03-05 03:51:28.459,15.84,3.16,0.67,9.89,1.95,0.41,0,0
