Timestamp,Some (avg10),Some (avg60),Some (avg300),Full (avg10),Full (avg60),Full (avg300),OOM Kills,OOM Failures
2025-03-05 03:46:22.770,0.00,0.00,0.00,0.00,0.00,0.00,0,0
2025-03-05 03:46:22.796,0.00,0.00,0.00,0.00,0.00,0.00,0,0
2025-03-05 03:46:22.816,0.00,0.00,0.00,0.00,0.00,0.00,0,0
2025-03-05 03:46:22.836,0.00,0.00,0.00,0.00,0.00,0.00,0,0
2025-03-05 03:46:22.854,0.00,0.00,0.00,0.00,0.00,0.00,0,0
2025-03-05 03:46:22.873,0.00,0.00,0.00,0.00,0.00,0.00,0,0
2025-03-05 03:46:22.894,0.00,0.00,0.00,0.00,0.00,0.00,0,0
2025-03-05 03:46:22.914,0.00,0.00,0.00,0.00,0.00,0.00,0,0
2025-03-05 03:46:22.936,0.00,0.00,0.00,0.00,0.00,0.00,0,0
2025-03-05 03:46:22.956,0.00,0.00,0.00,0.00,0.00,0.00,0,0
2025-03-05 03:46:22.974,0.00,0.00,0.00,0.00,0.00,0.00,0,0
2025-03-05 03:46:22.999,0.00,0.00,0.00,0.00,0.00,0.00,0,0
2025-03-05 03:46:23.019,0.00,0.00,0.00,0.00,0.00,0.00,0,0
2025-03-05 03:46:23.044,0.00,0.00,0.00,0.00,0.00,0.00,0,0
2025-03-05 03:46:23.065,0.00,0.00,0.00,0.00,0.00,0.00,0,0
2025-03-05 03:46:23.089,0.00,0.00,0.00,0.00,0.00,0.00,0,0
2025-03-05 03:46:23.109,0.00,0.00,0.00,0.00,0.00,0.00,0,0
2025-03-05 03:46:23.132,0.00,0.00,0.00,0.00,0.00,0.00,0,0
2025-03-05 03:46:23.153,0.00,0.00,0.00,0.00,0.00,0.00,0,0
2025-03-05 03:46:23.175,0.00,0.00,0.00,0.00,0.00,0.00,0,0
2025-03-05 03:46:23.195,0.00,0.00,0.00,0.00,0.00,0.00,0,0
2025-03-05 03:46:23.213,0.00,0.00,0.00,0.00,0.00,0.00,0,0
2025-03-05 03:46:23.236,0.00,0.00,0.00,0.00,0.00,0.00,0,0
2025-03-05 03:46:23.254,0.00,0.00,0.00,0.00,0.00,0.00,0,0
2025-03-05 03:46:23.272,0.00,0.00,0.00,0.00,0.00,0.00,0,0
2025-03-05 03:46:23.293,0.00,0.00,0.00,0.00,0.00,0.00,0,0
2025-03-05 03:46:23.311,0.00,0.00,0.00,0.00,0.00,0.00,0,0
2025-03-05 03:46:23.334,0.00,0.00,0.00,0.00,0.00,0.00,0,0
2025-03-05 03:46:23.353,0.00,0.00,0.00,0.00,0.00,0.00,0,0
2025-03-05 03:46:23.372,0.00,0.00,0.00,0.00,0.00,0.00,0,0
2025-03-05 03:46:23.395,0.00,0.00,0.00,0.00,0.00,0.00,0,0
2025-03-05 03:46:23.413,0.00,0.00,0.00,0.00,0.00,0.00,0,0
2025-03-05 03:46:23.435,0.00,0.00,0.00,0.00,0.00,0.00,0,0
2025-03-05 03:46:23.463,0.00,0.00,0.00,0.00,0.00,0.00,0,0
2025-03-05 03:46:23.482,0.00,0.00,0.00,0.00,0.00,0.00,0,0
2025-03-05 03:46:23.504,0.00,0.00,0.00,0.00,0.00,0.00,0,0
2025-03-05 03:46:23.521,0.00,0.00,0.00,0.00,0.00,0.00,0,0
2025-03-05 03:46:23.539,0.00,0.00,0.00,0.00,0.00,0.00,0,0
2025-03-05 03:46:23.562,0.00,0.00,0.00,0.00,0.00,0.00,0,0
2025-03-05 03:46:23.580,0.00,0.00,0.00,0.00,0.00,0.00,0,0
2025-03-05 03:46:23.603,0.00,0.00,0.00,0.00,0.00,0.00,0,0
2025-03-05 03:46:23.621,0.00,0.00,0.00,0.00,0.00,0.00,0,0
2025-03-05 03:46:23.644,0.00,0.00,0.00,0.00,0.00,0.00,0,0
2025-03-05 03:46:23.662,0.00,0.00,0.00,0.00,0.00,0.00,0,0
2025-03-05 03:46:23.684,0.00,0.00,0.00,0.00,0.00,0.00,0,0
2025-03-05 03:46:23.703,0.00,0.00,0.00,0.00,0.00,0.00,0,0
2025-03-05 03:46:23.722,0.00,0.00,0.00,0.00,0.00,0.00,0,0
2025-03-05 03:46:23.752,0.00,0.00,0.00,0.00,0.00,0.00,0,0
2025-03-05 03:46:23.771,0.00,0.00,0.00,0.00,0.00,0.00,0,0
2025-03-05 03:46:23.794,0.00,0.00,0.00,0.00,0.00,0.00,0,0
2025-03-05 03:46:23.810,0.00,0.00,0.00,0.00,0.00,0.00,0,0
2025-03-05 03:46:23.834,0.00,0.00,0.00,0.00,0.00,0.00,0,0
2025-03-05 03:46:23.856,0.00,0.00,0.00,0.00,0.00,0.00,0,0
2025-03-05 03:46:23.874,0.00,0.00,0.00,0.00,0.00,0.00,0,0
2025-03-05 03:46:23.893,0.00,0.00,0.00,0.00,0.00,0.00,0,0
2025-03-05 03:46:23.917,0.00,0.00,0.00,0.00,0.00,0.00,0,0
2025-03-05 03:46:23.933,0.00,0.00,0.00,0.00,0.00,0.00,0,0
2025-03-05 03:46:23.951,0.00,0.00,0.00,0.00,0.00,0.00,0,0
2025-03-05 03:46:23.971,0.00,0.00,0.00,0.00,0.00,0.00,0,0
2025-03-05 03:46:23.991,0.00,0.00,0.00,0.00,0.00,0.00,0,0
2025-03-05 03:46:24.009,0.00,0.00,0.00,0.00,0.00,0.00,0,0
2025-03-05 03:46:24.029,0.00,0.00,0.00,0.00,0.00,0.00,0,0
2025-03-05 03:46:24.052,0.00,0.00,0.00,0.00,0.00,0.00,0,0
2025-03-05 03:46:24.076,0.00,0.00,0.00,0.00,0.00,0.00,0,0
2025-03-05 03:46:24.099,0.00,0.00,0.00,0.00,0.00,0.00,0,0
2025-03-05 03:46:24.119,0.00,0.00,0.00,0.00,0.00,0.00,0,0
2025-03-05 03:46:24.138,0.00,0.00,0.00,0.00,0.00,0.00,0,0
2025-03-05 03:46:24.158,0.00,0.00,0.00,0.00,0.00,0.00,0,0
2025-03-05 03:46:24.177,0.00,0.00,0.00,0.00,0.00,0.00,0,0
2025-03-05 03:46:24.196,0.00,0.00,0.00,0.00,0.00,0.00,0,0
2025-03-05 03:46:24.214,0.00,0.00,0.00,0.00,0.00,0.00,0,0
2025-03-05 03:46:24.233,0.00,0.00,0.00,0.00,0.00,0.00,0,0
2025-03-05 03:46:24.251,0.00,0.00,0.00,0.00,0.00,0.00,0,0
2025-03-05 03:46:24.270,0.00,0.00,0.00,0.00,0.00,0.00,0,0
2025-03-05 03:46:24.287,0.00,0.00,0.00,0.00,0.00,0.00,0,0
2025-03-05 03:46:24.306,0.00,0.00,0.00,0.00,0.00,0.00,0,0
2025-03-05 03:46:24.324,0.00,0.00,0.00,0.00,0.00,0.00,0,0
2025-03-05 03:46:24.343,0.00,0.00,0.00,0.00,0.00,0.00,0,0
2025-03-05 03:46:24.362,0.00,0.00,0.00,0.00,0.00,0.00,0,0
2025-03-05 03:46:24.381,0.00,0.00,0.00,0.00,0.00,0.00,0,0
2025-03-05 03:46:24.399,0.00,0.00,0.00,0.00,0.00,0.00,0,0
2025-03-05 03:46:24.417,0.00,0.00,0.00,0.00,0.00,0.00,0,0
2025-03-05 03:46:24.436,0.00,0.00,0.00,0.00,0.00,0.00,0,0
2025-03-05 03:46:24.454,0.00,0.00,0.00,0.00,0.00,0.00,0,0
2025-03-05 03:46:24.474,0.00,0.00,0.00,0.00,0.00,0.00,0,0
2025-03-05 03:46:24.494,0.00,0.00,0.00,0.00,0.00,0.00,0,0
2025-03-05 03:46:24.515,0.00,0.00,0.00,0.00,0.00,0.00,0,0
2025-03-05 03:46:24.532,0.00,0.00,0.00,0.00,0.00,0.00,0,0
2025-03-05 03:46:24.550,0.00,0.00,0.00,0.00,0.00,0.00,0,0
2025-03-05 03:46:24.571,0.00,0.00,0.00,0.00,0.00,0.00,0,0
2025-03-05 03:46:24.593,0.00,0.00,0.00,0.00,0.00,0.00,0,0
2025-03-05 03:46:24.611,0.00,0.00,0.00,0.00,0.00,0.00,0,0
2025-03-05 03:46:24.634,0.00,0.00,0.00,0.00,0.00,0.00,0,0
2025-03-05 03:46:24.655,0.00,0.00,0.00,0.00,0.00,0.00,0,0
2025-03-05 03:46:24.673,0.00,0.00,0.00,0.00,0.00,0.00,0,0
2025-03-05 03:46:24.694,0.00,0.00,0.00,0.00,0.00,0.00,0,0
2025-03-05 03:46:24.709,0.00,0.00,0.00,0.00,0.00,0.00,0,0
2025-03-05 03:46:24.728,0.00,0.00,0.00,0.00,0.00,0.00,0,0
2025-03-05 03:46:24.750,0.00,0.00,0.00,0.00,0.00,0.00,0,0
2025-03-05 03:46:24.767,0.00,0.00,0.00,0.00,0.00,0.00,0,0
2025-03-05 03:46:24.810,0.00,0.00,0.00,0.00,0.00,0.00,0,0
2025-03-05 03:46:24.833,0.00,0.00,0.00,0.00,0.00,0.00,0,0
2025-03-05 03:46:24.858,0.00,0.00,0.00,0.00,0.00,0.00,0,0
2025-03-05 03:46:24.882,0.00,0.00,0.00,0.00,0.00,0.00,0,0
2025-03-05 03:46:24.903,0.00,0.00,0.00,0.00,0.00,0.00,0,0
2025-03-05 03:46:24.934,0.00,0.00,0.00,0.00,0.00,0.00,0,0
2025-03-05 03:46:24.974,0.00,0.00,0.00,0.00,0.00,0.00,0,0
2025-03-05 03:46:24.991,0.00,0.00,0.00,0.00,0.00,0.00,0,0
2025-03-05 03:46:25.008,0.00,0.00,0.00,0.00,0.00,0.00,0,0
2025-03-05 03:46:25.030,0.00,0.00,0.00,0.00,0.00,0.00,0,0
2025-03-05 03:46:25.048,0.00,0.00,0.00,0.00,0.00,0.00,0,0
2025-03-05 03:46:25.070,0.00,0.00,0.00,0.00,0.00,0.00,0,0
2025-03-05 03:46:25.087,0.00,0.00,0.00,0.00,0.00,0.00,0,0
2025-03-05 03:46:25.114,0.00,0.00,0.00,0.00,0.00,0.00,0,0
2025-03-05 03:46:25.137,0.00,0.00,0.00,0.00,0.00,0.00,0,0
2025-03-05 03:46:25.157,0.00,0.00,0.00,0.00,0.00,0.00,0,0
2025-03-05 03:46:25.185,0.00,0.00,0.00,0.00,0.00,0.00,0,0
2025-03-05 03:46:25.209,0.00,0.00,0.00,0.00,0.00,0.00,0,0
2025-03-05 03:46:25.232,0.00,0.00,0.00,0.00,0.00,0.00,0,0
2025-03-05 03:46:25.250,0.00,0.00,0.00,0.00,0.00,0.00,0,0
2025-03-05 03:46:25.274,0.00,0.00,0.00,0.00,0.00,0.00,0,0
2025-03-05 03:46:25.292,0.00,0.00,0.00,0.00,0.00,0.00,0,0
2025-03-05 03:46:25.315,0.00,0.00,0.00,0.00,0.00,0.00,0,0
2025-03-05 03:46:25.331,0.00,0.00,0.00,0.00,0.00,0.00,0,0
2025-03-05 03:46:25.349,0.00,0.00,0.00,0.00,0.00,0.00,0,0
2025-03-05 03:46:25.370,0.00,0.00,0.00,0.00,0.00,0.00,0,0
2025-03-05 03:46:25.387,0.00,0.00,0.00,0.00,0.00,0.00,0,0
2025-03-05 03:46:25.407,0.00,0.00,0.00,0.00,0.00,0.00,0,0
2025-03-05 03:46:25.431,0.00,0.00,0.00,0.00,0.00,0.00,0,0
2025-03-05 03:46:25.451,0.00,0.00,0.00,0.00,0.00,0.00,0,0
2025-03-05 03:46:25.475,0.00,0.00,0.00,0.00,0.00,0.00,0,0
2025-03-05 03:46:25.493,0.00,0.00,0.00,0.00,0.00,0.00,0,0
2025-03-05 03:46:25.516,0.00,0.00,0.00,0.00,0.00,0.00,0,0
2025-03-05 03:46:25.534,0.00,0.00,0.00,0.00,0.00,0.00,0,0
2025-03-05 03:46:25.551,0.00,0.00,0.00,0.00,0.00,0.00,0,0
2025-03-05 03:46:25.569,0.00,0.00,0.00,0.00,0.00,0.00,0,0
2025-03-05 03:46:25.591,0.00,0.00,0.00,0.00,0.00,0.00,0,0
2025-03-05 03:46:25.609,0.00,0.00,0.00,0.00,0.00,0.00,0,0
2025-03-05 03:46:25.628,0.00,0.00,0.00,0.00,0.00,0.00,0,0
2025-03-05 03:46:25.649,3.62,0.65,0.13,2.17,0.39,0.08,0,0
2025-03-05 03:46:25.671,3.62,0.65,0.13,2.17,0.39,0.08,0,0
2025-03-05 03:46:25.688,3.62,0.65,0.13,2.17,0.39,0.08,0,0
2025-03-05 03:46:25.712,3.62,0.65,0.13,2.17,0.39,0.08,0,0
2025-03-05 03:46:25.729,3.62,0.65,0.13,2.17,0.39,0.08,0,0
2025-03-05 03:46:25.756,3.62,0.65,0.13,2.17,0.39,0.08,0,0
2025-03-05 03:46:25.775,3.62,0.65,0.13,2.17,0.39,0.08,0,0
2025-03-05 03:46:25.794,3.62,0.65,0.13,2.17,0.39,0.08,0,0
2025-03-05 03:46:25.813,3.62,0.65,0.13,2.17,0.39,0.08,0,0
2025-03-05 03:46:25.831,3.62,0.65,0.13,2.17,0.39,0.08,0,0
2025-03-05 03:46:25.850,3.62,0.65,0.13,2.17,0.39,0.08,0,0
2025-03-05 03:46:25.867,3.62,0.65,0.13,2.17,0.39,0.08,0,0
2025-03-05 03:46:25.884,3.62,0.65,0.13,2.17,0.39,0.08,0,0
2025-03-05 03:46:25.906,3.62,0.65,0.13,2.17,0.39,0.08,0,0
2025-03-05 03:46:25.929,3.62,0.65,0.13,2.17,0.39,0.08,0,0
2025-03-05 03:46:25.945,3.62,0.65,0.13,2.17,0.39,0.08,0,0
2025-03-05 03:46:25.968,3.62,0.65,0.13,2.17,0.39,0.08,0,0
2025-03-05 03:46:25.986,3.62,0.65,0.13,2.17,0.39,0.08,0,0
2025-03-05 03:46:26.005,3.62,0.65,0.13,2.17,0.39,0.08,0,0
2025-03-05 03:46:26.027,3.62,0.65,0.13,2.17,0.39,0.08,0,0
2025-03-05 03:46:26.045,3.62,0.65,0.13,2.17,0.39,0.08,0,0
2025-03-05 03:46:26.062,3.62,0.65,0.13,2.17,0.39,0.08,0,0
2025-03-05 03:46:26.081,3.62,0.65,0.13,2.17,0.39,0.08,0,0
2025-03-05 03:46:26.102,3.62,0.65,0.13,2.17,0.39,0.08,0,0
2025-03-05 03:46:26.128,3.62,0.65,0.13,2.17,0.39,0.08,0,0
2025-03-05 03:46:26.146,3.62,0.65,0.13,2.17,0.39,0.08,0,0
2025-03-05 03:46:26.168,3.62,0.65,0.13,2.17,0.39,0.08,0,0
2025-03-05 03:46:26.191,3.62,0.65,0.13,2.17,0.39,0.08,0,0
2025-03-05 03:46:26.211,3.62,0.65,0.13,2.17,0.39,0.08,0,0
2025-03-05 03:46:26.230,3.62,0.65,0.13,2.17,0.39,0.08,0,0
2025-03-05 03:46:26.251,3.62,0.65,0.13,2.17,0.39,0.08,0,0
2025-03-05 03:46:26.271,3.62,0.65,0.13,2.17,0.39,0.08,0,0
2025-03-05 03:46:26.291,3.62,0.65,0.13,2.17,0.39,0.08,0,0
2025-03-05 03:46:26.309,3.62,0.65,0.13,2.17,0.39,0.08,0,0
2025-03-05 03:46:26.331,3.62,0.65,0.13,2.17,0.39,0.08,0,0
2025-03-05 03:46:26.351,3.62,0.65,0.13,2.17,0.39,0.08,0,0
2025-03-05 03:46:26.373,3.62,0.65,0.13,2.17,0.39,0.08,0,0
2025-03-05 03:46:26.395,3.62,0.65,0.13,2.17,0.39,0.08,0,0
2025-03-05 03:46:26.412,3.62,0.65,0.13,2.17,0.39,0.08,0,0
2025-03-05 03:46:26.435,3.62,0.65,0.13,2.17,0.39,0.08,0,0
2025-03-05 03:46:26.451,3.62,0.65,0.13,2.17,0.39,0.08,0,0
2025-03-05 03:46:26.470,3.62,0.65,0.13,2.17,0.39,0.08,0,0
2025-03-05 03:46:26.492,3.62,0.65,0.13,2.17,0.39,0.08,0,0
2025-03-05 03:46:26.510,3.62,0.65,0.13,2.17,0.39,0.08,0,0
2025-03-05 03:46:26.529,3.62,0.65,0.13,2.17,0.39,0.08,0,0
2025-03-05 03:46:26.551,3.62,0.65,0.13,2.17,0.39,0.08,0,0
2025-03-05 03:46:26.571,3.62,0.65,0.13,2.17,0.39,0.08,0,0
2025-03-05 03:46:26.594,3.62,0.65,0.13,2.17,0.39,0.08,0,0
2025-03-05 03:46:26.615,3.62,0.65,0.13,2.17,0.39,0.08,0,0
2025-03-05 03:46:26.634,3.62,0.65,0.13,2.17,0.39,0.08,0,0
2025-03-05 03:46:26.655,3.62,0.65,0.13,2.17,0.39,0.08,0,0
2025-03-05 03:46:26.674,3.62,0.65,0.13,2.17,0.39,0.08,0,0
2025-03-05 03:46:26.694,3.62,0.65,0.13,2.17,0.39,0.08,0,0
2025-03-05 03:46:26.712,3.62,0.65,0.13,2.17,0.39,0.08,0,0
2025-03-05 03:46:26.730,3.62,0.65,0.13,2.17,0.39,0.08,0,0
2025-03-05 03:46:26.754,3.62,0.65,0.13,2.17,0.39,0.08,0,0
2025-03-05 03:46:26.772,3.62,0.65,0.13,2.17,0.39,0.08,0,0
2025-03-05 03:46:26.793,3.62,0.65,0.13,2.17,0.39,0.08,0,0
2025-03-05 03:46:26.812,3.62,0.65,0.13,2.17,0.39,0.08,0,0
2025-03-05 03:46:26.835,3.62,0.65,0.13,2.17,0.39,0.08,0,0
2025-03-05 03:46:26.853,3.62,0.65,0.13,2.17,0.39,0.08,0,0
2025-03-05 03:46:26.875,3.62,0.65,0.13,2.17,0.39,0.08,0,0
2025-03-05 03:46:26.892,3.62,0.65,0.13,2.17,0.39,0.08,0,0
2025-03-05 03:46:26.911,3.62,0.65,0.13,2.17,0.39,0.08,0,0
2025-03-05 03:46:26.933,3.62,0.65,0.13,2.17,0.39,0.08,0,0
2025-03-05 03:46:26.953,3.62,0.65,0.13,2.17,0.39,0.08,0,0
2025-03-05 03:46:26.971,3.62,0.65,0.13,2.17,0.39,0.08,0,0
2025-03-05 03:46:26.990,3.62,0.65,0.13,2.17,0.39,0.08,0,0
2025-03-05 03:46:27.008,3.62,0.65,0.13,2.17,0.39,0.08,0,0
2025-03-05 03:46:27.030,3.62,0.65,0.13,2.17,0.39,0.08,0,0
2025-03-05 03:46:27.047,3.62,0.65,0.13,2.17,0.39,0.08,0,0
2025-03-05 03:46:27.069,3.62,0.65,0.13,2.17,0.39,0.08,0,0
2025-03-05 03:46:27.087,3.62,0.65,0.13,2.17,0.39,0.08,0,0
2025-03-05 03:46:27.105,3.62,0.65,0.13,2.17,0.39,0.08,0,0
2025-03-05 03:46:27.123,3.62,0.65,0.13,2.17,0.39,0.08,0,0
2025-03-05 03:46:27.146,3.62,0.65,0.13,2.17,0.39,0.08,0,0
2025-03-05 03:46:27.168,3.62,0.65,0.13,2.17,0.39,0.08,0,0
2025-03-05 03:46:27.189,3.62,0.65,0.13,2.17,0.39,0.08,0,0
2025-03-05 03:46:27.209,3.62,0.65,0.13,2.17,0.39,0.08,0,0
2025-03-05 03:46:27.234,3.62,0.65,0.13,2.17,0.39,0.08,0,0
2025-03-05 03:46:27.249,3.62,0.65,0.13,2.17,0.39,0.08,0,0
2025-03-05 03:46:27.271,3.62,0.65,0.13,2.17,0.39,0.08,0,0
2025-03-05 03:46:27.292,3.62,0.65,0.13,2.17,0.39,0.08,0,0
2025-03-05 03:46:27.311,3.62,0.65,0.13,2.17,0.39,0.08,0,0
2025-03-05 03:46:27.331,3.62,0.65,0.13,2.17,0.39,0.08,0,0
2025-03-05 03:46:27.349,3.62,0.65,0.13,2.17,0.39,0.08,0,0
2025-03-05 03:46:27.372,3.62,0.65,0.13,2.17,0.39,0.08,0,0
2025-03-05 03:46:27.392,3.62,0.65,0.13,2.17,0.39,0.08,0,0
2025-03-05 03:46:27.412,3.62,0.65,0.13,2.17,0.39,0.08,0,0
2025-03-05 03:46:27.432,3.62,0.65,0.13,2.17,0.39,0.08,0,0
2025-03-05 03:46:27.456,3.62,0.65,0.13,2.17,0.39,0.08,0,0
2025-03-05 03:46:27.475,3.62,0.65,0.13,2.17,0.39,0.08,0,0
2025-03-05 03:46:27.494,3.62,0.65,0.13,2.17,0.39,0.08,0,0
2025-03-05 03:46:27.518,3.62,0.65,0.13,2.17,0.39,0.08,0,0
2025-03-05 03:46:27.534,3.62,0.65,0.13,2.17,0.39,0.08,0,0
2025-03-05 03:46:27.555,3.62,0.65,0.13,2.17,0.39,0.08,0,0
2025-03-05 03:46:27.581,3.62,0.65,0.13,2.17,0.39,0.08,0,0
2025-03-05 03:46:27.599,3.62,0.65,0.13,2.17,0.39,0.08,0,0
2025-03-05 03:46:27.619,3.62,0.65,0.13,2.17,0.39,0.08,0,0
2025-03-05 03:46:27.642,8.03,1.54,0.32,4.67,0.90,0.19,0,0
2025-03-05 03:46:27.659,8.03,1.54,0.32,4.67,0.90,0.19,0,0
2025-03-05 03:46:27.677,8.03,1.54,0.32,4.67,0.90,0.19,0,0
2025-03-05 03:46:27.699,8.03,1.54,0.32,4.67,0.90,0.19,0,0
2025-03-05 03:46:27.718,8.03,1.54,0.32,4.67,0.90,0.19,0,0
2025-03-05 03:46:27.737,8.03,1.54,0.32,4.67,0.90,0.19,0,0
2025-03-05 03:46:27.761,8.03,1.54,0.32,4.67,0.90,0.19,0,0
2025-03-05 03:46:27.786,8.03,1.54,0.32,4.67,0.90,0.19,0,0
2025-03-05 03:46:27.803,8.03,1.54,0.32,4.67,0.90,0.19,0,0
2025-03-05 03:46:27.824,8.03,1.54,0.32,4.67,0.90,0.19,0,0
2025-03-05 03:46:27.843,8.03,1.54,0.32,4.67,0.90,0.19,0,0
2025-03-05 03:46:27.866,8.03,1.54,0.32,4.67,0.90,0.19,0,0
2025-03-05 03:46:27.882,8.03,1.54,0.32,4.67,0.90,0.19,0,0
2025-03-05 03:46:27.902,8.03,1.54,0.32,4.67,0.90,0.19,0,0
2025-03-05 03:46:27.920,8.03,1.54,0.32,4.67,0.90,0.19,0,0
2025-03-05 03:46:27.938,8.03,1.54,0.32,4.67,0.90,0.19,0,0
2025-03-05 03:46:27.961,8.03,1.54,0.32,4.67,0.90,0.19,0,0
2025-03-05 03:46:27.978,8.03,1.54,0.32,4.67,0.90,0.19,0,0
2025-03-05 03:46:28.000,8.03,1.54,0.32,4.67,0.90,0.19,0,0
2025-03-05 03:46:28.021,8.03,1.54,0.32,4.67,0.90,0.19,0,0
2025-03-05 03:46:28.041,8.03,1.54,0.32,4.67,0.90,0.19,0,0
2025-03-05 03:46:28.061,8.03,1.54,0.32,4.67,0.90,0.19,0,0
2025-03-05 03:46:28.083,8.03,1.54,0.32,4.67,0.90,0.19,0,0
2025-03-05 03:46:28.103,8.03,1.54,0.32,4.67,0.90,0.19,0,0
2025-03-05 03:46:28.123,8.03,1.54,0.32,4.67,0.90,0.19,0,0
2025-03-05 03:46:28.145,8.03,1.54,0.32,4.67,0.90,0.19,0,0
2025-03-05 03:46:28.163,8.03,1.54,0.32,4.67,0.90,0.19,0,0
2025-03-05 03:46:28.191,8.03,1.54,0.32,4.67,0.90,0.19,0,0
2025-03-05 03:46:28.372,8.03,1.54,0.32,4.67,0.90,0.19,0,0
2025-03-05 03:46:28.390,8.03,1.54,0.32,4.67,0.90,0.19,0,0
2025-03-05 03:46:28.410,8.03,1.54,0.32,4.67,0.90,0.19,0,0
2025-03-05 03:46:28.426,8.03,1.54,0.32,4.67,0.90,0.19,0,0
2025-03-05 03:46:28.459,8.03,1.54,0.32,4.67,0.90,0.19,0,0
2025-03-05 03:46:28.494,8.03,1.54,0.32,4.67,0.90,0.19,0,0
2025-03-05 03:46:28.522,8.03,1.54,0.32,4.67,0.90,0.19,0,0
2025-03-05 03:46:28.552,8.03,1.54,0.32,4.67,0.90,0.19,0,0
2025-03-05 03:46:28.569,8.03,1.54,0.32,4.67,0.90,0.19,0,0
2025-03-05 03:46:28.605,8.03,1.54,0.32,4.67,0.90,0.19,0,0
2025-03-05 03:46:28.643,8.03,1.54,0.32,4.67,0.90,0.19,0,0
2025-03-05 03:46:28.662,8.03,1.54,0.32,4.67,0.90,0.19,0,0
2025-03-05 03:46:28.683,8.03,1.54,0.32,4.67,0.90,0.19,0,0
2025-03-05 03:46:28.700,8.03,1.54,0.32,4.67,0.90,0.19,0,0
2025-03-05 03:46:28.721,8.03,1.54,0.32,4.67,0.90,0.19,0,0
2025-03-05 03:46:28.740,8.03,1.54,0.32,4.67,0.90,0.19,0,0
2025-03-05 03:46:28.759,8.03,1.54,0.32,4.67,0.90,0.19,0,0
2025-03-05 03:46:28.779,8.03,1.54,0.32,4.67,0.90,0.19,0,0
2025-03-05 03:46:28.797,8.03,1.54,0.32,4.67,0.90,0.19,0,0
2025-03-05 03:46:28.820,8.03,1.54,0.32,4.67,0.90,0.19,0,0
2025-03-05 03:46:28.839,8.03,1.54,0.32,4.67,0.90,0.19,0,0
2025-03-05 03:46:28.859,8.03,1.54,0.32,4.67,0.90,0.19,0,0
2025-03-05 03:46:28.881,8.03,1.54,0.32,4.67,0.90,0.19,0,0
2025-03-05 03:46:28.898,8.03,1.54,0.32,4.67,0.90,0.19,0,0
2025-03-05 03:46:28.921,8.03,1.54,0.32,4.67,0.90,0.19,0,0
2025-03-05 03:46:28.940,8.03,1.54,0.32,4.67,0.90,0.19,0,0
2025-03-05 03:46:28.959,8.03,1.54,0.32,4.67,0.90,0.19,0,0
2025-03-05 03:46:28.977,8.03,1.54,0.32,4.67,0.90,0.19,0,0
2025-03-05 03:46:28.999,8.03,1.54,0.32,4.67,0.90,0.19,0,0
2025-03-05 03:46:29.018,8.03,1.54,0.32,4.67,0.90,0.19,0,0
2025-03-05 03:46:29.036,8.03,1.54,0.32,4.67,0.90,0.19,0,0
2025-03-05 03:46:29.059,8.03,1.54,0.32,4.67,0.90,0.19,0,0
2025-03-05 03:46:29.080,8.03,1.54,0.32,4.67,0.90,0.19,0,0
2025-03-05 03:46:29.097,8.03,1.54,0.32,4.67,0.90,0.19,0,0
2025-03-05 03:46:29.115,8.03,1.54,0.32,4.67,0.90,0.19,0,0
2025-03-05 03:46:29.137,8.03,1.54,0.32,4.67,0.90,0.19,0,0
2025-03-05 03:46:29.153,8.03,1.54,0.32,4.67,0.90,0.19,0,0
2025-03-05 03:46:29.177,8.03,1.54,0.32,4.67,0.90,0.19,0,0
2025-03-05 03:46:29.194,8.03,1.54,0.32,4.67,0.90,0.19,0,0
2025-03-05 03:46:29.217,8.03,1.54,0.32,4.67,0.90,0.19,0,0
2025-03-05 03:46:29.236,8.03,1.54,0.32,4.67,0.90,0.19,0,0
2025-03-05 03:46:29.255,8.03,1.54,0.32,4.67,0.90,0.19,0,0
2025-03-05 03:46:29.277,8.03,1.54,0.32,4.67,0.90,0.19,0,0
2025-03-05 03:46:29.299,8.03,1.54,0.32,4.67,0.90,0.19,0,0
2025-03-05 03:46:29.320,8.03,1.54,0.32,4.67,0.90,0.19,0,0
2025-03-05 03:46:29.341,8.03,1.54,0.32,4.67,0.90,0.19,0,0
2025-03-05 03:46:29.357,8.03,1.54,0.32,4.67,0.90,0.19,0,0
2025-03-05 03:46:29.375,8.03,1.54,0.32,4.67,0.90,0.19,0,0
2025-03-05 03:46:29.398,8.03,1.54,0.32,4.67,0.90,0.19,0,0
2025-03-05 03:46:29.420,8.03,1.54,0.32,4.67,0.90,0.19,0,0
2025-03-05 03:46:29.439,8.03,1.54,0.32,4.67,0.90,0.19,0,0
2025-03-05 03:46:29.460,8.03,1.54,0.32,4.67,0.90,0.19,0,0
2025-03-05 03:46:29.486,8.03,1.54,0.32,4.67,0.90,0.19,0,0
2025-03-05 03:46:29.507,8.03,1.54,0.32,4.67,0.90,0.19,0,0
2025-03-05 03:46:29.529,8.03,1.54,0.32,4.67,0.90,0.19,0,0
2025-03-05 03:46:29.547,8.03,1.54,0.32,4.67,0.90,0.19,0,0
2025-03-05 03:46:29.569,8.03,1.54,0.32,4.67,0.90,0.19,0,0
2025-03-05 03:46:29.592,8.03,1.54,0.32,4.67,0.90,0.19,0,0
2025-03-05 03:46:29.611,8.03,1.54,0.32,4.67,0.90,0.19,0,0
2025-03-05 03:46:29.631,8.03,1.54,0.32,4.67,0.90,0.19,0,0
2025-03-05 03:46:29.648,15.82,3.16,0.67,10.17,2.01,0.42,0,0
2025-03-05 03:46:29.672,15.82,3.16,0.67,10.17,2.01,0.42,0,0
2025-03-05 03:46:29.690,15.82,3.16,0.67,10.17,2.01,0.42,0,0
2025-03-05 03:46:29.712,15.82,3.16,0.67,10.17,2.01,0.42,0,0
2025-03-05 03:46:29.729,15.82,3.16,0.67,10.17,2.01,0.42,0,0
2025-03-05 03:46:29.755,15.82,3.16,0.67,10.17,2.01,0.42,0,0
2025-03-05 03:46:29.777,15.82,3.16,0.67,10.17,2.01,0.42,0,0
2025-03-05 03:46:29.795,15.82,3.16,0.67,10.17,2.01,0.42,0,0
2025-03-05 03:46:29.816,15.82,3.16,0.67,10.17,2.01,0.42,0,0
2025-03-05 03:46:29.834,15.82,3.16,0.67,10.17,2.01,0.42,0,0
2025-03-05 03:46:29.859,15.82,3.16,0.67,10.17,2.01,0.42,0,0
2025-03-05 03:46:29.876,15.82,3.16,0.67,10.17,2.01,0.42,0,0
2025-03-05 03:46:29.895,15.82,3.16,0.67,10.17,2.01,0.42,0,0
2025-03-05 03:46:29.914,15.82,3.16,0.67,10.17,2.01,0.42,0,0
2025-03-05 03:46:29.937,15.82,3.16,0.67,10.17,2.01,0.42,0,0
2025-03-05 03:46:29.956,15.82,3.16,0.67,10.17,2.01,0.42,0,0
2025-03-05 03:46:29.976,15.82,3.16,0.67,10.17,2.01,0.42,0,0
2025-03-05 03:46:29.999,15.82,3.16,0.67,10.17,2.01,0.42,0,0
2025-03-05 03:46:30.018,15.82,3.16,0.67,10.17,2.01,0.42,0,0
2025-03-05 03:46:30.035,15.82,3.16,0.67,10.17,2.01,0.42,0,0
2025-03-05 03:46:30.057,15.82,3.16,0.67,10.17,2.01,0.42,0,0
2025-03-05 03:46:30.084,15.82,3.16,0.67,10.17,2.01,0.42,0,0
2025-03-05 03:46:30.102,15.82,3.16,0.67,10.17,2.01,0.42,0,0
2025-03-05 03:46:30.122,15.82,3.16,0.67,10.17,2.01,0.42,0,0
2025-03-05 03:46:30.141,15.82,3.16,0.67,10.17,2.01,0.42,0,0
2025-03-05 03:46:30.158,15.82,3.16,0.67,10.17,2.01,0.42,0,0
2025-03-05 03:46:30.177,15.82,3.16,0.67,10.17,2.01,0.42,0,0
2025-03-05 03:46:30.196,15.82,3.16,0.67,10.17,2.01,0.42,0,0
2025-03-05 03:46:30.216,15.82,3.16,0.67,10.17,2.01,0.42,0,0
2025-03-05 03:46:30.233,15.82,3.16,0.67,10.17,2.01,0.42,0,0
2025-03-05 03:46:30.251,15.82,3.16,0.67,10.17,2.01,0.42,0,0
2025-03-05 03:46:30.271,15.82,3.16,0.67,10.17,2.01,0.42,0,0
2025-03-05 03:46:30.290,15.82,3.16,0.67,10.17,2.01,0.42,0,0
2025-03-05 03:46:30.308,15.82,3.16,0.67,10.17,2.01,0.42,0,0
2025-03-05 03:46:30.326,15.82,3.16,0.67,10.17,2.01,0.42,0,0
2025-03-05 03:46:30.346,15.82,3.16,0.67,10.17,2.01,0.42,0,0
2025-03-05 03:46:30.367,15.82,3.16,0.67,10.17,2.01,0.42,0,0
2025-03-05 03:46:30.385,15.82,3.16,0.67,10.17,2.01,0.42,0,0
2025-03-05 03:46:30.404,15.82,3.16,0.67,10.17,2.01,0.42,0,0
2025-03-05 03:46:30.423,15.82,3.16,0.67,10.17,2.01,0.42,0,0
2025-03-05 03:46:30.441,15.82,3.16,0.67,10.17,2.01,0.42,0,0
2025-03-05 03:46:30.458,15.82,3.16,0.67,10.17,2.01,0.42,0,0
2025-03-05 03:46:30.477,15.82,3.16,0.67,10.17,2.01,0.42,0,0
2025-03-05 03:46:30.495,15.82,3.16,0.67,10.17,2.01,0.42,0,0
2025-03-05 03:46:30.513,15.82,3.16,0.67,10.17,2.01,0.42,0,0
2025-03-05 03:46:30.531,15.82,3.16,0.67,10.17,2.01,0.42,0,0
2025-03-05 03:46:30.549,15.82,3.16,0.67,10.17,2.01,0.42,0,0
2025-03-05 03:46:30.566,15.82,3.16,0.67,10.17,2.01,0.42,0,0
2025-03-05 03:46:30.586,15.82,3.16,0.67,10.17,2.01,0.42,0,0
2025-03-05 03:46:30.605,15.82,3.16,0.67,10.17,2.01,0.42,0,0
2025-03-05 03:46:30.625,15.82,3.16,0.67,10.17,2.01,0.42,0,0
2025-03-05 03:46:30.643,15.82,3.16,0.67,10.17,2.01,0.42,0,0
2025-03-05 03:46:30.661,15.82,3.16,0.67,10.17,2.01,0.42,0,0
2025-03-05 03:46:30.680,15.82,3.16,0.67,10.17,2.01,0.42,0,0
2025-03-05 03:46:30.696,15.82,3.16,0.67,10.17,2.01,0.42,0,0
2025-03-05 03:46:30.716,15.82,3.16,0.67,10.17,2.01,0.42,0,0
2025-03-05 03:46:30.733,15.82,3.16,0.67,10.17,2.01,0.42,0,0
2025-03-05 03:46:30.755,15.82,3.16,0.67,10.17,2.01,0.42,0,0
2025-03-05 03:46:30.772,15.82,3.16,0.67,10.17,2.01,0.42,0,0
2025-03-05 03:46:30.791,15.82,3.16,0.67,10.17,2.01,0.42,0,0
2025-03-05 03:46:30.810,15.82,3.16,0.67,10.17,2.01,0.42,0,0
2025-03-05 03:46:30.827,15.82,3.16,0.67,10.17,2.01,0.42,0,0
2025-03-05 03:46:30.846,15.82,3.16,0.67,10.17,2.01,0.42,0,0
2025-03-05 03:46:30.864,15.82,3.16,0.67,10.17,2.01,0.42,0,0
2025-03-05 03:46:30.883,15.82,3.16,0.67,10.17,2.01,0.42,0,0
2025-03-05 03:46:30.902,15.82,3.16,0.67,10.17,2.01,0.42,0,0
2025-03-05 03:46:30.920,15.82,3.16,0.67,10.17,2.01,0.42,0,0
2025-03-05 03:46:30.938,15.82,3.16,0.67,10.17,2.01,0.42,0,0
2025-03-05 03:46:30.957,15.82,3.16,0.67,10.17,2.01,0.42,0,0
2025-03-05 03:46:30.976,15.82,3.16,0.67,10.17,2.01,0.42,0,0
2025-03-05 03:46:30.993,15.82,3.16,0.67,10.17,2.01,0.42,0,0
2025-03-05 03:46:31.015,15.82,3.16,0.67,10.17,2.01,0.42,0,0
2025-03-05 03:46:31.034,15.82,3.16,0.67,10.17,2.01,0.42,0,0
2025-03-05 03:46:31.053,15.82,3.16,0.67,10.17,2.01,0.42,0,0
2025-03-05 03:46:31.070,15.82,3.16,0.67,10.17,2.01,0.42,0,0
2025-03-05 03:46:31.090,15.82,3.16,0.67,10.17,2.01,0.42,0,0
2025-03-05 03:46:31.109,15.82,3.16,0.67,10.17,2.01,0.42,0,0
2025-03-05 03:46:31.128,15.82,3.16,0.67,10.17,2.01,0.42,0,0
2025-03-05 03:46:31.149,15.82,3.16,0.67,10.17,2.01,0.42,0,0
2025-03-05 03:46:31.167,15.82,3.16,0.67,10.17,2.01,0.42,0,0
2025-03-05 03:46:31.189,15.82,3.16,0.67,10.17,2.01,0.42,0,0
2025-03-05 03:46:31.207,15.82,3.16,0.67,10.17,2.01,0.42,0,0
2025-03-05 03:46:31.227,15.82,3.16,0.67,10.17,2.01,0.42,0,0
2025-03-05 03:46:31.247,15.82,3.16,0.67,10.17,2.01,0.42,0,0
