Timestamp,Some (avg10),Some (avg60),Some (avg300),Full (avg10),Full (avg60),Full (avg300),OOM Kills,OOM Failures
2025-03-05 03:46:10.611,0.00,0.00,0.00,0.00,0.00,0.00,0,0
2025-03-05 03:46:10.637,0.00,0.00,0.00,0.00,0.00,0.00,0,0
2025-03-05 03:46:10.654,0.00,0.00,0.00,0.00,0.00,0.00,0,0
2025-03-05 03:46:10.678,0.00,0.00,0.00,0.00,0.00,0.00,0,0
2025-03-05 03:46:10.697,0.00,0.00,0.00,0.00,0.00,0.00,0,0
2025-03-05 03:46:10.718,0.00,0.00,0.00,0.00,0.00,0.00,0,0
2025-03-05 03:46:10.736,0.00,0.00,0.00,0.00,0.00,0.00,0,0
2025-03-05 03:46:10.762,0.00,0.00,0.00,0.00,0.00,0.00,0,0
2025-03-05 03:46:10.781,0.00,0.00,0.00,0.00,0.00,0.00,0,0
2025-03-05 03:46:10.803,0.00,0.00,0.00,0.00,0.00,0.00,0,0
2025-03-05 03:46:10.820,0.00,0.00,0.00,0.00,0.00,0.00,0,0
2025-03-05 03:46:10.844,0.00,0.00,0.00,0.00,0.00,0.00,0,0
2025-03-05 03:46:10.862,0.00,0.00,0.00,0.00,0.00,0.00,0,0
2025-03-05 03:46:10.885,0.00,0.00,0.00,0.00,0.00,0.00,0,0
2025-03-05 03:46:10.902,0.00,0.00,0.00,0.00,0.00,0.00,0,0
2025-03-05 03:46:10.925,0.00,0.00,0.00,0.00,0.00,0.00,0,0
2025-03-05 03:46:10.942,0.00,0.00,0.00,0.00,0.00,0.00,0,0
2025-03-05 03:46:10.964,0.00,0.00,0.00,0.00,0.00,0.00,0,0
2025-03-05 03:46:10.986,0.00,0.00,0.00,0.00,0.00,0.00,0,0
2025-03-05 03:46:11.009,0.00,0.00,0.00,0.00,0.00,0.00,0,0
2025-03-05 03:46:11.031,0.00,0.00,0.00,0.00,0.00,0.00,0,0
2025-03-05 03:46:11.050,0.00,0.00,0.00,0.00,0.00,0.00,0,0
2025-03-05 03:46:11.068,0.00,0.00,0.00,0.00,0.00,0.00,0,0
2025-03-05 03:46:11.091,0.00,0.00,0.00,0.00,0.00,0.00,0,0
2025-03-05 03:46:11.107,0.00,0.00,0.00,0.00,0.00,0.00,0,0
2025-03-05 03:46:11.129,0.00,0.00,0.00,0.00,0.00,0.00,0,0
2025-03-05 03:46:11.144,0.00,0.00,0.00,0.00,0.00,0.00,0,0
2025-03-05 03:46:11.169,0.00,0.00,0.00,0.00,0.00,0.00,0,0
2025-03-05 03:46:11.191,0.00,0.00,0.00,0.00,0.00,0.00,0,0
2025-03-05 03:46:11.209,0.00,0.00,0.00,0.00,0.00,0.00,0,0
2025-03-05 03:46:11.230,0.00,0.00,0.00,0.00,0.00,0.00,0,0
2025-03-05 03:46:11.253,0.00,0.00,0.00,0.00,0.00,0.00,0,0
2025-03-05 03:46:11.271,0.00,0.00,0.00,0.00,0.00,0.00,0,0
2025-03-05 03:46:11.294,0.00,0.00,0.00,0.00,0.00,0.00,0,0
2025-03-05 03:46:11.312,0.00,0.00,0.00,0.00,0.00,0.00,0,0
2025-03-05 03:46:11.335,0.00,0.00,0.00,0.00,0.00,0.00,0,0
2025-03-05 03:46:11.357,0.00,0.00,0.00,0.00,0.00,0.00,0,0
2025-03-05 03:46:11.382,0.00,0.00,0.00,0.00,0.00,0.00,0,0
2025-03-05 03:46:11.404,0.00,0.00,0.00,0.00,0.00,0.00,0,0
2025-03-05 03:46:11.429,0.00,0.00,0.00,0.00,0.00,0.00,0,0
2025-03-05 03:46:11.452,0.00,0.00,0.00,0.00,0.00,0.00,0,0
2025-03-05 03:46:11.471,0.00,0.00,0.00,0.00,0.00,0.00,0,0
2025-03-05 03:46:11.495,0.00,0.00,0.00,0.00,0.00,0.00,0,0
2025-03-05 03:46:11.516,0.00,0.00,0.00,0.00,0.00,0.00,0,0
2025-03-05 03:46:11.538,0.00,0.00,0.00,0.00,0.00,0.00,0,0
2025-03-05 03:46:11.563,0.00,0.00,0.00,0.00,0.00,0.00,0,0
2025-03-05 03:46:11.581,0.00,0.00,0.00,0.00,0.00,0.00,0,0
2025-03-05 03:46:11.603,0.00,0.00,0.00,0.00,0.00,0.00,0,0
2025-03-05 03:46:11.621,0.00,0.00,0.00,0.00,0.00,0.00,0,0
2025-03-05 03:46:11.642,0.00,0.00,0.00,0.00,0.00,0.00,0,0
2025-03-05 03:46:11.660,0.00,0.00,0.00,0.00,0.00,0.00,0,0
2025-03-05 03:46:11.681,0.00,0.00,0.00,0.00,0.00,0.00,0,0
2025-03-05 03:46:11.697,0.00,0.00,0.00,0.00,0.00,0.00,0,0
2025-03-05 03:46:11.721,0.00,0.00,0.00,0.00,0.00,0.00,0,0
2025-03-05 03:46:11.743,0.00,0.00,0.00,0.00,0.00,0.00,0,0
2025-03-05 03:46:11.768,0.00,0.00,0.00,0.00,0.00,0.00,0,0
2025-03-05 03:46:11.784,0.00,0.00,0.00,0.00,0.00,0.00,0,0
2025-03-05 03:46:11.807,0.00,0.00,0.00,0.00,0.00,0.00,0,0
2025-03-05 03:46:11.829,0.00,0.00,0.00,0.00,0.00,0.00,0,0
2025-03-05 03:46:11.848,0.00,0.00,0.00,0.00,0.00,0.00,0,0
2025-03-05 03:46:11.867,0.00,0.00,0.00,0.00,0.00,0.00,0,0
2025-03-05 03:46:11.886,0.00,0.00,0.00,0.00,0.00,0.00,0,0
2025-03-05 03:46:11.905,0.00,0.00,0.00,0.00,0.00,0.00,0,0
2025-03-05 03:46:11.923,0.00,0.00,0.00,0.00,0.00,0.00,0,0
2025-03-05 03:46:11.943,0.00,0.00,0.00,0.00,0.00,0.00,0,0
2025-03-05 03:46:11.963,0.00,0.00,0.00,0.00,0.00,0.00,0,0
2025-03-05 03:46:11.984,0.00,0.00,0.00,0.00,0.00,0.00,0,0
2025-03-05 03:46:12.004,0.00,0.00,0.00,0.00,0.00,0.00,0,0
2025-03-05 03:46:12.024,0.00,0.00,0.00,0.00,0.00,0.00,0,0
2025-03-05 03:46:12.042,0.00,0.00,0.00,0.00,0.00,0.00,0,0
2025-03-05 03:46:12.062,0.00,0.00,0.00,0.00,0.00,0.00,0,0
2025-03-05 03:46:12.082,0.00,0.00,0.00,0.00,0.00,0.00,0,0
2025-03-05 03:46:12.100,0.00,0.00,0.00,0.00,0.00,0.00,0,0
2025-03-05 03:46:12.119,0.00,0.00,0.00,0.00,0.00,0.00,0,0
2025-03-05 03:46:12.138,0.00,0.00,0.00,0.00,0.00,0.00,0,0
2025-03-05 03:46:12.157,0.00,0.00,0.00,0.00,0.00,0.00,0,0
2025-03-05 03:46:12.176,0.00,0.00,0.00,0.00,0.00,0.00,0,0
2025-03-05 03:46:12.196,0.00,0.00,0.00,0.00,0.00,0.00,0,0
2025-03-05 03:46:12.214,0.00,0.00,0.00,0.00,0.00,0.00,0,0
2025-03-05 03:46:12.233,0.00,0.00,0.00,0.00,0.00,0.00,0,0
2025-03-05 03:46:12.252,0.00,0.00,0.00,0.00,0.00,0.00,0,0
2025-03-05 03:46:12.271,0.00,0.00,0.00,0.00,0.00,0.00,0,0
2025-03-05 03:46:12.290,0.00,0.00,0.00,0.00,0.00,0.00,0,0
2025-03-05 03:46:12.308,0.00,0.00,0.00,0.00,0.00,0.00,0,0
2025-03-05 03:46:12.328,0.00,0.00,0.00,0.00,0.00,0.00,0,0
2025-03-05 03:46:12.345,0.00,0.00,0.00,0.00,0.00,0.00,0,0
2025-03-05 03:46:12.364,0.00,0.00,0.00,0.00,0.00,0.00,0,0
2025-03-05 03:46:12.385,0.00,0.00,0.00,0.00,0.00,0.00,0,0
2025-03-05 03:46:12.404,0.00,0.00,0.00,0.00,0.00,0.00,0,0
2025-03-05 03:46:12.422,0.00,0.00,0.00,0.00,0.00,0.00,0,0
2025-03-05 03:46:12.441,0.00,0.00,0.00,0.00,0.00,0.00,0,0
2025-03-05 03:46:12.462,0.00,0.00,0.00,0.00,0.00,0.00,0,0
2025-03-05 03:46:12.481,0.00,0.00,0.00,0.00,0.00,0.00,0,0
2025-03-05 03:46:12.500,0.00,0.00,0.00,0.00,0.00,0.00,0,0
2025-03-05 03:46:12.521,0.00,0.00,0.00,0.00,0.00,0.00,0,0
2025-03-05 03:46:12.539,0.00,0.00,0.00,0.00,0.00,0.00,0,0
2025-03-05 03:46:12.563,0.00,0.00,0.00,0.00,0.00,0.00,0,0
2025-03-05 03:46:12.587,0.00,0.00,0.00,0.00,0.00,0.00,0,0
2025-03-05 03:46:12.606,0.00,0.00,0.00,0.00,0.00,0.00,0,0
2025-03-05 03:46:12.629,0.00,0.00,0.00,0.00,0.00,0.00,0,0
2025-03-05 03:46:12.653,0.00,0.00,0.00,0.00,0.00,0.00,0,0
2025-03-05 03:46:12.677,0.00,0.00,0.00,0.00,0.00,0.00,0,0
2025-03-05 03:46:12.707,0.00,0.00,0.00,0.00,0.00,0.00,0,0
2025-03-05 03:46:12.725,0.00,0.00,0.00,0.00,0.00,0.00,0,0
2025-03-05 03:46:12.759,0.00,0.00,0.00,0.00,0.00,0.00,0,0
2025-03-05 03:46:12.790,0.00,0.00,0.00,0.00,0.00,0.00,0,0
2025-03-05 03:46:12.813,0.00,0.00,0.00,0.00,0.00,0.00,0,0
2025-03-05 03:46:12.837,0.00,0.00,0.00,0.00,0.00,0.00,0,0
2025-03-05 03:46:12.866,0.00,0.00,0.00,0.00,0.00,0.00,0,0
2025-03-05 03:46:12.884,0.00,0.00,0.00,0.00,0.00,0.00,0,0
2025-03-05 03:46:12.900,0.00,0.00,0.00,0.00,0.00,0.00,0,0
2025-03-05 03:46:12.923,0.00,0.00,0.00,0.00,0.00,0.00,0,0
2025-03-05 03:46:12.941,0.00,0.00,0.00,0.00,0.00,0.00,0,0
2025-03-05 03:46:12.964,0.00,0.00,0.00,0.00,0.00,0.00,0,0
2025-03-05 03:46:12.980,0.00,0.00,0.00,0.00,0.00,0.00,0,0
2025-03-05 03:46:13.003,0.00,0.00,0.00,0.00,0.00,0.00,0,0
2025-03-05 03:46:13.024,0.00,0.00,0.00,0.00,0.00,0.00,0,0
2025-03-05 03:46:13.043,0.00,0.00,0.00,0.00,0.00,0.00,0,0
2025-03-05 03:46:13.064,0.00,0.00,0.00,0.00,0.00,0.00,0,0
2025-03-05 03:46:13.081,0.00,0.00,0.00,0.00,0.00,0.00,0,0
2025-03-05 03:46:13.104,0.00,0.00,0.00,0.00,0.00,0.00,0,0
2025-03-05 03:46:13.122,0.00,0.00,0.00,0.00,0.00,0.00,0,0
2025-03-05 03:46:13.141,0.00,0.00,0.00,0.00,0.00,0.00,0,0
2025-03-05 03:46:13.163,0.00,0.00,0.00,0.00,0.00,0.00,0,0
2025-03-05 03:46:13.182,0.00,0.00,0.00,0.00,0.00,0.00,0,0
2025-03-05 03:46:13.206,0.00,0.00,0.00,0.00,0.00,0.00,0,0
2025-03-05 03:46:13.223,0.00,0.00,0.00,0.00,0.00,0.00,0,0
2025-03-05 03:46:13.245,0.00,0.00,0.00,0.00,0.00,0.00,0,0
2025-03-05 03:46:13.266,0.00,0.00,0.00,0.00,0.00,0.00,0,0
2025-03-05 03:46:13.284,0.00,0.00,0.00,0.00,0.00,0.00,0,0
2025-03-05 03:46:13.303,0.00,0.00,0.00,0.00,0.00,0.00,0,0
2025-03-05 03:46:13.321,0.00,0.00,0.00,0.00,0.00,0.00,0,0
2025-03-05 03:46:13.340,0.00,0.00,0.00,0.00,0.00,0.00,0,0
2025-03-05 03:46:13.366,0.00,0.00,0.00,0.00,0.00,0.00,0,0
2025-03-05 03:46:13.382,0.00,0.00,0.00,0.00,0.00,0.00,0,0
2025-03-05 03:46:13.403,0.00,0.00,0.00,0.00,0.00,0.00,0,0
2025-03-05 03:46:13.427,0.00,0.00,0.00,0.00,0.00,0.00,0,0
2025-03-05 03:46:13.451,0.00,0.00,0.00,0.00,0.00,0.00,0,0
2025-03-05 03:46:13.470,0.00,0.00,0.00,0.00,0.00,0.00,0,0
2025-03-05 03:46:13.486,3.26,0.58,0.12,1.81,0.32,0.06,0,0
2025-03-05 03:46:13.508,3.26,0.58,0.12,1.81,0.32,0.06,0,0
2025-03-05 03:46:13.527,3.26,0.58,0.12,1.81,0.32,0.06,0,0
2025-03-05 03:46:13.550,3.26,0.58,0.12,1.81,0.32,0.06,0,0
2025-03-05 03:46:13.568,3.26,0.58,0.12,1.81,0.32,0.06,0,0
2025-03-05 03:46:13.588,3.26,0.58,0.12,1.81,0.32,0.06,0,0
2025-03-05 03:46:13.614,3.26,0.58,0.12,1.81,0.32,0.06,0,0
2025-03-05 03:46:13.634,3.26,0.58,0.12,1.81,0.32,0.06,0,0
2025-03-05 03:46:13.654,3.26,0.58,0.12,1.81,0.32,0.06,0,0
2025-03-05 03:46:13.672,3.26,0.58,0.12,1.81,0.32,0.06,0,0
2025-03-05 03:46:13.691,3.26,0.58,0.12,1.81,0.32,0.06,0,0
2025-03-05 03:46:13.713,3.26,0.58,0.12,1.81,0.32,0.06,0,0
2025-03-05 03:46:13.733,3.26,0.58,0.12,1.81,0.32,0.06,0,0
2025-03-05 03:46:13.752,3.26,0.58,0.12,1.81,0.32,0.06,0,0
2025-03-05 03:46:13.775,3.26,0.58,0.12,1.81,0.32,0.06,0,0
2025-03-05 03:46:13.794,3.26,0.58,0.12,1.81,0.32,0.06,0,0
2025-03-05 03:46:13.813,3.26,0.58,0.12,1.81,0.32,0.06,0,0
2025-03-05 03:46:13.834,3.26,0.58,0.12,1.81,0.32,0.06,0,0
2025-03-05 03:46:13.856,3.26,0.58,0.12,1.81,0.32,0.06,0,0
2025-03-05 03:46:13.874,3.26,0.58,0.12,1.81,0.32,0.06,0,0
2025-03-05 03:46:13.896,3.26,0.58,0.12,1.81,0.32,0.06,0,0
2025-03-05 03:46:13.914,3.26,0.58,0.12,1.81,0.32,0.06,0,0
2025-03-05 03:46:13.933,3.26,0.58,0.12,1.81,0.32,0.06,0,0
2025-03-05 03:46:13.953,3.26,0.58,0.12,1.81,0.32,0.06,0,0
2025-03-05 03:46:13.973,3.26,0.58,0.12,1.81,0.32,0.06,0,0
2025-03-05 03:46:13.996,3.26,0.58,0.12,1.81,0.32,0.06,0,0
2025-03-05 03:46:14.014,3.26,0.58,0.12,1.81,0.32,0.06,0,0
2025-03-05 03:46:14.034,3.26,0.58,0.12,1.81,0.32,0.06,0,0
2025-03-05 03:46:14.057,3.26,0.58,0.12,1.81,0.32,0.06,0,0
2025-03-05 03:46:14.079,3.26,0.58,0.12,1.81,0.32,0.06,0,0
2025-03-05 03:46:14.096,3.26,0.58,0.12,1.81,0.32,0.06,0,0
2025-03-05 03:46:14.118,3.26,0.58,0.12,1.81,0.32,0.06,0,0
2025-03-05 03:46:14.138,3.26,0.58,0.12,1.81,0.32,0.06,0,0
2025-03-05 03:46:14.156,3.26,0.58,0.12,1.81,0.32,0.06,0,0
2025-03-05 03:46:14.178,3.26,0.58,0.12,1.81,0.32,0.06,0,0
2025-03-05 03:46:14.197,3.26,0.58,0.12,1.81,0.32,0.06,0,0
2025-03-05 03:46:14.221,3.26,0.58,0.12,1.81,0.32,0.06,0,0
2025-03-05 03:46:14.237,3.26,0.58,0.12,1.81,0.32,0.06,0,0
2025-03-05 03:46:14.262,3.26,0.58,0.12,1.81,0.32,0.06,0,0
2025-03-05 03:46:14.279,3.26,0.58,0.12,1.81,0.32,0.06,0,0
2025-03-05 03:46:14.302,3.26,0.58,0.12,1.81,0.32,0.06,0,0
2025-03-05 03:46:14.320,3.26,0.58,0.12,1.81,0.32,0.06,0,0
2025-03-05 03:46:14.343,3.26,0.58,0.12,1.81,0.32,0.06,0,0
2025-03-05 03:46:14.360,3.26,0.58,0.12,1.81,0.32,0.06,0,0
2025-03-05 03:46:14.385,3.26,0.58,0.12,1.81,0.32,0.06,0,0
2025-03-05 03:46:14.401,3.26,0.58,0.12,1.81,0.32,0.06,0,0
2025-03-05 03:46:14.420,3.26,0.58,0.12,1.81,0.32,0.06,0,0
2025-03-05 03:46:14.440,3.26,0.58,0.12,1.81,0.32,0.06,0,0
2025-03-05 03:46:14.461,3.26,0.58,0.12,1.81,0.32,0.06,0,0
2025-03-05 03:46:14.483,3.26,0.58,0.12,1.81,0.32,0.06,0,0
2025-03-05 03:46:14.501,3.26,0.58,0.12,1.81,0.32,0.06,0,0
2025-03-05 03:46:14.520,3.26,0.58,0.12,1.81,0.32,0.06,0,0
2025-03-05 03:46:14.541,3.26,0.58,0.12,1.81,0.32,0.06,0,0
2025-03-05 03:46:14.559,3.26,0.58,0.12,1.81,0.32,0.06,0,0
2025-03-05 03:46:14.576,3.26,0.58,0.12,1.81,0.32,0.06,0,0
2025-03-05 03:46:14.595,3.26,0.58,0.12,1.81,0.32,0.06,0,0
2025-03-05 03:46:14.617,3.26,0.58,0.12,1.81,0.32,0.06,0,0
2025-03-05 03:46:14.635,3.26,0.58,0.12,1.81,0.32,0.06,0,0
2025-03-05 03:46:14.657,3.26,0.58,0.12,1.81,0.32,0.06,0,0
2025-03-05 03:46:14.681,3.26,0.58,0.12,1.81,0.32,0.06,0,0
2025-03-05 03:46:14.705,3.26,0.58,0.12,1.81,0.32,0.06,0,0
2025-03-05 03:46:14.725,3.26,0.58,0.12,1.81,0.32,0.06,0,0
2025-03-05 03:46:14.748,3.26,0.58,0.12,1.81,0.32,0.06,0,0
2025-03-05 03:46:14.770,3.26,0.58,0.12,1.81,0.32,0.06,0,0
2025-03-05 03:46:14.792,3.26,0.58,0.12,1.81,0.32,0.06,0,0
2025-03-05 03:46:14.809,3.26,0.58,0.12,1.81,0.32,0.06,0,0
2025-03-05 03:46:14.827,3.26,0.58,0.12,1.81,0.32,0.06,0,0
2025-03-05 03:46:14.846,3.26,0.58,0.12,1.81,0.32,0.06,0,0
2025-03-05 03:46:14.863,3.26,0.58,0.12,1.81,0.32,0.06,0,0
2025-03-05 03:46:14.883,3.26,0.58,0.12,1.81,0.32,0.06,0,0
2025-03-05 03:46:14.901,3.26,0.58,0.12,1.81,0.32,0.06,0,0
2025-03-05 03:46:14.921,3.26,0.58,0.12,1.81,0.32,0.06,0,0
2025-03-05 03:46:14.945,3.26,0.58,0.12,1.81,0.32,0.06,0,0
2025-03-05 03:46:14.963,3.26,0.58,0.12,1.81,0.32,0.06,0,0
2025-03-05 03:46:14.982,3.26,0.58,0.12,1.81,0.32,0.06,0,0
2025-03-05 03:46:15.001,3.26,0.58,0.12,1.81,0.32,0.06,0,0
2025-03-05 03:46:15.021,3.26,0.58,0.12,1.81,0.32,0.06,0,0
2025-03-05 03:46:15.047,3.26,0.58,0.12,1.81,0.32,0.06,0,0
2025-03-05 03:46:15.073,3.26,0.58,0.12,1.81,0.32,0.06,0,0
2025-03-05 03:46:15.095,3.26,0.58,0.12,1.81,0.32,0.06,0,0
2025-03-05 03:46:15.120,3.26,0.58,0.12,1.81,0.32,0.06,0,0
2025-03-05 03:46:15.145,3.26,0.58,0.12,1.81,0.32,0.06,0,0
2025-03-05 03:46:15.167,3.26,0.58,0.12,1.81,0.32,0.06,0,0
2025-03-05 03:46:15.193,3.26,0.58,0.12,1.81,0.32,0.06,0,0
2025-03-05 03:46:15.217,3.26,0.58,0.12,1.81,0.32,0.06,0,0
2025-03-05 03:46:15.234,3.26,0.58,0.12,1.81,0.32,0.06,0,0
2025-03-05 03:46:15.258,3.26,0.58,0.12,1.81,0.32,0.06,0,0
2025-03-05 03:46:15.276,3.26,0.58,0.12,1.81,0.32,0.06,0,0
2025-03-05 03:46:15.298,3.26,0.58,0.12,1.81,0.32,0.06,0,0
2025-03-05 03:46:15.316,3.26,0.58,0.12,1.81,0.32,0.06,0,0
2025-03-05 03:46:15.339,3.26,0.58,0.12,1.81,0.32,0.06,0,0
2025-03-05 03:46:15.355,3.26,0.58,0.12,1.81,0.32,0.06,0,0
2025-03-05 03:46:15.379,3.26,0.58,0.12,1.81,0.32,0.06,0,0
2025-03-05 03:46:15.401,3.26,0.58,0.12,1.81,0.32,0.06,0,0
2025-03-05 03:46:15.417,3.26,0.58,0.12,1.81,0.32,0.06,0,0
2025-03-05 03:46:15.440,3.26,0.58,0.12,1.81,0.32,0.06,0,0
2025-03-05 03:46:15.462,3.26,0.58,0.12,1.81,0.32,0.06,0,0
2025-03-05 03:46:15.485,7.74,1.48,0.31,4.56,0.87,0.18,0,0
2025-03-05 03:46:15.509,7.74,1.48,0.31,4.56,0.87,0.18,0,0
2025-03-05 03:46:15.528,7.74,1.48,0.31,4.56,0.87,0.18,0,0
2025-03-05 03:46:15.551,7.74,1.48,0.31,4.56,0.87,0.18,0,0
2025-03-05 03:46:15.569,7.74,1.48,0.31,4.56,0.87,0.18,0,0
2025-03-05 03:46:15.589,7.74,1.48,0.31,4.56,0.87,0.18,0,0
2025-03-05 03:46:15.612,7.74,1.48,0.31,4.56,0.87,0.18,0,0
2025-03-05 03:46:15.632,7.74,1.48,0.31,4.56,0.87,0.18,0,0
2025-03-05 03:46:15.652,7.74,1.48,0.31,4.56,0.87,0.18,0,0
2025-03-05 03:46:15.675,7.74,1.48,0.31,4.56,0.87,0.18,0,0
2025-03-05 03:46:15.697,7.74,1.48,0.31,4.56,0.87,0.18,0,0
2025-03-05 03:46:15.721,7.74,1.48,0.31,4.56,0.87,0.18,0,0
2025-03-05 03:46:15.740,7.74,1.48,0.31,4.56,0.87,0.18,0,0
2025-03-05 03:46:15.763,7.74,1.48,0.31,4.56,0.87,0.18,0,0
2025-03-05 03:46:15.786,7.74,1.48,0.31,4.56,0.87,0.18,0,0
2025-03-05 03:46:15.805,7.74,1.48,0.31,4.56,0.87,0.18,0,0
2025-03-05 03:46:15.824,7.74,1.48,0.31,4.56,0.87,0.18,0,0
2025-03-05 03:46:15.846,7.74,1.48,0.31,4.56,0.87,0.18,0,0
2025-03-05 03:46:15.869,7.74,1.48,0.31,4.56,0.87,0.18,0,0
2025-03-05 03:46:15.891,7.74,1.48,0.31,4.56,0.87,0.18,0,0
2025-03-05 03:46:15.911,7.74,1.48,0.31,4.56,0.87,0.18,0,0
2025-03-05 03:46:15.930,7.74,1.48,0.31,4.56,0.87,0.18,0,0
2025-03-05 03:46:15.950,7.74,1.48,0.31,4.56,0.87,0.18,0,0
2025-03-05 03:46:15.971,7.74,1.48,0.31,4.56,0.87,0.18,0,0
2025-03-05 03:46:15.996,7.74,1.48,0.31,4.56,0.87,0.18,0,0
2025-03-05 03:46:16.014,7.74,1.48,0.31,4.56,0.87,0.18,0,0
2025-03-05 03:46:16.038,7.74,1.48,0.31,4.56,0.87,0.18,0,0
2025-03-05 03:46:16.054,7.74,1.48,0.31,4.56,0.87,0.18,0,0
2025-03-05 03:46:16.074,7.74,1.48,0.31,4.56,0.87,0.18,0,0
2025-03-05 03:46:16.093,7.74,1.48,0.31,4.56,0.87,0.18,0,0
2025-03-05 03:46:16.112,7.74,1.48,0.31,4.56,0.87,0.18,0,0
2025-03-05 03:46:16.136,7.74,1.48,0.31,4.56,0.87,0.18,0,0
2025-03-05 03:46:16.404,7.74,1.48,0.31,4.56,0.87,0.18,0,0
2025-03-05 03:46:16.435,7.74,1.48,0.31,4.56,0.87,0.18,0,0
2025-03-05 03:46:16.451,7.74,1.48,0.31,4.56,0.87,0.18,0,0
2025-03-05 03:46:16.471,7.74,1.48,0.31,4.56,0.87,0.18,0,0
2025-03-05 03:46:16.489,7.74,1.48,0.31,4.56,0.87,0.18,0,0
2025-03-05 03:46:16.511,7.74,1.48,0.31,4.56,0.87,0.18,0,0
2025-03-05 03:46:16.529,7.74,1.48,0.31,4.56,0.87,0.18,0,0
2025-03-05 03:46:16.549,7.74,1.48,0.31,4.56,0.87,0.18,0,0
2025-03-05 03:46:16.569,7.74,1.48,0.31,4.56,0.87,0.18,0,0
2025-03-05 03:46:16.586,7.74,1.48,0.31,4.56,0.87,0.18,0,0
2025-03-05 03:46:16.606,7.74,1.48,0.31,4.56,0.87,0.18,0,0
2025-03-05 03:46:16.629,7.74,1.48,0.31,4.56,0.87,0.18,0,0
2025-03-05 03:46:16.646,7.74,1.48,0.31,4.56,0.87,0.18,0,0
2025-03-05 03:46:16.666,7.74,1.48,0.31,4.56,0.87,0.18,0,0
2025-03-05 03:46:16.688,7.74,1.48,0.31,4.56,0.87,0.18,0,0
2025-03-05 03:46:16.704,7.74,1.48,0.31,4.56,0.87,0.18,0,0
2025-03-05 03:46:16.720,7.74,1.48,0.31,4.56,0.87,0.18,0,0
2025-03-05 03:46:16.745,7.74,1.48,0.31,4.56,0.87,0.18,0,0
2025-03-05 03:46:16.766,7.74,1.48,0.31,4.56,0.87,0.18,0,0
2025-03-05 03:46:16.785,7.74,1.48,0.31,4.56,0.87,0.18,0,0
2025-03-05 03:46:16.811,7.74,1.48,0.31,4.56,0.87,0.18,0,0
2025-03-05 03:46:16.839,7.74,1.48,0.31,4.56,0.87,0.18,0,0
2025-03-05 03:46:16.857,7.74,1.48,0.31,4.56,0.87,0.18,0,0
2025-03-05 03:46:16.875,7.74,1.48,0.31,4.56,0.87,0.18,0,0
2025-03-05 03:46:16.899,7.74,1.48,0.31,4.56,0.87,0.18,0,0
2025-03-05 03:46:16.916,7.74,1.48,0.31,4.56,0.87,0.18,0,0
2025-03-05 03:46:16.935,7.74,1.48,0.31,4.56,0.87,0.18,0,0
2025-03-05 03:46:16.954,7.74,1.48,0.31,4.56,0.87,0.18,0,0
2025-03-05 03:46:16.972,7.74,1.48,0.31,4.56,0.87,0.18,0,0
2025-03-05 03:46:16.995,7.74,1.48,0.31,4.56,0.87,0.18,0,0
2025-03-05 03:46:17.016,7.74,1.48,0.31,4.56,0.87,0.18,0,0
2025-03-05 03:46:17.039,7.74,1.48,0.31,4.56,0.87,0.18,0,0
2025-03-05 03:46:17.057,7.74,1.48,0.31,4.56,0.87,0.18,0,0
2025-03-05 03:46:17.079,7.74,1.48,0.31,4.56,0.87,0.18,0,0
2025-03-05 03:46:17.104,7.74,1.48,0.31,4.56,0.87,0.18,0,0
2025-03-05 03:46:17.125,7.74,1.48,0.31,4.56,0.87,0.18,0,0
2025-03-05 03:46:17.143,7.74,1.48,0.31,4.56,0.87,0.18,0,0
2025-03-05 03:46:17.166,7.74,1.48,0.31,4.56,0.87,0.18,0,0
2025-03-05 03:46:17.184,7.74,1.48,0.31,4.56,0.87,0.18,0,0
2025-03-05 03:46:17.207,7.74,1.48,0.31,4.56,0.87,0.18,0,0
2025-03-05 03:46:17.224,7.74,1.48,0.31,4.56,0.87,0.18,0,0
2025-03-05 03:46:17.249,7.74,1.48,0.31,4.56,0.87,0.18,0,0
2025-03-05 03:46:17.268,7.74,1.48,0.31,4.56,0.87,0.18,0,0
2025-03-05 03:46:17.292,7.74,1.48,0.31,4.56,0.87,0.18,0,0
2025-03-05 03:46:17.309,7.74,1.48,0.31,4.56,0.87,0.18,0,0
2025-03-05 03:46:17.330,7.74,1.48,0.31,4.56,0.87,0.18,0,0
2025-03-05 03:46:17.350,7.74,1.48,0.31,4.56,0.87,0.18,0,0
2025-03-05 03:46:17.371,7.74,1.48,0.31,4.56,0.87,0.18,0,0
2025-03-05 03:46:17.394,7.74,1.48,0.31,4.56,0.87,0.18,0,0
2025-03-05 03:46:17.410,7.74,1.48,0.31,4.56,0.87,0.18,0,0
2025-03-05 03:46:17.435,7.74,1.48,0.31,4.56,0.87,0.18,0,0
2025-03-05 03:46:17.462,7.74,1.48,0.31,4.56,0.87,0.18,0,0
2025-03-05 03:46:17.489,13.76,2.77,0.59,8.62,1.72,0.36,0,0
2025-03-05 03:46:17.508,13.76,2.77,0.59,8.62,1.72,0.36,0,0
2025-03-05 03:46:17.532,13.76,2.77,0.59,8.62,1.72,0.36,0,0
2025-03-05 03:46:17.550,13.76,2.77,0.59,8.62,1.72,0.36,0,0
2025-03-05 03:46:17.575,13.76,2.77,0.59,8.62,1.72,0.36,0,0
2025-03-05 03:46:17.593,13.76,2.77,0.59,8.62,1.72,0.36,0,0
2025-03-05 03:46:17.616,13.76,2.77,0.59,8.62,1.72,0.36,0,0
2025-03-05 03:46:17.634,13.76,2.77,0.59,8.62,1.72,0.36,0,0
2025-03-05 03:46:17.653,13.76,2.77,0.59,8.62,1.72,0.36,0,0
2025-03-05 03:46:17.675,13.76,2.77,0.59,8.62,1.72,0.36,0,0
2025-03-05 03:46:17.693,13.76,2.77,0.59,8.62,1.72,0.36,0,0
2025-03-05 03:46:17.712,13.76,2.77,0.59,8.62,1.72,0.36,0,0
2025-03-05 03:46:17.730,13.76,2.77,0.59,8.62,1.72,0.36,0,0
2025-03-05 03:46:17.755,13.76,2.77,0.59,8.62,1.72,0.36,0,0
2025-03-05 03:46:17.781,13.76,2.77,0.59,8.62,1.72,0.36,0,0
2025-03-05 03:46:17.807,13.76,2.77,0.59,8.62,1.72,0.36,0,0
2025-03-05 03:46:17.823,13.76,2.77,0.59,8.62,1.72,0.36,0,0
2025-03-05 03:46:17.843,13.76,2.77,0.59,8.62,1.72,0.36,0,0
2025-03-05 03:46:17.862,13.76,2.77,0.59,8.62,1.72,0.36,0,0
2025-03-05 03:46:17.881,13.76,2.77,0.59,8.62,1.72,0.36,0,0
2025-03-05 03:46:17.899,13.76,2.77,0.59,8.62,1.72,0.36,0,0
2025-03-05 03:46:17.918,13.76,2.77,0.59,8.62,1.72,0.36,0,0
2025-03-05 03:46:17.937,13.76,2.77,0.59,8.62,1.72,0.36,0,0
2025-03-05 03:46:17.955,13.76,2.77,0.59,8.62,1.72,0.36,0,0
2025-03-05 03:46:17.976,13.76,2.77,0.59,8.62,1.72,0.36,0,0
2025-03-05 03:46:17.994,13.76,2.77,0.59,8.62,1.72,0.36,0,0
2025-03-05 03:46:18.012,13.76,2.77,0.59,8.62,1.72,0.36,0,0
2025-03-05 03:46:18.031,13.76,2.77,0.59,8.62,1.72,0.36,0,0
2025-03-05 03:46:18.049,13.76,2.77,0.59,8.62,1.72,0.36,0,0
2025-03-05 03:46:18.068,13.76,2.77,0.59,8.62,1.72,0.36,0,0
2025-03-05 03:46:18.085,13.76,2.77,0.59,8.62,1.72,0.36,0,0
2025-03-05 03:46:18.104,13.76,2.77,0.59,8.62,1.72,0.36,0,0
2025-03-05 03:46:18.122,13.76,2.77,0.59,8.62,1.72,0.36,0,0
2025-03-05 03:46:18.142,13.76,2.77,0.59,8.62,1.72,0.36,0,0
2025-03-05 03:46:18.160,13.76,2.77,0.59,8.62,1.72,0.36,0,0
2025-03-05 03:46:18.180,13.76,2.77,0.59,8.62,1.72,0.36,0,0
2025-03-05 03:46:18.198,13.76,2.77,0.59,8.62,1.72,0.36,0,0
2025-03-05 03:46:18.216,13.76,2.77,0.59,8.62,1.72,0.36,0,0
2025-03-05 03:46:18.235,13.76,2.77,0.59,8.62,1.72,0.36,0,0
2025-03-05 03:46:18.253,13.76,2.77,0.59,8.62,1.72,0.36,0,0
2025-03-05 03:46:18.271,13.76,2.77,0.59,8.62,1.72,0.36,0,0
2025-03-05 03:46:18.288,13.76,2.77,0.59,8.62,1.72,0.36,0,0
2025-03-05 03:46:18.307,13.76,2.77,0.59,8.62,1.72,0.36,0,0
2025-03-05 03:46:18.325,13.76,2.77,0.59,8.62,1.72,0.36,0,0
2025-03-05 03:46:18.344,13.76,2.77,0.59,8.62,1.72,0.36,0,0
2025-03-05 03:46:18.361,13.76,2.77,0.59,8.62,1.72,0.36,0,0
2025-03-05 03:46:18.380,13.76,2.77,0.59,8.62,1.72,0.36,0,0
2025-03-05 03:46:18.397,13.76,2.77,0.59,8.62,1.72,0.36,0,0
2025-03-05 03:46:18.417,13.76,2.77,0.59,8.62,1.72,0.36,0,0
2025-03-05 03:46:18.436,13.76,2.77,0.59,8.62,1.72,0.36,0,0
2025-03-05 03:46:18.454,13.76,2.77,0.59,8.62,1.72,0.36,0,0
2025-03-05 03:46:18.473,13.76,2.77,0.59,8.62,1.72,0.36,0,0
2025-03-05 03:46:18.491,13.76,2.77,0.59,8.62,1.72,0.36,0,0
2025-03-05 03:46:18.511,13.76,2.77,0.59,8.62,1.72,0.36,0,0
2025-03-05 03:46:18.529,13.76,2.77,0.59,8.62,1.72,0.36,0,0
2025-03-05 03:46:18.548,13.76,2.77,0.59,8.62,1.72,0.36,0,0
2025-03-05 03:46:18.567,13.76,2.77,0.59,8.62,1.72,0.36,0,0
2025-03-05 03:46:18.585,13.76,2.77,0.59,8.62,1.72,0.36,0,0
2025-03-05 03:46:18.604,13.76,2.77,0.59,8.62,1.72,0.36,0,0
2025-03-05 03:46:18.621,13.76,2.77,0.59,8.62,1.72,0.36,0,0
2025-03-05 03:46:18.640,13.76,2.77,0.59,8.62,1.72,0.36,0,0
2025-03-05 03:46:18.657,13.76,2.77,0.59,8.62,1.72,0.36,0,0
2025-03-05 03:46:18.679,13.76,2.77,0.59,8.62,1.72,0.36,0,0
2025-03-05 03:46:18.695,13.76,2.77,0.59,8.62,1.72,0.36,0,0
2025-03-05 03:46:18.720,13.76,2.77,0.59,8.62,1.72,0.36,0,0
2025-03-05 03:46:18.738,13.76,2.77,0.59,8.62,1.72,0.36,0,0
2025-03-05 03:46:18.758,13.76,2.77,0.59,8.62,1.72,0.36,0,0
2025-03-05 03:46:18.780,13.76,2.77,0.59,8.62,1.72,0.36,0,0
2025-03-05 03:46:18.797,13.76,2.77,0.59,8.62,1.72,0.36,0,0
2025-03-05 03:46:18.818,13.76,2.77,0.59,8.62,1.72,0.36,0,0
2025-03-05 03:46:18.843,13.76,2.77,0.59,8.62,1.72,0.36,0,0
2025-03-05 03:46:18.863,13.76,2.77,0.59,8.62,1.72,0.36,0,0
2025-03-05 03:46:18.883,13.76,2.77,0.59,8.62,1.72,0.36,0,0
2025-03-05 03:46:18.904,13.76,2.77,0.59,8.62,1.72,0.36,0,0
2025-03-05 03:46:18.922,13.76,2.77,0.59,8.62,1.72,0.36,0,0
2025-03-05 03:46:18.941,13.76,2.77,0.59,8.62,1.72,0.36,0,0
