Timestamp,Some (avg10),Some (avg60),Some (avg300),Full (avg10),Full (avg60),Full (avg300),OOM Kills,OOM Failures
2025-03-05 03:49:02.898,0.00,0.00,0.00,0.00,0.00,0.00,0,0
2025-03-05 03:49:02.920,0.00,0.00,0.00,0.00,0.00,0.00,0,0
2025-03-05 03:49:02.944,0.00,0.00,0.00,0.00,0.00,0.00,0,0
2025-03-05 03:49:02.963,0.00,0.00,0.00,0.00,0.00,0.00,0,0
2025-03-05 03:49:02.984,0.00,0.00,0.00,0.00,0.00,0.00,0,0
2025-03-05 03:49:03.007,0.00,0.00,0.00,0.00,0.00,0.00,0,0
2025-03-05 03:49:03.028,0.00,0.00,0.00,0.00,0.00,0.00,0,0
2025-03-05 03:49:03.048,0.00,0.00,0.00,0.00,0.00,0.00,0,0
2025-03-05 03:49:03.068,0.00,0.00,0.00,0.00,0.00,0.00,0,0
2025-03-05 03:49:03.087,0.00,0.00,0.00,0.00,0.00,0.00,0,0
2025-03-05 03:49:03.106,0.00,0.00,0.00,0.00,0.00,0.00,0,0
2025-03-05 03:49:03.132,0.00,0.00,0.00,0.00,0.00,0.00,0,0
2025-03-05 03:49:03.157,0.00,0.00,0.00,0.00,0.00,0.00,0,0
2025-03-05 03:49:03.175,0.00,0.00,0.00,0.00,0.00,0.00,0,0
2025-03-05 03:49:03.199,0.00,0.00,0.00,0.00,0.00,0.00,0,0
2025-03-05 03:49:03.221,0.00,0.00,0.00,0.00,0.00,0.00,0,0
2025-03-05 03:49:03.244,0.00,0.00,0.00,0.00,0.00,0.00,0,0
2025-03-05 03:49:03.260,0.00,0.00,0.00,0.00,0.00,0.00,0,0
2025-03-05 03:49:03.284,0.00,0.00,0.00,0.00,0.00,0.00,0,0
2025-03-05 03:49:03.303,0.00,0.00,0.00,0.00,0.00,0.00,0,0
2025-03-05 03:49:03.325,0.00,0.00,0.00,0.00,0.00,0.00,0,0
2025-03-05 03:49:03.348,0.00,0.00,0.00,0.00,0.00,0.00,0,0
2025-03-05 03:49:03.371,0.00,0.00,0.00,0.00,0.00,0.00,0,0
2025-03-05 03:49:03.392,0.00,0.00,0.00,0.00,0.00,0.00,0,0
2025-03-05 03:49:03.417,0.00,0.00,0.00,0.00,0.00,0.00,0,0
2025-03-05 03:49:03.433,0.00,0.00,0.00,0.00,0.00,0.00,0,0
2025-03-05 03:49:03.453,0.00,0.00,0.00,0.00,0.00,0.00,0,0
2025-03-05 03:49:03.474,0.00,0.00,0.00,0.00,0.00,0.00,0,0
2025-03-05 03:49:03.496,0.00,0.00,0.00,0.00,0.00,0.00,0,0
2025-03-05 03:49:03.512,0.00,0.00,0.00,0.00,0.00,0.00,0,0
2025-03-05 03:49:03.533,0.00,0.00,0.00,0.00,0.00,0.00,0,0
2025-03-05 03:49:03.556,0.00,0.00,0.00,0.00,0.00,0.00,0,0
2025-03-05 03:49:03.578,0.00,0.00,0.00,0.00,0.00,0.00,0,0
2025-03-05 03:49:03.597,0.00,0.00,0.00,0.00,0.00,0.00,0,0
2025-03-05 03:49:03.618,0.00,0.00,0.00,0.00,0.00,0.00,0,0
2025-03-05 03:49:03.638,0.00,0.00,0.00,0.00,0.00,0.00,0,0
2025-03-05 03:49:03.658,0.00,0.00,0.00,0.00,0.00,0.00,0,0
2025-03-05 03:49:03.673,0.00,0.00,0.00,0.00,0.00,0.00,0,0
2025-03-05 03:49:03.698,0.00,0.00,0.00,0.00,0.00,0.00,0,0
2025-03-05 03:49:03.716,0.00,0.00,0.00,0.00,0.00,0.00,0,0
2025-03-05 03:49:03.734,0.00,0.00,0.00,0.00,0.00,0.00,0,0
2025-03-05 03:49:03.759,0.00,0.00,0.00,0.00,0.00,0.00,0,0
2025-03-05 03:49:03.776,0.00,0.00,0.00,0.00,0.00,0.00,0,0
2025-03-05 03:49:03.792,0.00,0.00,0.00,0.00,0.00,0.00,0,0
2025-03-05 03:49:03.818,0.00,0.00,0.00,0.00,0.00,0.00,0,0
2025-03-05 03:49:03.836,0.00,0.00,0.00,0.00,0.00,0.00,0,0
2025-03-05 03:49:03.853,0.00,0.00,0.00,0.00,0.00,0.00,0,0
2025-03-05 03:49:03.878,0.00,0.00,0.00,0.00,0.00,0.00,0,0
2025-03-05 03:49:03.898,0.00,0.00,0.00,0.00,0.00,0.00,0,0
2025-03-05 03:49:03.923,0.00,0.00,0.00,0.00,0.00,0.00,0,0
2025-03-05 03:49:03.944,0.00,0.00,0.00,0.00,0.00,0.00,0,0
2025-03-05 03:49:03.963,0.00,0.00,0.00,0.00,0.00,0.00,0,0
2025-03-05 03:49:03.985,0.00,0.00,0.00,0.00,0.00,0.00,0,0
2025-03-05 03:49:04.005,0.00,0.00,0.00,0.00,0.00,0.00,0,0
2025-03-05 03:49:04.022,0.00,0.00,0.00,0.00,0.00,0.00,0,0
2025-03-05 03:49:04.045,0.00,0.00,0.00,0.00,0.00,0.00,0,0
2025-03-05 03:49:04.061,0.00,0.00,0.00,0.00,0.00,0.00,0,0
2025-03-05 03:49:04.079,0.00,0.00,0.00,0.00,0.00,0.00,0,0
2025-03-05 03:49:04.105,0.00,0.00,0.00,0.00,0.00,0.00,0,0
2025-03-05 03:49:04.128,0.00,0.00,0.00,0.00,0.00,0.00,0,0
2025-03-05 03:49:04.149,0.00,0.00,0.00,0.00,0.00,0.00,0,0
2025-03-05 03:49:04.170,0.00,0.00,0.00,0.00,0.00,0.00,0,0
2025-03-05 03:49:04.193,0.00,0.00,0.00,0.00,0.00,0.00,0,0
2025-03-05 03:49:04.213,0.00,0.00,0.00,0.00,0.00,0.00,0,0
2025-03-05 03:49:04.232,0.00,0.00,0.00,0.00,0.00,0.00,0,0
2025-03-05 03:49:04.250,0.00,0.00,0.00,0.00,0.00,0.00,0,0
2025-03-05 03:49:04.269,0.00,0.00,0.00,0.00,0.00,0.00,0,0
2025-03-05 03:49:04.288,0.00,0.00,0.00,0.00,0.00,0.00,0,0
2025-03-05 03:49:04.306,0.00,0.00,0.00,0.00,0.00,0.00,0,0
2025-03-05 03:49:04.325,0.00,0.00,0.00,0.00,0.00,0.00,0,0
2025-03-05 03:49:04.344,0.00,0.00,0.00,0.00,0.00,0.00,0,0
2025-03-05 03:49:04.363,0.00,0.00,0.00,0.00,0.00,0.00,0,0
2025-03-05 03:49:04.382,0.00,0.00,0.00,0.00,0.00,0.00,0,0
2025-03-05 03:49:04.401,0.00,0.00,0.00,0.00,0.00,0.00,0,0
2025-03-05 03:49:04.420,0.00,0.00,0.00,0.00,0.00,0.00,0,0
2025-03-05 03:49:04.438,0.00,0.00,0.00,0.00,0.00,0.00,0,0
2025-03-05 03:49:04.458,0.00,0.00,0.00,0.00,0.00,0.00,0,0
2025-03-05 03:49:04.478,0.00,0.00,0.00,0.00,0.00,0.00,0,0
2025-03-05 03:49:04.496,0.00,0.00,0.00,0.00,0.00,0.00,0,0
2025-03-05 03:49:04.514,0.00,0.00,0.00,0.00,0.00,0.00,0,0
2025-03-05 03:49:04.534,0.00,0.00,0.00,0.00,0.00,0.00,0,0
2025-03-05 03:49:04.553,0.00,0.00,0.00,0.00,0.00,0.00,0,0
2025-03-05 03:49:04.572,0.00,0.00,0.00,0.00,0.00,0.00,0,0
2025-03-05 03:49:04.591,0.00,0.00,0.00,0.00,0.00,0.00,0,0
2025-03-05 03:49:04.610,0.00,0.00,0.00,0.00,0.00,0.00,0,0
2025-03-05 03:49:04.629,0.00,0.00,0.00,0.00,0.00,0.00,0,0
2025-03-05 03:49:04.646,0.00,0.00,0.00,0.00,0.00,0.00,0,0
2025-03-05 03:49:04.666,0.00,0.00,0.00,0.00,0.00,0.00,0,0
2025-03-05 03:49:04.692,0.00,0.00,0.00,0.00,0.00,0.00,0,0
2025-03-05 03:49:04.714,0.00,0.00,0.00,0.00,0.00,0.00,0,0
2025-03-05 03:49:04.737,0.00,0.00,0.00,0.00,0.00,0.00,0,0
2025-03-05 03:49:04.757,0.00,0.00,0.00,0.00,0.00,0.00,0,0
2025-03-05 03:49:04.780,0.00,0.00,0.00,0.00,0.00,0.00,0,0
2025-03-05 03:49:04.799,0.00,0.00,0.00,0.00,0.00,0.00,0,0
2025-03-05 03:49:04.818,0.00,0.00,0.00,0.00,0.00,0.00,0,0
2025-03-05 03:49:04.833,0.00,0.00,0.00,0.00,0.00,0.00,0,0
2025-03-05 03:49:04.855,0.00,0.00,0.00,0.00,0.00,0.00,0,0
2025-03-05 03:49:04.877,0.00,0.00,0.00,0.00,0.00,0.00,0,0
2025-03-05 03:49:04.896,0.00,0.00,0.00,0.00,0.00,0.00,0,0
2025-03-05 03:49:04.913,0.00,0.00,0.00,0.00,0.00,0.00,0,0
2025-03-05 03:49:04.933,0.00,0.00,0.00,0.00,0.00,0.00,0,0
2025-03-05 03:49:04.955,0.00,0.00,0.00,0.00,0.00,0.00,0,0
2025-03-05 03:49:04.991,0.00,0.00,0.00,0.00,0.00,0.00,0,0
2025-03-05 03:49:05.013,0.00,0.00,0.00,0.00,0.00,0.00,0,0
2025-03-05 03:49:05.048,0.00,0.00,0.00,0.00,0.00,0.00,0,0
2025-03-05 03:49:05.069,0.00,0.00,0.00,0.00,0.00,0.00,0,0
2025-03-05 03:49:05.106,0.00,0.00,0.00,0.00,0.00,0.00,0,0
2025-03-05 03:49:05.128,0.00,0.00,0.00,0.00,0.00,0.00,0,0
2025-03-05 03:49:05.160,0.00,0.00,0.00,0.00,0.00,0.00,0,0
2025-03-05 03:49:05.177,0.00,0.00,0.00,0.00,0.00,0.00,0,0
2025-03-05 03:49:05.193,0.00,0.00,0.00,0.00,0.00,0.00,0,0
2025-03-05 03:49:05.216,0.00,0.00,0.00,0.00,0.00,0.00,0,0
2025-03-05 03:49:05.240,0.00,0.00,0.00,0.00,0.00,0.00,0,0
2025-03-05 03:49:05.263,0.00,0.00,0.00,0.00,0.00,0.00,0,0
2025-03-05 03:49:05.292,0.00,0.00,0.00,0.00,0.00,0.00,0,0
2025-03-05 03:49:05.313,0.00,0.00,0.00,0.00,0.00,0.00,0,0
2025-03-05 03:49:05.333,0.00,0.00,0.00,0.00,0.00,0.00,0,0
2025-03-05 03:49:05.360,0.00,0.00,0.00,0.00,0.00,0.00,0,0
2025-03-05 03:49:05.379,0.00,0.00,0.00,0.00,0.00,0.00,0,0
2025-03-05 03:49:05.401,0.00,0.00,0.00,0.00,0.00,0.00,0,0
2025-03-05 03:49:05.417,0.00,0.00,0.00,0.00,0.00,0.00,0,0
2025-03-05 03:49:05.440,0.00,0.00,0.00,0.00,0.00,0.00,0,0
2025-03-05 03:49:05.460,0.00,0.00,0.00,0.00,0.00,0.00,0,0
2025-03-05 03:49:05.484,0.00,0.00,0.00,0.00,0.00,0.00,0,0
2025-03-05 03:49:05.500,0.00,0.00,0.00,0.00,0.00,0.00,0,0
2025-03-05 03:49:05.525,0.00,0.00,0.00,0.00,0.00,0.00,0,0
2025-03-05 03:49:05.542,0.00,0.00,0.00,0.00,0.00,0.00,0,0
2025-03-05 03:49:05.563,0.00,0.00,0.00,0.00,0.00,0.00,0,0
2025-03-05 03:49:05.583,0.00,0.00,0.00,0.00,0.00,0.00,0,0
2025-03-05 03:49:05.601,0.00,0.00,0.00,0.00,0.00,0.00,0,0
2025-03-05 03:49:05.624,0.00,0.00,0.00,0.00,0.00,0.00,0,0
2025-03-05 03:49:05.642,0.00,0.00,0.00,0.00,0.00,0.00,0,0
2025-03-05 03:49:05.664,0.00,0.00,0.00,0.00,0.00,0.00,0,0
2025-03-05 03:49:05.685,0.00,0.00,0.00,0.00,0.00,0.00,0,0
2025-03-05 03:49:05.701,0.00,0.00,0.00,0.00,0.00,0.00,0,0
2025-03-05 03:49:05.720,0.00,0.00,0.00,0.00,0.00,0.00,0,0
2025-03-05 03:49:05.744,0.00,0.00,0.00,0.00,0.00,0.00,0,0
2025-03-05 03:49:05.763,0.00,0.00,0.00,0.00,0.00,0.00,0,0
2025-03-05 03:49:05.782,3.62,0.65,0.13,1.99,0.35,0.07,0,0
2025-03-05 03:49:05.804,3.62,0.65,0.13,1.99,0.35,0.07,0,0
2025-03-05 03:49:05.826,3.62,0.65,0.13,1.99,0.35,0.07,0,0
2025-03-05 03:49:05.845,3.62,0.65,0.13,1.99,0.35,0.07,0,0
2025-03-05 03:49:05.868,3.62,0.65,0.13,1.99,0.35,0.07,0,0
2025-03-05 03:49:05.885,3.62,0.65,0.13,1.99,0.35,0.07,0,0
2025-03-05 03:49:05.909,3.62,0.65,0.13,1.99,0.35,0.07,0,0
2025-03-05 03:49:05.927,3.62,0.65,0.13,1.99,0.35,0.07,0,0
2025-03-05 03:49:05.948,3.62,0.65,0.13,1.99,0.35,0.07,0,0
2025-03-05 03:49:05.969,3.62,0.65,0.13,1.99,0.35,0.07,0,0
2025-03-05 03:49:05.987,3.62,0.65,0.13,1.99,0.35,0.07,0,0
2025-03-05 03:49:06.010,3.62,0.65,0.13,1.99,0.35,0.07,0,0
2025-03-05 03:49:06.026,3.62,0.65,0.13,1.99,0.35,0.07,0,0
2025-03-05 03:49:06.045,3.62,0.65,0.13,1.99,0.35,0.07,0,0
2025-03-05 03:49:06.062,3.62,0.65,0.13,1.99,0.35,0.07,0,0
2025-03-05 03:49:06.079,3.62,0.65,0.13,1.99,0.35,0.07,0,0
2025-03-05 03:49:06.102,3.62,0.65,0.13,1.99,0.35,0.07,0,0
2025-03-05 03:49:06.125,3.62,0.65,0.13,1.99,0.35,0.07,0,0
2025-03-05 03:49:06.140,3.62,0.65,0.13,1.99,0.35,0.07,0,0
2025-03-05 03:49:06.162,3.62,0.65,0.13,1.99,0.35,0.07,0,0
2025-03-05 03:49:06.182,3.62,0.65,0.13,1.99,0.35,0.07,0,0
2025-03-05 03:49:06.200,3.62,0.65,0.13,1.99,0.35,0.07,0,0
2025-03-05 03:49:06.220,3.62,0.65,0.13,1.99,0.35,0.07,0,0
2025-03-05 03:49:06.242,3.62,0.65,0.13,1.99,0.35,0.07,0,0
2025-03-05 03:49:06.267,3.62,0.65,0.13,1.99,0.35,0.07,0,0
2025-03-05 03:49:06.289,3.62,0.65,0.13,1.99,0.35,0.07,0,0
2025-03-05 03:49:06.309,3.62,0.65,0.13,1.99,0.35,0.07,0,0
2025-03-05 03:49:06.335,3.62,0.65,0.13,1.99,0.35,0.07,0,0
2025-03-05 03:49:06.353,3.62,0.65,0.13,1.99,0.35,0.07,0,0
2025-03-05 03:49:06.372,3.62,0.65,0.13,1.99,0.35,0.07,0,0
2025-03-05 03:49:06.389,3.62,0.65,0.13,1.99,0.35,0.07,0,0
2025-03-05 03:49:06.412,3.62,0.65,0.13,1.99,0.35,0.07,0,0
2025-03-05 03:49:06.433,3.62,0.65,0.13,1.99,0.35,0.07,0,0
2025-03-05 03:49:06.451,3.62,0.65,0.13,1.99,0.35,0.07,0,0
2025-03-05 03:49:06.469,3.62,0.65,0.13,1.99,0.35,0.07,0,0
2025-03-05 03:49:06.492,3.62,0.65,0.13,1.99,0.35,0.07,0,0
2025-03-05 03:49:06.515,3.62,0.65,0.13,1.99,0.35,0.07,0,0
2025-03-05 03:49:06.536,3.62,0.65,0.13,1.99,0.35,0.07,0,0
2025-03-05 03:49:06.554,3.62,0.65,0.13,1.99,0.35,0.07,0,0
2025-03-05 03:49:06.580,3.62,0.65,0.13,1.99,0.35,0.07,0,0
2025-03-05 03:49:06.599,3.62,0.65,0.13,1.99,0.35,0.07,0,0
2025-03-05 03:49:06.621,3.62,0.65,0.13,1.99,0.35,0.07,0,0
2025-03-05 03:49:06.638,3.62,0.65,0.13,1.99,0.35,0.07,0,0
2025-03-05 03:49:06.661,3.62,0.65,0.13,1.99,0.35,0.07,0,0
2025-03-05 03:49:06.678,3.62,0.65,0.13,1.99,0.35,0.07,0,0
2025-03-05 03:49:06.697,3.62,0.65,0.13,1.99,0.35,0.07,0,0
2025-03-05 03:49:06.719,3.62,0.65,0.13,1.99,0.35,0.07,0,0
2025-03-05 03:49:06.736,3.62,0.65,0.13,1.99,0.35,0.07,0,0
2025-03-05 03:49:06.761,3.62,0.65,0.13,1.99,0.35,0.07,0,0
2025-03-05 03:49:06.779,3.62,0.65,0.13,1.99,0.35,0.07,0,0
2025-03-05 03:49:06.802,3.62,0.65,0.13,1.99,0.35,0.07,0,0
2025-03-05 03:49:06.818,3.62,0.65,0.13,1.99,0.35,0.07,0,0
2025-03-05 03:49:06.842,3.62,0.65,0.13,1.99,0.35,0.07,0,0
2025-03-05 03:49:06.865,3.62,0.65,0.13,1.99,0.35,0.07,0,0
2025-03-05 03:49:06.906,3.62,0.65,0.13,1.99,0.35,0.07,0,0
2025-03-05 03:49:06.940,3.62,0.65,0.13,1.99,0.35,0.07,0,0
2025-03-05 03:49:06.958,3.62,0.65,0.13,1.99,0.35,0.07,0,0
2025-03-05 03:49:06.982,3.62,0.65,0.13,1.99,0.35,0.07,0,0
2025-03-05 03:49:07.005,3.62,0.65,0.13,1.99,0.35,0.07,0,0
2025-03-05 03:49:07.024,3.62,0.65,0.13,1.99,0.35,0.07,0,0
2025-03-05 03:49:07.048,3.62,0.65,0.13,1.99,0.35,0.07,0,0
2025-03-05 03:49:07.067,3.62,0.65,0.13,1.99,0.35,0.07,0,0
2025-03-05 03:49:07.089,3.62,0.65,0.13,1.99,0.35,0.07,0,0
2025-03-05 03:49:07.109,3.62,0.65,0.13,1.99,0.35,0.07,0,0
2025-03-05 03:49:07.129,3.62,0.65,0.13,1.99,0.35,0.07,0,0
2025-03-05 03:49:07.152,3.62,0.65,0.13,1.99,0.35,0.07,0,0
2025-03-05 03:49:07.168,3.62,0.65,0.13,1.99,0.35,0.07,0,0
2025-03-05 03:49:07.191,3.62,0.65,0.13,1.99,0.35,0.07,0,0
2025-03-05 03:49:07.209,3.62,0.65,0.13,1.99,0.35,0.07,0,0
2025-03-05 03:49:07.233,3.62,0.65,0.13,1.99,0.35,0.07,0,0
2025-03-05 03:49:07.248,3.62,0.65,0.13,1.99,0.35,0.07,0,0
2025-03-05 03:49:07.272,3.62,0.65,0.13,1.99,0.35,0.07,0,0
2025-03-05 03:49:07.292,3.62,0.65,0.13,1.99,0.35,0.07,0,0
2025-03-05 03:49:07.318,3.62,0.65,0.13,1.99,0.35,0.07,0,0
2025-03-05 03:49:07.335,3.62,0.65,0.13,1.99,0.35,0.07,0,0
2025-03-05 03:49:07.358,3.62,0.65,0.13,1.99,0.35,0.07,0,0
2025-03-05 03:49:07.375,3.62,0.65,0.13,1.99,0.35,0.07,0,0
2025-03-05 03:49:07.394,3.62,0.65,0.13,1.99,0.35,0.07,0,0
2025-03-05 03:49:07.415,3.62,0.65,0.13,1.99,0.35,0.07,0,0
2025-03-05 03:49:07.431,3.62,0.65,0.13,1.99,0.35,0.07,0,0
2025-03-05 03:49:07.462,3.62,0.65,0.13,1.99,0.35,0.07,0,0
2025-03-05 03:49:07.478,3.62,0.65,0.13,1.99,0.35,0.07,0,0
2025-03-05 03:49:07.500,3.62,0.65,0.13,1.99,0.35,0.07,0,0
2025-03-05 03:49:07.516,3.62,0.65,0.13,1.99,0.35,0.07,0,0
2025-03-05 03:49:07.540,3.62,0.65,0.13,1.99,0.35,0.07,0,0
2025-03-05 03:49:07.555,3.62,0.65,0.13,1.99,0.35,0.07,0,0
2025-03-05 03:49:07.576,3.62,0.65,0.13,1.99,0.35,0.07,0,0
2025-03-05 03:49:07.596,3.62,0.65,0.13,1.99,0.35,0.07,0,0
2025-03-05 03:49:07.614,3.62,0.65,0.13,1.99,0.35,0.07,0,0
2025-03-05 03:49:07.636,3.62,0.65,0.13,1.99,0.35,0.07,0,0
2025-03-05 03:49:07.655,3.62,0.65,0.13,1.99,0.35,0.07,0,0
2025-03-05 03:49:07.672,3.62,0.65,0.13,1.99,0.35,0.07,0,0
2025-03-05 03:49:07.695,3.62,0.65,0.13,1.99,0.35,0.07,0,0
2025-03-05 03:49:07.716,3.62,0.65,0.13,1.99,0.35,0.07,0,0
2025-03-05 03:49:07.734,3.62,0.65,0.13,1.99,0.35,0.07,0,0
2025-03-05 03:49:07.759,3.62,0.65,0.13,1.99,0.35,0.07,0,0
2025-03-05 03:49:07.781,8.58,1.64,0.34,5.07,0.96,0.20,0,0
2025-03-05 03:49:07.798,8.58,1.64,0.34,5.07,0.96,0.20,0,0
2025-03-05 03:49:07.822,8.58,1.64,0.34,5.07,0.96,0.20,0,0
2025-03-05 03:49:07.845,8.58,1.64,0.34,5.07,0.96,0.20,0,0
2025-03-05 03:49:07.863,8.58,1.64,0.34,5.07,0.96,0.20,0,0
2025-03-05 03:49:07.885,8.58,1.64,0.34,5.07,0.96,0.20,0,0
2025-03-05 03:49:07.907,8.58,1.64,0.34,5.07,0.96,0.20,0,0
2025-03-05 03:49:07.925,8.58,1.64,0.34,5.07,0.96,0.20,0,0
2025-03-05 03:49:07.944,8.58,1.64,0.34,5.07,0.96,0.20,0,0
2025-03-05 03:49:07.962,8.58,1.64,0.34,5.07,0.96,0.20,0,0
2025-03-05 03:49:07.983,8.58,1.64,0.34,5.07,0.96,0.20,0,0
2025-03-05 03:49:08.005,8.58,1.64,0.34,5.07,0.96,0.20,0,0
2025-03-05 03:49:08.024,8.58,1.64,0.34,5.07,0.96,0.20,0,0
2025-03-05 03:49:08.046,8.58,1.64,0.34,5.07,0.96,0.20,0,0
2025-03-05 03:49:08.067,8.58,1.64,0.34,5.07,0.96,0.20,0,0
2025-03-05 03:49:08.086,8.58,1.64,0.34,5.07,0.96,0.20,0,0
2025-03-05 03:49:08.109,8.58,1.64,0.34,5.07,0.96,0.20,0,0
2025-03-05 03:49:08.130,8.58,1.64,0.34,5.07,0.96,0.20,0,0
2025-03-05 03:49:08.148,8.58,1.64,0.34,5.07,0.96,0.20,0,0
2025-03-05 03:49:08.172,8.58,1.64,0.34,5.07,0.96,0.20,0,0
2025-03-05 03:49:08.191,8.58,1.64,0.34,5.07,0.96,0.20,0,0
2025-03-05 03:49:08.211,8.58,1.64,0.34,5.07,0.96,0.20,0,0
2025-03-05 03:49:08.229,8.58,1.64,0.34,5.07,0.96,0.20,0,0
2025-03-05 03:49:08.250,8.58,1.64,0.34,5.07,0.96,0.20,0,0
2025-03-05 03:49:08.268,8.58,1.64,0.34,5.07,0.96,0.20,0,0
2025-03-05 03:49:08.289,8.58,1.64,0.34,5.07,0.96,0.20,0,0
2025-03-05 03:49:08.502,8.58,1.64,0.34,5.07,0.96,0.20,0,0
2025-03-05 03:49:08.524,8.58,1.64,0.34,5.07,0.96,0.20,0,0
2025-03-05 03:49:08.548,8.58,1.64,0.34,5.07,0.96,0.20,0,0
2025-03-05 03:49:08.580,8.58,1.64,0.34,5.07,0.96,0.20,0,0
2025-03-05 03:49:08.607,8.58,1.64,0.34,5.07,0.96,0.20,0,0
2025-03-05 03:49:08.657,8.58,1.64,0.34,5.07,0.96,0.20,0,0
2025-03-05 03:49:08.698,8.58,1.64,0.34,5.07,0.96,0.20,0,0
2025-03-05 03:49:08.715,8.58,1.64,0.34,5.07,0.96,0.20,0,0
2025-03-05 03:49:08.732,8.58,1.64,0.34,5.07,0.96,0.20,0,0
2025-03-05 03:49:08.758,8.58,1.64,0.34,5.07,0.96,0.20,0,0
2025-03-05 03:49:08.782,8.58,1.64,0.34,5.07,0.96,0.20,0,0
2025-03-05 03:49:08.805,8.58,1.64,0.34,5.07,0.96,0.20,0,0
2025-03-05 03:49:08.833,8.58,1.64,0.34,5.07,0.96,0.20,0,0
2025-03-05 03:49:08.870,8.58,1.64,0.34,5.07,0.96,0.20,0,0
2025-03-05 03:49:08.885,8.58,1.64,0.34,5.07,0.96,0.20,0,0
2025-03-05 03:49:08.901,8.58,1.64,0.34,5.07,0.96,0.20,0,0
2025-03-05 03:49:08.923,8.58,1.64,0.34,5.07,0.96,0.20,0,0
2025-03-05 03:49:08.942,8.58,1.64,0.34,5.07,0.96,0.20,0,0
2025-03-05 03:49:08.965,8.58,1.64,0.34,5.07,0.96,0.20,0,0
2025-03-05 03:49:08.984,8.58,1.64,0.34,5.07,0.96,0.20,0,0
2025-03-05 03:49:09.005,8.58,1.64,0.34,5.07,0.96,0.20,0,0
2025-03-05 03:49:09.024,8.58,1.64,0.34,5.07,0.96,0.20,0,0
2025-03-05 03:49:09.042,8.58,1.64,0.34,5.07,0.96,0.20,0,0
2025-03-05 03:49:09.061,8.58,1.64,0.34,5.07,0.96,0.20,0,0
2025-03-05 03:49:09.079,8.58,1.64,0.34,5.07,0.96,0.20,0,0
2025-03-05 03:49:09.096,8.58,1.64,0.34,5.07,0.96,0.20,0,0
2025-03-05 03:49:09.119,8.58,1.64,0.34,5.07,0.96,0.20,0,0
2025-03-05 03:49:09.138,8.58,1.64,0.34,5.07,0.96,0.20,0,0
2025-03-05 03:49:09.161,8.58,1.64,0.34,5.07,0.96,0.20,0,0
2025-03-05 03:49:09.177,8.58,1.64,0.34,5.07,0.96,0.20,0,0
2025-03-05 03:49:09.199,8.58,1.64,0.34,5.07,0.96,0.20,0,0
2025-03-05 03:49:09.216,8.58,1.64,0.34,5.07,0.96,0.20,0,0
2025-03-05 03:49:09.239,8.58,1.64,0.34,5.07,0.96,0.20,0,0
2025-03-05 03:49:09.257,8.58,1.64,0.34,5.07,0.96,0.20,0,0
2025-03-05 03:49:09.274,8.58,1.64,0.34,5.07,0.96,0.20,0,0
2025-03-05 03:49:09.292,8.58,1.64,0.34,5.07,0.96,0.20,0,0
2025-03-05 03:49:09.308,8.58,1.64,0.34,5.07,0.96,0.20,0,0
2025-03-05 03:49:09.325,8.58,1.64,0.34,5.07,0.96,0.20,0,0
2025-03-05 03:49:09.342,8.58,1.64,0.34,5.07,0.96,0.20,0,0
2025-03-05 03:49:09.360,8.58,1.64,0.34,5.07,0.96,0.20,0,0
2025-03-05 03:49:09.378,8.58,1.64,0.34,5.07,0.96,0.20,0,0
2025-03-05 03:49:09.403,8.58,1.64,0.34,5.07,0.96,0.20,0,0
2025-03-05 03:49:09.422,8.58,1.64,0.34,5.07,0.96,0.20,0,0
2025-03-05 03:49:09.442,8.58,1.64,0.34,5.07,0.96,0.20,0,0
2025-03-05 03:49:09.463,8.58,1.64,0.34,5.07,0.96,0.20,0,0
2025-03-05 03:49:09.484,8.58,1.64,0.34,5.07,0.96,0.20,0,0
2025-03-05 03:49:09.501,8.58,1.64,0.34,5.07,0.96,0.20,0,0
2025-03-05 03:49:09.521,8.58,1.64,0.34,5.07,0.96,0.20,0,0
2025-03-05 03:49:09.539,8.58,1.64,0.34,5.07,0.96,0.20,0,0
2025-03-05 03:49:09.563,8.58,1.64,0.34,5.07,0.96,0.20,0,0
2025-03-05 03:49:09.581,8.58,1.64,0.34,5.07,0.96,0.20,0,0
2025-03-05 03:49:09.603,8.58,1.64,0.34,5.07,0.96,0.20,0,0
2025-03-05 03:49:09.622,8.58,1.64,0.34,5.07,0.96,0.20,0,0
2025-03-05 03:49:09.644,8.58,1.64,0.34,5.07,0.96,0.20,0,0
2025-03-05 03:49:09.660,8.58,1.64,0.34,5.07,0.96,0.20,0,0
2025-03-05 03:49:09.683,8.58,1.64,0.34,5.07,0.96,0.20,0,0
2025-03-05 03:49:09.705,8.58,1.64,0.34,5.07,0.96,0.20,0,0
2025-03-05 03:49:09.727,8.58,1.64,0.34,5.07,0.96,0.20,0,0
2025-03-05 03:49:09.747,8.58,1.64,0.34,5.07,0.96,0.20,0,0
2025-03-05 03:49:09.772,8.58,1.64,0.34,5.07,0.96,0.20,0,0
2025-03-05 03:49:09.792,16.44,3.29,0.70,10.49,2.08,0.44,0,0
2025-03-05 03:49:09.808,16.44,3.29,0.70,10.49,2.08,0.44,0,0
2025-03-05 03:49:09.829,16.44,3.29,0.70,10.49,2.08,0.44,0,0
2025-03-05 03:49:09.848,16.44,3.29,0.70,10.49,2.08,0.44,0,0
2025-03-05 03:49:09.871,16.44,3.29,0.70,10.49,2.08,0.44,0,0
2025-03-05 03:49:09.888,16.44,3.29,0.70,10.49,2.08,0.44,0,0
2025-03-05 03:49:09.912,16.44,3.29,0.70,10.49,2.08,0.44,0,0
2025-03-05 03:49:09.932,16.44,3.29,0.70,10.49,2.08,0.44,0,0
2025-03-05 03:49:09.956,16.44,3.29,0.70,10.49,2.08,0.44,0,0
2025-03-05 03:49:09.975,16.44,3.29,0.70,10.49,2.08,0.44,0,0
2025-03-05 03:49:09.991,16.44,3.29,0.70,10.49,2.08,0.44,0,0
2025-03-05 03:49:10.016,16.44,3.29,0.70,10.49,2.08,0.44,0,0
2025-03-05 03:49:10.035,16.44,3.29,0.70,10.49,2.08,0.44,0,0
2025-03-05 03:49:10.053,16.44,3.29,0.70,10.49,2.08,0.44,0,0
2025-03-05 03:49:10.073,16.44,3.29,0.70,10.49,2.08,0.44,0,0
2025-03-05 03:49:10.090,16.44,3.29,0.70,10.49,2.08,0.44,0,0
2025-03-05 03:49:10.114,16.44,3.29,0.70,10.49,2.08,0.44,0,0
2025-03-05 03:49:10.133,16.44,3.29,0.70,10.49,2.08,0.44,0,0
2025-03-05 03:49:10.156,16.44,3.29,0.70,10.49,2.08,0.44,0,0
2025-03-05 03:49:10.174,16.44,3.29,0.70,10.49,2.08,0.44,0,0
2025-03-05 03:49:10.193,16.44,3.29,0.70,10.49,2.08,0.44,0,0
2025-03-05 03:49:10.214,16.44,3.29,0.70,10.49,2.08,0.44,0,0
2025-03-05 03:49:10.231,16.44,3.29,0.70,10.49,2.08,0.44,0,0
2025-03-05 03:49:10.248,16.44,3.29,0.70,10.49,2.08,0.44,0,0
2025-03-05 03:49:10.271,16.44,3.29,0.70,10.49,2.08,0.44,0,0
2025-03-05 03:49:10.288,16.44,3.29,0.70,10.49,2.08,0.44,0,0
2025-03-05 03:49:10.308,16.44,3.29,0.70,10.49,2.08,0.44,0,0
2025-03-05 03:49:10.326,16.44,3.29,0.70,10.49,2.08,0.44,0,0
2025-03-05 03:49:10.348,16.44,3.29,0.70,10.49,2.08,0.44,0,0
2025-03-05 03:49:10.370,16.44,3.29,0.70,10.49,2.08,0.44,0,0
2025-03-05 03:49:10.388,16.44,3.29,0.70,10.49,2.08,0.44,0,0
2025-03-05 03:49:10.412,16.44,3.29,0.70,10.49,2.08,0.44,0,0
2025-03-05 03:49:10.433,16.44,3.29,0.70,10.49,2.08,0.44,0,0
2025-03-05 03:49:10.457,16.44,3.29,0.70,10.49,2.08,0.44,0,0
2025-03-05 03:49:10.475,16.44,3.29,0.70,10.49,2.08,0.44,0,0
2025-03-05 03:49:10.496,16.44,3.29,0.70,10.49,2.08,0.44,0,0
2025-03-05 03:49:10.515,16.44,3.29,0.70,10.49,2.08,0.44,0,0
2025-03-05 03:49:10.532,16.44,3.29,0.70,10.49,2.08,0.44,0,0
2025-03-05 03:49:10.554,16.44,3.29,0.70,10.49,2.08,0.44,0,0
2025-03-05 03:49:10.571,16.44,3.29,0.70,10.49,2.08,0.44,0,0
2025-03-05 03:49:10.594,16.44,3.29,0.70,10.49,2.08,0.44,0,0
2025-03-05 03:49:10.610,16.44,3.29,0.70,10.49,2.08,0.44,0,0
2025-03-05 03:49:10.632,16.44,3.29,0.70,10.49,2.08,0.44,0,0
2025-03-05 03:49:10.649,16.44,3.29,0.70,10.49,2.08,0.44,0,0
2025-03-05 03:49:10.667,16.44,3.29,0.70,10.49,2.08,0.44,0,0
2025-03-05 03:49:10.685,16.44,3.29,0.70,10.49,2.08,0.44,0,0
2025-03-05 03:49:10.703,16.44,3.29,0.70,10.49,2.08,0.44,0,0
2025-03-05 03:49:10.721,16.44,3.29,0.70,10.49,2.08,0.44,0,0
2025-03-05 03:49:10.745,16.44,3.29,0.70,10.49,2.08,0.44,0,0
2025-03-05 03:49:10.766,16.44,3.29,0.70,10.49,2.08,0.44,0,0
2025-03-05 03:49:10.786,16.44,3.29,0.70,10.49,2.08,0.44,0,0
2025-03-05 03:49:10.803,16.44,3.29,0.70,10.49,2.08,0.44,0,0
2025-03-05 03:49:10.822,16.44,3.29,0.70,10.49,2.08,0.44,0,0
2025-03-05 03:49:10.840,16.44,3.29,0.70,10.49,2.08,0.44,0,0
2025-03-05 03:49:10.859,16.44,3.29,0.70,10.49,2.08,0.44,0,0
2025-03-05 03:49:10.877,16.44,3.29,0.70,10.49,2.08,0.44,0,0
2025-03-05 03:49:10.896,16.44,3.29,0.70,10.49,2.08,0.44,0,0
2025-03-05 03:49:10.914,16.44,3.29,0.70,10.49,2.08,0.44,0,0
2025-03-05 03:49:10.932,16.44,3.29,0.70,10.49,2.08,0.44,0,0
2025-03-05 03:49:10.951,16.44,3.29,0.70,10.49,2.08,0.44,0,0
2025-03-05 03:49:10.969,16.44,3.29,0.70,10.49,2.08,0.44,0,0
2025-03-05 03:49:10.987,16.44,3.29,0.70,10.49,2.08,0.44,0,0
2025-03-05 03:49:11.006,16.44,3.29,0.70,10.49,2.08,0.44,0,0
2025-03-05 03:49:11.026,16.44,3.29,0.70,10.49,2.08,0.44,0,0
2025-03-05 03:49:11.044,16.44,3.29,0.70,10.49,2.08,0.44,0,0
2025-03-05 03:49:11.064,16.44,3.29,0.70,10.49,2.08,0.44,0,0
2025-03-05 03:49:11.083,16.44,3.29,0.70,10.49,2.08,0.44,0,0
2025-03-05 03:49:11.100,16.44,3.29,0.70,10.49,2.08,0.44,0,0
2025-03-05 03:49:11.119,16.44,3.29,0.70,10.49,2.08,0.44,0,0
2025-03-05 03:49:11.137,16.44,3.29,0.70,10.49,2.08,0.44,0,0
2025-03-05 03:49:11.155,16.44,3.29,0.70,10.49,2.08,0.44,0,0
2025-03-05 03:49:11.174,16.44,3.29,0.70,10.49,2.08,0.44,0,0
2025-03-05 03:49:11.191,16.44,3.29,0.70,10.49,2.08,0.44,0,0
2025-03-05 03:49:11.210,16.44,3.29,0.70,10.49,2.08,0.44,0,0
2025-03-05 03:49:11.227,16.44,3.29,0.70,10.49,2.08,0.44,0,0
2025-03-05 03:49:11.247,16.44,3.29,0.70,10.49,2.08,0.44,0,0
2025-03-05 03:49:11.265,16.44,3.29,0.70,10.49,2.08,0.44,0,0
2025-03-05 03:49:11.284,16.44,3.29,0.70,10.49,2.08,0.44,0,0
2025-03-05 03:49:11.302,16.44,3.29,0.70,10.49,2.08,0.44,0,0
2025-03-05 03:49:11.319,16.44,3.29,0.70,10.49,2.08,0.44,0,0
2025-03-05 03:49:11.339,16.44,3.29,0.70,10.49,2.08,0.44,0,0
2025-03-05 03:49:11.356,16.44,3.29,0.70,10.49,2.08,0.44,0,0
2025-03-05 03:49:11.375,16.44,3.29,0.70,10.49,2.08,0.44,0,0
2025-03-05 03:49:11.394,16.44,3.29,0.70,10.49,2.08,0.44,0,0
2025-03-05 03:49:11.416,16.44,3.29,0.70,10.49,2.08,0.44,0,0
2025-03-05 03:49:11.434,16.44,3.29,0.70,10.49,2.08,0.44,0,0
2025-03-05 03:49:11.456,16.44,3.29,0.70,10.49,2.08,0.44,0,0
2025-03-05 03:49:11.476,16.44,3.29,0.70,10.49,2.08,0.44,0,0
2025-03-05 03:49:11.497,16.44,3.29,0.70,10.49,2.08,0.44,0,0
2025-03-05 03:49:11.518,16.44,3.29,0.70,10.49,2.08,0.44,0,0
2025-03-05 03:49:11.537,16.44,3.29,0.70,10.49,2.08,0.44,0,0
2025-03-05 03:49:11.555,16.44,3.29,0.70,10.49,2.08,0.44,0,0
2025-03-05 03:49:11.577,16.44,3.29,0.70,10.49,2.08,0.44,0,0
2025-03-05 03:49:11.592,16.44,3.29,0.70,10.49,2.08,0.44,0,0
2025-03-05 03:49:11.614,16.44,3.29,0.70,10.49,2.08,0.44,0,0
2025-03-05 03:49:11.633,16.44,3.29,0.70,10.49,2.08,0.44,0,0
2025-03-05 03:49:11.653,16.44,3.29,0.70,10.49,2.08,0.44,0,0
2025-03-05 03:49:11.672,16.44,3.29,0.70,10.49,2.08,0.44,0,0
2025-03-05 03:49:11.690,16.44,3.29,0.70,10.49,2.08,0.44,0,0
2025-03-05 03:49:11.708,16.44,3.29,0.70,10.49,2.08,0.44,0,0
2025-03-05 03:49:11.727,16.44,3.29,0.70,10.49,2.08,0.44,0,0
2025-03-05 03:49:11.747,16.44,3.29,0.70,10.49,2.08,0.44,0,0
2025-03-05 03:49:11.768,16.44,3.29,0.70,10.49,2.08,0.44,0,0
2025-03-05 03:49:11.787,25.60,5.37,1.15,14.20,3.02,0.65,0,0
2025-03-05 03:49:11.808,25.60,5.37,1.15,14.20,3.02,0.65,0,0
