Timestamp,Some (avg10),Some (avg60),Some (avg300),Full (avg10),Full (avg60),Full (avg300),OOM Kills,OOM Failures
2025-03-05 03:46:35.051,0.00,0.00,0.00,0.00,0.00,0.00,0,0
2025-03-05 03:46:35.072,0.00,0.00,0.00,0.00,0.00,0.00,0,0
2025-03-05 03:46:35.094,0.00,0.00,0.00,0.00,0.00,0.00,0,0
2025-03-05 03:46:35.111,0.00,0.00,0.00,0.00,0.00,0.00,0,0
2025-03-05 03:46:35.131,0.00,0.00,0.00,0.00,0.00,0.00,0,0
2025-03-05 03:46:35.153,0.00,0.00,0.00,0.00,0.00,0.00,0,0
2025-03-05 03:46:35.182,0.00,0.00,0.00,0.00,0.00,0.00,0,0
2025-03-05 03:46:35.208,0.00,0.00,0.00,0.00,0.00,0.00,0,0
2025-03-05 03:46:35.235,0.00,0.00,0.00,0.00,0.00,0.00,0,0
2025-03-05 03:46:35.256,0.00,0.00,0.00,0.00,0.00,0.00,0,0
2025-03-05 03:46:35.274,0.00,0.00,0.00,0.00,0.00,0.00,0,0
2025-03-05 03:46:35.297,0.00,0.00,0.00,0.00,0.00,0.00,0,0
2025-03-05 03:46:35.315,0.00,0.00,0.00,0.00,0.00,0.00,0,0
2025-03-05 03:46:35.333,0.00,0.00,0.00,0.00,0.00,0.00,0,0
2025-03-05 03:46:35.355,0.00,0.00,0.00,0.00,0.00,0.00,0,0
2025-03-05 03:46:35.375,0.00,0.00,0.00,0.00,0.00,0.00,0,0
2025-03-05 03:46:35.391,0.00,0.00,0.00,0.00,0.00,0.00,0,0
2025-03-05 03:46:35.413,0.00,0.00,0.00,0.00,0.00,0.00,0,0
2025-03-05 03:46:35.436,0.00,0.00,0.00,0.00,0.00,0.00,0,0
2025-03-05 03:46:35.460,0.00,0.00,0.00,0.00,0.00,0.00,0,0
2025-03-05 03:46:35.479,0.00,0.00,0.00,0.00,0.00,0.00,0,0
2025-03-05 03:46:35.496,0.00,0.00,0.00,0.00,0.00,0.00,0,0
2025-03-05 03:46:35.520,0.00,0.00,0.00,0.00,0.00,0.00,0,0
2025-03-05 03:46:35.538,0.00,0.00,0.00,0.00,0.00,0.00,0,0
2025-03-05 03:46:35.557,0.00,0.00,0.00,0.00,0.00,0.00,0,0
2025-03-05 03:46:35.579,0.00,0.00,0.00,0.00,0.00,0.00,0,0
2025-03-05 03:46:35.601,0.00,0.00,0.00,0.00,0.00,0.00,0,0
2025-03-05 03:46:35.625,0.00,0.00,0.00,0.00,0.00,0.00,0,0
2025-03-05 03:46:35.645,0.00,0.00,0.00,0.00,0.00,0.00,0,0
2025-03-05 03:46:35.667,0.00,0.00,0.00,0.00,0.00,0.00,0,0
2025-03-05 03:46:35.685,0.00,0.00,0.00,0.00,0.00,0.00,0,0
2025-03-05 03:46:35.703,0.00,0.00,0.00,0.00,0.00,0.00,0,0
2025-03-05 03:46:35.723,0.00,0.00,0.00,0.00,0.00,0.00,0,0
2025-03-05 03:46:35.743,0.00,0.00,0.00,0.00,0.00,0.00,0,0
2025-03-05 03:46:35.767,0.00,0.00,0.00,0.00,0.00,0.00,0,0
2025-03-05 03:46:35.786,0.00,0.00,0.00,0.00,0.00,0.00,0,0
2025-03-05 03:46:35.803,0.00,0.00,0.00,0.00,0.00,0.00,0,0
2025-03-05 03:46:35.826,0.00,0.00,0.00,0.00,0.00,0.00,0,0
2025-03-05 03:46:35.848,0.00,0.00,0.00,0.00,0.00,0.00,0,0
2025-03-05 03:46:35.866,0.00,0.00,0.00,0.00,0.00,0.00,0,0
2025-03-05 03:46:35.888,0.00,0.00,0.00,0.00,0.00,0.00,0,0
2025-03-05 03:46:35.905,0.00,0.00,0.00,0.00,0.00,0.00,0,0
2025-03-05 03:46:35.928,0.00,0.00,0.00,0.00,0.00,0.00,0,0
2025-03-05 03:46:35.946,0.00,0.00,0.00,0.00,0.00,0.00,0,0
2025-03-05 03:46:35.970,0.00,0.00,0.00,0.00,0.00,0.00,0,0
2025-03-05 03:46:35.991,0.00,0.00,0.00,0.00,0.00,0.00,0,0
2025-03-05 03:46:36.016,0.00,0.00,0.00,0.00,0.00,0.00,0,0
2025-03-05 03:46:36.031,0.00,0.00,0.00,0.00,0.00,0.00,0,0
2025-03-05 03:46:36.056,0.00,0.00,0.00,0.00,0.00,0.00,0,0
2025-03-05 03:46:36.079,0.00,0.00,0.00,0.00,0.00,0.00,0,0
2025-03-05 03:46:36.097,0.00,0.00,0.00,0.00,0.00,0.00,0,0
2025-03-05 03:46:36.116,0.00,0.00,0.00,0.00,0.00,0.00,0,0
2025-03-05 03:46:36.139,0.00,0.00,0.00,0.00,0.00,0.00,0,0
2025-03-05 03:46:36.155,0.00,0.00,0.00,0.00,0.00,0.00,0,0
2025-03-05 03:46:36.179,0.00,0.00,0.00,0.00,0.00,0.00,0,0
2025-03-05 03:46:36.195,0.00,0.00,0.00,0.00,0.00,0.00,0,0
2025-03-05 03:46:36.215,0.00,0.00,0.00,0.00,0.00,0.00,0,0
2025-03-05 03:46:36.237,0.00,0.00,0.00,0.00,0.00,0.00,0,0
2025-03-05 03:46:36.254,0.00,0.00,0.00,0.00,0.00,0.00,0,0
2025-03-05 03:46:36.272,0.00,0.00,0.00,0.00,0.00,0.00,0,0
2025-03-05 03:46:36.291,0.00,0.00,0.00,0.00,0.00,0.00,0,0
2025-03-05 03:46:36.309,0.00,0.00,0.00,0.00,0.00,0.00,0,0
2025-03-05 03:46:36.329,0.00,0.00,0.00,0.00,0.00,0.00,0,0
2025-03-05 03:46:36.346,0.00,0.00,0.00,0.00,0.00,0.00,0,0
2025-03-05 03:46:36.366,0.00,0.00,0.00,0.00,0.00,0.00,0,0
2025-03-05 03:46:36.385,0.00,0.00,0.00,0.00,0.00,0.00,0,0
2025-03-05 03:46:36.402,0.00,0.00,0.00,0.00,0.00,0.00,0,0
2025-03-05 03:46:36.421,0.00,0.00,0.00,0.00,0.00,0.00,0,0
2025-03-05 03:46:36.441,0.00,0.00,0.00,0.00,0.00,0.00,0,0
2025-03-05 03:46:36.460,0.00,0.00,0.00,0.00,0.00,0.00,0,0
2025-03-05 03:46:36.479,0.00,0.00,0.00,0.00,0.00,0.00,0,0
2025-03-05 03:46:36.498,0.00,0.00,0.00,0.00,0.00,0.00,0,0
2025-03-05 03:46:36.516,0.00,0.00,0.00,0.00,0.00,0.00,0,0
2025-03-05 03:46:36.535,0.00,0.00,0.00,0.00,0.00,0.00,0,0
2025-03-05 03:46:36.553,0.00,0.00,0.00,0.00,0.00,0.00,0,0
2025-03-05 03:46:36.572,0.00,0.00,0.00,0.00,0.00,0.00,0,0
2025-03-05 03:46:36.590,0.00,0.00,0.00,0.00,0.00,0.00,0,0
2025-03-05 03:46:36.609,0.00,0.00,0.00,0.00,0.00,0.00,0,0
2025-03-05 03:46:36.628,0.00,0.00,0.00,0.00,0.00,0.00,0,0
2025-03-05 03:46:36.648,0.00,0.00,0.00,0.00,0.00,0.00,0,0
2025-03-05 03:46:36.670,0.00,0.00,0.00,0.00,0.00,0.00,0,0
2025-03-05 03:46:36.691,0.00,0.00,0.00,0.00,0.00,0.00,0,0
2025-03-05 03:46:36.708,0.00,0.00,0.00,0.00,0.00,0.00,0,0
2025-03-05 03:46:36.728,0.00,0.00,0.00,0.00,0.00,0.00,0,0
2025-03-05 03:46:36.746,0.00,0.00,0.00,0.00,0.00,0.00,0,0
2025-03-05 03:46:36.767,0.00,0.00,0.00,0.00,0.00,0.00,0,0
2025-03-05 03:46:36.786,0.00,0.00,0.00,0.00,0.00,0.00,0,0
2025-03-05 03:46:36.805,0.00,0.00,0.00,0.00,0.00,0.00,0,0
2025-03-05 03:46:36.828,0.00,0.00,0.00,0.00,0.00,0.00,0,0
2025-03-05 03:46:36.847,0.00,0.00,0.00,0.00,0.00,0.00,0,0
2025-03-05 03:46:36.864,0.00,0.00,0.00,0.00,0.00,0.00,0,0
2025-03-05 03:46:36.881,0.00,0.00,0.00,0.00,0.00,0.00,0,0
2025-03-05 03:46:36.902,0.00,0.00,0.00,0.00,0.00,0.00,0,0
2025-03-05 03:46:36.924,0.00,0.00,0.00,0.00,0.00,0.00,0,0
2025-03-05 03:46:36.944,0.00,0.00,0.00,0.00,0.00,0.00,0,0
2025-03-05 03:46:36.966,0.00,0.00,0.00,0.00,0.00,0.00,0,0
2025-03-05 03:46:36.983,0.00,0.00,0.00,0.00,0.00,0.00,0,0
2025-03-05 03:46:37.001,0.00,0.00,0.00,0.00,0.00,0.00,0,0
2025-03-05 03:46:37.018,0.00,0.00,0.00,0.00,0.00,0.00,0,0
2025-03-05 03:46:37.039,0.00,0.00,0.00,0.00,0.00,0.00,0,0
2025-03-05 03:46:37.056,0.00,0.00,0.00,0.00,0.00,0.00,0,0
2025-03-05 03:46:37.078,0.00,0.00,0.00,0.00,0.00,0.00,0,0
2025-03-05 03:46:37.105,0.00,0.00,0.00,0.00,0.00,0.00,0,0
2025-03-05 03:46:37.134,0.00,0.00,0.00,0.00,0.00,0.00,0,0
2025-03-05 03:46:37.173,0.00,0.00,0.00,0.00,0.00,0.00,0,0
2025-03-05 03:46:37.199,0.00,0.00,0.00,0.00,0.00,0.00,0,0
2025-03-05 03:46:37.225,0.00,0.00,0.00,0.00,0.00,0.00,0,0
2025-03-05 03:46:37.245,0.00,0.00,0.00,0.00,0.00,0.00,0,0
2025-03-05 03:46:37.270,0.00,0.00,0.00,0.00,0.00,0.00,0,0
2025-03-05 03:46:37.304,0.00,0.00,0.00,0.00,0.00,0.00,0,0
2025-03-05 03:46:37.319,0.00,0.00,0.00,0.00,0.00,0.00,0,0
2025-03-05 03:46:37.340,0.00,0.00,0.00,0.00,0.00,0.00,0,0
2025-03-05 03:46:37.358,0.00,0.00,0.00,0.00,0.00,0.00,0,0
2025-03-05 03:46:37.383,0.00,0.00,0.00,0.00,0.00,0.00,0,0
2025-03-05 03:46:37.401,0.00,0.00,0.00,0.00,0.00,0.00,0,0
2025-03-05 03:46:37.420,0.00,0.00,0.00,0.00,0.00,0.00,0,0
2025-03-05 03:46:37.439,0.00,0.00,0.00,0.00,0.00,0.00,0,0
2025-03-05 03:46:37.465,0.00,0.00,0.00,0.00,0.00,0.00,0,0
2025-03-05 03:46:37.490,0.00,0.00,0.00,0.00,0.00,0.00,0,0
2025-03-05 03:46:37.510,0.00,0.00,0.00,0.00,0.00,0.00,0,0
2025-03-05 03:46:37.532,0.00,0.00,0.00,0.00,0.00,0.00,0,0
2025-03-05 03:46:37.551,0.00,0.00,0.00,0.00,0.00,0.00,0,0
2025-03-05 03:46:37.576,0.00,0.00,0.00,0.00,0.00,0.00,0,0
2025-03-05 03:46:37.594,0.00,0.00,0.00,0.00,0.00,0.00,0,0
2025-03-05 03:46:37.614,0.00,0.00,0.00,0.00,0.00,0.00,0,0
2025-03-05 03:46:37.635,0.00,0.00,0.00,0.00,0.00,0.00,0,0
2025-03-05 03:46:37.653,0.00,0.00,0.00,0.00,0.00,0.00,0,0
2025-03-05 03:46:37.671,0.00,0.00,0.00,0.00,0.00,0.00,0,0
2025-03-05 03:46:37.695,0.00,0.00,0.00,0.00,0.00,0.00,0,0
2025-03-05 03:46:37.716,0.00,0.00,0.00,0.00,0.00,0.00,0,0
2025-03-05 03:46:37.734,0.00,0.00,0.00,0.00,0.00,0.00,0,0
2025-03-05 03:46:37.760,0.00,0.00,0.00,0.00,0.00,0.00,0,0
2025-03-05 03:46:37.778,0.00,0.00,0.00,0.00,0.00,0.00,0,0
2025-03-05 03:46:37.796,0.00,0.00,0.00,0.00,0.00,0.00,0,0
2025-03-05 03:46:37.815,0.00,0.00,0.00,0.00,0.00,0.00,0,0
2025-03-05 03:46:37.838,0.00,0.00,0.00,0.00,0.00,0.00,0,0
2025-03-05 03:46:37.853,0.00,0.00,0.00,0.00,0.00,0.00,0,0
2025-03-05 03:46:37.873,0.00,0.00,0.00,0.00,0.00,0.00,0,0
2025-03-05 03:46:37.895,0.00,0.00,0.00,0.00,0.00,0.00,0,0
2025-03-05 03:46:37.915,3.44,0.62,0.12,1.99,0.35,0.07,0,0
2025-03-05 03:46:37.937,3.44,0.62,0.12,1.99,0.35,0.07,0,0
2025-03-05 03:46:37.957,3.44,0.62,0.12,1.99,0.35,0.07,0,0
2025-03-05 03:46:37.976,3.44,0.62,0.12,1.99,0.35,0.07,0,0
2025-03-05 03:46:37.997,3.44,0.62,0.12,1.99,0.35,0.07,0,0
2025-03-05 03:46:38.016,3.44,0.62,0.12,1.99,0.35,0.07,0,0
2025-03-05 03:46:38.039,3.44,0.62,0.12,1.99,0.35,0.07,0,0
2025-03-05 03:46:38.059,3.44,0.62,0.12,1.99,0.35,0.07,0,0
2025-03-05 03:46:38.080,3.44,0.62,0.12,1.99,0.35,0.07,0,0
2025-03-05 03:46:38.100,3.44,0.62,0.12,1.99,0.35,0.07,0,0
2025-03-05 03:46:38.121,3.44,0.62,0.12,1.99,0.35,0.07,0,0
2025-03-05 03:46:38.143,3.44,0.62,0.12,1.99,0.35,0.07,0,0
2025-03-05 03:46:38.159,3.44,0.62,0.12,1.99,0.35,0.07,0,0
2025-03-05 03:46:38.183,3.44,0.62,0.12,1.99,0.35,0.07,0,0
2025-03-05 03:46:38.202,3.44,0.62,0.12,1.99,0.35,0.07,0,0
2025-03-05 03:46:38.223,3.44,0.62,0.12,1.99,0.35,0.07,0,0
2025-03-05 03:46:38.242,3.44,0.62,0.12,1.99,0.35,0.07,0,0
2025-03-05 03:46:38.264,3.44,0.62,0.12,1.99,0.35,0.07,0,0
2025-03-05 03:46:38.280,3.44,0.62,0.12,1.99,0.35,0.07,0,0
2025-03-05 03:46:38.303,3.44,0.62,0.12,1.99,0.35,0.07,0,0
2025-03-05 03:46:38.324,3.44,0.62,0.12,1.99,0.35,0.07,0,0
2025-03-05 03:46:38.342,3.44,0.62,0.12,1.99,0.35,0.07,0,0
2025-03-05 03:46:38.360,3.44,0.62,0.12,1.99,0.35,0.07,0,0
2025-03-05 03:46:38.378,3.44,0.62,0.12,1.99,0.35,0.07,0,0
2025-03-05 03:46:38.401,3.44,0.62,0.12,1.99,0.35,0.07,0,0
2025-03-05 03:46:38.418,3.44,0.62,0.12,1.99,0.35,0.07,0,0
2025-03-05 03:46:38.437,3.44,0.62,0.12,1.99,0.35,0.07,0,0
2025-03-05 03:46:38.459,3.44,0.62,0.12,1.99,0.35,0.07,0,0
2025-03-05 03:46:38.478,3.44,0.62,0.12,1.99,0.35,0.07,0,0
2025-03-05 03:46:38.495,3.44,0.62,0.12,1.99,0.35,0.07,0,0
2025-03-05 03:46:38.517,3.44,0.62,0.12,1.99,0.35,0.07,0,0
2025-03-05 03:46:38.536,3.44,0.62,0.12,1.99,0.35,0.07,0,0
2025-03-05 03:46:38.553,3.44,0.62,0.12,1.99,0.35,0.07,0,0
2025-03-05 03:46:38.580,3.44,0.62,0.12,1.99,0.35,0.07,0,0
2025-03-05 03:46:38.597,3.44,0.62,0.12,1.99,0.35,0.07,0,0
2025-03-05 03:46:38.616,3.44,0.62,0.12,1.99,0.35,0.07,0,0
2025-03-05 03:46:38.637,3.44,0.62,0.12,1.99,0.35,0.07,0,0
2025-03-05 03:46:38.655,3.44,0.62,0.12,1.99,0.35,0.07,0,0
2025-03-05 03:46:38.673,3.44,0.62,0.12,1.99,0.35,0.07,0,0
2025-03-05 03:46:38.692,3.44,0.62,0.12,1.99,0.35,0.07,0,0
2025-03-05 03:46:38.710,3.44,0.62,0.12,1.99,0.35,0.07,0,0
2025-03-05 03:46:38.734,3.44,0.62,0.12,1.99,0.35,0.07,0,0
2025-03-05 03:46:38.758,3.44,0.62,0.12,1.99,0.35,0.07,0,0
2025-03-05 03:46:38.782,3.44,0.62,0.12,1.99,0.35,0.07,0,0
2025-03-05 03:46:38.797,3.44,0.62,0.12,1.99,0.35,0.07,0,0
2025-03-05 03:46:38.823,3.44,0.62,0.12,1.99,0.35,0.07,0,0
2025-03-05 03:46:38.843,3.44,0.62,0.12,1.99,0.35,0.07,0,0
2025-03-05 03:46:38.862,3.44,0.62,0.12,1.99,0.35,0.07,0,0
2025-03-05 03:46:38.884,3.44,0.62,0.12,1.99,0.35,0.07,0,0
2025-03-05 03:46:38.902,3.44,0.62,0.12,1.99,0.35,0.07,0,0
2025-03-05 03:46:38.921,3.44,0.62,0.12,1.99,0.35,0.07,0,0
2025-03-05 03:46:38.939,3.44,0.62,0.12,1.99,0.35,0.07,0,0
2025-03-05 03:46:38.961,3.44,0.62,0.12,1.99,0.35,0.07,0,0
2025-03-05 03:46:38.977,3.44,0.62,0.12,1.99,0.35,0.07,0,0
2025-03-05 03:46:39.001,3.44,0.62,0.12,1.99,0.35,0.07,0,0
2025-03-05 03:46:39.019,3.44,0.62,0.12,1.99,0.35,0.07,0,0
2025-03-05 03:46:39.042,3.44,0.62,0.12,1.99,0.35,0.07,0,0
2025-03-05 03:46:39.060,3.44,0.62,0.12,1.99,0.35,0.07,0,0
2025-03-05 03:46:39.083,3.44,0.62,0.12,1.99,0.35,0.07,0,0
2025-03-05 03:46:39.100,3.44,0.62,0.12,1.99,0.35,0.07,0,0
2025-03-05 03:46:39.122,3.44,0.62,0.12,1.99,0.35,0.07,0,0
2025-03-05 03:46:39.144,3.44,0.62,0.12,1.99,0.35,0.07,0,0
2025-03-05 03:46:39.163,3.44,0.62,0.12,1.99,0.35,0.07,0,0
2025-03-05 03:46:39.185,3.44,0.62,0.12,1.99,0.35,0.07,0,0
2025-03-05 03:46:39.204,3.44,0.62,0.12,1.99,0.35,0.07,0,0
2025-03-05 03:46:39.225,3.44,0.62,0.12,1.99,0.35,0.07,0,0
2025-03-05 03:46:39.243,3.44,0.62,0.12,1.99,0.35,0.07,0,0
2025-03-05 03:46:39.262,3.44,0.62,0.12,1.99,0.35,0.07,0,0
2025-03-05 03:46:39.282,3.44,0.62,0.12,1.99,0.35,0.07,0,0
2025-03-05 03:46:39.300,3.44,0.62,0.12,1.99,0.35,0.07,0,0
2025-03-05 03:46:39.322,3.44,0.62,0.12,1.99,0.35,0.07,0,0
2025-03-05 03:46:39.345,3.44,0.62,0.12,1.99,0.35,0.07,0,0
2025-03-05 03:46:39.363,3.44,0.62,0.12,1.99,0.35,0.07,0,0
2025-03-05 03:46:39.386,3.44,0.62,0.12,1.99,0.35,0.07,0,0
2025-03-05 03:46:39.403,3.44,0.62,0.12,1.99,0.35,0.07,0,0
2025-03-05 03:46:39.422,3.44,0.62,0.12,1.99,0.35,0.07,0,0
2025-03-05 03:46:39.450,3.44,0.62,0.12,1.99,0.35,0.07,0,0
2025-03-05 03:46:39.470,3.44,0.62,0.12,1.99,0.35,0.07,0,0
2025-03-05 03:46:39.490,3.44,0.62,0.12,1.99,0.35,0.07,0,0
2025-03-05 03:46:39.507,3.44,0.62,0.12,1.99,0.35,0.07,0,0
2025-03-05 03:46:39.528,3.44,0.62,0.12,1.99,0.35,0.07,0,0
2025-03-05 03:46:39.545,3.44,0.62,0.12,1.99,0.35,0.07,0,0
2025-03-05 03:46:39.568,3.44,0.62,0.12,1.99,0.35,0.07,0,0
2025-03-05 03:46:39.587,3.44,0.62,0.12,1.99,0.35,0.07,0,0
2025-03-05 03:46:39.604,3.44,0.62,0.12,1.99,0.35,0.07,0,0
2025-03-05 03:46:39.627,3.44,0.62,0.12,1.99,0.35,0.07,0,0
2025-03-05 03:46:39.645,3.44,0.62,0.12,1.99,0.35,0.07,0,0
2025-03-05 03:46:39.667,3.44,0.62,0.12,1.99,0.35,0.07,0,0
2025-03-05 03:46:39.685,3.44,0.62,0.12,1.99,0.35,0.07,0,0
2025-03-05 03:46:39.703,3.44,0.62,0.12,1.99,0.35,0.07,0,0
2025-03-05 03:46:39.723,3.44,0.62,0.12,1.99,0.35,0.07,0,0
2025-03-05 03:46:39.739,3.44,0.62,0.12,1.99,0.35,0.07,0,0
2025-03-05 03:46:39.764,3.44,0.62,0.12,1.99,0.35,0.07,0,0
2025-03-05 03:46:39.788,3.44,0.62,0.12,1.99,0.35,0.07,0,0
2025-03-05 03:46:39.810,3.44,0.62,0.12,1.99,0.35,0.07,0,0
2025-03-05 03:46:39.834,3.44,0.62,0.12,1.99,0.35,0.07,0,0
2025-03-05 03:46:39.851,3.44,0.62,0.12,1.99,0.35,0.07,0,0
2025-03-05 03:46:39.869,3.44,0.62,0.12,1.99,0.35,0.07,0,0
2025-03-05 03:46:39.891,3.44,0.62,0.12,1.99,0.35,0.07,0,0
2025-03-05 03:46:39.909,3.44,0.62,0.12,1.99,0.35,0.07,0,0
2025-03-05 03:46:39.932,8.07,1.55,0.32,4.89,0.93,0.19,0,0
2025-03-05 03:46:39.949,8.07,1.55,0.32,4.89,0.93,0.19,0,0
2025-03-05 03:46:39.972,8.07,1.55,0.32,4.89,0.93,0.19,0,0
2025-03-05 03:46:39.996,8.07,1.55,0.32,4.89,0.93,0.19,0,0
2025-03-05 03:46:40.019,8.07,1.55,0.32,4.89,0.93,0.19,0,0
2025-03-05 03:46:40.038,8.07,1.55,0.32,4.89,0.93,0.19,0,0
2025-03-05 03:46:40.063,8.07,1.55,0.32,4.89,0.93,0.19,0,0
2025-03-05 03:46:40.082,8.07,1.55,0.32,4.89,0.93,0.19,0,0
2025-03-05 03:46:40.105,8.07,1.55,0.32,4.89,0.93,0.19,0,0
2025-03-05 03:46:40.121,8.07,1.55,0.32,4.89,0.93,0.19,0,0
2025-03-05 03:46:40.140,8.07,1.55,0.32,4.89,0.93,0.19,0,0
2025-03-05 03:46:40.162,8.07,1.55,0.32,4.89,0.93,0.19,0,0
2025-03-05 03:46:40.179,8.07,1.55,0.32,4.89,0.93,0.19,0,0
2025-03-05 03:46:40.202,8.07,1.55,0.32,4.89,0.93,0.19,0,0
2025-03-05 03:46:40.220,8.07,1.55,0.32,4.89,0.93,0.19,0,0
2025-03-05 03:46:40.240,8.07,1.55,0.32,4.89,0.93,0.19,0,0
2025-03-05 03:46:40.260,8.07,1.55,0.32,4.89,0.93,0.19,0,0
2025-03-05 03:46:40.281,8.07,1.55,0.32,4.89,0.93,0.19,0,0
2025-03-05 03:46:40.301,8.07,1.55,0.32,4.89,0.93,0.19,0,0
2025-03-05 03:46:40.318,8.07,1.55,0.32,4.89,0.93,0.19,0,0
2025-03-05 03:46:40.337,8.07,1.55,0.32,4.89,0.93,0.19,0,0
2025-03-05 03:46:40.358,8.07,1.55,0.32,4.89,0.93,0.19,0,0
2025-03-05 03:46:40.375,8.07,1.55,0.32,4.89,0.93,0.19,0,0
2025-03-05 03:46:40.398,8.07,1.55,0.32,4.89,0.93,0.19,0,0
2025-03-05 03:46:40.416,8.07,1.55,0.32,4.89,0.93,0.19,0,0
2025-03-05 03:46:40.439,8.07,1.55,0.32,4.89,0.93,0.19,0,0
2025-03-05 03:46:40.703,8.07,1.55,0.32,4.89,0.93,0.19,0,0
2025-03-05 03:46:40.721,8.07,1.55,0.32,4.89,0.93,0.19,0,0
2025-03-05 03:46:40.746,8.07,1.55,0.32,4.89,0.93,0.19,0,0
2025-03-05 03:46:40.764,8.07,1.55,0.32,4.89,0.93,0.19,0,0
2025-03-05 03:46:40.783,8.07,1.55,0.32,4.89,0.93,0.19,0,0
2025-03-05 03:46:40.804,8.07,1.55,0.32,4.89,0.93,0.19,0,0
2025-03-05 03:46:40.826,8.07,1.55,0.32,4.89,0.93,0.19,0,0
2025-03-05 03:46:40.847,8.07,1.55,0.32,4.89,0.93,0.19,0,0
2025-03-05 03:46:40.887,8.07,1.55,0.32,4.89,0.93,0.19,0,0
2025-03-05 03:46:40.905,8.07,1.55,0.32,4.89,0.93,0.19,0,0
2025-03-05 03:46:40.923,8.07,1.55,0.32,4.89,0.93,0.19,0,0
2025-03-05 03:46:40.944,8.07,1.55,0.32,4.89,0.93,0.19,0,0
2025-03-05 03:46:40.966,8.07,1.55,0.32,4.89,0.93,0.19,0,0
2025-03-05 03:46:40.984,8.07,1.55,0.32,4.89,0.93,0.19,0,0
2025-03-05 03:46:41.007,8.07,1.55,0.32,4.89,0.93,0.19,0,0
2025-03-05 03:46:41.023,8.07,1.55,0.32,4.89,0.93,0.19,0,0
2025-03-05 03:46:41.045,8.07,1.55,0.32,4.89,0.93,0.19,0,0
2025-03-05 03:46:41.063,8.07,1.55,0.32,4.89,0.93,0.19,0,0
2025-03-05 03:46:41.081,8.07,1.55,0.32,4.89,0.93,0.19,0,0
2025-03-05 03:46:41.104,8.07,1.55,0.32,4.89,0.93,0.19,0,0
2025-03-05 03:46:41.125,8.07,1.55,0.32,4.89,0.93,0.19,0,0
2025-03-05 03:46:41.144,8.07,1.55,0.32,4.89,0.93,0.19,0,0
2025-03-05 03:46:41.165,8.07,1.55,0.32,4.89,0.93,0.19,0,0
2025-03-05 03:46:41.184,8.07,1.55,0.32,4.89,0.93,0.19,0,0
2025-03-05 03:46:41.207,8.07,1.55,0.32,4.89,0.93,0.19,0,0
2025-03-05 03:46:41.223,8.07,1.55,0.32,4.89,0.93,0.19,0,0
2025-03-05 03:46:41.242,8.07,1.55,0.32,4.89,0.93,0.19,0,0
2025-03-05 03:46:41.263,8.07,1.55,0.32,4.89,0.93,0.19,0,0
2025-03-05 03:46:41.280,8.07,1.55,0.32,4.89,0.93,0.19,0,0
2025-03-05 03:46:41.304,8.07,1.55,0.32,4.89,0.93,0.19,0,0
2025-03-05 03:46:41.321,8.07,1.55,0.32,4.89,0.93,0.19,0,0
2025-03-05 03:46:41.344,8.07,1.55,0.32,4.89,0.93,0.19,0,0
2025-03-05 03:46:41.370,8.07,1.55,0.32,4.89,0.93,0.19,0,0
2025-03-05 03:46:41.396,8.07,1.55,0.32,4.89,0.93,0.19,0,0
2025-03-05 03:46:41.416,8.07,1.55,0.32,4.89,0.93,0.19,0,0
2025-03-05 03:46:41.441,8.07,1.55,0.32,4.89,0.93,0.19,0,0
2025-03-05 03:46:41.463,8.07,1.55,0.32,4.89,0.93,0.19,0,0
2025-03-05 03:46:41.486,8.07,1.55,0.32,4.89,0.93,0.19,0,0
2025-03-05 03:46:41.504,8.07,1.55,0.32,4.89,0.93,0.19,0,0
2025-03-05 03:46:41.525,8.07,1.55,0.32,4.89,0.93,0.19,0,0
2025-03-05 03:46:41.546,8.07,1.55,0.32,4.89,0.93,0.19,0,0
2025-03-05 03:46:41.565,8.07,1.55,0.32,4.89,0.93,0.19,0,0
2025-03-05 03:46:41.585,8.07,1.55,0.32,4.89,0.93,0.19,0,0
2025-03-05 03:46:41.607,8.07,1.55,0.32,4.89,0.93,0.19,0,0
2025-03-05 03:46:41.630,8.07,1.55,0.32,4.89,0.93,0.19,0,0
2025-03-05 03:46:41.647,8.07,1.55,0.32,4.89,0.93,0.19,0,0
2025-03-05 03:46:41.666,8.07,1.55,0.32,4.89,0.93,0.19,0,0
2025-03-05 03:46:41.688,8.07,1.55,0.32,4.89,0.93,0.19,0,0
2025-03-05 03:46:41.709,8.07,1.55,0.32,4.89,0.93,0.19,0,0
2025-03-05 03:46:41.730,8.07,1.55,0.32,4.89,0.93,0.19,0,0
2025-03-05 03:46:41.753,8.07,1.55,0.32,4.89,0.93,0.19,0,0
2025-03-05 03:46:41.775,8.07,1.55,0.32,4.89,0.93,0.19,0,0
2025-03-05 03:46:41.793,8.07,1.55,0.32,4.89,0.93,0.19,0,0
2025-03-05 03:46:41.816,8.07,1.55,0.32,4.89,0.93,0.19,0,0
2025-03-05 03:46:41.833,8.07,1.55,0.32,4.89,0.93,0.19,0,0
2025-03-05 03:46:41.851,8.07,1.55,0.32,4.89,0.93,0.19,0,0
2025-03-05 03:46:41.874,8.07,1.55,0.32,4.89,0.93,0.19,0,0
2025-03-05 03:46:41.898,8.07,1.55,0.32,4.89,0.93,0.19,0,0
2025-03-05 03:46:41.923,15.84,3.16,0.67,10.52,2.08,0.44,0,0
2025-03-05 03:46:41.942,15.84,3.16,0.67,10.52,2.08,0.44,0,0
2025-03-05 03:46:41.963,15.84,3.16,0.67,10.52,2.08,0.44,0,0
2025-03-05 03:46:41.981,15.84,3.16,0.67,10.52,2.08,0.44,0,0
2025-03-05 03:46:42.001,15.84,3.16,0.67,10.52,2.08,0.44,0,0
2025-03-05 03:46:42.025,15.84,3.16,0.67,10.52,2.08,0.44,0,0
2025-03-05 03:46:42.041,15.84,3.16,0.67,10.52,2.08,0.44,0,0
2025-03-05 03:46:42.068,15.84,3.16,0.67,10.52,2.08,0.44,0,0
2025-03-05 03:46:42.084,15.84,3.16,0.67,10.52,2.08,0.44,0,0
2025-03-05 03:46:42.112,15.84,3.16,0.67,10.52,2.08,0.44,0,0
2025-03-05 03:46:42.131,15.84,3.16,0.67,10.52,2.08,0.44,0,0
2025-03-05 03:46:42.149,15.84,3.16,0.67,10.52,2.08,0.44,0,0
2025-03-05 03:46:42.173,15.84,3.16,0.67,10.52,2.08,0.44,0,0
2025-03-05 03:46:42.196,15.84,3.16,0.67,10.52,2.08,0.44,0,0
2025-03-05 03:46:42.214,15.84,3.16,0.67,10.52,2.08,0.44,0,0
2025-03-05 03:46:42.233,15.84,3.16,0.67,10.52,2.08,0.44,0,0
2025-03-05 03:46:42.250,15.84,3.16,0.67,10.52,2.08,0.44,0,0
2025-03-05 03:46:42.269,15.84,3.16,0.67,10.52,2.08,0.44,0,0
2025-03-05 03:46:42.293,15.84,3.16,0.67,10.52,2.08,0.44,0,0
2025-03-05 03:46:42.310,15.84,3.16,0.67,10.52,2.08,0.44,0,0
2025-03-05 03:46:42.329,15.84,3.16,0.67,10.52,2.08,0.44,0,0
2025-03-05 03:46:42.347,15.84,3.16,0.67,10.52,2.08,0.44,0,0
2025-03-05 03:46:42.370,15.84,3.16,0.67,10.52,2.08,0.44,0,0
2025-03-05 03:46:42.390,15.84,3.16,0.67,10.52,2.08,0.44,0,0
2025-03-05 03:46:42.407,15.84,3.16,0.67,10.52,2.08,0.44,0,0
2025-03-05 03:46:42.430,15.84,3.16,0.67,10.52,2.08,0.44,0,0
2025-03-05 03:46:42.445,15.84,3.16,0.67,10.52,2.08,0.44,0,0
2025-03-05 03:46:42.465,15.84,3.16,0.67,10.52,2.08,0.44,0,0
2025-03-05 03:46:42.488,15.84,3.16,0.67,10.52,2.08,0.44,0,0
2025-03-05 03:46:42.504,15.84,3.16,0.67,10.52,2.08,0.44,0,0
2025-03-05 03:46:42.528,15.84,3.16,0.67,10.52,2.08,0.44,0,0
2025-03-05 03:46:42.545,15.84,3.16,0.67,10.52,2.08,0.44,0,0
2025-03-05 03:46:42.565,15.84,3.16,0.67,10.52,2.08,0.44,0,0
2025-03-05 03:46:42.588,15.84,3.16,0.67,10.52,2.08,0.44,0,0
2025-03-05 03:46:42.604,15.84,3.16,0.67,10.52,2.08,0.44,0,0
2025-03-05 03:46:42.623,15.84,3.16,0.67,10.52,2.08,0.44,0,0
2025-03-05 03:46:42.646,15.84,3.16,0.67,10.52,2.08,0.44,0,0
2025-03-05 03:46:42.666,15.84,3.16,0.67,10.52,2.08,0.44,0,0
2025-03-05 03:46:42.687,15.84,3.16,0.67,10.52,2.08,0.44,0,0
2025-03-05 03:46:42.704,15.84,3.16,0.67,10.52,2.08,0.44,0,0
2025-03-05 03:46:42.723,15.84,3.16,0.67,10.52,2.08,0.44,0,0
2025-03-05 03:46:42.742,15.84,3.16,0.67,10.52,2.08,0.44,0,0
2025-03-05 03:46:42.765,15.84,3.16,0.67,10.52,2.08,0.44,0,0
2025-03-05 03:46:42.782,15.84,3.16,0.67,10.52,2.08,0.44,0,0
2025-03-05 03:46:42.801,15.84,3.16,0.67,10.52,2.08,0.44,0,0
2025-03-05 03:46:42.819,15.84,3.16,0.67,10.52,2.08,0.44,0,0
2025-03-05 03:46:42.838,15.84,3.16,0.67,10.52,2.08,0.44,0,0
2025-03-05 03:46:42.857,15.84,3.16,0.67,10.52,2.08,0.44,0,0
2025-03-05 03:46:42.876,15.84,3.16,0.67,10.52,2.08,0.44,0,0
2025-03-05 03:46:42.894,15.84,3.16,0.67,10.52,2.08,0.44,0,0
2025-03-05 03:46:42.913,15.84,3.16,0.67,10.52,2.08,0.44,0,0
2025-03-05 03:46:42.935,15.84,3.16,0.67,10.52,2.08,0.44,0,0
2025-03-05 03:46:42.954,15.84,3.16,0.67,10.52,2.08,0.44,0,0
2025-03-05 03:46:42.974,15.84,3.16,0.67,10.52,2.08,0.44,0,0
2025-03-05 03:46:42.993,15.84,3.16,0.67,10.52,2.08,0.44,0,0
2025-03-05 03:46:43.010,15.84,3.16,0.67,10.52,2.08,0.44,0,0
2025-03-05 03:46:43.029,15.84,3.16,0.67,10.52,2.08,0.44,0,0
2025-03-05 03:46:43.047,15.84,3.16,0.67,10.52,2.08,0.44,0,0
2025-03-05 03:46:43.064,15.84,3.16,0.67,10.52,2.08,0.44,0,0
2025-03-05 03:46:43.083,15.84,3.16,0.67,10.52,2.08,0.44,0,0
2025-03-05 03:46:43.101,15.84,3.16,0.67,10.52,2.08,0.44,0,0
2025-03-05 03:46:43.119,15.84,3.16,0.67,10.52,2.08,0.44,0,0
2025-03-05 03:46:43.137,15.84,3.16,0.67,10.52,2.08,0.44,0,0
2025-03-05 03:46:43.156,15.84,3.16,0.67,10.52,2.08,0.44,0,0
2025-03-05 03:46:43.173,15.84,3.16,0.67,10.52,2.08,0.44,0,0
2025-03-05 03:46:43.192,15.84,3.16,0.67,10.52,2.08,0.44,0,0
2025-03-05 03:46:43.210,15.84,3.16,0.67,10.52,2.08,0.44,0,0
2025-03-05 03:46:43.228,15.84,3.16,0.67,10.52,2.08,0.44,0,0
2025-03-05 03:46:43.246,15.84,3.16,0.67,10.52,2.08,0.44,0,0
2025-03-05 03:46:43.264,15.84,3.16,0.67,10.52,2.08,0.44,0,0
2025-03-05 03:46:43.283,15.84,3.16,0.67,10.52,2.08,0.44,0,0
2025-03-05 03:46:43.300,15.84,3.16,0.67,10.52,2.08,0.44,0,0
2025-03-05 03:46:43.319,15.84,3.16,0.67,10.52,2.08,0.44,0,0
2025-03-05 03:46:43.339,15.84,3.16,0.67,10.52,2.08,0.44,0,0
2025-03-05 03:46:43.357,15.84,3.16,0.67,10.52,2.08,0.44,0,0
2025-03-05 03:46:43.376,15.84,3.16,0.67,10.52,2.08,0.44,0,0
2025-03-05 03:46:43.394,15.84,3.16,0.67,10.52,2.08,0.44,0,0
2025-03-05 03:46:43.412,15.84,3.16,0.67,10.52,2.08,0.44,0,0
2025-03-05 03:46:43.430,15.84,3.16,0.67,10.52,2.08,0.44,0,0
2025-03-05 03:46:43.452,15.84,3.16,0.67,10.52,2.08,0.44,0,0
2025-03-05 03:46:43.471,15.84,3.16,0.67,10.52,2.08,0.44,0,0
2025-03-05 03:46:43.490,15.84,3.16,0.67,10.52,2.08,0.44,0,0
2025-03-05 03:46:43.510,15.84,3.16,0.67,10.52,2.08,0.44,0,0
2025-03-05 03:46:43.529,15.84,3.16,0.67,10.52,2.08,0.44,0,0
2025-03-05 03:46:43.549,15.84,3.16,0.67,10.52,2.08,0.44,0,0
2025-03-05 03:46:43.567,15.84,3.16,0.67,10.52,2.08,0.44,0,0
2025-03-05 03:46:43.589,15.84,3.16,0.67,10.52,2.08,0.44,0,0
2025-03-05 03:46:43.608,15.84,3.16,0.67,10.52,2.08,0.44,0,0
2025-03-05 03:46:43.627,15.84,3.16,0.67,10.52,2.08,0.44,0,0
2025-03-05 03:46:43.648,15.84,3.16,0.67,10.52,2.08,0.44,0,0
2025-03-05 03:46:43.663,15.84,3.16,0.67,10.52,2.08,0.44,0,0
2025-03-05 03:46:43.683,15.84,3.16,0.67,10.52,2.08,0.44,0,0
2025-03-05 03:46:43.701,15.84,3.16,0.67,10.52,2.08,0.44,0,0
2025-03-05 03:46:43.723,15.84,3.16,0.67,10.52,2.08,0.44,0,0
2025-03-05 03:46:43.742,15.84,3.16,0.67,10.52,2.08,0.44,0,0
2025-03-05 03:46:43.768,15.84,3.16,0.67,10.52,2.08,0.44,0,0
