Timestamp,Some (avg10),Some (avg60),Some (avg300),Full (avg10),Full (avg60),Full (avg300),OOM Kills,OOM Failures
2025-03-05 03:46:47.497,0.00,0.00,0.00,0.00,0.00,0.00,0,0
2025-03-05 03:46:47.520,0.00,0.00,0.00,0.00,0.00,0.00,0,0
2025-03-05 03:46:47.542,0.00,0.00,0.00,0.00,0.00,0.00,0,0
2025-03-05 03:46:47.560,0.00,0.00,0.00,0.00,0.00,0.00,0,0
2025-03-05 03:46:47.581,0.00,0.00,0.00,0.00,0.00,0.00,0,0
2025-03-05 03:46:47.604,0.00,0.00,0.00,0.00,0.00,0.00,0,0
2025-03-05 03:46:47.621,0.00,0.00,0.00,0.00,0.00,0.00,0,0
2025-03-05 03:46:47.645,0.00,0.00,0.00,0.00,0.00,0.00,0,0
2025-03-05 03:46:47.665,0.00,0.00,0.00,0.00,0.00,0.00,0,0
2025-03-05 03:46:47.682,0.00,0.00,0.00,0.00,0.00,0.00,0,0
2025-03-05 03:46:47.706,0.00,0.00,0.00,0.00,0.00,0.00,0,0
2025-03-05 03:46:47.721,0.00,0.00,0.00,0.00,0.00,0.00,0,0
2025-03-05 03:46:47.745,0.00,0.00,0.00,0.00,0.00,0.00,0,0
2025-03-05 03:46:47.767,0.00,0.00,0.00,0.00,0.00,0.00,0,0
2025-03-05 03:46:47.787,0.00,0.00,0.00,0.00,0.00,0.00,0,0
2025-03-05 03:46:47.804,0.00,0.00,0.00,0.00,0.00,0.00,0,0
2025-03-05 03:46:47.822,0.00,0.00,0.00,0.00,0.00,0.00,0,0
2025-03-05 03:46:47.845,0.00,0.00,0.00,0.00,0.00,0.00,0,0
2025-03-05 03:46:47.863,0.00,0.00,0.00,0.00,0.00,0.00,0,0
2025-03-05 03:46:47.887,0.00,0.00,0.00,0.00,0.00,0.00,0,0
2025-03-05 03:46:47.906,0.00,0.00,0.00,0.00,0.00,0.00,0,0
2025-03-05 03:46:47.923,0.00,0.00,0.00,0.00,0.00,0.00,0,0
2025-03-05 03:46:47.940,0.00,0.00,0.00,0.00,0.00,0.00,0,0
2025-03-05 03:46:47.965,0.00,0.00,0.00,0.00,0.00,0.00,0,0
2025-03-05 03:46:47.989,0.00,0.00,0.00,0.00,0.00,0.00,0,0
2025-03-05 03:46:48.006,0.00,0.00,0.00,0.00,0.00,0.00,0,0
2025-03-05 03:46:48.025,0.00,0.00,0.00,0.00,0.00,0.00,0,0
2025-03-05 03:46:48.047,0.00,0.00,0.00,0.00,0.00,0.00,0,0
2025-03-05 03:46:48.062,0.00,0.00,0.00,0.00,0.00,0.00,0,0
2025-03-05 03:46:48.078,0.00,0.00,0.00,0.00,0.00,0.00,0,0
2025-03-05 03:46:48.101,0.00,0.00,0.00,0.00,0.00,0.00,0,0
2025-03-05 03:46:48.121,0.00,0.00,0.00,0.00,0.00,0.00,0,0
2025-03-05 03:46:48.143,0.00,0.00,0.00,0.00,0.00,0.00,0,0
2025-03-05 03:46:48.172,0.00,0.00,0.00,0.00,0.00,0.00,0,0
2025-03-05 03:46:48.194,0.00,0.00,0.00,0.00,0.00,0.00,0,0
2025-03-05 03:46:48.213,0.00,0.00,0.00,0.00,0.00,0.00,0,0
2025-03-05 03:46:48.231,0.00,0.00,0.00,0.00,0.00,0.00,0,0
2025-03-05 03:46:48.251,0.00,0.00,0.00,0.00,0.00,0.00,0,0
2025-03-05 03:46:48.271,0.00,0.00,0.00,0.00,0.00,0.00,0,0
2025-03-05 03:46:48.290,0.00,0.00,0.00,0.00,0.00,0.00,0,0
2025-03-05 03:46:48.312,0.00,0.00,0.00,0.00,0.00,0.00,0,0
2025-03-05 03:46:48.330,0.00,0.00,0.00,0.00,0.00,0.00,0,0
2025-03-05 03:46:48.347,0.00,0.00,0.00,0.00,0.00,0.00,0,0
2025-03-05 03:46:48.369,0.00,0.00,0.00,0.00,0.00,0.00,0,0
2025-03-05 03:46:48.393,0.00,0.00,0.00,0.00,0.00,0.00,0,0
2025-03-05 03:46:48.411,0.00,0.00,0.00,0.00,0.00,0.00,0,0
2025-03-05 03:46:48.431,0.00,0.00,0.00,0.00,0.00,0.00,0,0
2025-03-05 03:46:48.450,0.00,0.00,0.00,0.00,0.00,0.00,0,0
2025-03-05 03:46:48.471,0.00,0.00,0.00,0.00,0.00,0.00,0,0
2025-03-05 03:46:48.490,0.00,0.00,0.00,0.00,0.00,0.00,0,0
2025-03-05 03:46:48.513,0.00,0.00,0.00,0.00,0.00,0.00,0,0
2025-03-05 03:46:48.530,0.00,0.00,0.00,0.00,0.00,0.00,0,0
2025-03-05 03:46:48.552,0.00,0.00,0.00,0.00,0.00,0.00,0,0
2025-03-05 03:46:48.572,0.00,0.00,0.00,0.00,0.00,0.00,0,0
2025-03-05 03:46:48.590,0.00,0.00,0.00,0.00,0.00,0.00,0,0
2025-03-05 03:46:48.608,0.00,0.00,0.00,0.00,0.00,0.00,0,0
2025-03-05 03:46:48.626,0.00,0.00,0.00,0.00,0.00,0.00,0,0
2025-03-05 03:46:48.653,0.00,0.00,0.00,0.00,0.00,0.00,0,0
2025-03-05 03:46:48.676,0.00,0.00,0.00,0.00,0.00,0.00,0,0
2025-03-05 03:46:48.695,0.00,0.00,0.00,0.00,0.00,0.00,0,0
2025-03-05 03:46:48.712,0.00,0.00,0.00,0.00,0.00,0.00,0,0
2025-03-05 03:46:48.732,0.00,0.00,0.00,0.00,0.00,0.00,0,0
2025-03-05 03:46:48.751,0.00,0.00,0.00,0.00,0.00,0.00,0,0
2025-03-05 03:46:48.772,0.00,0.00,0.00,0.00,0.00,0.00,0,0
2025-03-05 03:46:48.790,0.00,0.00,0.00,0.00,0.00,0.00,0,0
2025-03-05 03:46:48.809,0.00,0.00,0.00,0.00,0.00,0.00,0,0
2025-03-05 03:46:48.828,0.00,0.00,0.00,0.00,0.00,0.00,0,0
2025-03-05 03:46:48.847,0.00,0.00,0.00,0.00,0.00,0.00,0,0
2025-03-05 03:46:48.865,0.00,0.00,0.00,0.00,0.00,0.00,0,0
2025-03-05 03:46:48.883,0.00,0.00,0.00,0.00,0.00,0.00,0,0
2025-03-05 03:46:48.902,0.00,0.00,0.00,0.00,0.00,0.00,0,0
2025-03-05 03:46:48.920,0.00,0.00,0.00,0.00,0.00,0.00,0,0
2025-03-05 03:46:48.941,0.00,0.00,0.00,0.00,0.00,0.00,0,0
2025-03-05 03:46:48.962,0.00,0.00,0.00,0.00,0.00,0.00,0,0
2025-03-05 03:46:48.981,0.00,0.00,0.00,0.00,0.00,0.00,0,0
2025-03-05 03:46:48.999,0.00,0.00,0.00,0.00,0.00,0.00,0,0
2025-03-05 03:46:49.017,0.00,0.00,0.00,0.00,0.00,0.00,0,0
2025-03-05 03:46:49.036,0.00,0.00,0.00,0.00,0.00,0.00,0,0
2025-03-05 03:46:49.055,0.00,0.00,0.00,0.00,0.00,0.00,0,0
2025-03-05 03:46:49.072,0.00,0.00,0.00,0.00,0.00,0.00,0,0
2025-03-05 03:46:49.090,0.00,0.00,0.00,0.00,0.00,0.00,0,0
2025-03-05 03:46:49.109,0.00,0.00,0.00,0.00,0.00,0.00,0,0
2025-03-05 03:46:49.127,0.00,0.00,0.00,0.00,0.00,0.00,0,0
2025-03-05 03:46:49.146,0.00,0.00,0.00,0.00,0.00,0.00,0,0
2025-03-05 03:46:49.164,0.00,0.00,0.00,0.00,0.00,0.00,0,0
2025-03-05 03:46:49.184,0.00,0.00,0.00,0.00,0.00,0.00,0,0
2025-03-05 03:46:49.204,0.00,0.00,0.00,0.00,0.00,0.00,0,0
2025-03-05 03:46:49.231,0.00,0.00,0.00,0.00,0.00,0.00,0,0
2025-03-05 03:46:49.253,0.00,0.00,0.00,0.00,0.00,0.00,0,0
2025-03-05 03:46:49.272,0.00,0.00,0.00,0.00,0.00,0.00,0,0
2025-03-05 03:46:49.294,0.00,0.00,0.00,0.00,0.00,0.00,0,0
2025-03-05 03:46:49.312,0.00,0.00,0.00,0.00,0.00,0.00,0,0
2025-03-05 03:46:49.334,0.00,0.00,0.00,0.00,0.00,0.00,0,0
2025-03-05 03:46:49.353,0.00,0.00,0.00,0.00,0.00,0.00,0,0
2025-03-05 03:46:49.373,0.00,0.00,0.00,0.00,0.00,0.00,0,0
2025-03-05 03:46:49.396,0.00,0.00,0.00,0.00,0.00,0.00,0,0
2025-03-05 03:46:49.413,0.00,0.00,0.00,0.00,0.00,0.00,0,0
2025-03-05 03:46:49.432,0.00,0.00,0.00,0.00,0.00,0.00,0,0
2025-03-05 03:46:49.456,0.00,0.00,0.00,0.00,0.00,0.00,0,0
2025-03-05 03:46:49.472,0.00,0.00,0.00,0.00,0.00,0.00,0,0
2025-03-05 03:46:49.491,0.00,0.00,0.00,0.00,0.00,0.00,0,0
2025-03-05 03:46:49.517,0.00,0.00,0.00,0.00,0.00,0.00,0,0
2025-03-05 03:46:49.546,0.00,0.00,0.00,0.00,0.00,0.00,0,0
2025-03-05 03:46:49.571,0.00,0.00,0.00,0.00,0.00,0.00,0,0
2025-03-05 03:46:49.601,0.00,0.00,0.00,0.00,0.00,0.00,0,0
2025-03-05 03:46:49.622,0.00,0.00,0.00,0.00,0.00,0.00,0,0
2025-03-05 03:46:49.655,0.00,0.00,0.00,0.00,0.00,0.00,0,0
2025-03-05 03:46:49.684,0.00,0.00,0.00,0.00,0.00,0.00,0,0
2025-03-05 03:46:49.707,0.00,0.00,0.00,0.00,0.00,0.00,0,0
2025-03-05 03:46:49.724,0.00,0.00,0.00,0.00,0.00,0.00,0,0
2025-03-05 03:46:49.739,0.00,0.00,0.00,0.00,0.00,0.00,0,0
2025-03-05 03:46:49.760,0.00,0.00,0.00,0.00,0.00,0.00,0,0
2025-03-05 03:46:49.779,0.00,0.00,0.00,0.00,0.00,0.00,0,0
2025-03-05 03:46:49.801,0.00,0.00,0.00,0.00,0.00,0.00,0,0
2025-03-05 03:46:49.821,0.00,0.00,0.00,0.00,0.00,0.00,0,0
2025-03-05 03:46:49.840,0.00,0.00,0.00,0.00,0.00,0.00,0,0
2025-03-05 03:46:49.864,0.00,0.00,0.00,0.00,0.00,0.00,0,0
2025-03-05 03:46:49.880,0.00,0.00,0.00,0.00,0.00,0.00,0,0
2025-03-05 03:46:49.906,0.00,0.00,0.00,0.00,0.00,0.00,0,0
2025-03-05 03:46:49.925,0.00,0.00,0.00,0.00,0.00,0.00,0,0
2025-03-05 03:46:49.944,0.00,0.00,0.00,0.00,0.00,0.00,0,0
2025-03-05 03:46:49.961,0.00,0.00,0.00,0.00,0.00,0.00,0,0
2025-03-05 03:46:49.985,0.00,0.00,0.00,0.00,0.00,0.00,0,0
2025-03-05 03:46:50.000,0.00,0.00,0.00,0.00,0.00,0.00,0,0
2025-03-05 03:46:50.024,0.00,0.00,0.00,0.00,0.00,0.00,0,0
2025-03-05 03:46:50.044,0.00,0.00,0.00,0.00,0.00,0.00,0,0
2025-03-05 03:46:50.065,0.00,0.00,0.00,0.00,0.00,0.00,0,0
2025-03-05 03:46:50.080,0.00,0.00,0.00,0.00,0.00,0.00,0,0
2025-03-05 03:46:50.104,0.00,0.00,0.00,0.00,0.00,0.00,0,0
2025-03-05 03:46:50.123,0.00,0.00,0.00,0.00,0.00,0.00,0,0
2025-03-05 03:46:50.142,0.00,0.00,0.00,0.00,0.00,0.00,0,0
2025-03-05 03:46:50.164,0.00,0.00,0.00,0.00,0.00,0.00,0,0
2025-03-05 03:46:50.183,0.00,0.00,0.00,0.00,0.00,0.00,0,0
2025-03-05 03:46:50.202,0.00,0.00,0.00,0.00,0.00,0.00,0,0
2025-03-05 03:46:50.222,0.00,0.00,0.00,0.00,0.00,0.00,0,0
2025-03-05 03:46:50.243,0.00,0.00,0.00,0.00,0.00,0.00,0,0
2025-03-05 03:46:50.267,0.00,0.00,0.00,0.00,0.00,0.00,0,0
2025-03-05 03:46:50.286,0.00,0.00,0.00,0.00,0.00,0.00,0,0
2025-03-05 03:46:50.309,0.00,0.00,0.00,0.00,0.00,0.00,0,0
2025-03-05 03:46:50.330,0.00,0.00,0.00,0.00,0.00,0.00,0,0
2025-03-05 03:46:50.349,0.00,0.00,0.00,0.00,0.00,0.00,0,0
2025-03-05 03:46:50.368,3.80,0.68,0.14,2.17,0.39,0.08,0,0
2025-03-05 03:46:50.390,3.80,0.68,0.14,2.17,0.39,0.08,0,0
2025-03-05 03:46:50.415,3.80,0.68,0.14,2.17,0.39,0.08,0,0
2025-03-05 03:46:50.432,3.80,0.68,0.14,2.17,0.39,0.08,0,0
2025-03-05 03:46:50.451,3.80,0.68,0.14,2.17,0.39,0.08,0,0
2025-03-05 03:46:50.474,3.80,0.68,0.14,2.17,0.39,0.08,0,0
2025-03-05 03:46:50.492,3.80,0.68,0.14,2.17,0.39,0.08,0,0
2025-03-05 03:46:50.512,3.80,0.68,0.14,2.17,0.39,0.08,0,0
2025-03-05 03:46:50.530,3.80,0.68,0.14,2.17,0.39,0.08,0,0
2025-03-05 03:46:50.553,3.80,0.68,0.14,2.17,0.39,0.08,0,0
2025-03-05 03:46:50.575,3.80,0.68,0.14,2.17,0.39,0.08,0,0
2025-03-05 03:46:50.598,3.80,0.68,0.14,2.17,0.39,0.08,0,0
2025-03-05 03:46:50.616,3.80,0.68,0.14,2.17,0.39,0.08,0,0
2025-03-05 03:46:50.638,3.80,0.68,0.14,2.17,0.39,0.08,0,0
2025-03-05 03:46:50.656,3.80,0.68,0.14,2.17,0.39,0.08,0,0
2025-03-05 03:46:50.678,3.80,0.68,0.14,2.17,0.39,0.08,0,0
2025-03-05 03:46:50.697,3.80,0.68,0.14,2.17,0.39,0.08,0,0
2025-03-05 03:46:50.718,3.80,0.68,0.14,2.17,0.39,0.08,0,0
2025-03-05 03:46:50.735,3.80,0.68,0.14,2.17,0.39,0.08,0,0
2025-03-05 03:46:50.755,3.80,0.68,0.14,2.17,0.39,0.08,0,0
2025-03-05 03:46:50.777,3.80,0.68,0.14,2.17,0.39,0.08,0,0
2025-03-05 03:46:50.796,3.80,0.68,0.14,2.17,0.39,0.08,0,0
2025-03-05 03:46:50.814,3.80,0.68,0.14,2.17,0.39,0.08,0,0
2025-03-05 03:46:50.839,3.80,0.68,0.14,2.17,0.39,0.08,0,0
2025-03-05 03:46:50.861,3.80,0.68,0.14,2.17,0.39,0.08,0,0
2025-03-05 03:46:50.880,3.80,0.68,0.14,2.17,0.39,0.08,0,0
2025-03-05 03:46:50.901,3.80,0.68,0.14,2.17,0.39,0.08,0,0
2025-03-05 03:46:50.919,3.80,0.68,0.14,2.17,0.39,0.08,0,0
2025-03-05 03:46:50.940,3.80,0.68,0.14,2.17,0.39,0.08,0,0
2025-03-05 03:46:50.959,3.80,0.68,0.14,2.17,0.39,0.08,0,0
2025-03-05 03:46:50.980,3.80,0.68,0.14,2.17,0.39,0.08,0,0
2025-03-05 03:46:51.003,3.80,0.68,0.14,2.17,0.39,0.08,0,0
2025-03-05 03:46:51.023,3.80,0.68,0.14,2.17,0.39,0.08,0,0
2025-03-05 03:46:51.043,3.80,0.68,0.14,2.17,0.39,0.08,0,0
2025-03-05 03:46:51.066,3.80,0.68,0.14,2.17,0.39,0.08,0,0
2025-03-05 03:46:51.082,3.80,0.68,0.14,2.17,0.39,0.08,0,0
2025-03-05 03:46:51.108,3.80,0.68,0.14,2.17,0.39,0.08,0,0
2025-03-05 03:46:51.124,3.80,0.68,0.14,2.17,0.39,0.08,0,0
2025-03-05 03:46:51.147,3.80,0.68,0.14,2.17,0.39,0.08,0,0
2025-03-05 03:46:51.168,3.80,0.68,0.14,2.17,0.39,0.08,0,0
2025-03-05 03:46:51.188,3.80,0.68,0.14,2.17,0.39,0.08,0,0
2025-03-05 03:46:51.208,3.80,0.68,0.14,2.17,0.39,0.08,0,0
2025-03-05 03:46:51.229,3.80,0.68,0.14,2.17,0.39,0.08,0,0
2025-03-05 03:46:51.249,3.80,0.68,0.14,2.17,0.39,0.08,0,0
2025-03-05 03:46:51.268,3.80,0.68,0.14,2.17,0.39,0.08,0,0
2025-03-05 03:46:51.292,3.80,0.68,0.14,2.17,0.39,0.08,0,0
2025-03-05 03:46:51.312,3.80,0.68,0.14,2.17,0.39,0.08,0,0
2025-03-05 03:46:51.333,3.80,0.68,0.14,2.17,0.39,0.08,0,0
2025-03-05 03:46:51.355,3.80,0.68,0.14,2.17,0.39,0.08,0,0
2025-03-05 03:46:51.378,3.80,0.68,0.14,2.17,0.39,0.08,0,0
2025-03-05 03:46:51.399,3.80,0.68,0.14,2.17,0.39,0.08,0,0
2025-03-05 03:46:51.424,3.80,0.68,0.14,2.17,0.39,0.08,0,0
2025-03-05 03:46:51.447,3.80,0.68,0.14,2.17,0.39,0.08,0,0
2025-03-05 03:46:51.473,3.80,0.68,0.14,2.17,0.39,0.08,0,0
2025-03-05 03:46:51.493,3.80,0.68,0.14,2.17,0.39,0.08,0,0
2025-03-05 03:46:51.514,3.80,0.68,0.14,2.17,0.39,0.08,0,0
2025-03-05 03:46:51.533,3.80,0.68,0.14,2.17,0.39,0.08,0,0
2025-03-05 03:46:51.555,3.80,0.68,0.14,2.17,0.39,0.08,0,0
2025-03-05 03:46:51.577,3.80,0.68,0.14,2.17,0.39,0.08,0,0
2025-03-05 03:46:51.595,3.80,0.68,0.14,2.17,0.39,0.08,0,0
2025-03-05 03:46:51.615,3.80,0.68,0.14,2.17,0.39,0.08,0,0
2025-03-05 03:46:51.636,3.80,0.68,0.14,2.17,0.39,0.08,0,0
2025-03-05 03:46:51.655,3.80,0.68,0.14,2.17,0.39,0.08,0,0
2025-03-05 03:46:51.676,3.80,0.68,0.14,2.17,0.39,0.08,0,0
2025-03-05 03:46:51.699,3.80,0.68,0.14,2.17,0.39,0.08,0,0
2025-03-05 03:46:51.716,3.80,0.68,0.14,2.17,0.39,0.08,0,0
2025-03-05 03:46:51.734,3.80,0.68,0.14,2.17,0.39,0.08,0,0
2025-03-05 03:46:51.755,3.80,0.68,0.14,2.17,0.39,0.08,0,0
2025-03-05 03:46:51.776,3.80,0.68,0.14,2.17,0.39,0.08,0,0
2025-03-05 03:46:51.794,3.80,0.68,0.14,2.17,0.39,0.08,0,0
2025-03-05 03:46:51.816,3.80,0.68,0.14,2.17,0.39,0.08,0,0
2025-03-05 03:46:51.835,3.80,0.68,0.14,2.17,0.39,0.08,0,0
2025-03-05 03:46:51.856,3.80,0.68,0.14,2.17,0.39,0.08,0,0
2025-03-05 03:46:51.872,3.80,0.68,0.14,2.17,0.39,0.08,0,0
2025-03-05 03:46:51.892,3.80,0.68,0.14,2.17,0.39,0.08,0,0
2025-03-05 03:46:51.915,3.80,0.68,0.14,2.17,0.39,0.08,0,0
2025-03-05 03:46:51.931,3.80,0.68,0.14,2.17,0.39,0.08,0,0
2025-03-05 03:46:51.953,3.80,0.68,0.14,2.17,0.39,0.08,0,0
2025-03-05 03:46:51.973,3.80,0.68,0.14,2.17,0.39,0.08,0,0
2025-03-05 03:46:51.990,3.80,0.68,0.14,2.17,0.39,0.08,0,0
2025-03-05 03:46:52.012,3.80,0.68,0.14,2.17,0.39,0.08,0,0
2025-03-05 03:46:52.028,3.80,0.68,0.14,2.17,0.39,0.08,0,0
2025-03-05 03:46:52.051,3.80,0.68,0.14,2.17,0.39,0.08,0,0
2025-03-05 03:46:52.067,3.80,0.68,0.14,2.17,0.39,0.08,0,0
2025-03-05 03:46:52.089,3.80,0.68,0.14,2.17,0.39,0.08,0,0
2025-03-05 03:46:52.106,3.80,0.68,0.14,2.17,0.39,0.08,0,0
2025-03-05 03:46:52.131,3.80,0.68,0.14,2.17,0.39,0.08,0,0
2025-03-05 03:46:52.149,3.80,0.68,0.14,2.17,0.39,0.08,0,0
2025-03-05 03:46:52.166,3.80,0.68,0.14,2.17,0.39,0.08,0,0
2025-03-05 03:46:52.186,3.80,0.68,0.14,2.17,0.39,0.08,0,0
2025-03-05 03:46:52.203,3.80,0.68,0.14,2.17,0.39,0.08,0,0
2025-03-05 03:46:52.222,3.80,0.68,0.14,2.17,0.39,0.08,0,0
2025-03-05 03:46:52.245,3.80,0.68,0.14,2.17,0.39,0.08,0,0
2025-03-05 03:46:52.263,3.80,0.68,0.14,2.17,0.39,0.08,0,0
2025-03-05 03:46:52.282,3.80,0.68,0.14,2.17,0.39,0.08,0,0
2025-03-05 03:46:52.299,3.80,0.68,0.14,2.17,0.39,0.08,0,0
2025-03-05 03:46:52.320,3.80,0.68,0.14,2.17,0.39,0.08,0,0
2025-03-05 03:46:52.344,3.80,0.68,0.14,2.17,0.39,0.08,0,0
2025-03-05 03:46:52.362,3.80,0.68,0.14,2.17,0.39,0.08,0,0
2025-03-05 03:46:52.384,8.00,1.54,0.32,4.85,0.93,0.19,0,0
2025-03-05 03:46:52.405,8.00,1.54,0.32,4.85,0.93,0.19,0,0
2025-03-05 03:46:52.428,8.00,1.54,0.32,4.85,0.93,0.19,0,0
2025-03-05 03:46:52.446,8.00,1.54,0.32,4.85,0.93,0.19,0,0
2025-03-05 03:46:52.471,8.00,1.54,0.32,4.85,0.93,0.19,0,0
2025-03-05 03:46:52.490,8.00,1.54,0.32,4.85,0.93,0.19,0,0
2025-03-05 03:46:52.512,8.00,1.54,0.32,4.85,0.93,0.19,0,0
2025-03-05 03:46:52.529,8.00,1.54,0.32,4.85,0.93,0.19,0,0
2025-03-05 03:46:52.555,8.00,1.54,0.32,4.85,0.93,0.19,0,0
2025-03-05 03:46:52.571,8.00,1.54,0.32,4.85,0.93,0.19,0,0
2025-03-05 03:46:52.590,8.00,1.54,0.32,4.85,0.93,0.19,0,0
2025-03-05 03:46:52.609,8.00,1.54,0.32,4.85,0.93,0.19,0,0
2025-03-05 03:46:52.627,8.00,1.54,0.32,4.85,0.93,0.19,0,0
2025-03-05 03:46:52.649,8.00,1.54,0.32,4.85,0.93,0.19,0,0
2025-03-05 03:46:52.666,8.00,1.54,0.32,4.85,0.93,0.19,0,0
2025-03-05 03:46:52.688,8.00,1.54,0.32,4.85,0.93,0.19,0,0
2025-03-05 03:46:52.708,8.00,1.54,0.32,4.85,0.93,0.19,0,0
2025-03-05 03:46:52.728,8.00,1.54,0.32,4.85,0.93,0.19,0,0
2025-03-05 03:46:52.753,8.00,1.54,0.32,4.85,0.93,0.19,0,0
2025-03-05 03:46:52.770,8.00,1.54,0.32,4.85,0.93,0.19,0,0
2025-03-05 03:46:52.790,8.00,1.54,0.32,4.85,0.93,0.19,0,0
2025-03-05 03:46:52.812,8.00,1.54,0.32,4.85,0.93,0.19,0,0
2025-03-05 03:46:52.845,8.00,1.54,0.32,4.85,0.93,0.19,0,0
2025-03-05 03:46:53.398,8.00,1.54,0.32,4.85,0.93,0.19,0,0
2025-03-05 03:46:53.417,8.00,1.54,0.32,4.85,0.93,0.19,0,0
2025-03-05 03:46:53.447,8.00,1.54,0.32,4.85,0.93,0.19,0,0
2025-03-05 03:46:53.473,8.00,1.54,0.32,4.85,0.93,0.19,0,0
2025-03-05 03:46:53.489,8.00,1.54,0.32,4.85,0.93,0.19,0,0
2025-03-05 03:46:53.516,8.00,1.54,0.32,4.85,0.93,0.19,0,0
2025-03-05 03:46:53.532,8.00,1.54,0.32,4.85,0.93,0.19,0,0
2025-03-05 03:46:53.551,8.00,1.54,0.32,4.85,0.93,0.19,0,0
2025-03-05 03:46:53.570,8.00,1.54,0.32,4.85,0.93,0.19,0,0
2025-03-05 03:46:53.589,8.00,1.54,0.32,4.85,0.93,0.19,0,0
2025-03-05 03:46:53.611,8.00,1.54,0.32,4.85,0.93,0.19,0,0
2025-03-05 03:46:53.629,8.00,1.54,0.32,4.85,0.93,0.19,0,0
2025-03-05 03:46:53.651,8.00,1.54,0.32,4.85,0.93,0.19,0,0
2025-03-05 03:46:53.669,8.00,1.54,0.32,4.85,0.93,0.19,0,0
2025-03-05 03:46:53.691,8.00,1.54,0.32,4.85,0.93,0.19,0,0
2025-03-05 03:46:53.708,8.00,1.54,0.32,4.85,0.93,0.19,0,0
2025-03-05 03:46:53.728,8.00,1.54,0.32,4.85,0.93,0.19,0,0
2025-03-05 03:46:53.754,8.00,1.54,0.32,4.85,0.93,0.19,0,0
2025-03-05 03:46:53.777,8.00,1.54,0.32,4.85,0.93,0.19,0,0
2025-03-05 03:46:53.794,8.00,1.54,0.32,4.85,0.93,0.19,0,0
2025-03-05 03:46:53.815,8.00,1.54,0.32,4.85,0.93,0.19,0,0
2025-03-05 03:46:53.833,8.00,1.54,0.32,4.85,0.93,0.19,0,0
2025-03-05 03:46:53.851,8.00,1.54,0.32,4.85,0.93,0.19,0,0
2025-03-05 03:46:53.869,8.00,1.54,0.32,4.85,0.93,0.19,0,0
2025-03-05 03:46:53.888,8.00,1.54,0.32,4.85,0.93,0.19,0,0
2025-03-05 03:46:53.908,8.00,1.54,0.32,4.85,0.93,0.19,0,0
2025-03-05 03:46:53.929,8.00,1.54,0.32,4.85,0.93,0.19,0,0
2025-03-05 03:46:53.946,8.00,1.54,0.32,4.85,0.93,0.19,0,0
2025-03-05 03:46:53.969,8.00,1.54,0.32,4.85,0.93,0.19,0,0
2025-03-05 03:46:53.993,8.00,1.54,0.32,4.85,0.93,0.19,0,0
2025-03-05 03:46:54.010,8.00,1.54,0.32,4.85,0.93,0.19,0,0
2025-03-05 03:46:54.034,8.00,1.54,0.32,4.85,0.93,0.19,0,0
2025-03-05 03:46:54.059,8.00,1.54,0.32,4.85,0.93,0.19,0,0
2025-03-05 03:46:54.078,8.00,1.54,0.32,4.85,0.93,0.19,0,0
2025-03-05 03:46:54.097,8.00,1.54,0.32,4.85,0.93,0.19,0,0
2025-03-05 03:46:54.119,8.00,1.54,0.32,4.85,0.93,0.19,0,0
2025-03-05 03:46:54.137,8.00,1.54,0.32,4.85,0.93,0.19,0,0
2025-03-05 03:46:54.160,8.00,1.54,0.32,4.85,0.93,0.19,0,0
2025-03-05 03:46:54.178,8.00,1.54,0.32,4.85,0.93,0.19,0,0
2025-03-05 03:46:54.201,8.00,1.54,0.32,4.85,0.93,0.19,0,0
2025-03-05 03:46:54.219,8.00,1.54,0.32,4.85,0.93,0.19,0,0
2025-03-05 03:46:54.235,8.00,1.54,0.32,4.85,0.93,0.19,0,0
2025-03-05 03:46:54.274,8.00,1.54,0.32,4.85,0.93,0.19,0,0
2025-03-05 03:46:54.295,8.00,1.54,0.32,4.85,0.93,0.19,0,0
2025-03-05 03:46:54.317,8.00,1.54,0.32,4.85,0.93,0.19,0,0
2025-03-05 03:46:54.336,8.00,1.54,0.32,4.85,0.93,0.19,0,0
2025-03-05 03:46:54.357,8.00,1.54,0.32,4.85,0.93,0.19,0,0
2025-03-05 03:46:54.372,15.97,3.19,0.68,10.68,2.11,0.44,0,0
2025-03-05 03:46:54.394,15.97,3.19,0.68,10.68,2.11,0.44,0,0
2025-03-05 03:46:54.415,15.97,3.19,0.68,10.68,2.11,0.44,0,0
2025-03-05 03:46:54.440,15.97,3.19,0.68,10.68,2.11,0.44,0,0
2025-03-05 03:46:54.459,15.97,3.19,0.68,10.68,2.11,0.44,0,0
2025-03-05 03:46:54.482,15.97,3.19,0.68,10.68,2.11,0.44,0,0
2025-03-05 03:46:54.500,15.97,3.19,0.68,10.68,2.11,0.44,0,0
2025-03-05 03:46:54.524,15.97,3.19,0.68,10.68,2.11,0.44,0,0
2025-03-05 03:46:54.544,15.97,3.19,0.68,10.68,2.11,0.44,0,0
2025-03-05 03:46:54.567,15.97,3.19,0.68,10.68,2.11,0.44,0,0
2025-03-05 03:46:54.585,15.97,3.19,0.68,10.68,2.11,0.44,0,0
2025-03-05 03:46:54.607,15.97,3.19,0.68,10.68,2.11,0.44,0,0
2025-03-05 03:46:54.627,15.97,3.19,0.68,10.68,2.11,0.44,0,0
2025-03-05 03:46:54.646,15.97,3.19,0.68,10.68,2.11,0.44,0,0
2025-03-05 03:46:54.669,15.97,3.19,0.68,10.68,2.11,0.44,0,0
2025-03-05 03:46:54.688,15.97,3.19,0.68,10.68,2.11,0.44,0,0
2025-03-05 03:46:54.710,15.97,3.19,0.68,10.68,2.11,0.44,0,0
2025-03-05 03:46:54.729,15.97,3.19,0.68,10.68,2.11,0.44,0,0
2025-03-05 03:46:54.753,15.97,3.19,0.68,10.68,2.11,0.44,0,0
2025-03-05 03:46:54.775,15.97,3.19,0.68,10.68,2.11,0.44,0,0
2025-03-05 03:46:54.794,15.97,3.19,0.68,10.68,2.11,0.44,0,0
2025-03-05 03:46:54.815,15.97,3.19,0.68,10.68,2.11,0.44,0,0
2025-03-05 03:46:54.832,15.97,3.19,0.68,10.68,2.11,0.44,0,0
2025-03-05 03:46:54.857,15.97,3.19,0.68,10.68,2.11,0.44,0,0
2025-03-05 03:46:54.878,15.97,3.19,0.68,10.68,2.11,0.44,0,0
2025-03-05 03:46:54.897,15.97,3.19,0.68,10.68,2.11,0.44,0,0
2025-03-05 03:46:54.920,15.97,3.19,0.68,10.68,2.11,0.44,0,0
2025-03-05 03:46:54.938,15.97,3.19,0.68,10.68,2.11,0.44,0,0
2025-03-05 03:46:54.956,15.97,3.19,0.68,10.68,2.11,0.44,0,0
2025-03-05 03:46:54.978,15.97,3.19,0.68,10.68,2.11,0.44,0,0
2025-03-05 03:46:54.996,15.97,3.19,0.68,10.68,2.11,0.44,0,0
2025-03-05 03:46:55.020,15.97,3.19,0.68,10.68,2.11,0.44,0,0
2025-03-05 03:46:55.042,15.97,3.19,0.68,10.68,2.11,0.44,0,0
2025-03-05 03:46:55.060,15.97,3.19,0.68,10.68,2.11,0.44,0,0
2025-03-05 03:46:55.079,15.97,3.19,0.68,10.68,2.11,0.44,0,0
2025-03-05 03:46:55.098,15.97,3.19,0.68,10.68,2.11,0.44,0,0
2025-03-05 03:46:55.120,15.97,3.19,0.68,10.68,2.11,0.44,0,0
2025-03-05 03:46:55.138,15.97,3.19,0.68,10.68,2.11,0.44,0,0
2025-03-05 03:46:55.161,15.97,3.19,0.68,10.68,2.11,0.44,0,0
2025-03-05 03:46:55.180,15.97,3.19,0.68,10.68,2.11,0.44,0,0
2025-03-05 03:46:55.202,15.97,3.19,0.68,10.68,2.11,0.44,0,0
2025-03-05 03:46:55.224,15.97,3.19,0.68,10.68,2.11,0.44,0,0
2025-03-05 03:46:55.245,15.97,3.19,0.68,10.68,2.11,0.44,0,0
2025-03-05 03:46:55.264,15.97,3.19,0.68,10.68,2.11,0.44,0,0
2025-03-05 03:46:55.282,15.97,3.19,0.68,10.68,2.11,0.44,0,0
2025-03-05 03:46:55.301,15.97,3.19,0.68,10.68,2.11,0.44,0,0
2025-03-05 03:46:55.324,15.97,3.19,0.68,10.68,2.11,0.44,0,0
2025-03-05 03:46:55.346,15.97,3.19,0.68,10.68,2.11,0.44,0,0
2025-03-05 03:46:55.365,15.97,3.19,0.68,10.68,2.11,0.44,0,0
2025-03-05 03:46:55.388,15.97,3.19,0.68,10.68,2.11,0.44,0,0
2025-03-05 03:46:55.407,15.97,3.19,0.68,10.68,2.11,0.44,0,0
2025-03-05 03:46:55.426,15.97,3.19,0.68,10.68,2.11,0.44,0,0
2025-03-05 03:46:55.446,15.97,3.19,0.68,10.68,2.11,0.44,0,0
2025-03-05 03:46:55.465,15.97,3.19,0.68,10.68,2.11,0.44,0,0
2025-03-05 03:46:55.486,15.97,3.19,0.68,10.68,2.11,0.44,0,0
2025-03-05 03:46:55.508,15.97,3.19,0.68,10.68,2.11,0.44,0,0
2025-03-05 03:46:55.525,15.97,3.19,0.68,10.68,2.11,0.44,0,0
2025-03-05 03:46:55.544,15.97,3.19,0.68,10.68,2.11,0.44,0,0
2025-03-05 03:46:55.561,15.97,3.19,0.68,10.68,2.11,0.44,0,0
2025-03-05 03:46:55.580,15.97,3.19,0.68,10.68,2.11,0.44,0,0
2025-03-05 03:46:55.597,15.97,3.19,0.68,10.68,2.11,0.44,0,0
2025-03-05 03:46:55.615,15.97,3.19,0.68,10.68,2.11,0.44,0,0
2025-03-05 03:46:55.632,15.97,3.19,0.68,10.68,2.11,0.44,0,0
2025-03-05 03:46:55.650,15.97,3.19,0.68,10.68,2.11,0.44,0,0
2025-03-05 03:46:55.669,15.97,3.19,0.68,10.68,2.11,0.44,0,0
2025-03-05 03:46:55.687,15.97,3.19,0.68,10.68,2.11,0.44,0,0
2025-03-05 03:46:55.706,15.97,3.19,0.68,10.68,2.11,0.44,0,0
2025-03-05 03:46:55.724,15.97,3.19,0.68,10.68,2.11,0.44,0,0
2025-03-05 03:46:55.744,15.97,3.19,0.68,10.68,2.11,0.44,0,0
2025-03-05 03:46:55.764,15.97,3.19,0.68,10.68,2.11,0.44,0,0
2025-03-05 03:46:55.784,15.97,3.19,0.68,10.68,2.11,0.44,0,0
2025-03-05 03:46:55.802,15.97,3.19,0.68,10.68,2.11,0.44,0,0
2025-03-05 03:46:55.821,15.97,3.19,0.68,10.68,2.11,0.44,0,0
2025-03-05 03:46:55.841,15.97,3.19,0.68,10.68,2.11,0.44,0,0
2025-03-05 03:46:55.860,15.97,3.19,0.68,10.68,2.11,0.44,0,0
2025-03-05 03:46:55.879,15.97,3.19,0.68,10.68,2.11,0.44,0,0
2025-03-05 03:46:55.897,15.97,3.19,0.68,10.68,2.11,0.44,0,0
2025-03-05 03:46:55.916,15.97,3.19,0.68,10.68,2.11,0.44,0,0
2025-03-05 03:46:55.933,15.97,3.19,0.68,10.68,2.11,0.44,0,0
2025-03-05 03:46:55.952,15.97,3.19,0.68,10.68,2.11,0.44,0,0
2025-03-05 03:46:55.972,15.97,3.19,0.68,10.68,2.11,0.44,0,0
2025-03-05 03:46:55.991,15.97,3.19,0.68,10.68,2.11,0.44,0,0
2025-03-05 03:46:56.010,15.97,3.19,0.68,10.68,2.11,0.44,0,0
2025-03-05 03:46:56.029,15.97,3.19,0.68,10.68,2.11,0.44,0,0
2025-03-05 03:46:56.048,15.97,3.19,0.68,10.68,2.11,0.44,0,0
2025-03-05 03:46:56.065,15.97,3.19,0.68,10.68,2.11,0.44,0,0
2025-03-05 03:46:56.086,15.97,3.19,0.68,10.68,2.11,0.44,0,0
2025-03-05 03:46:56.103,15.97,3.19,0.68,10.68,2.11,0.44,0,0
2025-03-05 03:46:56.122,15.97,3.19,0.68,10.68,2.11,0.44,0,0
2025-03-05 03:46:56.140,15.97,3.19,0.68,10.68,2.11,0.44,0,0
2025-03-05 03:46:56.163,15.97,3.19,0.68,10.68,2.11,0.44,0,0
2025-03-05 03:46:56.190,15.97,3.19,0.68,10.68,2.11,0.44,0,0
2025-03-05 03:46:56.208,15.97,3.19,0.68,10.68,2.11,0.44,0,0
2025-03-05 03:46:56.230,15.97,3.19,0.68,10.68,2.11,0.44,0,0
2025-03-05 03:46:56.252,15.97,3.19,0.68,10.68,2.11,0.44,0,0
2025-03-05 03:46:56.272,15.97,3.19,0.68,10.68,2.11,0.44,0,0
2025-03-05 03:46:56.291,15.97,3.19,0.68,10.68,2.11,0.44,0,0
2025-03-05 03:46:56.310,15.97,3.19,0.68,10.68,2.11,0.44,0,0
2025-03-05 03:46:56.332,15.97,3.19,0.68,10.68,2.11,0.44,0,0
