Timestamp,Some (avg10),Some (avg60),Some (avg300),Full (avg10),Full (avg60),Full (avg300),OOM Kills,OOM Failures
2025-03-05 03:42:53.429,0.00,0.00,0.00,0.00,0.00,0.00,0,0
2025-03-05 03:42:53.451,0.00,0.00,0.00,0.00,0.00,0.00,0,0
2025-03-05 03:42:53.472,0.00,0.00,0.00,0.00,0.00,0.00,0,0
2025-03-05 03:42:53.495,0.00,0.00,0.00,0.00,0.00,0.00,0,0
2025-03-05 03:42:53.516,0.00,0.00,0.00,0.00,0.00,0.00,0,0
2025-03-05 03:42:53.540,0.00,0.00,0.00,0.00,0.00,0.00,0,0
2025-03-05 03:42:53.556,0.00,0.00,0.00,0.00,0.00,0.00,0,0
2025-03-05 03:42:53.580,0.00,0.00,0.00,0.00,0.00,0.00,0,0
2025-03-05 03:42:53.597,0.00,0.00,0.00,0.00,0.00,0.00,0,0
2025-03-05 03:42:53.625,0.00,0.00,0.00,0.00,0.00,0.00,0,0
2025-03-05 03:42:53.650,0.00,0.00,0.00,0.00,0.00,0.00,0,0
2025-03-05 03:42:53.669,0.00,0.00,0.00,0.00,0.00,0.00,0,0
2025-03-05 03:42:53.693,0.00,0.00,0.00,0.00,0.00,0.00,0,0
2025-03-05 03:42:53.709,0.00,0.00,0.00,0.00,0.00,0.00,0,0
2025-03-05 03:42:53.729,0.00,0.00,0.00,0.00,0.00,0.00,0,0
2025-03-05 03:42:53.755,0.00,0.00,0.00,0.00,0.00,0.00,0,0
2025-03-05 03:42:53.774,0.00,0.00,0.00,0.00,0.00,0.00,0,0
2025-03-05 03:42:53.797,0.00,0.00,0.00,0.00,0.00,0.00,0,0
2025-03-05 03:42:53.814,0.00,0.00,0.00,0.00,0.00,0.00,0,0
2025-03-05 03:42:53.837,0.00,0.00,0.00,0.00,0.00,0.00,0,0
2025-03-05 03:42:53.856,0.00,0.00,0.00,0.00,0.00,0.00,0,0
2025-03-05 03:42:53.878,0.00,0.00,0.00,0.00,0.00,0.00,0,0
2025-03-05 03:42:53.896,0.00,0.00,0.00,0.00,0.00,0.00,0,0
2025-03-05 03:42:53.922,0.00,0.00,0.00,0.00,0.00,0.00,0,0
2025-03-05 03:42:53.945,0.00,0.00,0.00,0.00,0.00,0.00,0,0
2025-03-05 03:42:53.965,0.00,0.00,0.00,0.00,0.00,0.00,0,0
2025-03-05 03:42:53.985,0.00,0.00,0.00,0.00,0.00,0.00,0,0
2025-03-05 03:42:54.007,0.00,0.00,0.00,0.00,0.00,0.00,0,0
2025-03-05 03:42:54.027,0.00,0.00,0.00,0.00,0.00,0.00,0,0
2025-03-05 03:42:54.044,0.00,0.00,0.00,0.00,0.00,0.00,0,0
2025-03-05 03:42:54.068,0.00,0.00,0.00,0.00,0.00,0.00,0,0
2025-03-05 03:42:54.086,0.00,0.00,0.00,0.00,0.00,0.00,0,0
2025-03-05 03:42:54.107,0.00,0.00,0.00,0.00,0.00,0.00,0,0
2025-03-05 03:42:54.128,0.00,0.00,0.00,0.00,0.00,0.00,0,0
2025-03-05 03:42:54.144,0.00,0.00,0.00,0.00,0.00,0.00,0,0
2025-03-05 03:42:54.167,0.00,0.00,0.00,0.00,0.00,0.00,0,0
2025-03-05 03:42:54.187,0.00,0.00,0.00,0.00,0.00,0.00,0,0
2025-03-05 03:42:54.206,0.00,0.00,0.00,0.00,0.00,0.00,0,0
2025-03-05 03:42:54.231,0.00,0.00,0.00,0.00,0.00,0.00,0,0
2025-03-05 03:42:54.255,0.00,0.00,0.00,0.00,0.00,0.00,0,0
2025-03-05 03:42:54.273,0.00,0.00,0.00,0.00,0.00,0.00,0,0
2025-03-05 03:42:54.297,0.00,0.00,0.00,0.00,0.00,0.00,0,0
2025-03-05 03:42:54.315,0.00,0.00,0.00,0.00,0.00,0.00,0,0
2025-03-05 03:42:54.333,0.00,0.00,0.00,0.00,0.00,0.00,0,0
2025-03-05 03:42:54.351,0.00,0.00,0.00,0.00,0.00,0.00,0,0
2025-03-05 03:42:54.375,0.00,0.00,0.00,0.00,0.00,0.00,0,0
2025-03-05 03:42:54.402,0.00,0.00,0.00,0.00,0.00,0.00,0,0
2025-03-05 03:42:54.423,0.00,0.00,0.00,0.00,0.00,0.00,0,0
2025-03-05 03:42:54.440,0.00,0.00,0.00,0.00,0.00,0.00,0,0
2025-03-05 03:42:54.462,0.00,0.00,0.00,0.00,0.00,0.00,0,0
2025-03-05 03:42:54.481,0.00,0.00,0.00,0.00,0.00,0.00,0,0
2025-03-05 03:42:54.499,0.00,0.00,0.00,0.00,0.00,0.00,0,0
2025-03-05 03:42:54.519,0.00,0.00,0.00,0.00,0.00,0.00,0,0
2025-03-05 03:42:54.543,0.00,0.00,0.00,0.00,0.00,0.00,0,0
2025-03-05 03:42:54.560,0.00,0.00,0.00,0.00,0.00,0.00,0,0
2025-03-05 03:42:54.584,0.00,0.00,0.00,0.00,0.00,0.00,0,0
2025-03-05 03:42:54.601,0.00,0.00,0.00,0.00,0.00,0.00,0,0
2025-03-05 03:42:54.621,0.00,0.00,0.00,0.00,0.00,0.00,0,0
2025-03-05 03:42:54.641,0.00,0.00,0.00,0.00,0.00,0.00,0,0
2025-03-05 03:42:54.659,0.00,0.00,0.00,0.00,0.00,0.00,0,0
2025-03-05 03:42:54.677,0.00,0.00,0.00,0.00,0.00,0.00,0,0
2025-03-05 03:42:54.695,0.00,0.00,0.00,0.00,0.00,0.00,0,0
2025-03-05 03:42:54.713,0.00,0.00,0.00,0.00,0.00,0.00,0,0
2025-03-05 03:42:54.732,0.00,0.00,0.00,0.00,0.00,0.00,0,0
2025-03-05 03:42:54.754,0.00,0.00,0.00,0.00,0.00,0.00,0,0
2025-03-05 03:42:54.775,0.00,0.00,0.00,0.00,0.00,0.00,0,0
2025-03-05 03:42:54.793,0.00,0.00,0.00,0.00,0.00,0.00,0,0
2025-03-05 03:42:54.813,0.00,0.00,0.00,0.00,0.00,0.00,0,0
2025-03-05 03:42:54.831,0.00,0.00,0.00,0.00,0.00,0.00,0,0
2025-03-05 03:42:54.851,0.00,0.00,0.00,0.00,0.00,0.00,0,0
2025-03-05 03:42:54.870,0.00,0.00,0.00,0.00,0.00,0.00,0,0
2025-03-05 03:42:54.888,0.00,0.00,0.00,0.00,0.00,0.00,0,0
2025-03-05 03:42:54.907,0.00,0.00,0.00,0.00,0.00,0.00,0,0
2025-03-05 03:42:54.926,0.00,0.00,0.00,0.00,0.00,0.00,0,0
2025-03-05 03:42:54.945,0.00,0.00,0.00,0.00,0.00,0.00,0,0
2025-03-05 03:42:54.963,0.00,0.00,0.00,0.00,0.00,0.00,0,0
2025-03-05 03:42:54.982,0.00,0.00,0.00,0.00,0.00,0.00,0,0
2025-03-05 03:42:55.000,0.00,0.00,0.00,0.00,0.00,0.00,0,0
2025-03-05 03:42:55.020,0.00,0.00,0.00,0.00,0.00,0.00,0,0
2025-03-05 03:42:55.043,0.00,0.00,0.00,0.00,0.00,0.00,0,0
2025-03-05 03:42:55.067,0.00,0.00,0.00,0.00,0.00,0.00,0,0
2025-03-05 03:42:55.086,0.00,0.00,0.00,0.00,0.00,0.00,0,0
2025-03-05 03:42:55.104,0.00,0.00,0.00,0.00,0.00,0.00,0,0
2025-03-05 03:42:55.124,0.00,0.00,0.00,0.00,0.00,0.00,0,0
2025-03-05 03:42:55.143,0.00,0.00,0.00,0.00,0.00,0.00,0,0
2025-03-05 03:42:55.162,0.00,0.00,0.00,0.00,0.00,0.00,0,0
2025-03-05 03:42:55.180,0.00,0.00,0.00,0.00,0.00,0.00,0,0
2025-03-05 03:42:55.201,0.00,0.00,0.00,0.00,0.00,0.00,0,0
2025-03-05 03:42:55.219,0.00,0.00,0.00,0.00,0.00,0.00,0,0
2025-03-05 03:42:55.240,0.00,0.00,0.00,0.00,0.00,0.00,0,0
2025-03-05 03:42:55.255,0.00,0.00,0.00,0.00,0.00,0.00,0,0
2025-03-05 03:42:55.279,0.00,0.00,0.00,0.00,0.00,0.00,0,0
2025-03-05 03:42:55.299,0.00,0.00,0.00,0.00,0.00,0.00,0,0
2025-03-05 03:42:55.316,0.00,0.00,0.00,0.00,0.00,0.00,0,0
2025-03-05 03:42:55.338,0.00,0.00,0.00,0.00,0.00,0.00,0,0
2025-03-05 03:42:55.354,0.00,0.00,0.00,0.00,0.00,0.00,0,0
2025-03-05 03:42:55.375,0.00,0.00,0.00,0.00,0.00,0.00,0,0
2025-03-05 03:42:55.393,0.00,0.00,0.00,0.00,0.00,0.00,0,0
2025-03-05 03:42:55.413,0.00,0.00,0.00,0.00,0.00,0.00,0,0
2025-03-05 03:42:55.440,0.00,0.00,0.00,0.00,0.00,0.00,0,0
2025-03-05 03:42:55.463,0.00,0.00,0.00,0.00,0.00,0.00,0,0
2025-03-05 03:42:55.499,0.00,0.00,0.00,0.00,0.00,0.00,0,0
2025-03-05 03:42:55.521,0.00,0.00,0.00,0.00,0.00,0.00,0,0
2025-03-05 03:42:55.561,0.00,0.00,0.00,0.00,0.00,0.00,0,0
2025-03-05 03:42:55.579,0.00,0.00,0.00,0.00,0.00,0.00,0,0
2025-03-05 03:42:55.607,0.00,0.00,0.00,0.00,0.00,0.00,0,0
2025-03-05 03:42:55.641,0.00,0.00,0.00,0.00,0.00,0.00,0,0
2025-03-05 03:42:55.663,0.00,0.00,0.00,0.00,0.00,0.00,0,0
2025-03-05 03:42:55.683,0.00,0.00,0.00,0.00,0.00,0.00,0,0
2025-03-05 03:42:55.703,0.00,0.00,0.00,0.00,0.00,0.00,0,0
2025-03-05 03:42:55.719,0.00,0.00,0.00,0.00,0.00,0.00,0,0
2025-03-05 03:42:55.741,0.00,0.00,0.00,0.00,0.00,0.00,0,0
2025-03-05 03:42:55.766,0.00,0.00,0.00,0.00,0.00,0.00,0,0
2025-03-05 03:42:55.789,0.00,0.00,0.00,0.00,0.00,0.00,0,0
2025-03-05 03:42:55.809,0.00,0.00,0.00,0.00,0.00,0.00,0,0
2025-03-05 03:42:55.831,0.00,0.00,0.00,0.00,0.00,0.00,0,0
2025-03-05 03:42:55.848,0.00,0.00,0.00,0.00,0.00,0.00,0,0
2025-03-05 03:42:55.873,0.00,0.00,0.00,0.00,0.00,0.00,0,0
2025-03-05 03:42:55.893,0.00,0.00,0.00,0.00,0.00,0.00,0,0
2025-03-05 03:42:55.910,0.00,0.00,0.00,0.00,0.00,0.00,0,0
2025-03-05 03:42:55.927,0.00,0.00,0.00,0.00,0.00,0.00,0,0
2025-03-05 03:42:55.950,0.00,0.00,0.00,0.00,0.00,0.00,0,0
2025-03-05 03:42:55.967,0.00,0.00,0.00,0.00,0.00,0.00,0,0
2025-03-05 03:42:55.986,0.00,0.00,0.00,0.00,0.00,0.00,0,0
2025-03-05 03:42:56.005,0.00,0.00,0.00,0.00,0.00,0.00,0,0
2025-03-05 03:42:56.028,0.00,0.00,0.00,0.00,0.00,0.00,0,0
2025-03-05 03:42:56.051,0.00,0.00,0.00,0.00,0.00,0.00,0,0
2025-03-05 03:42:56.070,0.00,0.00,0.00,0.00,0.00,0.00,0,0
2025-03-05 03:42:56.089,0.00,0.00,0.00,0.00,0.00,0.00,0,0
2025-03-05 03:42:56.114,0.00,0.00,0.00,0.00,0.00,0.00,0,0
2025-03-05 03:42:56.134,0.00,0.00,0.00,0.00,0.00,0.00,0,0
2025-03-05 03:42:56.151,0.00,0.00,0.00,0.00,0.00,0.00,0,0
2025-03-05 03:42:56.175,0.00,0.00,0.00,0.00,0.00,0.00,0,0
2025-03-05 03:42:56.191,0.00,0.00,0.00,0.00,0.00,0.00,0,0
2025-03-05 03:42:56.213,0.00,0.00,0.00,0.00,0.00,0.00,0,0
2025-03-05 03:42:56.232,0.00,0.00,0.00,0.00,0.00,0.00,0,0
2025-03-05 03:42:56.255,0.00,0.00,0.00,0.00,0.00,0.00,0,0
2025-03-05 03:42:56.271,0.00,0.00,0.00,0.00,0.00,0.00,0,0
2025-03-05 03:42:56.291,0.00,0.00,0.00,0.00,0.00,0.00,0,0
2025-03-05 03:42:56.313,0.00,0.00,0.00,0.00,0.00,0.00,0,0
2025-03-05 03:42:56.330,3.44,0.62,0.12,1.81,0.32,0.06,0,0
2025-03-05 03:42:56.352,3.44,0.62,0.12,1.81,0.32,0.06,0,0
2025-03-05 03:42:56.369,3.44,0.62,0.12,1.81,0.32,0.06,0,0
2025-03-05 03:42:56.391,3.44,0.62,0.12,1.81,0.32,0.06,0,0
2025-03-05 03:42:56.412,3.44,0.62,0.12,1.81,0.32,0.06,0,0
2025-03-05 03:42:56.431,3.44,0.62,0.12,1.81,0.32,0.06,0,0
2025-03-05 03:42:56.450,3.44,0.62,0.12,1.81,0.32,0.06,0,0
2025-03-05 03:42:56.471,3.44,0.62,0.12,1.81,0.32,0.06,0,0
2025-03-05 03:42:56.498,3.44,0.62,0.12,1.81,0.32,0.06,0,0
2025-03-05 03:42:56.517,3.44,0.62,0.12,1.81,0.32,0.06,0,0
2025-03-05 03:42:56.536,3.44,0.62,0.12,1.81,0.32,0.06,0,0
2025-03-05 03:42:56.555,3.44,0.62,0.12,1.81,0.32,0.06,0,0
2025-03-05 03:42:56.578,3.44,0.62,0.12,1.81,0.32,0.06,0,0
2025-03-05 03:42:56.596,3.44,0.62,0.12,1.81,0.32,0.06,0,0
2025-03-05 03:42:56.618,3.44,0.62,0.12,1.81,0.32,0.06,0,0
2025-03-05 03:42:56.640,3.44,0.62,0.12,1.81,0.32,0.06,0,0
2025-03-05 03:42:56.658,3.44,0.62,0.12,1.81,0.32,0.06,0,0
2025-03-05 03:42:56.677,3.44,0.62,0.12,1.81,0.32,0.06,0,0
2025-03-05 03:42:56.695,3.44,0.62,0.12,1.81,0.32,0.06,0,0
2025-03-05 03:42:56.718,3.44,0.62,0.12,1.81,0.32,0.06,0,0
2025-03-05 03:42:56.738,3.44,0.62,0.12,1.81,0.32,0.06,0,0
2025-03-05 03:42:56.763,3.44,0.62,0.12,1.81,0.32,0.06,0,0
2025-03-05 03:42:56.782,3.44,0.62,0.12,1.81,0.32,0.06,0,0
2025-03-05 03:42:56.803,3.44,0.62,0.12,1.81,0.32,0.06,0,0
2025-03-05 03:42:56.825,3.44,0.62,0.12,1.81,0.32,0.06,0,0
2025-03-05 03:42:56.843,3.44,0.62,0.12,1.81,0.32,0.06,0,0
2025-03-05 03:42:56.857,3.44,0.62,0.12,1.81,0.32,0.06,0,0
2025-03-05 03:42:56.879,3.44,0.62,0.12,1.81,0.32,0.06,0,0
2025-03-05 03:42:56.904,3.44,0.62,0.12,1.81,0.32,0.06,0,0
2025-03-05 03:42:56.923,3.44,0.62,0.12,1.81,0.32,0.06,0,0
2025-03-05 03:42:56.943,3.44,0.62,0.12,1.81,0.32,0.06,0,0
2025-03-05 03:42:56.961,3.44,0.62,0.12,1.81,0.32,0.06,0,0
2025-03-05 03:42:56.983,3.44,0.62,0.12,1.81,0.32,0.06,0,0
2025-03-05 03:42:57.000,3.44,0.62,0.12,1.81,0.32,0.06,0,0
2025-03-05 03:42:57.022,3.44,0.62,0.12,1.81,0.32,0.06,0,0
2025-03-05 03:42:57.041,3.44,0.62,0.12,1.81,0.32,0.06,0,0
2025-03-05 03:42:57.062,3.44,0.62,0.12,1.81,0.32,0.06,0,0
2025-03-05 03:42:57.079,3.44,0.62,0.12,1.81,0.32,0.06,0,0
2025-03-05 03:42:57.102,3.44,0.62,0.12,1.81,0.32,0.06,0,0
2025-03-05 03:42:57.124,3.44,0.62,0.12,1.81,0.32,0.06,0,0
2025-03-05 03:42:57.146,3.44,0.62,0.12,1.81,0.32,0.06,0,0
2025-03-05 03:42:57.164,3.44,0.62,0.12,1.81,0.32,0.06,0,0
2025-03-05 03:42:57.184,3.44,0.62,0.12,1.81,0.32,0.06,0,0
2025-03-05 03:42:57.202,3.44,0.62,0.12,1.81,0.32,0.06,0,0
2025-03-05 03:42:57.221,3.44,0.62,0.12,1.81,0.32,0.06,0,0
2025-03-05 03:42:57.243,3.44,0.62,0.12,1.81,0.32,0.06,0,0
2025-03-05 03:42:57.263,3.44,0.62,0.12,1.81,0.32,0.06,0,0
2025-03-05 03:42:57.280,3.44,0.62,0.12,1.81,0.32,0.06,0,0
2025-03-05 03:42:57.303,3.44,0.62,0.12,1.81,0.32,0.06,0,0
2025-03-05 03:42:57.319,3.44,0.62,0.12,1.81,0.32,0.06,0,0
2025-03-05 03:42:57.341,3.44,0.62,0.12,1.81,0.32,0.06,0,0
2025-03-05 03:42:57.360,3.44,0.62,0.12,1.81,0.32,0.06,0,0
2025-03-05 03:42:57.378,3.44,0.62,0.12,1.81,0.32,0.06,0,0
2025-03-05 03:42:57.398,3.44,0.62,0.12,1.81,0.32,0.06,0,0
2025-03-05 03:42:57.414,3.44,0.62,0.12,1.81,0.32,0.06,0,0
2025-03-05 03:42:57.436,3.44,0.62,0.12,1.81,0.32,0.06,0,0
2025-03-05 03:42:57.461,3.44,0.62,0.12,1.81,0.32,0.06,0,0
2025-03-05 03:42:57.477,3.44,0.62,0.12,1.81,0.32,0.06,0,0
2025-03-05 03:42:57.502,3.44,0.62,0.12,1.81,0.32,0.06,0,0
2025-03-05 03:42:57.527,3.44,0.62,0.12,1.81,0.32,0.06,0,0
2025-03-05 03:42:57.549,3.44,0.62,0.12,1.81,0.32,0.06,0,0
2025-03-05 03:42:57.574,3.44,0.62,0.12,1.81,0.32,0.06,0,0
2025-03-05 03:42:57.593,3.44,0.62,0.12,1.81,0.32,0.06,0,0
2025-03-05 03:42:57.610,3.44,0.62,0.12,1.81,0.32,0.06,0,0
2025-03-05 03:42:57.634,3.44,0.62,0.12,1.81,0.32,0.06,0,0
2025-03-05 03:42:57.653,3.44,0.62,0.12,1.81,0.32,0.06,0,0
2025-03-05 03:42:57.674,3.44,0.62,0.12,1.81,0.32,0.06,0,0
2025-03-05 03:42:57.692,3.44,0.62,0.12,1.81,0.32,0.06,0,0
2025-03-05 03:42:57.715,3.44,0.62,0.12,1.81,0.32,0.06,0,0
2025-03-05 03:42:57.731,3.44,0.62,0.12,1.81,0.32,0.06,0,0
2025-03-05 03:42:57.757,3.44,0.62,0.12,1.81,0.32,0.06,0,0
2025-03-05 03:42:57.783,3.44,0.62,0.12,1.81,0.32,0.06,0,0
2025-03-05 03:42:57.802,3.44,0.62,0.12,1.81,0.32,0.06,0,0
2025-03-05 03:42:57.826,3.44,0.62,0.12,1.81,0.32,0.06,0,0
2025-03-05 03:42:57.842,3.44,0.62,0.12,1.81,0.32,0.06,0,0
2025-03-05 03:42:57.867,3.44,0.62,0.12,1.81,0.32,0.06,0,0
2025-03-05 03:42:57.887,3.44,0.62,0.12,1.81,0.32,0.06,0,0
2025-03-05 03:42:57.904,3.44,0.62,0.12,1.81,0.32,0.06,0,0
2025-03-05 03:42:57.926,3.44,0.62,0.12,1.81,0.32,0.06,0,0
2025-03-05 03:42:57.944,3.44,0.62,0.12,1.81,0.32,0.06,0,0
2025-03-05 03:42:57.963,3.44,0.62,0.12,1.81,0.32,0.06,0,0
2025-03-05 03:42:57.986,3.44,0.62,0.12,1.81,0.32,0.06,0,0
2025-03-05 03:42:58.002,3.44,0.62,0.12,1.81,0.32,0.06,0,0
2025-03-05 03:42:58.018,3.44,0.62,0.12,1.81,0.32,0.06,0,0
2025-03-05 03:42:58.037,3.44,0.62,0.12,1.81,0.32,0.06,0,0
2025-03-05 03:42:58.059,3.44,0.62,0.12,1.81,0.32,0.06,0,0
2025-03-05 03:42:58.076,3.44,0.62,0.12,1.81,0.32,0.06,0,0
2025-03-05 03:42:58.092,3.44,0.62,0.12,1.81,0.32,0.06,0,0
2025-03-05 03:42:58.115,3.44,0.62,0.12,1.81,0.32,0.06,0,0
2025-03-05 03:42:58.134,3.44,0.62,0.12,1.81,0.32,0.06,0,0
2025-03-05 03:42:58.156,3.44,0.62,0.12,1.81,0.32,0.06,0,0
2025-03-05 03:42:58.172,3.44,0.62,0.12,1.81,0.32,0.06,0,0
2025-03-05 03:42:58.191,3.44,0.62,0.12,1.81,0.32,0.06,0,0
2025-03-05 03:42:58.217,3.44,0.62,0.12,1.81,0.32,0.06,0,0
2025-03-05 03:42:58.234,3.44,0.62,0.12,1.81,0.32,0.06,0,0
2025-03-05 03:42:58.257,3.44,0.62,0.12,1.81,0.32,0.06,0,0
2025-03-05 03:42:58.274,3.44,0.62,0.12,1.81,0.32,0.06,0,0
2025-03-05 03:42:58.297,3.44,0.62,0.12,1.81,0.32,0.06,0,0
2025-03-05 03:42:58.314,7.89,1.51,0.32,4.38,0.84,0.17,0,0
2025-03-05 03:42:58.338,7.89,1.51,0.32,4.38,0.84,0.17,0,0
2025-03-05 03:42:58.356,7.89,1.51,0.32,4.38,0.84,0.17,0,0
2025-03-05 03:42:58.373,7.89,1.51,0.32,4.38,0.84,0.17,0,0
2025-03-05 03:42:58.394,7.89,1.51,0.32,4.38,0.84,0.17,0,0
2025-03-05 03:42:58.411,7.89,1.51,0.32,4.38,0.84,0.17,0,0
2025-03-05 03:42:58.429,7.89,1.51,0.32,4.38,0.84,0.17,0,0
2025-03-05 03:42:58.452,7.89,1.51,0.32,4.38,0.84,0.17,0,0
2025-03-05 03:42:58.472,7.89,1.51,0.32,4.38,0.84,0.17,0,0
2025-03-05 03:42:58.488,7.89,1.51,0.32,4.38,0.84,0.17,0,0
2025-03-05 03:42:58.510,7.89,1.51,0.32,4.38,0.84,0.17,0,0
2025-03-05 03:42:58.531,7.89,1.51,0.32,4.38,0.84,0.17,0,0
2025-03-05 03:42:58.548,7.89,1.51,0.32,4.38,0.84,0.17,0,0
2025-03-05 03:42:58.574,7.89,1.51,0.32,4.38,0.84,0.17,0,0
2025-03-05 03:42:58.597,7.89,1.51,0.32,4.38,0.84,0.17,0,0
2025-03-05 03:42:58.620,7.89,1.51,0.32,4.38,0.84,0.17,0,0
2025-03-05 03:42:58.640,7.89,1.51,0.32,4.38,0.84,0.17,0,0
2025-03-05 03:42:58.660,7.89,1.51,0.32,4.38,0.84,0.17,0,0
2025-03-05 03:42:58.682,7.89,1.51,0.32,4.38,0.84,0.17,0,0
2025-03-05 03:42:58.700,7.89,1.51,0.32,4.38,0.84,0.17,0,0
2025-03-05 03:42:58.718,7.89,1.51,0.32,4.38,0.84,0.17,0,0
2025-03-05 03:42:58.741,7.89,1.51,0.32,4.38,0.84,0.17,0,0
2025-03-05 03:42:58.760,7.89,1.51,0.32,4.38,0.84,0.17,0,0
2025-03-05 03:42:58.778,7.89,1.51,0.32,4.38,0.84,0.17,0,0
2025-03-05 03:42:58.801,7.89,1.51,0.32,4.38,0.84,0.17,0,0
2025-03-05 03:42:58.823,7.89,1.51,0.32,4.38,0.84,0.17,0,0
2025-03-05 03:42:58.843,7.89,1.51,0.32,4.38,0.84,0.17,0,0
2025-03-05 03:42:59.364,7.89,1.51,0.32,4.38,0.84,0.17,0,0
2025-03-05 03:42:59.389,7.89,1.51,0.32,4.38,0.84,0.17,0,0
2025-03-05 03:42:59.411,7.89,1.51,0.32,4.38,0.84,0.17,0,0
2025-03-05 03:42:59.427,7.89,1.51,0.32,4.38,0.84,0.17,0,0
2025-03-05 03:42:59.452,7.89,1.51,0.32,4.38,0.84,0.17,0,0
2025-03-05 03:42:59.475,7.89,1.51,0.32,4.38,0.84,0.17,0,0
2025-03-05 03:42:59.496,7.89,1.51,0.32,4.38,0.84,0.17,0,0
2025-03-05 03:42:59.517,7.89,1.51,0.32,4.38,0.84,0.17,0,0
2025-03-05 03:42:59.537,7.89,1.51,0.32,4.38,0.84,0.17,0,0
2025-03-05 03:42:59.556,7.89,1.51,0.32,4.38,0.84,0.17,0,0
2025-03-05 03:42:59.576,7.89,1.51,0.32,4.38,0.84,0.17,0,0
2025-03-05 03:42:59.593,7.89,1.51,0.32,4.38,0.84,0.17,0,0
2025-03-05 03:42:59.620,7.89,1.51,0.32,4.38,0.84,0.17,0,0
2025-03-05 03:42:59.639,7.89,1.51,0.32,4.38,0.84,0.17,0,0
2025-03-05 03:42:59.660,7.89,1.51,0.32,4.38,0.84,0.17,0,0
2025-03-05 03:42:59.679,7.89,1.51,0.32,4.38,0.84,0.17,0,0
2025-03-05 03:42:59.699,7.89,1.51,0.32,4.38,0.84,0.17,0,0
2025-03-05 03:42:59.722,7.89,1.51,0.32,4.38,0.84,0.17,0,0
2025-03-05 03:42:59.740,7.89,1.51,0.32,4.38,0.84,0.17,0,0
2025-03-05 03:42:59.765,7.89,1.51,0.32,4.38,0.84,0.17,0,0
2025-03-05 03:42:59.783,7.89,1.51,0.32,4.38,0.84,0.17,0,0
2025-03-05 03:42:59.802,7.89,1.51,0.32,4.38,0.84,0.17,0,0
2025-03-05 03:42:59.825,7.89,1.51,0.32,4.38,0.84,0.17,0,0
2025-03-05 03:42:59.848,7.89,1.51,0.32,4.38,0.84,0.17,0,0
2025-03-05 03:42:59.869,7.89,1.51,0.32,4.38,0.84,0.17,0,0
2025-03-05 03:42:59.886,7.89,1.51,0.32,4.38,0.84,0.17,0,0
2025-03-05 03:42:59.909,7.89,1.51,0.32,4.38,0.84,0.17,0,0
2025-03-05 03:42:59.924,7.89,1.51,0.32,4.38,0.84,0.17,0,0
2025-03-05 03:42:59.946,7.89,1.51,0.32,4.38,0.84,0.17,0,0
2025-03-05 03:42:59.965,7.89,1.51,0.32,4.38,0.84,0.17,0,0
2025-03-05 03:42:59.989,7.89,1.51,0.32,4.38,0.84,0.17,0,0
2025-03-05 03:43:00.006,7.89,1.51,0.32,4.38,0.84,0.17,0,0
2025-03-05 03:43:00.030,7.89,1.51,0.32,4.38,0.84,0.17,0,0
2025-03-05 03:43:00.051,7.89,1.51,0.32,4.38,0.84,0.17,0,0
2025-03-05 03:43:00.069,7.89,1.51,0.32,4.38,0.84,0.17,0,0
2025-03-05 03:43:00.091,7.89,1.51,0.32,4.38,0.84,0.17,0,0
2025-03-05 03:43:00.108,7.89,1.51,0.32,4.38,0.84,0.17,0,0
2025-03-05 03:43:00.126,7.89,1.51,0.32,4.38,0.84,0.17,0,0
2025-03-05 03:43:00.144,7.89,1.51,0.32,4.38,0.84,0.17,0,0
2025-03-05 03:43:00.168,7.89,1.51,0.32,4.38,0.84,0.17,0,0
2025-03-05 03:43:00.190,7.89,1.51,0.32,4.38,0.84,0.17,0,0
2025-03-05 03:43:00.208,7.89,1.51,0.32,4.38,0.84,0.17,0,0
2025-03-05 03:43:00.231,7.89,1.51,0.32,4.38,0.84,0.17,0,0
2025-03-05 03:43:00.251,7.89,1.51,0.32,4.38,0.84,0.17,0,0
2025-03-05 03:43:00.270,7.89,1.51,0.32,4.38,0.84,0.17,0,0
2025-03-05 03:43:00.286,7.89,1.51,0.32,4.38,0.84,0.17,0,0
2025-03-05 03:43:00.313,7.89,1.51,0.32,4.38,0.84,0.17,0,0
2025-03-05 03:43:00.332,14.97,3.00,0.64,9.92,1.95,0.41,0,0
2025-03-05 03:43:00.349,14.97,3.00,0.64,9.92,1.95,0.41,0,0
2025-03-05 03:43:00.369,14.97,3.00,0.64,9.92,1.95,0.41,0,0
2025-03-05 03:43:00.392,14.97,3.00,0.64,9.92,1.95,0.41,0,0
2025-03-05 03:43:00.409,14.97,3.00,0.64,9.92,1.95,0.41,0,0
2025-03-05 03:43:00.428,14.97,3.00,0.64,9.92,1.95,0.41,0,0
2025-03-05 03:43:00.449,14.97,3.00,0.64,9.92,1.95,0.41,0,0
2025-03-05 03:43:00.470,14.97,3.00,0.64,9.92,1.95,0.41,0,0
2025-03-05 03:43:00.493,14.97,3.00,0.64,9.92,1.95,0.41,0,0
2025-03-05 03:43:00.511,14.97,3.00,0.64,9.92,1.95,0.41,0,0
2025-03-05 03:43:00.528,14.97,3.00,0.64,9.92,1.95,0.41,0,0
2025-03-05 03:43:00.545,14.97,3.00,0.64,9.92,1.95,0.41,0,0
2025-03-05 03:43:00.567,14.97,3.00,0.64,9.92,1.95,0.41,0,0
2025-03-05 03:43:00.590,14.97,3.00,0.64,9.92,1.95,0.41,0,0
2025-03-05 03:43:00.610,14.97,3.00,0.64,9.92,1.95,0.41,0,0
2025-03-05 03:43:00.631,14.97,3.00,0.64,9.92,1.95,0.41,0,0
2025-03-05 03:43:00.652,14.97,3.00,0.64,9.92,1.95,0.41,0,0
2025-03-05 03:43:00.676,14.97,3.00,0.64,9.92,1.95,0.41,0,0
2025-03-05 03:43:00.697,14.97,3.00,0.64,9.92,1.95,0.41,0,0
2025-03-05 03:43:00.714,14.97,3.00,0.64,9.92,1.95,0.41,0,0
2025-03-05 03:43:00.732,14.97,3.00,0.64,9.92,1.95,0.41,0,0
2025-03-05 03:43:00.752,14.97,3.00,0.64,9.92,1.95,0.41,0,0
2025-03-05 03:43:00.772,14.97,3.00,0.64,9.92,1.95,0.41,0,0
2025-03-05 03:43:00.791,14.97,3.00,0.64,9.92,1.95,0.41,0,0
2025-03-05 03:43:00.809,14.97,3.00,0.64,9.92,1.95,0.41,0,0
2025-03-05 03:43:00.825,14.97,3.00,0.64,9.92,1.95,0.41,0,0
2025-03-05 03:43:00.842,14.97,3.00,0.64,9.92,1.95,0.41,0,0
2025-03-05 03:43:00.859,14.97,3.00,0.64,9.92,1.95,0.41,0,0
2025-03-05 03:43:00.877,14.97,3.00,0.64,9.92,1.95,0.41,0,0
2025-03-05 03:43:00.896,14.97,3.00,0.64,9.92,1.95,0.41,0,0
2025-03-05 03:43:00.912,14.97,3.00,0.64,9.92,1.95,0.41,0,0
2025-03-05 03:43:00.930,14.97,3.00,0.64,9.92,1.95,0.41,0,0
2025-03-05 03:43:00.950,14.97,3.00,0.64,9.92,1.95,0.41,0,0
2025-03-05 03:43:00.966,14.97,3.00,0.64,9.92,1.95,0.41,0,0
2025-03-05 03:43:00.986,14.97,3.00,0.64,9.92,1.95,0.41,0,0
2025-03-05 03:43:01.004,14.97,3.00,0.64,9.92,1.95,0.41,0,0
2025-03-05 03:43:01.024,14.97,3.00,0.64,9.92,1.95,0.41,0,0
2025-03-05 03:43:01.041,14.97,3.00,0.64,9.92,1.95,0.41,0,0
2025-03-05 03:43:01.060,14.97,3.00,0.64,9.92,1.95,0.41,0,0
2025-03-05 03:43:01.079,14.97,3.00,0.64,9.92,1.95,0.41,0,0
2025-03-05 03:43:01.096,14.97,3.00,0.64,9.92,1.95,0.41,0,0
2025-03-05 03:43:01.115,14.97,3.00,0.64,9.92,1.95,0.41,0,0
2025-03-05 03:43:01.132,14.97,3.00,0.64,9.92,1.95,0.41,0,0
2025-03-05 03:43:01.152,14.97,3.00,0.64,9.92,1.95,0.41,0,0
2025-03-05 03:43:01.171,14.97,3.00,0.64,9.92,1.95,0.41,0,0
2025-03-05 03:43:01.191,14.97,3.00,0.64,9.92,1.95,0.41,0,0
2025-03-05 03:43:01.210,14.97,3.00,0.64,9.92,1.95,0.41,0,0
2025-03-05 03:43:01.228,14.97,3.00,0.64,9.92,1.95,0.41,0,0
2025-03-05 03:43:01.247,14.97,3.00,0.64,9.92,1.95,0.41,0,0
2025-03-05 03:43:01.269,14.97,3.00,0.64,9.92,1.95,0.41,0,0
2025-03-05 03:43:01.291,14.97,3.00,0.64,9.92,1.95,0.41,0,0
2025-03-05 03:43:01.311,14.97,3.00,0.64,9.92,1.95,0.41,0,0
2025-03-05 03:43:01.333,14.97,3.00,0.64,9.92,1.95,0.41,0,0
2025-03-05 03:43:01.354,14.97,3.00,0.64,9.92,1.95,0.41,0,0
2025-03-05 03:43:01.373,14.97,3.00,0.64,9.92,1.95,0.41,0,0
2025-03-05 03:43:01.393,14.97,3.00,0.64,9.92,1.95,0.41,0,0
2025-03-05 03:43:01.412,14.97,3.00,0.64,9.92,1.95,0.41,0,0
2025-03-05 03:43:01.430,14.97,3.00,0.64,9.92,1.95,0.41,0,0
2025-03-05 03:43:01.450,14.97,3.00,0.64,9.92,1.95,0.41,0,0
2025-03-05 03:43:01.470,14.97,3.00,0.64,9.92,1.95,0.41,0,0
2025-03-05 03:43:01.489,14.97,3.00,0.64,9.92,1.95,0.41,0,0
2025-03-05 03:43:01.507,14.97,3.00,0.64,9.92,1.95,0.41,0,0
2025-03-05 03:43:01.526,14.97,3.00,0.64,9.92,1.95,0.41,0,0
2025-03-05 03:43:01.544,14.97,3.00,0.64,9.92,1.95,0.41,0,0
2025-03-05 03:43:01.562,14.97,3.00,0.64,9.92,1.95,0.41,0,0
2025-03-05 03:43:01.581,14.97,3.00,0.64,9.92,1.95,0.41,0,0
2025-03-05 03:43:01.600,14.97,3.00,0.64,9.92,1.95,0.41,0,0
2025-03-05 03:43:01.619,14.97,3.00,0.64,9.92,1.95,0.41,0,0
2025-03-05 03:43:01.636,14.97,3.00,0.64,9.92,1.95,0.41,0,0
2025-03-05 03:43:01.657,14.97,3.00,0.64,9.92,1.95,0.41,0,0
2025-03-05 03:43:01.674,14.97,3.00,0.64,9.92,1.95,0.41,0,0
2025-03-05 03:43:01.697,14.97,3.00,0.64,9.92,1.95,0.41,0,0
2025-03-05 03:43:01.719,14.97,3.00,0.64,9.92,1.95,0.41,0,0
2025-03-05 03:43:01.739,14.97,3.00,0.64,9.92,1.95,0.41,0,0
2025-03-05 03:43:01.765,14.97,3.00,0.64,9.92,1.95,0.41,0,0
2025-03-05 03:43:01.782,14.97,3.00,0.64,9.92,1.95,0.41,0,0
2025-03-05 03:43:01.801,14.97,3.00,0.64,9.92,1.95,0.41,0,0
2025-03-05 03:43:01.820,14.97,3.00,0.64,9.92,1.95,0.41,0,0
2025-03-05 03:43:01.841,14.97,3.00,0.64,9.92,1.95,0.41,0,0
2025-03-05 03:43:01.859,14.97,3.00,0.64,9.92,1.95,0.41,0,0
2025-03-05 03:43:01.880,14.97,3.00,0.64,9.92,1.95,0.41,0,0
2025-03-05 03:43:01.900,14.97,3.00,0.64,9.92,1.95,0.41,0,0
